{"D:\\chatbot\\project-new-code\\learning-management-system-6_4\\BE_LMS\\src\\controller\\auth.controller.ts": {"path":"D:\\chatbot\\project-new-code\\learning-management-system-6_4\\BE_LMS\\src\\controller\\auth.controller.ts","statementMap":{"0":{"start":{"line":1,"column":0},"end":{"line":1,"column":52}},"1":{"start":{"line":2,"column":0},"end":{"line":2,"column":62}},"2":{"start":{"line":3,"column":0},"end":{"line":3,"column":null}},"3":{"start":{"line":11,"column":0},"end":{"line":11,"column":null}},"4":{"start":{"line":17,"column":0},"end":{"line":17,"column":null}},"5":{"start":{"line":24,"column":0},"end":{"line":24,"column":43}},"6":{"start":{"line":25,"column":0},"end":{"line":25,"column":40}},"7":{"start":{"line":26,"column":0},"end":{"line":26,"column":43}},"8":{"start":{"line":33,"column":13},"end":{"line":43,"column":3}},"9":{"start":{"line":35,"column":18},"end":{"line":38,"column":4}},"10":{"start":{"line":40,"column":19},"end":{"line":40,"column":47}},"11":{"start":{"line":42,"column":2},"end":{"line":42,"column":36}},"12":{"start":{"line":45,"column":13},"end":{"line":58,"column":3}},"13":{"start":{"line":47,"column":18},"end":{"line":50,"column":4}},"14":{"start":{"line":52,"column":46},"end":{"line":52,"column":70}},"15":{"start":{"line":54,"column":2},"end":{"line":57,"column":5}},"16":{"start":{"line":60,"column":13},"end":{"line":71,"column":3}},"17":{"start":{"line":61,"column":22},"end":{"line":61,"column":67}},"18":{"start":{"line":62,"column":22},"end":{"line":62,"column":52}},"19":{"start":{"line":64,"column":2},"end":{"line":66,"column":3}},"20":{"start":{"line":65,"column":4},"end":{"line":65,"column":60}},"21":{"start":{"line":68,"column":2},"end":{"line":70,"column":5}},"22":{"start":{"line":73,"column":13},"end":{"line":89,"column":3}},"23":{"start":{"line":74,"column":23},"end":{"line":74,"column":69}},"24":{"start":{"line":75,"column":2},"end":{"line":75,"column":65}},"25":{"start":{"line":78,"column":4},"end":{"line":78,"column":46}},"26":{"start":{"line":80,"column":2},"end":{"line":82,"column":3}},"27":{"start":{"line":81,"column":4},"end":{"line":81,"column":80}},"28":{"start":{"line":84,"column":2},"end":{"line":88,"column":7}},"29":{"start":{"line":91,"column":13},"end":{"line":100,"column":3}},"30":{"start":{"line":92,"column":27},"end":{"line":92,"column":72}},"31":{"start":{"line":95,"column":2},"end":{"line":95,"column":38}},"32":{"start":{"line":97,"column":2},"end":{"line":99,"column":5}},"33":{"start":{"line":102,"column":13},"end":{"line":110,"column":3}},"34":{"start":{"line":103,"column":16},"end":{"line":103,"column":49}},"35":{"start":{"line":104,"column":2},"end":{"line":104,"column":38}},"36":{"start":{"line":106,"column":2},"end":{"line":109,"column":5}},"37":{"start":{"line":112,"column":13},"end":{"line":121,"column":3}},"38":{"start":{"line":113,"column":41},"end":{"line":113,"column":49}},"39":{"start":{"line":114,"column":18},"end":{"line":114,"column":75}},"40":{"start":{"line":116,"column":2},"end":{"line":116,"column":31}},"41":{"start":{"line":118,"column":2},"end":{"line":120,"column":5}}},"fnMap":{"0":{"name":"(anonymous_1)","decl":{"start":{"line":33,"column":43},"end":{"line":33,"column":48}},"loc":{"start":{"line":33,"column":62},"end":{"line":43,"column":1}}},"1":{"name":"(anonymous_2)","decl":{"start":{"line":45,"column":40},"end":{"line":45,"column":45}},"loc":{"start":{"line":45,"column":59},"end":{"line":58,"column":1}}},"2":{"name":"(anonymous_3)","decl":{"start":{"line":60,"column":41},"end":{"line":60,"column":46}},"loc":{"start":{"line":60,"column":60},"end":{"line":71,"column":1}}},"3":{"name":"(anonymous_4)","decl":{"start":{"line":73,"column":42},"end":{"line":73,"column":47}},"loc":{"start":{"line":73,"column":61},"end":{"line":89,"column":1}}},"4":{"name":"(anonymous_5)","decl":{"start":{"line":91,"column":46},"end":{"line":91,"column":51}},"loc":{"start":{"line":91,"column":65},"end":{"line":100,"column":1}}},"5":{"name":"(anonymous_6)","decl":{"start":{"line":102,"column":52},"end":{"line":102,"column":57}},"loc":{"start":{"line":102,"column":71},"end":{"line":110,"column":1}}},"6":{"name":"(anonymous_7)","decl":{"start":{"line":112,"column":48},"end":{"line":112,"column":53}},"loc":{"start":{"line":112,"column":67},"end":{"line":121,"column":1}}}},"branchMap":{"0":{"loc":{"start":{"line":62,"column":34},"end":{"line":62,"column":51}},"type":"binary-expr","locations":[{"start":{"line":62,"column":34},"end":{"line":62,"column":45}},{"start":{"line":62,"column":49},"end":{"line":62,"column":51}}]},"1":{"loc":{"start":{"line":64,"column":2},"end":{"line":66,"column":3}},"type":"if","locations":[{"start":{"line":64,"column":2},"end":{"line":66,"column":3}},{"start":{},"end":{}}]},"2":{"loc":{"start":{"line":80,"column":2},"end":{"line":82,"column":3}},"type":"if","locations":[{"start":{"line":80,"column":2},"end":{"line":82,"column":3}},{"start":{},"end":{}}]}},"s":{"0":1,"1":1,"2":1,"3":1,"4":1,"5":1,"6":1,"7":1,"8":1,"9":4,"10":2,"11":1,"12":1,"13":3,"14":2,"15":1,"16":1,"17":2,"18":2,"19":2,"20":2,"21":1,"22":1,"23":3,"24":3,"25":2,"26":1,"27":0,"28":1,"29":1,"30":3,"31":2,"32":1,"33":1,"34":3,"35":2,"36":1,"37":1,"38":3,"39":3,"40":2,"41":1},"f":{"0":4,"1":3,"2":2,"3":3,"4":3,"5":3,"6":3},"b":{"0":[2,0],"1":[2,0],"2":[0,1]}}
,"D:\\chatbot\\project-new-code\\learning-management-system-6_4\\BE_LMS\\src\\controller\\course.controller.ts": {"path":"D:\\chatbot\\project-new-code\\learning-management-system-6_4\\BE_LMS\\src\\controller\\course.controller.ts","statementMap":{"0":{"start":{"line":1,"column":0},"end":{"line":1,"column":52}},"1":{"start":{"line":2,"column":0},"end":{"line":2,"column":48}},"2":{"start":{"line":3,"column":0},"end":{"line":3,"column":null}},"3":{"start":{"line":9,"column":0},"end":{"line":9,"column":null}},"4":{"start":{"line":23,"column":13},"end":{"line":51,"column":3}},"5":{"start":{"line":25,"column":16},"end":{"line":25,"column":50}},"6":{"start":{"line":28,"column":20},"end":{"line":28,"column":36}},"7":{"start":{"line":31,"column":17},"end":{"line":44,"column":4}},"8":{"start":{"line":46,"column":2},"end":{"line":50,"column":5}},"9":{"start":{"line":56,"column":13},"end":{"line":67,"column":3}},"10":{"start":{"line":58,"column":19},"end":{"line":58,"column":54}},"11":{"start":{"line":61,"column":17},"end":{"line":61,"column":46}},"12":{"start":{"line":63,"column":2},"end":{"line":66,"column":5}},"13":{"start":{"line":72,"column":13},"end":{"line":89,"column":3}},"14":{"start":{"line":74,"column":19},"end":{"line":74,"column":27}},"15":{"start":{"line":77,"column":15},"end":{"line":77,"column":49}},"16":{"start":{"line":80,"column":18},"end":{"line":80,"column":36}},"17":{"start":{"line":83,"column":17},"end":{"line":83,"column":59}},"18":{"start":{"line":85,"column":2},"end":{"line":88,"column":5}},"19":{"start":{"line":94,"column":13},"end":{"line":114,"column":3}},"20":{"start":{"line":96,"column":19},"end":{"line":96,"column":27}},"21":{"start":{"line":99,"column":19},"end":{"line":99,"column":54}},"22":{"start":{"line":102,"column":15},"end":{"line":102,"column":49}},"23":{"start":{"line":105,"column":18},"end":{"line":105,"column":36}},"24":{"start":{"line":108,"column":17},"end":{"line":108,"column":69}},"25":{"start":{"line":110,"column":2},"end":{"line":113,"column":5}},"26":{"start":{"line":119,"column":13},"end":{"line":133,"column":3}},"27":{"start":{"line":121,"column":19},"end":{"line":121,"column":54}},"28":{"start":{"line":124,"column":18},"end":{"line":124,"column":36}},"29":{"start":{"line":127,"column":17},"end":{"line":127,"column":53}},"30":{"start":{"line":129,"column":2},"end":{"line":132,"column":5}},"31":{"start":{"line":138,"column":13},"end":{"line":152,"column":3}},"32":{"start":{"line":140,"column":19},"end":{"line":140,"column":54}},"33":{"start":{"line":143,"column":18},"end":{"line":143,"column":36}},"34":{"start":{"line":146,"column":17},"end":{"line":146,"column":54}},"35":{"start":{"line":148,"column":2},"end":{"line":151,"column":5}},"36":{"start":{"line":158,"column":13},"end":{"line":174,"column":3}},"37":{"start":{"line":160,"column":19},"end":{"line":160,"column":54}},"38":{"start":{"line":163,"column":18},"end":{"line":163,"column":36}},"39":{"start":{"line":166,"column":17},"end":{"line":166,"column":62}},"40":{"start":{"line":168,"column":2},"end":{"line":173,"column":5}}},"fnMap":{"0":{"name":"(anonymous_0)","decl":{"start":{"line":23,"column":46},"end":{"line":23,"column":51}},"loc":{"start":{"line":23,"column":65},"end":{"line":51,"column":1}}},"1":{"name":"(anonymous_1)","decl":{"start":{"line":56,"column":48},"end":{"line":56,"column":53}},"loc":{"start":{"line":56,"column":67},"end":{"line":67,"column":1}}},"2":{"name":"(anonymous_2)","decl":{"start":{"line":72,"column":47},"end":{"line":72,"column":52}},"loc":{"start":{"line":72,"column":66},"end":{"line":89,"column":1}}},"3":{"name":"(anonymous_3)","decl":{"start":{"line":94,"column":47},"end":{"line":94,"column":52}},"loc":{"start":{"line":94,"column":66},"end":{"line":114,"column":1}}},"4":{"name":"(anonymous_4)","decl":{"start":{"line":119,"column":47},"end":{"line":119,"column":52}},"loc":{"start":{"line":119,"column":66},"end":{"line":133,"column":1}}},"5":{"name":"(anonymous_5)","decl":{"start":{"line":138,"column":48},"end":{"line":138,"column":53}},"loc":{"start":{"line":138,"column":67},"end":{"line":152,"column":1}}},"6":{"name":"(anonymous_6)","decl":{"start":{"line":158,"column":56},"end":{"line":158,"column":61}},"loc":{"start":{"line":158,"column":75},"end":{"line":174,"column":1}}}},"branchMap":{},"s":{"0":1,"1":1,"2":1,"3":1,"4":1,"5":7,"6":7,"7":7,"8":6,"9":1,"10":3,"11":2,"12":1,"13":1,"14":4,"15":4,"16":3,"17":3,"18":2,"19":1,"20":4,"21":4,"22":4,"23":4,"24":4,"25":3,"26":1,"27":3,"28":3,"29":3,"30":1,"31":1,"32":3,"33":3,"34":3,"35":1,"36":1,"37":4,"38":4,"39":4,"40":1},"f":{"0":7,"1":3,"2":4,"3":4,"4":3,"5":3,"6":4},"b":{}}
,"D:\\chatbot\\project-new-code\\learning-management-system-6_4\\BE_LMS\\src\\controller\\enrollment.controller.ts": {"path":"D:\\chatbot\\project-new-code\\learning-management-system-6_4\\BE_LMS\\src\\controller\\enrollment.controller.ts","statementMap":{"0":{"start":{"line":1,"column":0},"end":{"line":1,"column":48}},"1":{"start":{"line":2,"column":0},"end":{"line":2,"column":52}},"2":{"start":{"line":3,"column":0},"end":{"line":3,"column":null}},"3":{"start":{"line":13,"column":0},"end":{"line":13,"column":null}},"4":{"start":{"line":22,"column":0},"end":{"line":22,"column":77}},"5":{"start":{"line":25,"column":13},"end":{"line":30,"column":3}},"6":{"start":{"line":26,"column":17},"end":{"line":26,"column":53}},"7":{"start":{"line":28,"column":21},"end":{"line":28,"column":48}},"8":{"start":{"line":29,"column":2},"end":{"line":29,"column":47}},"9":{"start":{"line":33,"column":13},"end":{"line":45,"column":3}},"10":{"start":{"line":34,"column":20},"end":{"line":34,"column":42}},"11":{"start":{"line":35,"column":18},"end":{"line":35,"column":60}},"12":{"start":{"line":37,"column":17},"end":{"line":40,"column":4}},"13":{"start":{"line":41,"column":2},"end":{"line":44,"column":5}},"14":{"start":{"line":48,"column":13},"end":{"line":60,"column":3}},"15":{"start":{"line":49,"column":24},"end":{"line":49,"column":57}},"16":{"start":{"line":50,"column":18},"end":{"line":50,"column":60}},"17":{"start":{"line":52,"column":17},"end":{"line":55,"column":4}},"18":{"start":{"line":56,"column":2},"end":{"line":59,"column":5}},"19":{"start":{"line":63,"column":13},"end":{"line":75,"column":3}},"20":{"start":{"line":64,"column":23},"end":{"line":64,"column":55}},"21":{"start":{"line":65,"column":18},"end":{"line":65,"column":60}},"22":{"start":{"line":67,"column":17},"end":{"line":70,"column":4}},"23":{"start":{"line":71,"column":2},"end":{"line":74,"column":5}},"24":{"start":{"line":78,"column":13},"end":{"line":86,"column":3}},"25":{"start":{"line":79,"column":18},"end":{"line":79,"column":60}},"26":{"start":{"line":81,"column":17},"end":{"line":81,"column":49}},"27":{"start":{"line":82,"column":2},"end":{"line":85,"column":5}},"28":{"start":{"line":89,"column":13},"end":{"line":98,"column":3}},"29":{"start":{"line":90,"column":15},"end":{"line":90,"column":53}},"30":{"start":{"line":93,"column":21},"end":{"line":96,"column":4}},"31":{"start":{"line":97,"column":2},"end":{"line":97,"column":96}},"32":{"start":{"line":101,"column":13},"end":{"line":113,"column":3}},"33":{"start":{"line":102,"column":39},"end":{"line":102,"column":71}},"34":{"start":{"line":103,"column":20},"end":{"line":103,"column":42}},"35":{"start":{"line":105,"column":21},"end":{"line":111,"column":4}},"36":{"start":{"line":112,"column":2},"end":{"line":112,"column":86}},"37":{"start":{"line":116,"column":13},"end":{"line":122,"column":3}},"38":{"start":{"line":117,"column":17},"end":{"line":117,"column":53}},"39":{"start":{"line":118,"column":15},"end":{"line":118,"column":53}},"40":{"start":{"line":120,"column":21},"end":{"line":120,"column":53}},"41":{"start":{"line":121,"column":2},"end":{"line":121,"column":91}},"42":{"start":{"line":125,"column":13},"end":{"line":132,"column":3}},"43":{"start":{"line":126,"column":17},"end":{"line":126,"column":53}},"44":{"start":{"line":127,"column":15},"end":{"line":127,"column":57}},"45":{"start":{"line":128,"column":20},"end":{"line":128,"column":42}},"46":{"start":{"line":130,"column":21},"end":{"line":130,"column":68}},"47":{"start":{"line":131,"column":2},"end":{"line":131,"column":91}}},"fnMap":{"0":{"name":"(anonymous_0)","decl":{"start":{"line":25,"column":48},"end":{"line":25,"column":53}},"loc":{"start":{"line":25,"column":67},"end":{"line":30,"column":1}}},"1":{"name":"(anonymous_1)","decl":{"start":{"line":33,"column":51},"end":{"line":33,"column":56}},"loc":{"start":{"line":33,"column":70},"end":{"line":45,"column":1}}},"2":{"name":"(anonymous_2)","decl":{"start":{"line":48,"column":56},"end":{"line":48,"column":61}},"loc":{"start":{"line":48,"column":75},"end":{"line":60,"column":1}}},"3":{"name":"(anonymous_3)","decl":{"start":{"line":63,"column":55},"end":{"line":63,"column":60}},"loc":{"start":{"line":63,"column":74},"end":{"line":75,"column":1}}},"4":{"name":"(anonymous_4)","decl":{"start":{"line":78,"column":52},"end":{"line":78,"column":57}},"loc":{"start":{"line":78,"column":71},"end":{"line":86,"column":1}}},"5":{"name":"(anonymous_5)","decl":{"start":{"line":89,"column":51},"end":{"line":89,"column":56}},"loc":{"start":{"line":89,"column":70},"end":{"line":98,"column":1}}},"6":{"name":"(anonymous_6)","decl":{"start":{"line":101,"column":45},"end":{"line":101,"column":50}},"loc":{"start":{"line":101,"column":64},"end":{"line":113,"column":1}}},"7":{"name":"(anonymous_7)","decl":{"start":{"line":116,"column":51},"end":{"line":116,"column":56}},"loc":{"start":{"line":116,"column":70},"end":{"line":122,"column":1}}},"8":{"name":"(anonymous_8)","decl":{"start":{"line":125,"column":55},"end":{"line":125,"column":60}},"loc":{"start":{"line":125,"column":74},"end":{"line":132,"column":1}}}},"branchMap":{"0":{"loc":{"start":{"line":95,"column":12},"end":{"line":95,"column":52}},"type":"binary-expr","locations":[{"start":{"line":95,"column":12},"end":{"line":95,"column":23}},{"start":{"line":95,"column":27},"end":{"line":95,"column":52}}]}},"s":{"0":1,"1":1,"2":1,"3":1,"4":1,"5":1,"6":1,"7":1,"8":1,"9":1,"10":1,"11":1,"12":1,"13":1,"14":1,"15":1,"16":1,"17":1,"18":1,"19":1,"20":1,"21":1,"22":1,"23":1,"24":1,"25":3,"26":2,"27":1,"28":1,"29":3,"30":2,"31":1,"32":1,"33":5,"34":4,"35":4,"36":1,"37":1,"38":5,"39":4,"40":3,"41":1,"42":1,"43":5,"44":4,"45":4,"46":4,"47":1},"f":{"0":1,"1":1,"2":1,"3":1,"4":3,"5":3,"6":5,"7":5,"8":5},"b":{"0":[2,2]}}
,"D:\\chatbot\\project-new-code\\learning-management-system-6_4\\BE_LMS\\src\\controller\\lesson.controller.ts": {"path":"D:\\chatbot\\project-new-code\\learning-management-system-6_4\\BE_LMS\\src\\controller\\lesson.controller.ts","statementMap":{"0":{"start":{"line":1,"column":0},"end":{"line":1,"column":52}},"1":{"start":{"line":2,"column":0},"end":{"line":2,"column":125}},"2":{"start":{"line":3,"column":0},"end":{"line":3,"column":39}},"3":{"start":{"line":4,"column":0},"end":{"line":4,"column":153}},"4":{"start":{"line":7,"column":13},"end":{"line":21,"column":3}},"5":{"start":{"line":8,"column":24},"end":{"line":8,"column":58}},"6":{"start":{"line":11,"column":19},"end":{"line":11,"column":41}},"7":{"start":{"line":12,"column":21},"end":{"line":12,"column":29}},"8":{"start":{"line":14,"column":19},"end":{"line":14,"column":66}},"9":{"start":{"line":16,"column":4},"end":{"line":20,"column":7}},"10":{"start":{"line":23,"column":13},"end":{"line":38,"column":3}},"11":{"start":{"line":24,"column":25},"end":{"line":24,"column":35}},"12":{"start":{"line":26,"column":28},"end":{"line":26,"column":68}},"13":{"start":{"line":29,"column":19},"end":{"line":29,"column":41}},"14":{"start":{"line":30,"column":21},"end":{"line":30,"column":29}},"15":{"start":{"line":32,"column":20},"end":{"line":32,"column":88}},"16":{"start":{"line":34,"column":4},"end":{"line":37,"column":7}},"17":{"start":{"line":40,"column":13},"end":{"line":55,"column":3}},"18":{"start":{"line":41,"column":19},"end":{"line":41,"column":29}},"19":{"start":{"line":43,"column":28},"end":{"line":43,"column":58}},"20":{"start":{"line":46,"column":19},"end":{"line":46,"column":41}},"21":{"start":{"line":47,"column":21},"end":{"line":47,"column":29}},"22":{"start":{"line":49,"column":19},"end":{"line":49,"column":76}},"23":{"start":{"line":51,"column":4},"end":{"line":54,"column":7}},"24":{"start":{"line":58,"column":13},"end":{"line":70,"column":3}},"25":{"start":{"line":59,"column":17},"end":{"line":59,"column":51}},"26":{"start":{"line":62,"column":19},"end":{"line":62,"column":41}},"27":{"start":{"line":63,"column":21},"end":{"line":63,"column":29}},"28":{"start":{"line":65,"column":19},"end":{"line":65,"column":68}},"29":{"start":{"line":66,"column":4},"end":{"line":69,"column":7}},"30":{"start":{"line":73,"column":13},"end":{"line":88,"column":3}},"31":{"start":{"line":74,"column":19},"end":{"line":74,"column":29}},"32":{"start":{"line":76,"column":28},"end":{"line":76,"column":58}},"33":{"start":{"line":79,"column":19},"end":{"line":79,"column":41}},"34":{"start":{"line":80,"column":21},"end":{"line":80,"column":29}},"35":{"start":{"line":82,"column":19},"end":{"line":82,"column":82}},"36":{"start":{"line":84,"column":4},"end":{"line":87,"column":7}},"37":{"start":{"line":91,"column":13},"end":{"line":105,"column":3}},"38":{"start":{"line":92,"column":19},"end":{"line":92,"column":29}},"39":{"start":{"line":93,"column":28},"end":{"line":93,"column":58}},"40":{"start":{"line":94,"column":17},"end":{"line":94,"column":61}},"41":{"start":{"line":97,"column":19},"end":{"line":97,"column":41}},"42":{"start":{"line":98,"column":21},"end":{"line":98,"column":29}},"43":{"start":{"line":100,"column":19},"end":{"line":100,"column":88}},"44":{"start":{"line":101,"column":4},"end":{"line":104,"column":7}}},"fnMap":{"0":{"name":"(anonymous_0)","decl":{"start":{"line":7,"column":42},"end":{"line":7,"column":47}},"loc":{"start":{"line":7,"column":61},"end":{"line":21,"column":1}}},"1":{"name":"(anonymous_1)","decl":{"start":{"line":23,"column":56},"end":{"line":23,"column":61}},"loc":{"start":{"line":23,"column":75},"end":{"line":38,"column":1}}},"2":{"name":"(anonymous_2)","decl":{"start":{"line":40,"column":51},"end":{"line":40,"column":56}},"loc":{"start":{"line":40,"column":70},"end":{"line":55,"column":1}}},"3":{"name":"(anonymous_3)","decl":{"start":{"line":58,"column":40},"end":{"line":58,"column":45}},"loc":{"start":{"line":58,"column":59},"end":{"line":70,"column":1}}},"4":{"name":"(anonymous_4)","decl":{"start":{"line":73,"column":40},"end":{"line":73,"column":45}},"loc":{"start":{"line":73,"column":59},"end":{"line":88,"column":1}}},"5":{"name":"(anonymous_5)","decl":{"start":{"line":91,"column":40},"end":{"line":91,"column":45}},"loc":{"start":{"line":91,"column":59},"end":{"line":105,"column":1}}}},"branchMap":{},"s":{"0":1,"1":1,"2":1,"3":1,"4":1,"5":5,"6":5,"7":5,"8":5,"9":2,"10":1,"11":2,"12":2,"13":1,"14":1,"15":1,"16":1,"17":1,"18":2,"19":2,"20":1,"21":1,"22":1,"23":1,"24":1,"25":3,"26":2,"27":2,"28":2,"29":1,"30":1,"31":3,"32":3,"33":2,"34":2,"35":2,"36":1,"37":1,"38":4,"39":4,"40":3,"41":3,"42":3,"43":3,"44":2},"f":{"0":5,"1":2,"2":2,"3":3,"4":3,"5":4},"b":{}}
,"D:\\chatbot\\project-new-code\\learning-management-system-6_4\\BE_LMS\\src\\controller\\lessonMaterial.controller.ts": {"path":"D:\\chatbot\\project-new-code\\learning-management-system-6_4\\BE_LMS\\src\\controller\\lessonMaterial.controller.ts","statementMap":{"0":{"start":{"line":1,"column":0},"end":{"line":1,"column":null}},"1":{"start":{"line":12,"column":0},"end":{"line":12,"column":51}},"2":{"start":{"line":13,"column":0},"end":{"line":13,"column":52}},"3":{"start":{"line":14,"column":0},"end":{"line":14,"column":null}},"4":{"start":{"line":22,"column":0},"end":{"line":22,"column":74}},"5":{"start":{"line":24,"column":0},"end":{"line":24,"column":42}},"6":{"start":{"line":27,"column":13},"end":{"line":42,"column":3}},"7":{"start":{"line":28,"column":22},"end":{"line":28,"column":64}},"8":{"start":{"line":31,"column":17},"end":{"line":31,"column":39}},"9":{"start":{"line":32,"column":19},"end":{"line":32,"column":27}},"10":{"start":{"line":34,"column":17},"end":{"line":34,"column":72}},"11":{"start":{"line":36,"column":2},"end":{"line":41,"column":7}},"12":{"start":{"line":45,"column":13},"end":{"line":61,"column":3}},"13":{"start":{"line":46,"column":23},"end":{"line":46,"column":33}},"14":{"start":{"line":48,"column":26},"end":{"line":48,"column":75}},"15":{"start":{"line":51,"column":17},"end":{"line":51,"column":39}},"16":{"start":{"line":52,"column":19},"end":{"line":52,"column":27}},"17":{"start":{"line":54,"column":20},"end":{"line":54,"column":96}},"18":{"start":{"line":56,"column":2},"end":{"line":60,"column":7}},"19":{"start":{"line":64,"column":13},"end":{"line":80,"column":3}},"20":{"start":{"line":65,"column":17},"end":{"line":65,"column":27}},"21":{"start":{"line":67,"column":26},"end":{"line":67,"column":64}},"22":{"start":{"line":70,"column":17},"end":{"line":70,"column":39}},"23":{"start":{"line":71,"column":19},"end":{"line":71,"column":27}},"24":{"start":{"line":73,"column":19},"end":{"line":73,"column":84}},"25":{"start":{"line":75,"column":2},"end":{"line":79,"column":7}},"26":{"start":{"line":83,"column":13},"end":{"line":97,"column":3}},"27":{"start":{"line":84,"column":15},"end":{"line":84,"column":57}},"28":{"start":{"line":87,"column":17},"end":{"line":87,"column":39}},"29":{"start":{"line":88,"column":19},"end":{"line":88,"column":27}},"30":{"start":{"line":90,"column":19},"end":{"line":90,"column":69}},"31":{"start":{"line":92,"column":2},"end":{"line":96,"column":7}},"32":{"start":{"line":100,"column":13},"end":{"line":116,"column":3}},"33":{"start":{"line":101,"column":17},"end":{"line":101,"column":27}},"34":{"start":{"line":102,"column":26},"end":{"line":102,"column":64}},"35":{"start":{"line":103,"column":15},"end":{"line":103,"column":57}},"36":{"start":{"line":106,"column":17},"end":{"line":106,"column":39}},"37":{"start":{"line":107,"column":19},"end":{"line":107,"column":27}},"38":{"start":{"line":109,"column":17},"end":{"line":109,"column":87}},"39":{"start":{"line":111,"column":2},"end":{"line":115,"column":7}},"40":{"start":{"line":119,"column":13},"end":{"line":134,"column":3}},"41":{"start":{"line":120,"column":17},"end":{"line":120,"column":27}},"42":{"start":{"line":121,"column":26},"end":{"line":121,"column":64}},"43":{"start":{"line":124,"column":17},"end":{"line":124,"column":39}},"44":{"start":{"line":125,"column":19},"end":{"line":125,"column":27}},"45":{"start":{"line":127,"column":19},"end":{"line":127,"column":83}},"46":{"start":{"line":129,"column":2},"end":{"line":133,"column":7}},"47":{"start":{"line":137,"column":13},"end":{"line":174,"column":3}},"48":{"start":{"line":142,"column":2},"end":{"line":148,"column":3}},"49":{"start":{"line":144,"column":4},"end":{"line":144,"column":61}},"50":{"start":{"line":145,"column":9},"end":{"line":148,"column":3}},"51":{"start":{"line":147,"column":4},"end":{"line":147,"column":20}},"52":{"start":{"line":150,"column":2},"end":{"line":152,"column":3}},"53":{"start":{"line":151,"column":4},"end":{"line":151,"column":54}},"54":{"start":{"line":155,"column":19},"end":{"line":159,"column":4}},"55":{"start":{"line":162,"column":17},"end":{"line":162,"column":39}},"56":{"start":{"line":163,"column":19},"end":{"line":163,"column":27}},"57":{"start":{"line":165,"column":19},"end":{"line":165,"column":79}},"58":{"start":{"line":167,"column":2},"end":{"line":173,"column":7}},"59":{"start":{"line":177,"column":13},"end":{"line":227,"column":3}},"60":{"start":{"line":178,"column":17},"end":{"line":178,"column":27}},"61":{"start":{"line":179,"column":26},"end":{"line":179,"column":64}},"62":{"start":{"line":182,"column":17},"end":{"line":182,"column":39}},"63":{"start":{"line":183,"column":19},"end":{"line":183,"column":27}},"64":{"start":{"line":186,"column":19},"end":{"line":186,"column":84}},"65":{"start":{"line":188,"column":2},"end":{"line":190,"column":3}},"66":{"start":{"line":189,"column":4},"end":{"line":189,"column":87}},"67":{"start":{"line":193,"column":27},"end":{"line":193,"column":75}},"68":{"start":{"line":196,"column":2},"end":{"line":198,"column":3}},"69":{"start":{"line":197,"column":3},"end":{"line":197,"column":81}},"70":{"start":{"line":200,"column":20},"end":{"line":203,"column":null}},"71":{"start":{"line":207,"column":23},"end":{"line":220,"column":4}},"72":{"start":{"line":222,"column":2},"end":{"line":226,"column":7}},"73":{"start":{"line":229,"column":13},"end":{"line":251,"column":3}},"74":{"start":{"line":230,"column":17},"end":{"line":230,"column":27}},"75":{"start":{"line":233,"column":26},"end":{"line":233,"column":64}},"76":{"start":{"line":236,"column":17},"end":{"line":236,"column":39}},"77":{"start":{"line":237,"column":19},"end":{"line":237,"column":27}},"78":{"start":{"line":240,"column":17},"end":{"line":243,"column":null}},"79":{"start":{"line":247,"column":2},"end":{"line":250,"column":5}}},"fnMap":{"0":{"name":"(anonymous_1)","decl":{"start":{"line":27,"column":60},"end":{"line":27,"column":65}},"loc":{"start":{"line":27,"column":79},"end":{"line":42,"column":1}}},"1":{"name":"(anonymous_2)","decl":{"start":{"line":45,"column":64},"end":{"line":45,"column":69}},"loc":{"start":{"line":45,"column":83},"end":{"line":61,"column":1}}},"2":{"name":"(anonymous_3)","decl":{"start":{"line":64,"column":59},"end":{"line":64,"column":64}},"loc":{"start":{"line":64,"column":78},"end":{"line":80,"column":1}}},"3":{"name":"(anonymous_4)","decl":{"start":{"line":83,"column":58},"end":{"line":83,"column":63}},"loc":{"start":{"line":83,"column":77},"end":{"line":97,"column":1}}},"4":{"name":"(anonymous_5)","decl":{"start":{"line":100,"column":58},"end":{"line":100,"column":63}},"loc":{"start":{"line":100,"column":77},"end":{"line":116,"column":1}}},"5":{"name":"(anonymous_6)","decl":{"start":{"line":119,"column":58},"end":{"line":119,"column":63}},"loc":{"start":{"line":119,"column":77},"end":{"line":134,"column":1}}},"6":{"name":"(anonymous_7)","decl":{"start":{"line":137,"column":58},"end":{"line":137,"column":63}},"loc":{"start":{"line":137,"column":82},"end":{"line":174,"column":1}}},"7":{"name":"(anonymous_8)","decl":{"start":{"line":177,"column":60},"end":{"line":177,"column":65}},"loc":{"start":{"line":177,"column":79},"end":{"line":227,"column":1}}},"8":{"name":"(anonymous_9)","decl":{"start":{"line":229,"column":52},"end":{"line":229,"column":57}},"loc":{"start":{"line":229,"column":71},"end":{"line":251,"column":1}}}},"branchMap":{"0":{"loc":{"start":{"line":142,"column":2},"end":{"line":148,"column":3}},"type":"if","locations":[{"start":{"line":142,"column":2},"end":{"line":148,"column":3}},{"start":{"line":145,"column":9},"end":{"line":148,"column":3}}]},"1":{"loc":{"start":{"line":142,"column":6},"end":{"line":142,"column":67}},"type":"binary-expr","locations":[{"start":{"line":142,"column":6},"end":{"line":142,"column":15}},{"start":{"line":142,"column":19},"end":{"line":142,"column":43}},{"start":{"line":142,"column":47},"end":{"line":142,"column":67}}]},"2":{"loc":{"start":{"line":144,"column":11},"end":{"line":144,"column":60}},"type":"cond-expr","locations":[{"start":{"line":144,"column":36},"end":{"line":144,"column":48}},{"start":{"line":144,"column":51},"end":{"line":144,"column":60}}]},"3":{"loc":{"start":{"line":145,"column":9},"end":{"line":148,"column":3}},"type":"if","locations":[{"start":{"line":145,"column":9},"end":{"line":148,"column":3}},{"start":{},"end":{}}]},"4":{"loc":{"start":{"line":150,"column":2},"end":{"line":152,"column":3}},"type":"if","locations":[{"start":{"line":150,"column":2},"end":{"line":152,"column":3}},{"start":{},"end":{}}]},"5":{"loc":{"start":{"line":170,"column":15},"end":{"line":172,"column":47}},"type":"cond-expr","locations":[{"start":{"line":171,"column":10},"end":{"line":171,"column":60}},{"start":{"line":172,"column":10},"end":{"line":172,"column":47}}]},"6":{"loc":{"start":{"line":188,"column":2},"end":{"line":190,"column":3}},"type":"if","locations":[{"start":{"line":188,"column":2},"end":{"line":190,"column":3}},{"start":{},"end":{}}]},"7":{"loc":{"start":{"line":196,"column":2},"end":{"line":198,"column":3}},"type":"if","locations":[{"start":{"line":196,"column":2},"end":{"line":198,"column":3}},{"start":{},"end":{}}]},"8":{"loc":{"start":{"line":196,"column":6},"end":{"line":196,"column":83}},"type":"binary-expr","locations":[{"start":{"line":196,"column":6},"end":{"line":196,"column":27}},{"start":{"line":196,"column":31},"end":{"line":196,"column":83}}]},"9":{"loc":{"start":{"line":203,"column":4},"end":{"line":203,"column":39}},"type":"binary-expr","locations":[{"start":{"line":203,"column":4},"end":{"line":203,"column":33}},{"start":{"line":203,"column":37},"end":{"line":203,"column":39}}]}},"s":{"0":1,"1":1,"2":1,"3":1,"4":1,"5":1,"6":1,"7":3,"8":2,"9":2,"10":2,"11":1,"12":1,"13":3,"14":3,"15":2,"16":2,"17":2,"18":1,"19":1,"20":3,"21":3,"22":2,"23":2,"24":2,"25":1,"26":1,"27":3,"28":2,"29":2,"30":2,"31":1,"32":1,"33":4,"34":4,"35":3,"36":2,"37":2,"38":2,"39":1,"40":1,"41":3,"42":3,"43":2,"44":2,"45":2,"46":1,"47":1,"48":6,"49":4,"50":2,"51":1,"52":6,"53":1,"54":5,"55":4,"56":4,"57":4,"58":3,"59":1,"60":7,"61":7,"62":6,"63":6,"64":6,"65":5,"66":1,"67":4,"68":3,"69":2,"70":1,"71":1,"72":1,"73":1,"74":4,"75":4,"76":3,"77":3,"78":3,"79":1},"f":{"0":3,"1":3,"2":3,"3":3,"4":4,"5":3,"6":6,"7":7,"8":4},"b":{"0":[4,2],"1":[6,4,4],"2":[3,1],"3":[1,1],"4":[1,5],"5":[1,2],"6":[1,4],"7":[2,1],"8":[3,2],"9":[1,0]}}
,"D:\\chatbot\\project-new-code\\learning-management-system-6_4\\BE_LMS\\src\\controller\\lessonProgress.controller.ts": {"path":"D:\\chatbot\\project-new-code\\learning-management-system-6_4\\BE_LMS\\src\\controller\\lessonProgress.controller.ts","statementMap":{"0":{"start":{"line":1,"column":0},"end":{"line":1,"column":52}},"1":{"start":{"line":2,"column":0},"end":{"line":2,"column":52}},"2":{"start":{"line":4,"column":0},"end":{"line":4,"column":123}},"3":{"start":{"line":5,"column":0},"end":{"line":5,"column":null}},"4":{"start":{"line":11,"column":0},"end":{"line":11,"column":42}},"5":{"start":{"line":14,"column":13},"end":{"line":28,"column":3}},"6":{"start":{"line":15,"column":20},"end":{"line":18,"column":4}},"7":{"start":{"line":20,"column":22},"end":{"line":20,"column":44}},"8":{"start":{"line":21,"column":24},"end":{"line":21,"column":40}},"9":{"start":{"line":23,"column":17},"end":{"line":23,"column":109}},"10":{"start":{"line":24,"column":2},"end":{"line":27,"column":5}},"11":{"start":{"line":31,"column":13},"end":{"line":49,"column":3}},"12":{"start":{"line":32,"column":26},"end":{"line":32,"column":86}},"13":{"start":{"line":35,"column":2},"end":{"line":37,"column":3}},"14":{"start":{"line":36,"column":4},"end":{"line":36,"column":84}},"15":{"start":{"line":39,"column":24},"end":{"line":39,"column":66}},"16":{"start":{"line":41,"column":22},"end":{"line":41,"column":44}},"17":{"start":{"line":42,"column":24},"end":{"line":42,"column":40}},"18":{"start":{"line":44,"column":17},"end":{"line":44,"column":119}},"19":{"start":{"line":45,"column":2},"end":{"line":48,"column":5}},"20":{"start":{"line":52,"column":13},"end":{"line":63,"column":3}},"21":{"start":{"line":53,"column":26},"end":{"line":53,"column":86}},"22":{"start":{"line":55,"column":22},"end":{"line":55,"column":44}},"23":{"start":{"line":56,"column":24},"end":{"line":56,"column":40}},"24":{"start":{"line":58,"column":17},"end":{"line":58,"column":91}},"25":{"start":{"line":59,"column":2},"end":{"line":62,"column":5}},"26":{"start":{"line":66,"column":13},"end":{"line":80,"column":3}},"27":{"start":{"line":67,"column":20},"end":{"line":70,"column":4}},"28":{"start":{"line":72,"column":22},"end":{"line":72,"column":44}},"29":{"start":{"line":73,"column":24},"end":{"line":73,"column":40}},"30":{"start":{"line":75,"column":17},"end":{"line":75,"column":109}},"31":{"start":{"line":76,"column":2},"end":{"line":79,"column":5}}},"fnMap":{"0":{"name":"(anonymous_1)","decl":{"start":{"line":14,"column":55},"end":{"line":14,"column":60}},"loc":{"start":{"line":14,"column":74},"end":{"line":28,"column":1}}},"1":{"name":"(anonymous_2)","decl":{"start":{"line":31,"column":54},"end":{"line":31,"column":59}},"loc":{"start":{"line":31,"column":73},"end":{"line":49,"column":1}}},"2":{"name":"(anonymous_3)","decl":{"start":{"line":52,"column":52},"end":{"line":52,"column":57}},"loc":{"start":{"line":52,"column":71},"end":{"line":63,"column":1}}},"3":{"name":"(anonymous_4)","decl":{"start":{"line":66,"column":55},"end":{"line":66,"column":60}},"loc":{"start":{"line":66,"column":74},"end":{"line":80,"column":1}}}},"branchMap":{"0":{"loc":{"start":{"line":35,"column":2},"end":{"line":37,"column":3}},"type":"if","locations":[{"start":{"line":35,"column":2},"end":{"line":37,"column":3}},{"start":{},"end":{}}]},"1":{"loc":{"start":{"line":35,"column":6},"end":{"line":35,"column":52}},"type":"binary-expr","locations":[{"start":{"line":35,"column":6},"end":{"line":35,"column":15}},{"start":{"line":35,"column":19},"end":{"line":35,"column":52}}]}},"s":{"0":1,"1":1,"2":1,"3":1,"4":1,"5":1,"6":4,"7":3,"8":3,"9":3,"10":2,"11":1,"12":6,"13":5,"14":2,"15":3,"16":2,"17":2,"18":2,"19":1,"20":1,"21":3,"22":2,"23":2,"24":2,"25":1,"26":1,"27":4,"28":3,"29":3,"30":3,"31":2},"f":{"0":4,"1":6,"2":3,"3":4},"b":{"0":[2,3],"1":[5,4]}}
,"D:\\chatbot\\project-new-code\\learning-management-system-6_4\\BE_LMS\\src\\services\\auth.service.ts": {"path":"D:\\chatbot\\project-new-code\\learning-management-system-6_4\\BE_LMS\\src\\services\\auth.service.ts","statementMap":{"0":{"start":{"line":2,"column":0},"end":{"line":2,"column":46}},"1":{"start":{"line":3,"column":0},"end":{"line":3,"column":null}},"2":{"start":{"line":11,"column":0},"end":{"line":11,"column":74}},"3":{"start":{"line":12,"column":0},"end":{"line":12,"column":43}},"4":{"start":{"line":13,"column":0},"end":{"line":13,"column":44}},"5":{"start":{"line":14,"column":0},"end":{"line":14,"column":null}},"6":{"start":{"line":21,"column":0},"end":{"line":21,"column":null}},"7":{"start":{"line":25,"column":0},"end":{"line":25,"column":null}},"8":{"start":{"line":31,"column":0},"end":{"line":31,"column":45}},"9":{"start":{"line":41,"column":29},"end":{"line":41,"column":41}},"10":{"start":{"line":43,"column":29},"end":{"line":83,"column":1}},"11":{"start":{"line":45,"column":23},"end":{"line":45,"column":68}},"12":{"start":{"line":47,"column":2},"end":{"line":47,"column":61}},"13":{"start":{"line":49,"column":25},"end":{"line":49,"column":76}},"14":{"start":{"line":50,"column":2},"end":{"line":50,"column":66}},"15":{"start":{"line":52,"column":15},"end":{"line":54,"column":18}},"16":{"start":{"line":57,"column":15},"end":{"line":62,"column":4}},"17":{"start":{"line":64,"column":27},"end":{"line":69,"column":4}},"18":{"start":{"line":72,"column":14},"end":{"line":72,"column":71}},"19":{"start":{"line":73,"column":20},"end":{"line":76,"column":4}},"20":{"start":{"line":78,"column":2},"end":{"line":78,"column":80}},"21":{"start":{"line":80,"column":2},"end":{"line":82,"column":4}},"22":{"start":{"line":43,"column":13},"end":{"line":43,"column":29}},"23":{"start":{"line":91,"column":25},"end":{"line":128,"column":1}},"24":{"start":{"line":97,"column":15},"end":{"line":97,"column":49}},"25":{"start":{"line":98,"column":2},"end":{"line":98,"column":61}},"26":{"start":{"line":100,"column":2},"end":{"line":100,"column":65}},"27":{"start":{"line":102,"column":29},"end":{"line":102,"column":65}},"28":{"start":{"line":103,"column":2},"end":{"line":103,"column":75}},"29":{"start":{"line":106,"column":18},"end":{"line":109,"column":4}},"30":{"start":{"line":111,"column":23},"end":{"line":113,"column":null}},"31":{"start":{"line":116,"column":22},"end":{"line":120,"column":4}},"32":{"start":{"line":121,"column":2},"end":{"line":125,"column":4}},"33":{"start":{"line":91,"column":13},"end":{"line":91,"column":25}},"34":{"start":{"line":130,"column":38},"end":{"line":168,"column":1}},"35":{"start":{"line":131,"column":22},"end":{"line":133,"column":4}},"36":{"start":{"line":135,"column":2},"end":{"line":135,"column":60}},"37":{"start":{"line":137,"column":18},"end":{"line":137,"column":64}},"38":{"start":{"line":138,"column":14},"end":{"line":138,"column":24}},"39":{"start":{"line":139,"column":2},"end":{"line":143,"column":4}},"40":{"start":{"line":146,"column":15},"end":{"line":146,"column":55}},"41":{"start":{"line":147,"column":2},"end":{"line":147,"column":47}},"42":{"start":{"line":150,"column":29},"end":{"line":150,"column":76}},"43":{"start":{"line":152,"column":2},"end":{"line":155,"column":3}},"44":{"start":{"line":153,"column":4},"end":{"line":153,"column":44}},"45":{"start":{"line":154,"column":4},"end":{"line":154,"column":25}},"46":{"start":{"line":157,"column":26},"end":{"line":159,"column":15}},"47":{"start":{"line":161,"column":22},"end":{"line":165,"column":4}},"48":{"start":{"line":167,"column":2},"end":{"line":167,"column":56}},"49":{"start":{"line":130,"column":13},"end":{"line":130,"column":38}},"50":{"start":{"line":170,"column":27},"end":{"line":194,"column":1}},"51":{"start":{"line":172,"column":20},"end":{"line":176,"column":4}},"52":{"start":{"line":177,"column":2},"end":{"line":177,"column":74}},"53":{"start":{"line":180,"column":22},"end":{"line":185,"column":null}},"54":{"start":{"line":187,"column":2},"end":{"line":187,"column":74}},"55":{"start":{"line":189,"column":2},"end":{"line":189,"column":30}},"56":{"start":{"line":191,"column":2},"end":{"line":193,"column":4}},"57":{"start":{"line":170,"column":13},"end":{"line":170,"column":27}},"58":{"start":{"line":196,"column":38},"end":{"line":234,"column":1}},"59":{"start":{"line":198,"column":15},"end":{"line":198,"column":49}},"60":{"start":{"line":199,"column":2},"end":{"line":199,"column":68}},"61":{"start":{"line":201,"column":21},"end":{"line":201,"column":37}},"62":{"start":{"line":202,"column":16},"end":{"line":206,"column":4}},"63":{"start":{"line":207,"column":2},"end":{"line":211,"column":4}},"64":{"start":{"line":213,"column":27},"end":{"line":218,"column":4}},"65":{"start":{"line":220,"column":14},"end":{"line":222,"column":48}},"66":{"start":{"line":223,"column":26},"end":{"line":226,"column":4}},"67":{"start":{"line":227,"column":2},"end":{"line":231,"column":4}},"68":{"start":{"line":233,"column":2},"end":{"line":233,"column":36}},"69":{"start":{"line":196,"column":13},"end":{"line":196,"column":38}},"70":{"start":{"line":240,"column":29},"end":{"line":268,"column":1}},"71":{"start":{"line":245,"column":20},"end":{"line":249,"column":4}},"72":{"start":{"line":250,"column":2},"end":{"line":250,"column":74}},"73":{"start":{"line":254,"column":22},"end":{"line":256,"column":4}},"74":{"start":{"line":257,"column":2},"end":{"line":257,"column":76}},"75":{"start":{"line":260,"column":2},"end":{"line":260,"column":30}},"76":{"start":{"line":263,"column":2},"end":{"line":263,"column":61}},"77":{"start":{"line":265,"column":2},"end":{"line":267,"column":4}},"78":{"start":{"line":240,"column":13},"end":{"line":240,"column":29}}},"fnMap":{"0":{"name":"(anonymous_1)","decl":{"start":{"line":43,"column":29},"end":{"line":43,"column":34}},"loc":{"start":{"line":43,"column":65},"end":{"line":83,"column":1}}},"1":{"name":"(anonymous_2)","decl":{"start":{"line":91,"column":25},"end":{"line":91,"column":30}},"loc":{"start":{"line":95,"column":18},"end":{"line":128,"column":1}}},"2":{"name":"(anonymous_3)","decl":{"start":{"line":130,"column":38},"end":{"line":130,"column":43}},"loc":{"start":{"line":130,"column":69},"end":{"line":168,"column":1}}},"3":{"name":"(anonymous_4)","decl":{"start":{"line":170,"column":27},"end":{"line":170,"column":32}},"loc":{"start":{"line":170,"column":50},"end":{"line":194,"column":1}}},"4":{"name":"(anonymous_5)","decl":{"start":{"line":196,"column":38},"end":{"line":196,"column":43}},"loc":{"start":{"line":196,"column":62},"end":{"line":234,"column":1}}},"5":{"name":"(anonymous_6)","decl":{"start":{"line":240,"column":29},"end":{"line":240,"column":34}},"loc":{"start":{"line":243,"column":26},"end":{"line":268,"column":1}}}},"branchMap":{"0":{"loc":{"start":{"line":52,"column":15},"end":{"line":54,"column":18}},"type":"cond-expr","locations":[{"start":{"line":53,"column":5},"end":{"line":53,"column":null}},{"start":{"line":54,"column":5},"end":{"line":54,"column":18}}]},"1":{"loc":{"start":{"line":140,"column":4},"end":{"line":140,"column":48}},"type":"binary-expr","locations":[{"start":{"line":140,"column":4},"end":{"line":140,"column":11}},{"start":{"line":140,"column":15},"end":{"line":140,"column":48}}]},"2":{"loc":{"start":{"line":152,"column":2},"end":{"line":155,"column":3}},"type":"if","locations":[{"start":{"line":152,"column":2},"end":{"line":155,"column":3}},{"start":{},"end":{}}]},"3":{"loc":{"start":{"line":157,"column":26},"end":{"line":159,"column":15}},"type":"cond-expr","locations":[{"start":{"line":158,"column":6},"end":{"line":158,"column":68}},{"start":{"line":159,"column":6},"end":{"line":159,"column":15}}]}},"s":{"0":1,"1":1,"2":1,"3":1,"4":1,"5":1,"6":1,"7":1,"8":1,"9":1,"10":1,"11":5,"12":5,"13":4,"14":4,"15":3,"16":3,"17":3,"18":3,"19":3,"20":3,"21":2,"22":1,"23":1,"24":4,"25":4,"26":3,"27":2,"28":2,"29":1,"30":1,"31":1,"32":1,"33":1,"34":1,"35":6,"36":6,"37":5,"38":5,"39":5,"40":3,"41":3,"42":2,"43":2,"44":2,"45":2,"46":2,"47":2,"48":2,"49":1,"50":1,"51":3,"52":3,"53":2,"54":2,"55":1,"56":1,"57":1,"58":1,"59":5,"60":5,"61":4,"62":4,"63":4,"64":3,"65":3,"66":3,"67":3,"68":1,"69":1,"70":1,"71":3,"72":3,"73":2,"74":2,"75":1,"76":1,"77":1,"78":1},"f":{"0":5,"1":4,"2":6,"3":3,"4":5,"5":3},"b":{"0":[1,2],"1":[5,4],"2":[2,0],"3":[2,0]}}
,"D:\\chatbot\\project-new-code\\learning-management-system-6_4\\BE_LMS\\src\\services\\course.service.ts": {"path":"D:\\chatbot\\project-new-code\\learning-management-system-6_4\\BE_LMS\\src\\services\\course.service.ts","statementMap":{"0":{"start":{"line":3,"column":0},"end":{"line":3,"column":49}},"1":{"start":{"line":5,"column":0},"end":{"line":5,"column":45}},"2":{"start":{"line":6,"column":0},"end":{"line":6,"column":57}},"3":{"start":{"line":7,"column":0},"end":{"line":7,"column":51}},"4":{"start":{"line":8,"column":0},"end":{"line":8,"column":43}},"5":{"start":{"line":9,"column":0},"end":{"line":9,"column":70}},"6":{"start":{"line":16,"column":0},"end":{"line":16,"column":61}},"7":{"start":{"line":17,"column":0},"end":{"line":17,"column":55}},"8":{"start":{"line":28,"column":2},"end":{"line":40,"column":3}},"9":{"start":{"line":29,"column":23},"end":{"line":29,"column":49}},"10":{"start":{"line":30,"column":31},"end":{"line":30,"column":69}},"11":{"start":{"line":31,"column":4},"end":{"line":31,"column":30}},"12":{"start":{"line":33,"column":4},"end":{"line":33,"column":48}},"13":{"start":{"line":35,"column":4},"end":{"line":39,"column":6}},"14":{"start":{"line":48,"column":2},"end":{"line":59,"column":3}},"15":{"start":{"line":49,"column":4},"end":{"line":49,"column":26}},"16":{"start":{"line":50,"column":4},"end":{"line":50,"column":49}},"17":{"start":{"line":52,"column":4},"end":{"line":52,"column":58}},"18":{"start":{"line":54,"column":4},"end":{"line":58,"column":6}},"19":{"start":{"line":87,"column":27},"end":{"line":228,"column":1}},"20":{"start":{"line":102,"column":2},"end":{"line":106,"column":4}},"21":{"start":{"line":107,"column":2},"end":{"line":111,"column":4}},"22":{"start":{"line":114,"column":28},"end":{"line":114,"column":100}},"23":{"start":{"line":115,"column":2},"end":{"line":119,"column":4}},"24":{"start":{"line":122,"column":2},"end":{"line":128,"column":3}},"25":{"start":{"line":123,"column":4},"end":{"line":127,"column":6}},"26":{"start":{"line":129,"column":2},"end":{"line":135,"column":3}},"27":{"start":{"line":130,"column":4},"end":{"line":134,"column":6}},"28":{"start":{"line":138,"column":22},"end":{"line":138,"column":24}},"29":{"start":{"line":142,"column":18},"end":{"line":142,"column":41}},"30":{"start":{"line":144,"column":2},"end":{"line":162,"column":3}},"31":{"start":{"line":146,"column":4},"end":{"line":151,"column":5}},"32":{"start":{"line":148,"column":6},"end":{"line":148,"column":31}},"33":{"start":{"line":150,"column":6},"end":{"line":150,"column":30}},"34":{"start":{"line":152,"column":9},"end":{"line":162,"column":3}},"35":{"start":{"line":154,"column":4},"end":{"line":157,"column":5}},"36":{"start":{"line":156,"column":6},"end":{"line":156,"column":31}},"37":{"start":{"line":161,"column":4},"end":{"line":161,"column":29}},"38":{"start":{"line":165,"column":2},"end":{"line":167,"column":3}},"39":{"start":{"line":166,"column":4},"end":{"line":166,"column":37}},"40":{"start":{"line":170,"column":2},"end":{"line":172,"column":3}},"41":{"start":{"line":171,"column":4},"end":{"line":171,"column":27}},"42":{"start":{"line":175,"column":2},"end":{"line":177,"column":3}},"43":{"start":{"line":176,"column":4},"end":{"line":176,"column":33}},"44":{"start":{"line":180,"column":2},"end":{"line":182,"column":3}},"45":{"start":{"line":181,"column":4},"end":{"line":181,"column":34}},"46":{"start":{"line":185,"column":4},"end":{"line":190,"column":5}},"47":{"start":{"line":186,"column":8},"end":{"line":189,"column":10}},"48":{"start":{"line":193,"column":17},"end":{"line":193,"column":35}},"49":{"start":{"line":196,"column":22},"end":{"line":196,"column":24}},"50":{"start":{"line":197,"column":4},"end":{"line":197,"column":48}},"51":{"start":{"line":200,"column":27},"end":{"line":210,"column":4}},"52":{"start":{"line":213,"column":23},"end":{"line":213,"column":47}},"53":{"start":{"line":214,"column":24},"end":{"line":214,"column":41}},"54":{"start":{"line":215,"column":24},"end":{"line":215,"column":32}},"55":{"start":{"line":217,"column":4},"end":{"line":227,"column":6}},"56":{"start":{"line":87,"column":13},"end":{"line":87,"column":27}},"57":{"start":{"line":233,"column":29},"end":{"line":254,"column":1}},"58":{"start":{"line":235,"column":2},"end":{"line":239,"column":4}},"59":{"start":{"line":242,"column":17},"end":{"line":249,"column":11}},"60":{"start":{"line":251,"column":2},"end":{"line":251,"column":51}},"61":{"start":{"line":253,"column":2},"end":{"line":253,"column":16}},"62":{"start":{"line":233,"column":13},"end":{"line":233,"column":29}},"63":{"start":{"line":259,"column":28},"end":{"line":413,"column":1}},"64":{"start":{"line":265,"column":2},"end":{"line":269,"column":4}},"65":{"start":{"line":272,"column":25},"end":{"line":272,"column":74}},"66":{"start":{"line":272,"column":59},"end":{"line":272,"column":72}},"67":{"start":{"line":273,"column":2},"end":{"line":277,"column":4}},"68":{"start":{"line":280,"column":2},"end":{"line":280,"column":67}},"69":{"start":{"line":281,"column":2},"end":{"line":281,"column":63}},"70":{"start":{"line":283,"column":20},"end":{"line":283,"column":44}},"71":{"start":{"line":284,"column":18},"end":{"line":284,"column":40}},"72":{"start":{"line":286,"column":2},"end":{"line":290,"column":4}},"73":{"start":{"line":293,"column":18},"end":{"line":293,"column":61}},"74":{"start":{"line":294,"column":2},"end":{"line":294,"column":53}},"75":{"start":{"line":295,"column":2},"end":{"line":295,"column":88}},"76":{"start":{"line":298,"column":2},"end":{"line":304,"column":3}},"77":{"start":{"line":299,"column":4},"end":{"line":303,"column":6}},"78":{"start":{"line":307,"column":19},"end":{"line":309,"column":4}},"79":{"start":{"line":311,"column":2},"end":{"line":315,"column":4}},"80":{"start":{"line":318,"column":25},"end":{"line":320,"column":4}},"81":{"start":{"line":319,"column":4},"end":{"line":319,"column":72}},"82":{"start":{"line":322,"column":2},"end":{"line":326,"column":4}},"83":{"start":{"line":329,"column":28},"end":{"line":331,"column":4}},"84":{"start":{"line":330,"column":4},"end":{"line":330,"column":48}},"85":{"start":{"line":333,"column":2},"end":{"line":337,"column":4}},"86":{"start":{"line":341,"column":18},"end":{"line":341,"column":50}},"87":{"start":{"line":342,"column":2},"end":{"line":342,"column":60}},"88":{"start":{"line":344,"column":18},"end":{"line":344,"column":45}},"89":{"start":{"line":347,"column":25},"end":{"line":347,"column":50}},"90":{"start":{"line":348,"column":20},"end":{"line":348,"column":53}},"91":{"start":{"line":350,"column":2},"end":{"line":359,"column":3}},"92":{"start":{"line":353,"column":4},"end":{"line":353,"column":29}},"93":{"start":{"line":356,"column":4},"end":{"line":358,"column":5}},"94":{"start":{"line":357,"column":6},"end":{"line":357,"column":41}},"95":{"start":{"line":362,"column":21},"end":{"line":369,"column":4}},"96":{"start":{"line":371,"column":17},"end":{"line":371,"column":53}},"97":{"start":{"line":374,"column":2},"end":{"line":374,"column":60}},"98":{"start":{"line":377,"column":2},"end":{"line":400,"column":3}},"99":{"start":{"line":378,"column":37},"end":{"line":378,"column":41}},"100":{"start":{"line":380,"column":4},"end":{"line":399,"column":5}},"101":{"start":{"line":381,"column":23},"end":{"line":381,"column":41}},"102":{"start":{"line":382,"column":33},"end":{"line":382,"column":75}},"103":{"start":{"line":383,"column":6},"end":{"line":383,"column":24}},"104":{"start":{"line":386,"column":6},"end":{"line":386,"column":78}},"105":{"start":{"line":387,"column":6},"end":{"line":387,"column":30}},"106":{"start":{"line":390,"column":6},"end":{"line":394,"column":7}},"107":{"start":{"line":391,"column":8},"end":{"line":393,"column":10}},"108":{"start":{"line":392,"column":10},"end":{"line":392,"column":71}},"109":{"start":{"line":395,"column":6},"end":{"line":395,"column":54}},"110":{"start":{"line":396,"column":6},"end":{"line":396,"column":86}},"111":{"start":{"line":398,"column":6},"end":{"line":398,"column":16}},"112":{"start":{"line":403,"column":26},"end":{"line":407,"column":11}},"113":{"start":{"line":410,"column":2},"end":{"line":410,"column":79}},"114":{"start":{"line":412,"column":2},"end":{"line":412,"column":25}},"115":{"start":{"line":259,"column":13},"end":{"line":259,"column":28}},"116":{"start":{"line":418,"column":28},"end":{"line":652,"column":1}},"117":{"start":{"line":425,"column":2},"end":{"line":429,"column":4}},"118":{"start":{"line":432,"column":17},"end":{"line":435,"column":4}},"119":{"start":{"line":436,"column":2},"end":{"line":436,"column":51}},"120":{"start":{"line":439,"column":2},"end":{"line":443,"column":4}},"121":{"start":{"line":446,"column":17},"end":{"line":446,"column":49}},"122":{"start":{"line":447,"column":4},"end":{"line":447,"column":49}},"123":{"start":{"line":449,"column":28},"end":{"line":450,"column":null}},"124":{"start":{"line":450,"column":19},"end":{"line":450,"column":50}},"125":{"start":{"line":453,"column":18},"end":{"line":453,"column":42}},"126":{"start":{"line":455,"column":2},"end":{"line":459,"column":4}},"127":{"start":{"line":462,"column":2},"end":{"line":492,"column":3}},"128":{"start":{"line":463,"column":22},"end":{"line":465,"column":24}},"129":{"start":{"line":466,"column":20},"end":{"line":466,"column":74}},"130":{"start":{"line":468,"column":4},"end":{"line":472,"column":6}},"131":{"start":{"line":475,"column":4},"end":{"line":489,"column":5}},"132":{"start":{"line":476,"column":18},"end":{"line":476,"column":28}},"133":{"start":{"line":477,"column":6},"end":{"line":481,"column":8}},"134":{"start":{"line":483,"column":6},"end":{"line":487,"column":8}},"135":{"start":{"line":488,"column":6},"end":{"line":488,"column":40}},"136":{"start":{"line":491,"column":4},"end":{"line":491,"column":52}},"137":{"start":{"line":491,"column":22},"end":{"line":491,"column":52}},"138":{"start":{"line":495,"column":2},"end":{"line":534,"column":3}},"139":{"start":{"line":497,"column":27},"end":{"line":497,"column":76}},"140":{"start":{"line":497,"column":61},"end":{"line":497,"column":74}},"141":{"start":{"line":498,"column":4},"end":{"line":502,"column":6}},"142":{"start":{"line":504,"column":21},"end":{"line":506,"column":6}},"143":{"start":{"line":508,"column":4},"end":{"line":512,"column":6}},"144":{"start":{"line":514,"column":27},"end":{"line":516,"column":6}},"145":{"start":{"line":515,"column":6},"end":{"line":515,"column":74}},"146":{"start":{"line":518,"column":4},"end":{"line":522,"column":6}},"147":{"start":{"line":525,"column":30},"end":{"line":527,"column":6}},"148":{"start":{"line":526,"column":6},"end":{"line":526,"column":50}},"149":{"start":{"line":529,"column":4},"end":{"line":533,"column":6}},"150":{"start":{"line":539,"column":26},"end":{"line":539,"column":37}},"151":{"start":{"line":542,"column":2},"end":{"line":546,"column":3}},"152":{"start":{"line":544,"column":4},"end":{"line":544,"column":34}},"153":{"start":{"line":549,"column":2},"end":{"line":551,"column":3}},"154":{"start":{"line":550,"column":4},"end":{"line":550,"column":45}},"155":{"start":{"line":557,"column":27},"end":{"line":557,"column":65}},"156":{"start":{"line":558,"column":30},"end":{"line":558,"column":52}},"157":{"start":{"line":560,"column":2},"end":{"line":588,"column":3}},"158":{"start":{"line":562,"column":4},"end":{"line":564,"column":5}},"159":{"start":{"line":563,"column":6},"end":{"line":563,"column":45}},"160":{"start":{"line":567,"column":4},"end":{"line":567,"column":27}},"161":{"start":{"line":570,"column":4},"end":{"line":570,"column":44}},"162":{"start":{"line":572,"column":7},"end":{"line":588,"column":3}},"163":{"start":{"line":576,"column":19},"end":{"line":576,"column":29}},"164":{"start":{"line":579,"column":31},"end":{"line":579,"column":73}},"165":{"start":{"line":580,"column":4},"end":{"line":580,"column":32}},"166":{"start":{"line":581,"column":4},"end":{"line":581,"column":25}},"167":{"start":{"line":587,"column":4},"end":{"line":587,"column":36}},"168":{"start":{"line":597,"column":21},"end":{"line":597,"column":43}},"169":{"start":{"line":598,"column":2},"end":{"line":598,"column":32}},"170":{"start":{"line":600,"column":27},"end":{"line":600,"column":29}},"171":{"start":{"line":603,"column":2},"end":{"line":606,"column":3}},"172":{"start":{"line":604,"column":4},"end":{"line":604,"column":43}},"173":{"start":{"line":605,"column":4},"end":{"line":605,"column":29}},"174":{"start":{"line":609,"column":2},"end":{"line":611,"column":3}},"175":{"start":{"line":610,"column":4},"end":{"line":610,"column":34}},"176":{"start":{"line":617,"column":21},"end":{"line":617,"column":35}},"177":{"start":{"line":620,"column":2},"end":{"line":649,"column":3}},"178":{"start":{"line":621,"column":4},"end":{"line":629,"column":14}},"179":{"start":{"line":632,"column":4},"end":{"line":632,"column":69}},"180":{"start":{"line":635,"column":4},"end":{"line":639,"column":5}},"181":{"start":{"line":636,"column":6},"end":{"line":638,"column":8}},"182":{"start":{"line":637,"column":8},"end":{"line":637,"column":75}},"183":{"start":{"line":642,"column":4},"end":{"line":646,"column":5}},"184":{"start":{"line":643,"column":6},"end":{"line":645,"column":8}},"185":{"start":{"line":644,"column":8},"end":{"line":644,"column":64}},"186":{"start":{"line":647,"column":4},"end":{"line":647,"column":53}},"187":{"start":{"line":648,"column":4},"end":{"line":648,"column":14}},"188":{"start":{"line":651,"column":2},"end":{"line":651,"column":23}},"189":{"start":{"line":418,"column":13},"end":{"line":418,"column":28}},"190":{"start":{"line":664,"column":28},"end":{"line":731,"column":1}},"191":{"start":{"line":666,"column":2},"end":{"line":670,"column":4}},"192":{"start":{"line":673,"column":17},"end":{"line":676,"column":4}},"193":{"start":{"line":677,"column":2},"end":{"line":677,"column":70}},"194":{"start":{"line":680,"column":2},"end":{"line":684,"column":4}},"195":{"start":{"line":687,"column":32},"end":{"line":690,"column":4}},"196":{"start":{"line":692,"column":2},"end":{"line":696,"column":4}},"197":{"start":{"line":699,"column":17},"end":{"line":699,"column":49}},"198":{"start":{"line":700,"column":4},"end":{"line":700,"column":49}},"199":{"start":{"line":702,"column":28},"end":{"line":703,"column":null}},"200":{"start":{"line":703,"column":19},"end":{"line":703,"column":50}},"201":{"start":{"line":705,"column":18},"end":{"line":705,"column":42}},"202":{"start":{"line":707,"column":2},"end":{"line":711,"column":4}},"203":{"start":{"line":714,"column":2},"end":{"line":724,"column":4}},"204":{"start":{"line":726,"column":2},"end":{"line":730,"column":4}},"205":{"start":{"line":664,"column":13},"end":{"line":664,"column":28}},"206":{"start":{"line":742,"column":29},"end":{"line":790,"column":1}},"207":{"start":{"line":744,"column":2},"end":{"line":748,"column":4}},"208":{"start":{"line":751,"column":17},"end":{"line":754,"column":4}},"209":{"start":{"line":755,"column":2},"end":{"line":755,"column":59}},"210":{"start":{"line":758,"column":15},"end":{"line":758,"column":47}},"211":{"start":{"line":759,"column":2},"end":{"line":759,"column":47}},"212":{"start":{"line":761,"column":18},"end":{"line":761,"column":42}},"213":{"start":{"line":763,"column":2},"end":{"line":767,"column":4}},"214":{"start":{"line":770,"column":25},"end":{"line":784,"column":11}},"215":{"start":{"line":786,"column":2},"end":{"line":789,"column":4}},"216":{"start":{"line":742,"column":13},"end":{"line":742,"column":29}},"217":{"start":{"line":804,"column":37},"end":{"line":856,"column":1}},"218":{"start":{"line":809,"column":17},"end":{"line":812,"column":4}},"219":{"start":{"line":813,"column":2},"end":{"line":817,"column":4}},"220":{"start":{"line":820,"column":15},"end":{"line":820,"column":47}},"221":{"start":{"line":821,"column":2},"end":{"line":821,"column":47}},"222":{"start":{"line":823,"column":18},"end":{"line":823,"column":42}},"223":{"start":{"line":825,"column":2},"end":{"line":829,"column":4}},"224":{"start":{"line":833,"column":26},"end":{"line":833,"column":76}},"225":{"start":{"line":834,"column":2},"end":{"line":838,"column":4}},"226":{"start":{"line":841,"column":2},"end":{"line":846,"column":3}},"227":{"start":{"line":842,"column":4},"end":{"line":845,"column":7}},"228":{"start":{"line":843,"column":6},"end":{"line":843,"column":75}},"229":{"start":{"line":849,"column":2},"end":{"line":849,"column":48}},"230":{"start":{"line":851,"column":2},"end":{"line":855,"column":4}},"231":{"start":{"line":804,"column":13},"end":{"line":804,"column":37}}},"fnMap":{"0":{"name":"uploadCourseLogo","decl":{"start":{"line":27,"column":15},"end":{"line":27,"column":31}},"loc":{"start":{"line":27,"column":79},"end":{"line":41,"column":1}}},"1":{"name":"deleteCourseLogoFile","decl":{"start":{"line":47,"column":15},"end":{"line":47,"column":35}},"loc":{"start":{"line":47,"column":47},"end":{"line":60,"column":1}}},"2":{"name":"(anonymous_3)","decl":{"start":{"line":87,"column":27},"end":{"line":87,"column":32}},"loc":{"start":{"line":100,"column":24},"end":{"line":228,"column":1}}},"3":{"name":"(anonymous_4)","decl":{"start":{"line":233,"column":29},"end":{"line":233,"column":34}},"loc":{"start":{"line":233,"column":56},"end":{"line":254,"column":1}}},"4":{"name":"(anonymous_5)","decl":{"start":{"line":259,"column":28},"end":{"line":259,"column":33}},"loc":{"start":{"line":263,"column":4},"end":{"line":413,"column":1}}},"5":{"name":"(anonymous_6)","decl":{"start":{"line":272,"column":53},"end":{"line":272,"column":55}},"loc":{"start":{"line":272,"column":59},"end":{"line":272,"column":72}}},"6":{"name":"(anonymous_7)","decl":{"start":{"line":318,"column":40},"end":{"line":318,"column":41}},"loc":{"start":{"line":318,"column":52},"end":{"line":320,"column":3}}},"7":{"name":"(anonymous_8)","decl":{"start":{"line":329,"column":43},"end":{"line":329,"column":44}},"loc":{"start":{"line":329,"column":55},"end":{"line":331,"column":3}}},"8":{"name":"(anonymous_9)","decl":{"start":{"line":391,"column":54},"end":{"line":391,"column":64}},"loc":{"start":{"line":392,"column":10},"end":{"line":392,"column":71}}},"9":{"name":"(anonymous_10)","decl":{"start":{"line":418,"column":28},"end":{"line":418,"column":33}},"loc":{"start":{"line":423,"column":4},"end":{"line":652,"column":1}}},"10":{"name":"(anonymous_11)","decl":{"start":{"line":450,"column":4},"end":{"line":450,"column":5}},"loc":{"start":{"line":450,"column":19},"end":{"line":450,"column":50}}},"11":{"name":"(anonymous_12)","decl":{"start":{"line":497,"column":55},"end":{"line":497,"column":57}},"loc":{"start":{"line":497,"column":61},"end":{"line":497,"column":74}}},"12":{"name":"(anonymous_13)","decl":{"start":{"line":514,"column":42},"end":{"line":514,"column":43}},"loc":{"start":{"line":514,"column":54},"end":{"line":516,"column":5}}},"13":{"name":"(anonymous_14)","decl":{"start":{"line":525,"column":45},"end":{"line":525,"column":46}},"loc":{"start":{"line":525,"column":57},"end":{"line":527,"column":5}}},"14":{"name":"(anonymous_15)","decl":{"start":{"line":636,"column":51},"end":{"line":636,"column":54}},"loc":{"start":{"line":637,"column":8},"end":{"line":637,"column":75}}},"15":{"name":"(anonymous_16)","decl":{"start":{"line":643,"column":51},"end":{"line":643,"column":61}},"loc":{"start":{"line":644,"column":8},"end":{"line":644,"column":64}}},"16":{"name":"(anonymous_17)","decl":{"start":{"line":664,"column":28},"end":{"line":664,"column":33}},"loc":{"start":{"line":664,"column":71},"end":{"line":731,"column":1}}},"17":{"name":"(anonymous_18)","decl":{"start":{"line":703,"column":4},"end":{"line":703,"column":5}},"loc":{"start":{"line":703,"column":19},"end":{"line":703,"column":50}}},"18":{"name":"(anonymous_19)","decl":{"start":{"line":742,"column":29},"end":{"line":742,"column":34}},"loc":{"start":{"line":742,"column":72},"end":{"line":790,"column":1}}},"19":{"name":"(anonymous_20)","decl":{"start":{"line":804,"column":37},"end":{"line":804,"column":42}},"loc":{"start":{"line":807,"column":4},"end":{"line":856,"column":1}}},"20":{"name":"(anonymous_21)","decl":{"start":{"line":842,"column":49},"end":{"line":842,"column":52}},"loc":{"start":{"line":842,"column":55},"end":{"line":845,"column":5}}}},"branchMap":{"0":{"loc":{"start":{"line":38,"column":39},"end":{"line":38,"column":91}},"type":"cond-expr","locations":[{"start":{"line":38,"column":62},"end":{"line":38,"column":73}},{"start":{"line":38,"column":76},"end":{"line":38,"column":91}}]},"1":{"loc":{"start":{"line":57,"column":37},"end":{"line":57,"column":89}},"type":"cond-expr","locations":[{"start":{"line":57,"column":60},"end":{"line":57,"column":71}},{"start":{"line":57,"column":74},"end":{"line":57,"column":89}}]},"2":{"loc":{"start":{"line":97,"column":2},"end":{"line":97,"column":22}},"type":"default-arg","locations":[{"start":{"line":97,"column":11},"end":{"line":97,"column":22}}]},"3":{"loc":{"start":{"line":98,"column":2},"end":{"line":98,"column":20}},"type":"default-arg","locations":[{"start":{"line":98,"column":14},"end":{"line":98,"column":20}}]},"4":{"loc":{"start":{"line":103,"column":4},"end":{"line":103,"column":29}},"type":"binary-expr","locations":[{"start":{"line":103,"column":4},"end":{"line":103,"column":12}},{"start":{"line":103,"column":16},"end":{"line":103,"column":29}}]},"5":{"loc":{"start":{"line":108,"column":4},"end":{"line":108,"column":29}},"type":"binary-expr","locations":[{"start":{"line":108,"column":4},"end":{"line":108,"column":13}},{"start":{"line":108,"column":17},"end":{"line":108,"column":29}}]},"6":{"loc":{"start":{"line":122,"column":2},"end":{"line":128,"column":3}},"type":"if","locations":[{"start":{"line":122,"column":2},"end":{"line":128,"column":3}},{"start":{},"end":{}}]},"7":{"loc":{"start":{"line":129,"column":2},"end":{"line":135,"column":3}},"type":"if","locations":[{"start":{"line":129,"column":2},"end":{"line":135,"column":3}},{"start":{},"end":{}}]},"8":{"loc":{"start":{"line":144,"column":2},"end":{"line":162,"column":3}},"type":"if","locations":[{"start":{"line":144,"column":2},"end":{"line":162,"column":3}},{"start":{"line":152,"column":9},"end":{"line":162,"column":3}}]},"9":{"loc":{"start":{"line":146,"column":4},"end":{"line":151,"column":5}},"type":"if","locations":[{"start":{"line":146,"column":4},"end":{"line":151,"column":5}},{"start":{"line":149,"column":11},"end":{"line":151,"column":5}}]},"10":{"loc":{"start":{"line":152,"column":9},"end":{"line":162,"column":3}},"type":"if","locations":[{"start":{"line":152,"column":9},"end":{"line":162,"column":3}},{"start":{"line":159,"column":9},"end":{"line":162,"column":3}}]},"11":{"loc":{"start":{"line":154,"column":4},"end":{"line":157,"column":5}},"type":"if","locations":[{"start":{"line":154,"column":4},"end":{"line":157,"column":5}},{"start":{},"end":{}}]},"12":{"loc":{"start":{"line":165,"column":2},"end":{"line":167,"column":3}},"type":"if","locations":[{"start":{"line":165,"column":2},"end":{"line":167,"column":3}},{"start":{},"end":{}}]},"13":{"loc":{"start":{"line":170,"column":2},"end":{"line":172,"column":3}},"type":"if","locations":[{"start":{"line":170,"column":2},"end":{"line":172,"column":3}},{"start":{},"end":{}}]},"14":{"loc":{"start":{"line":175,"column":2},"end":{"line":177,"column":3}},"type":"if","locations":[{"start":{"line":175,"column":2},"end":{"line":177,"column":3}},{"start":{},"end":{}}]},"15":{"loc":{"start":{"line":180,"column":2},"end":{"line":182,"column":3}},"type":"if","locations":[{"start":{"line":180,"column":2},"end":{"line":182,"column":3}},{"start":{},"end":{}}]},"16":{"loc":{"start":{"line":185,"column":4},"end":{"line":190,"column":5}},"type":"if","locations":[{"start":{"line":185,"column":4},"end":{"line":190,"column":5}},{"start":{},"end":{}}]},"17":{"loc":{"start":{"line":197,"column":19},"end":{"line":197,"column":47}},"type":"cond-expr","locations":[{"start":{"line":197,"column":41},"end":{"line":197,"column":42}},{"start":{"line":197,"column":45},"end":{"line":197,"column":47}}]},"18":{"loc":{"start":{"line":236,"column":4},"end":{"line":236,"column":51}},"type":"binary-expr","locations":[{"start":{"line":236,"column":4},"end":{"line":236,"column":12}},{"start":{"line":236,"column":16},"end":{"line":236,"column":51}}]},"19":{"loc":{"start":{"line":266,"column":4},"end":{"line":266,"column":49}},"type":"binary-expr","locations":[{"start":{"line":266,"column":4},"end":{"line":266,"column":19}},{"start":{"line":266,"column":23},"end":{"line":266,"column":49}}]},"20":{"loc":{"start":{"line":298,"column":2},"end":{"line":304,"column":3}},"type":"if","locations":[{"start":{"line":298,"column":2},"end":{"line":304,"column":3}},{"start":{},"end":{}}]},"21":{"loc":{"start":{"line":300,"column":6},"end":{"line":300,"column":47}},"type":"binary-expr","locations":[{"start":{"line":300,"column":6},"end":{"line":300,"column":23}},{"start":{"line":300,"column":27},"end":{"line":300,"column":47}}]},"22":{"loc":{"start":{"line":319,"column":11},"end":{"line":319,"column":71}},"type":"binary-expr","locations":[{"start":{"line":319,"column":11},"end":{"line":319,"column":40}},{"start":{"line":319,"column":44},"end":{"line":319,"column":71}}]},"23":{"loc":{"start":{"line":347,"column":25},"end":{"line":347,"column":50}},"type":"binary-expr","locations":[{"start":{"line":347,"column":25},"end":{"line":347,"column":41}},{"start":{"line":347,"column":45},"end":{"line":347,"column":50}}]},"24":{"loc":{"start":{"line":348,"column":20},"end":{"line":348,"column":53}},"type":"binary-expr","locations":[{"start":{"line":348,"column":20},"end":{"line":348,"column":31}},{"start":{"line":348,"column":31},"end":{"line":348,"column":53}}]},"25":{"loc":{"start":{"line":350,"column":2},"end":{"line":359,"column":3}},"type":"if","locations":[{"start":{"line":350,"column":2},"end":{"line":359,"column":3}},{"start":{"line":354,"column":9},"end":{"line":359,"column":3}}]},"26":{"loc":{"start":{"line":356,"column":4},"end":{"line":358,"column":5}},"type":"if","locations":[{"start":{"line":356,"column":4},"end":{"line":358,"column":5}},{"start":{},"end":{}}]},"27":{"loc":{"start":{"line":356,"column":8},"end":{"line":356,"column":62}},"type":"binary-expr","locations":[{"start":{"line":356,"column":8},"end":{"line":356,"column":24}},{"start":{"line":356,"column":28},"end":{"line":356,"column":62}}]},"28":{"loc":{"start":{"line":377,"column":2},"end":{"line":400,"column":3}},"type":"if","locations":[{"start":{"line":377,"column":2},"end":{"line":400,"column":3}},{"start":{},"end":{}}]},"29":{"loc":{"start":{"line":390,"column":6},"end":{"line":394,"column":7}},"type":"if","locations":[{"start":{"line":390,"column":6},"end":{"line":394,"column":7}},{"start":{},"end":{}}]},"30":{"loc":{"start":{"line":426,"column":4},"end":{"line":426,"column":51}},"type":"binary-expr","locations":[{"start":{"line":426,"column":4},"end":{"line":426,"column":12}},{"start":{"line":426,"column":16},"end":{"line":426,"column":51}}]},"31":{"loc":{"start":{"line":456,"column":4},"end":{"line":456,"column":32}},"type":"binary-expr","locations":[{"start":{"line":456,"column":4},"end":{"line":456,"column":21}},{"start":{"line":456,"column":25},"end":{"line":456,"column":32}}]},"32":{"loc":{"start":{"line":462,"column":2},"end":{"line":492,"column":3}},"type":"if","locations":[{"start":{"line":462,"column":2},"end":{"line":492,"column":3}},{"start":{},"end":{}}]},"33":{"loc":{"start":{"line":462,"column":6},"end":{"line":462,"column":36}},"type":"binary-expr","locations":[{"start":{"line":462,"column":6},"end":{"line":462,"column":20}},{"start":{"line":462,"column":24},"end":{"line":462,"column":36}}]},"34":{"loc":{"start":{"line":463,"column":22},"end":{"line":465,"column":24}},"type":"cond-expr","locations":[{"start":{"line":464,"column":8},"end":{"line":464,"column":32}},{"start":{"line":465,"column":8},"end":{"line":465,"column":24}}]},"35":{"loc":{"start":{"line":466,"column":20},"end":{"line":466,"column":74}},"type":"cond-expr","locations":[{"start":{"line":466,"column":35},"end":{"line":466,"column":57}},{"start":{"line":466,"column":60},"end":{"line":466,"column":74}}]},"36":{"loc":{"start":{"line":475,"column":4},"end":{"line":489,"column":5}},"type":"if","locations":[{"start":{"line":475,"column":4},"end":{"line":489,"column":5}},{"start":{},"end":{}}]},"37":{"loc":{"start":{"line":491,"column":4},"end":{"line":491,"column":52}},"type":"if","locations":[{"start":{"line":491,"column":4},"end":{"line":491,"column":52}},{"start":{},"end":{}}]},"38":{"loc":{"start":{"line":495,"column":2},"end":{"line":534,"column":3}},"type":"if","locations":[{"start":{"line":495,"column":2},"end":{"line":534,"column":3}},{"start":{},"end":{}}]},"39":{"loc":{"start":{"line":515,"column":13},"end":{"line":515,"column":73}},"type":"binary-expr","locations":[{"start":{"line":515,"column":13},"end":{"line":515,"column":42}},{"start":{"line":515,"column":46},"end":{"line":515,"column":73}}]},"40":{"loc":{"start":{"line":542,"column":2},"end":{"line":546,"column":3}},"type":"if","locations":[{"start":{"line":542,"column":2},"end":{"line":546,"column":3}},{"start":{},"end":{}}]},"41":{"loc":{"start":{"line":542,"column":6},"end":{"line":542,"column":43}},"type":"binary-expr","locations":[{"start":{"line":542,"column":6},"end":{"line":542,"column":14}},{"start":{"line":542,"column":18},"end":{"line":542,"column":43}}]},"42":{"loc":{"start":{"line":549,"column":2},"end":{"line":551,"column":3}},"type":"if","locations":[{"start":{"line":549,"column":2},"end":{"line":551,"column":3}},{"start":{},"end":{}}]},"43":{"loc":{"start":{"line":549,"column":6},"end":{"line":549,"column":82}},"type":"binary-expr","locations":[{"start":{"line":549,"column":6},"end":{"line":549,"column":13}},{"start":{"line":549,"column":17},"end":{"line":549,"column":42}},{"start":{"line":549,"column":46},"end":{"line":549,"column":82}}]},"44":{"loc":{"start":{"line":557,"column":27},"end":{"line":557,"column":65}},"type":"binary-expr","locations":[{"start":{"line":557,"column":27},"end":{"line":557,"column":45}},{"start":{"line":557,"column":49},"end":{"line":557,"column":65}}]},"45":{"loc":{"start":{"line":560,"column":2},"end":{"line":588,"column":3}},"type":"if","locations":[{"start":{"line":560,"column":2},"end":{"line":588,"column":3}},{"start":{"line":572,"column":7},"end":{"line":588,"column":3}}]},"46":{"loc":{"start":{"line":562,"column":4},"end":{"line":564,"column":5}},"type":"if","locations":[{"start":{"line":562,"column":4},"end":{"line":564,"column":5}},{"start":{},"end":{}}]},"47":{"loc":{"start":{"line":572,"column":7},"end":{"line":588,"column":3}},"type":"if","locations":[{"start":{"line":572,"column":7},"end":{"line":588,"column":3}},{"start":{},"end":{}}]},"48":{"loc":{"start":{"line":603,"column":2},"end":{"line":606,"column":3}},"type":"if","locations":[{"start":{"line":603,"column":2},"end":{"line":606,"column":3}},{"start":{},"end":{}}]},"49":{"loc":{"start":{"line":609,"column":2},"end":{"line":611,"column":3}},"type":"if","locations":[{"start":{"line":609,"column":2},"end":{"line":611,"column":3}},{"start":{},"end":{}}]},"50":{"loc":{"start":{"line":635,"column":4},"end":{"line":639,"column":5}},"type":"if","locations":[{"start":{"line":635,"column":4},"end":{"line":639,"column":5}},{"start":{},"end":{}}]},"51":{"loc":{"start":{"line":642,"column":4},"end":{"line":646,"column":5}},"type":"if","locations":[{"start":{"line":642,"column":4},"end":{"line":646,"column":5}},{"start":{},"end":{}}]},"52":{"loc":{"start":{"line":667,"column":4},"end":{"line":667,"column":51}},"type":"binary-expr","locations":[{"start":{"line":667,"column":4},"end":{"line":667,"column":12}},{"start":{"line":667,"column":16},"end":{"line":667,"column":51}}]},"53":{"loc":{"start":{"line":708,"column":4},"end":{"line":708,"column":32}},"type":"binary-expr","locations":[{"start":{"line":708,"column":4},"end":{"line":708,"column":21}},{"start":{"line":708,"column":25},"end":{"line":708,"column":32}}]},"54":{"loc":{"start":{"line":745,"column":4},"end":{"line":745,"column":51}},"type":"binary-expr","locations":[{"start":{"line":745,"column":4},"end":{"line":745,"column":12}},{"start":{"line":745,"column":16},"end":{"line":745,"column":51}}]},"55":{"loc":{"start":{"line":841,"column":2},"end":{"line":846,"column":3}},"type":"if","locations":[{"start":{"line":841,"column":2},"end":{"line":846,"column":3}},{"start":{},"end":{}}]}},"s":{"0":1,"1":1,"2":1,"3":1,"4":1,"5":1,"6":1,"7":1,"8":0,"9":0,"10":0,"11":0,"12":0,"13":0,"14":0,"15":0,"16":0,"17":0,"18":0,"19":1,"20":6,"21":5,"22":4,"23":4,"24":4,"25":1,"26":4,"27":0,"28":4,"29":4,"30":4,"31":0,"32":0,"33":0,"34":4,"35":0,"36":0,"37":4,"38":4,"39":0,"40":4,"41":0,"42":4,"43":1,"44":4,"45":0,"46":4,"47":1,"48":4,"49":4,"50":4,"51":4,"52":4,"53":4,"54":4,"55":4,"56":1,"57":1,"58":3,"59":2,"60":2,"61":1,"62":1,"63":1,"64":7,"65":7,"66":8,"67":7,"68":6,"69":6,"70":6,"71":6,"72":6,"73":5,"74":5,"75":4,"76":3,"77":0,"78":3,"79":3,"80":3,"81":3,"82":3,"83":3,"84":3,"85":3,"86":2,"87":2,"88":2,"89":2,"90":2,"91":2,"92":1,"93":1,"94":0,"95":2,"96":2,"97":2,"98":2,"99":0,"100":0,"101":0,"102":0,"103":0,"104":0,"105":0,"106":0,"107":0,"108":0,"109":0,"110":0,"111":0,"112":2,"113":2,"114":2,"115":1,"116":1,"117":6,"118":6,"119":6,"120":5,"121":4,"122":4,"123":4,"124":4,"125":4,"126":4,"127":3,"128":0,"129":0,"130":0,"131":0,"132":0,"133":0,"134":0,"135":0,"136":0,"137":0,"138":3,"139":0,"140":0,"141":0,"142":0,"143":0,"144":0,"145":0,"146":0,"147":0,"148":0,"149":0,"150":3,"151":3,"152":1,"153":3,"154":0,"155":3,"156":3,"157":3,"158":0,"159":0,"160":0,"161":0,"162":3,"163":0,"164":0,"165":0,"166":0,"167":0,"168":3,"169":3,"170":3,"171":3,"172":0,"173":0,"174":3,"175":3,"176":3,"177":3,"178":3,"179":3,"180":3,"181":0,"182":0,"183":0,"184":0,"185":0,"186":0,"187":0,"188":3,"189":1,"190":1,"191":4,"192":4,"193":4,"194":4,"195":3,"196":3,"197":2,"198":2,"199":2,"200":2,"201":2,"202":2,"203":1,"204":1,"205":1,"206":1,"207":3,"208":3,"209":3,"210":2,"211":2,"212":2,"213":2,"214":1,"215":1,"216":1,"217":1,"218":4,"219":4,"220":3,"221":3,"222":3,"223":3,"224":2,"225":2,"226":1,"227":0,"228":0,"229":1,"230":1,"231":1},"f":{"0":0,"1":0,"2":6,"3":3,"4":7,"5":8,"6":3,"7":3,"8":0,"9":6,"10":4,"11":0,"12":0,"13":0,"14":0,"15":0,"16":4,"17":2,"18":3,"19":4,"20":0},"b":{"0":[0,0],"1":[0,0],"2":[6],"3":[6],"4":[6,5],"5":[5,5],"6":[1,3],"7":[0,4],"8":[0,4],"9":[0,0],"10":[0,4],"11":[0,0],"12":[0,4],"13":[0,4],"14":[1,3],"15":[0,4],"16":[1,3],"17":[0,4],"18":[3,3],"19":[7,7],"20":[0,3],"21":[0,0],"22":[3,0],"23":[2,1],"24":[2,0],"25":[1,1],"26":[0,1],"27":[1,0],"28":[0,2],"29":[0,0],"30":[6,6],"31":[4,2],"32":[0,3],"33":[3,3],"34":[0,0],"35":[0,0],"36":[0,0],"37":[0,0],"38":[0,3],"39":[0,0],"40":[1,2],"41":[3,2],"42":[0,3],"43":[3,1,0],"44":[3,3],"45":[0,3],"46":[0,0],"47":[0,3],"48":[0,3],"49":[3,0],"50":[0,3],"51":[0,0],"52":[4,4],"53":[2,2],"54":[3,3],"55":[0,1]}}
,"D:\\chatbot\\project-new-code\\learning-management-system-6_4\\BE_LMS\\src\\services\\enrollment.service.ts": {"path":"D:\\chatbot\\project-new-code\\learning-management-system-6_4\\BE_LMS\\src\\services\\enrollment.service.ts","statementMap":{"0":{"start":{"line":1,"column":0},"end":{"line":1,"column":83}},"1":{"start":{"line":2,"column":0},"end":{"line":2,"column":57}},"2":{"start":{"line":3,"column":0},"end":{"line":3,"column":49}},"3":{"start":{"line":4,"column":0},"end":{"line":4,"column":45}},"4":{"start":{"line":5,"column":0},"end":{"line":5,"column":43}},"5":{"start":{"line":6,"column":0},"end":{"line":6,"column":47}},"6":{"start":{"line":8,"column":0},"end":{"line":8,"column":93}},"7":{"start":{"line":11,"column":0},"end":{"line":11,"column":17}},"8":{"start":{"line":12,"column":0},"end":{"line":12,"column":15}},"9":{"start":{"line":24,"column":33},"end":{"line":31,"column":1}},"10":{"start":{"line":25,"column":21},"end":{"line":27,"column":51}},"11":{"start":{"line":29,"column":2},"end":{"line":29,"column":59}},"12":{"start":{"line":30,"column":2},"end":{"line":30,"column":20}},"13":{"start":{"line":24,"column":13},"end":{"line":24,"column":33}},"14":{"start":{"line":51,"column":37},"end":{"line":83,"column":1}},"15":{"start":{"line":57,"column":54},"end":{"line":57,"column":61}},"16":{"start":{"line":58,"column":15},"end":{"line":58,"column":33}},"17":{"start":{"line":60,"column":21},"end":{"line":60,"column":34}},"18":{"start":{"line":61,"column":2},"end":{"line":63,"column":3}},"19":{"start":{"line":62,"column":4},"end":{"line":62,"column":26}},"20":{"start":{"line":65,"column":31},"end":{"line":72,"column":4}},"21":{"start":{"line":74,"column":2},"end":{"line":82,"column":4}},"22":{"start":{"line":51,"column":13},"end":{"line":51,"column":37}},"23":{"start":{"line":104,"column":36},"end":{"line":140,"column":1}},"24":{"start":{"line":110,"column":53},"end":{"line":110,"column":60}},"25":{"start":{"line":111,"column":15},"end":{"line":111,"column":33}},"26":{"start":{"line":114,"column":17},"end":{"line":114,"column":53}},"27":{"start":{"line":115,"column":2},"end":{"line":115,"column":51}},"28":{"start":{"line":117
[...]
},"type":"binary-expr","locations":[{"start":{"line":790,"column":6},"end":{"line":790,"column":19}},{"start":{"line":790,"column":23},"end":{"line":790,"column":67}}]},"99":{"loc":{"start":{"line":801,"column":2},"end":{"line":814,"column":3}},"type":"if","locations":[{"start":{"line":801,"column":2},"end":{"line":814,"column":3}},{"start":{"line":803,"column":9},"end":{"line":814,"column":3}}]},"100":{"loc":{"start":{"line":803,"column":9},"end":{"line":814,"column":3}},"type":"if","locations":[{"start":{"line":803,"column":9},"end":{"line":814,"column":3}},{"start":{},"end":{}}]},"101":{"loc":{"start":{"line":805,"column":23},"end":{"line":805,"column":87}},"type":"binary-expr","locations":[{"start":{"line":805,"column":23},"end":{"line":805,"column":42}},{"start":{"line":805,"column":46},"end":{"line":805,"column":87}}]},"102":{"loc":{"start":{"line":806,"column":25},"end":{"line":807,"column":null}},"type":"binary-expr","locations":[{"start":{"line":806,"column":25},"end":{"line":806,"column":31}},{"start":{"line":806,"column":36},"end":{"line":807,"column":null}}]},"103":{"loc":{"start":{"line":810,"column":6},"end":{"line":810,"column":32}},"type":"binary-expr","locations":[{"start":{"line":810,"column":6},"end":{"line":810,"column":16}},{"start":{"line":810,"column":20},"end":{"line":810,"column":32}}]}},"s":{"0":1,"1":1,"2":1,"3":1,"4":1,"5":1,"6":1,"7":1,"8":1,"9":1,"10":1,"11":4,"12":4,"13":1,"14":4,"15":0,"16":0,"17":0,"18":0,"19":0,"20":0,"21":4,"22":0,"23":4,"24":0,"25":4,"26":0,"27":4,"28":4,"29":0,"30":0,"31":4,"32":4,"33":1,"34":1,"35":1,"36":1,"37":1,"38":1,"39":1,"40":3,"41":1,"42":1,"43":1,"44":1,"45":1,"46":1,"47":1,"48":4,"49":1,"50":1,"51":0,"52":0,"53":1,"54":0,"55":1,"56":1,"57":1,"58":1,"59":1,"60":4,"61":4,"62":4,"63":4,"64":4,"65":4,"66":4,"67":4,"68":2,"69":2,"70":2,"71":1,"72":1,"73":1,"74":1,"75":0,"76":0,"77":1,"78":1,"79":1,"80":1,"81":1,"82":1,"83":4,"84":4,"85":0,"86":4,"87":4,"88":1,"89":1,"90":6,"91":1,"92":5,"93":5,"94":4,"95":1,"96":1,"97":0,"98":0,"99":0,"100":0,"101":0,"102":0,"103":0,"104":3,"105":2,"106":2,"107":0,"108":0,"109":0,"110":0,"111":0,"112":0,"113":0,"114":2,"115":2,"116":2,"117":2,"118":2,"119":2,"120":2,"121":1,"122":1,"123":1,"124":1,"125":1,"126":1,"127":1,"128":1,"129":0,"130":1,"131":1,"132":6,"133":0,"134":6,"135":6,"136":5,"137":5,"138":5,"139":1,"140":1,"141":4,"142":2,"143":2,"144":2,"145":2,"146":2,"147":2,"148":2,"149":2,"150":2,"151":2,"152":1,"153":1,"154":5,"155":1,"156":4,"157":4,"158":4,"159":4,"160":1,"161":1,"162":5,"163":5,"164":4,"165":0,"166":4,"167":2,"168":2,"169":3,"170":3,"171":2,"172":2,"173":2,"174":2,"175":0,"176":2,"177":0,"178":2,"179":0,"180":2,"181":2,"182":1,"183":1,"184":5,"185":0,"186":5,"187":5,"188":4,"189":0,"190":4,"191":2,"192":2,"193":2,"194":2,"195":3,"196":3,"197":3,"198":2,"199":2,"200":2,"201":2,"202":0,"203":2,"204":0,"205":2,"206":0,"207":2,"208":0,"209":2,"210":0,"211":2,"212":2,"213":1,"214":1,"215":4,"216":0,"217":4,"218":4,"219":3,"220":0,"221":3,"222":2,"223":2,"224":2,"225":2,"226":2,"227":2,"228":1,"229":1,"230":5,"231":5,"232":4,"233":0,"234":4,"235":2,"236":2,"237":3,"238":0,"239":3,"240":3,"241":3,"242":3,"243":3,"244":1,"245":0,"246":1,"247":2,"248":1,"249":2,"250":2,"251":1,"252":1,"253":0,"254":2,"255":1,"256":2,"257":1,"258":2,"259":2,"260":2,"261":2,"262":2,"263":1,"264":1,"265":2,"266":0,"267":2,"268":2,"269":1,"270":1,"271":1,"272":11,"273":10,"274":10,"275":9,"276":2,"277":7,"278":7,"279":6,"280":1,"281":5,"282":3,"283":3,"284":2,"285":3,"286":4,"287":4,"288":4,"289":1,"290":1,"291":3,"292":3,"293":1},"f":{"0":4,"1":1,"2":1,"3":1,"4":1,"5":4,"6":6,"7":0,"8":0,"9":2,"10":1,"11":6,"12":5,"13":5,"14":4,"15":5,"16":2,"17":2,"18":2,"19":2,"20":11,"21":2},"b":{"0":[1,3],"1":[0,4],"2":[0,0],"3":[0,0],"4":[0,0],"5":[0,4],"6":[0,4],"7":[0,4],"8":[0,4],"9":[1,3],"10":[1,2],"11":[1,3],"12":[4,4],"13":[0,1],"14":[1,0],"15":[0,1],"16":[1,0],"17":[1,0],"18":[1,1],"19":[2,2],"20":[1,1],"21":[1,1],"22":[1,1],"23":[0,1],"24":[1,1],"25":[0,0],"26":[1,0],"27":[1,0],"28":[0,4],"29":[4,3,3],"30":[0,0],"31":[1,5],"32":[1,3],"33":[0,0],"34":[0,0],"35":[2,1],"36":[0,2],"37":[0,0],"38":[0,0],"39":[2,0],"40":[2,2],"41":[1,0],"42":[1,0],"43":[1,1],"44":[0,6],"45":[1,4],"46":[2,2],"47":[2,2],"48":[2,2],"49":[2,0],"50":[2,1],"51":[1,1],"52":[2,0],"53":[1,1],"54":[1,4],"55":[4,0],"56":[4,4],"57":[4,4],"58":[0,4],"59":[2,2],"60":[2,2],"61":[0,2],"62":[0,2],"63":[0,2],"64":[0,5],"65":[0,4],"66":[2,2],"67":[2,2],"68":[2,2],"69":[2,2],"70":[3,0],"71":[3,3],"72":[2,0],"73":[0,2],"74":[0,2],"75":[0,2],"76":[0,2],"77":[0,2],"78":[0,4],"79":[0,3],"80":[2,1],"81":[2,2],"82":[2,2],"83":[2,2],"84":[0,4],"85":[2,2],"86":[0,3],"87":[3,0],"88":[3,0],"89":[3,0],"90":[1,2],"91":[0,1],"92":[2,0,0],"93":[1,1],"94":[2,2],"95":[0,1],"96":[0,2],"97":[2,7],"98":[9,8],"99":[1,5],"100":[3,2],"101":[3,3],"102":[3,3],"103":[3,2]}}
,"D:\\chatbot\\project-new-code\\learning-management-system-6_4\\BE_LMS\\src\\services\\lessonProgress.service.ts": {"path":"D:\\chatbot\\project-new-code\\learning-management-system-6_4\\BE_LMS\\src\\services\\lessonProgress.service.ts","statementMap":{"0":{"start":{"line":1,"column":0},"end":{"line":1,"column":32}},"1":{"start":{"line":2,"column":0},"end":{"line":2,"column":49}},"2":{"start":{"line":3,"column":0},"end":{"line":3,"column":49}},"3":{"start":{"line":4,"column":0},"end":{"line":4,"column":65}},"4":{"start":{"line":5,"column":0},"end":{"line":5,"column":57}},"5":{"start":{"line":6,"column":0},"end":{"line":6,"column":43}},"6":{"start":{"line":7,"column":0},"end":{"line":7,"column":70}},"7":{"start":{"line":9,"column":0},"end":{"line":9,"column":60}},"8":{"start":{"line":12,"column":2},"end":{"line":12,"column":103}},"9":{"start":{"line":12,"column":94},"end":{"line":12,"column":103}},"10":{"start":{"line":13,"column":23},"end":{"line":13,"column":43}},"11":{"start":{"line":14,"column":18},"end":{"line":14,"column":69}},"12":{"start":{"line":15,"column":2},"end":{"line":15,"column":45}},"13":{"start":{"line":25,"column":33},"end":{"line":60,"column":1}},"14":{"start":{"line":31,"column":2},"end":{"line":31,"column":87}},"15":{"start":{"line":33,"column":17},"end":{"line":33,"column":107}},"16":{"start":{"line":34,"column":2},"end":{"line":34,"column":51}},"17":{"start":{"line":37,"column":26},"end":{"line":37,"column":50}},"18":{"start":{"line":40,"column":2},"end":{"line":46,"column":3}},"19":{"start":{"line":41,"column":4},"end":{"line":41,"column":98}},"20":{"start":{"line":42,"column":9},"end":{"line":46,"column":3}},"21":{"start":{"line":43,"column":19},"end":{"line":43,"column":41}},"22":{"start":{"line":44,"column":25},"end":{"line":44,"column":105}},"23":{"start":{"line":44,"column":82},"end":{"line":44,"column":104}},"24":{"start":{"line":45,"column":4},"end":{"line":45,"column":90}},"25":{"start":{"line":48,"column":19},"end":{"line":51,"column":11}},"26":{"start":{"line":53,"column":2},"end":{"line":55,"column":3}},"27":{"start":{"line":54,"column":4},"end":{"line":54,"column":54}},"28":{"start":{"line":57,"column":26},"end":{"line":57,"column":111}},"29":{"start":{"line":59,"column":2},"end":{"line":59,"column":42}},"30":{"start":{"line":25,"column":13},"end":{"line":25,"column":33}},"31":{"start":{"line":69,"column":32},"end":{"line":111,"column":1}},"32":{"start":{"line":75,"column":2},"end":{"line":75,"column":87}},"33":{"start":{"line":76,"column":2},"end":{"line":76,"column":120}},"34":{"start":{"line":78,"column":17},"end":{"line":78,"column":95}},"35":{"start":{"line":79,"column":2},"end":{"line":79,"column":51}},"36":{"start":{"line":82,"column":2},"end":{"line":84,"column":3}},"37":{"start":{"line":83,"column":4},"end":{"line":83,"column":72}},"38":{"start":{"line":87,"column":2},"end":{"line":94,"column":3}},"39":{"start":{"line":88,"column":21},"end":{"line":92,"column":6}},"40":{"start":{"line":93,"column":4},"end":{"line":93,"column":66}},"41":{"start":{"line":96,"column":14},"end":{"line":96,"column":24}},"42":{"start":{"line":97,"column":19},"end":{"line":100,"column":null}},"43":{"start":{"line":103,"column":26},"end":{"line":103,"column":111}},"44":{"start":{"line":104,"column":2},"end":{"line":108,"column":3}},"45":{"start":{"line":105,"column":4},"end":{"line":105,"column":32}},"46":{"start":{"line":106,"column":5},"end":{"line":106,"column":40}},"47":{"start":{"line":107,"column":4},"end":{"line":107,"column":26}},"48":{"start":{"line":110,"column":2},"end":{"line":110,"column":55}},"49":{"start":{"line":69,"column":13},"end":{"line":69,"column":32}},"50":{"start":{"line":118,"column":30},"end":{"line":150,"column":1}},"51":{"start":{"line":123,"column":2},"end":{"line":123,"column":87}},"52":{"start":{"line":125,"column":17},"end":{"line":125,"column":95}},"53":{"start":{"line":126,"column":2},"end":{"line":126,"column":51}},"54":{"start":{"line":128,"column":2},"end":{"line":130,"column":3}},"55":{"start":{"line":129,"column":4},"end":{"line":129,"column":71}},"56":{"start":{"line":132,"column":2},"end":{"line":139,"column":3}},"57":{"start":{"line":133,"column":21},"end":{"line":137,"column":6}},"58":{"start":{"line":138,"column":4},"end":{"line":138,"column":66}},"59":{"start":{"line":141,"column":14},"end":{"line":141,"column":24}},"60":{"start":{"line":142,"column":18},"end":{"line":146,"column":10}},"61":{"start":{"line":148,"column":26},"end":{"line":148,"column":110}},"62":{"start":{"line":149,"column":2},"end":{"line":149,"column":41}},"63":{"start":{"line":118,"column":13},"end":{"line":118,"column":30}},"64":{"start":{"line":159,"column":33},"end":{"line":213,"column":1}},"65":{"start":{"line":165,"column":2},"end":{"line":165,"column":87}},"66":{"start":{"line":167,"column":17},"end":{"line":167,"column":60}},"67":{"start":{"line":168,"column":2},"end":{"line":168,"column":51}},"68":{"start":{"line":170,"column":26},"end":{"line":170,"column":50}},"69":{"start":{"line":172,"column":2},"end":{"line":177,"column":3}},"70":{"start":{"line":173,"column":4},"end":{"line":173,"column":105}},"71":{"start":{"line":174,"column":9},"end":{"line":177,"column":3}},"72":{"start":{"line":175,"column":26},"end":{"line":175,"column":114}},"73":{"start":{"line":175,"column":91},"end":{"line":175,"column":113}},"74":{"start":{"line":176,"column":4},"end":{"line":176,"column":86}},"75":{"start":{"line":179,"column":18},"end":{"line":179,"column":108}},"76":{"start":{"line":180,"column":20},"end":{"line":180,"column":43}},"77":{"start":{"line":180,"column":37},"end":{"line":180,"column":42}},"78":{"start":{"line":182,"column":21},"end":{"line":182,"column":130}},"79":{"start":{"line":183,"column":22},"end":{"line":183,"column":78}},"80":{"start":{"line":183,"column":50},"end":{"line":183,"column":76}},"81":{"start":{"line":185,"column":16},"end":{"line":196,"column":4}},"82":{"start":{"line":186,"column":14},"end":{"line":186,"column":47}},"83":{"start":{"line":187,"column":20},"end":{"line":187,"column":93}},"84":{"start":{"line":188,"column":4},"end":{"line":195,"column":6}},"85":{"start":{"line":198,"column":23},"end":{"line":198,"column":42}},"86":{"start":{"line":199,"column":25},"end":{"line":199,"column":64}},"87":{"start":{"line":199,"column":43},"end":{"line":199,"column":56}},"88":{"start":{"line":200,"column":25},"end":{"line":200,"column":74}},"89":{"start":{"line":202,"column":21},"end":{"line":202,"column":52}},"90":{"start":{"line":202,"column":37},"end":{"line":202,"column":51}},"91":{"start":{"line":204,"column":2},"end":{"line":212,"column":4}},"92":{"start":{"line":159,"column":13},"end":{"line":159,"column":33}}},"fnMap":{"0":{"name":"calcProgressPercent","decl":{"start":{"line":11,"column":9},"end":{"line":11,"column":28}},"loc":{"start":{"line":11,"column":94},"end":{"line":16,"column":1}}},"1":{"name":"(anonymous_2)","decl":{"start":{"line":25,"column":33},"end":{"line":25,"column":38}},"loc":{"start":{"line":30,"column":4},"end":{"line":60,"column":1}}},"2":{"name":"(anonymous_3)","decl":{"start":{"line":44,"column":49},"end":{"line":44,"column":50}},"loc":{"start":{"line":44,"column":82},"end":{"line":44,"column":104}}},"3":{"name":"(anonymous_4)","decl":{"start":{"line":69,"column":32},"end":{"line":69,"column":37}},"loc":{"start":{"line":74,"column":4},"end":{"line":111,"column":1}}},"4":{"name":"(anonymous_5)","decl":{"start":{"line":118,"column":30},"end":{"line":118,"column":35}},"loc":{"start":{"line":122,"column":4},"end":{"line":150,"column":1}}},"5":{"name":"(anonymous_6)","decl":{"start":{"line":159,"column":33},"end":{"line":159,"column":38}},"loc":{"start":{"line":164,"column":4},"end":{"line":213,"column":1}}},"6":{"name":"(anonymous_7)","decl":{"start":{"line":175,"column":58},"end":{"line":175,"column":59}},"loc":{"start":{"line":175,"column":91},"end":{"line":175,"column":113}}},"7":{"name":"(anonymous_8)","decl":{"start":{"line":180,"column":32},"end":{"line":180,"column":33}},"loc":{"start":{"line":180,"column":37},"end":{"line":180,"column":42}}},"8":{"name":"(anonymous_9)","decl":{"start":{"line":183,"column":45},"end":{"line":183,"column":46}},"loc":{"start":{"line":183,"column":50},"end":{"line":183,"column":76}}},"9":{"name":"(anonymous_10)","decl":{"start":{"line":185,"column":28},"end":{"line":185,"column":29}},"loc":{"start":{"line":185,"column":32},"end":{"line":196,"column":3}}},"10":{"name":"(anonymous_11)","decl":{"start":{"line":199,"column":38},"end":{"line":199,"column":39}},"loc":{"start":{"line":199,"column":43},"end":{"line":199,"column":56}}},"11":{"name":"(anonymous_12)","decl":{"start":{"line":202,"column":32},"end":{"line":202,"column":33}},"loc":{"start":{"line":202,"column":37},"end":{"line":202,"column":51}}}},"branchMap":{"0":{"loc":{"start":{"line":12,"column":2},"end":{"line":12,"column":103}},"type":"if","locations":[{"start":{"line":12,"column":2},"end":{"line":12,"column":103}},{"start":{},"end":{}}]},"1":{"loc":{"start":{"line":12,"column":6},"end":{"line":12,"column":92}},"type":"binary-expr","locations":[{"start":{"line":12,"column":6},"end":{"line":12,"column":22}},{"start":{"line":12,"column":26},"end":{"line":12,"column":46}},{"start":{"line":12,"column":50},"end":{"line":12,"column":67}},{"start":{"line":12,"column":71},"end":{"line":12,"column":92}}]},"2":{"loc":{"start":{"line":37,"column":26},"end":{"line":37,"column":50}},"type":"binary-expr","locations":[{"start":{"line":37,"column":26},"end":{"line":37,"column":35}},{"start":{"line":37,"column":39},"end":{"line":37,"column":50}}]},"3":{"loc":{"start":{"line":40,"column":2},"end":{"line":46,"column":3}},"type":"if","locations":[{"start":{"line":40,"column":2},"end":{"line":46,"column":3}},{"start":{"line":42,"column":9},"end":{"line":46,"column":3}}]},"4":{"loc":{"start":{"line":42,"column":9},"end":{"line":46,"column":3}},"type":"if","locations":[{"start":{"line":42,"column":9},"end":{"line":46,"column":3}},{"start":{},"end":{}}]},"5":{"loc":{"start":{"line":53,"column":2},"end":{"line":55,"column":3}},"type":"if","locations":[{"start":{"line":53,"column":2},"end":{"line":55,"column":3}},{"start":{},"end":{}}]},"6":{"loc":{"start":{"line":57,"column":79},"end":{"line":57,"column":110}},"type":"binary-expr","locations":[{"start":{"line":57,"column":79},"end":{"line":57,"column":105}},{"start":{"line":57,"column":109},"end":{"line":57,"column":110}}]},"7":{"loc":{"start":{"line":76,"column":12},"end":{"line":76,"column":79}},"type":"binary-expr","locations":[{"start":{"line":76,"column":12},"end":{"line":76,"column":39}},{"start":{"line":76,"column":43},"end":{"line":76,"column":58}},{"start":{"line":76,"column":62},"end":{"line":76,"column":79}}]},"8":{"loc":{"start":{"line":82,"column":2},"end":{"line":84,"column":3}},"type":"if","locations":[{"start":{"line":82,"column":2},"end":{"line":84,"column":3}},{"start":{},"end":{}}]},"9":{"loc":{"start":{"line":87,"column":2},"end":{"line":94,"column":3}},"type":"if","locations":[{"start":{"line":87,"column":2},"end":{"line":94,"column":3}},{"start":{},"end":{}}]},"10":{"loc":{"start":{"line":103,"column":79},"end":{"line":103,"column":110}},"type":"binary-expr","locations":[{"start":{"line":103,"column":79},"end":{"line":103,"column":105}},{"start":{"line":103,"column":109},"end":{"line":103,"column":110}}]},"11":{"loc":{"start":{"line":104,"column":2},"end":{"line":108,"column":3}},"type":"if","locations":[{"start":{"line":104,"column":2},"end":{"line":108,"column":3}},{"start":{},"end":{}}]},"12":{"loc":{"start":{"line":104,"column":6},"end":{"line":104,"column":65}},"type":"binary-expr","locations":[{"start":{"line":104,"column":6},"end":{"line":104,"column":14}},{"start":{"line":104,"column":18},"end":{"line":104,"column":39}},{"start":{"line":104,"column":43},"end":{"line":104,"column":65}}]},"13":{"loc":{"start":{"line":128,"column":2},"end":{"line":130,"column":3}},"type":"if","locations":[{"start":{"line":128,"column":2},"end":{"line":130,"column":3}},{"start":{},"end":{}}]},"14":{"loc":{"start":{"line":132,"column":2},"end":{"line":139,"column":3}},"type":"if","locations":[{"start":{"line":132,"column":2},"end":{"line":139,"column":3}},{"start":{},"end":{}}]},"15":{"loc":{"start":{"line":148,"column":79},"end":{"line":148,"column":109}},"type":"binary-expr","locations":[{"start":{"line":148,"column":79},"end":{"line":148,"column":104}},{"start":{"line":148,"column":108},"end":{"line":148,"column":109}}]},"16":{"loc":{"start":{"line":170,"column":26},"end":{"line":170,"column":50}},"type":"binary-expr","locations":[{"start":{"line":170,"column":26},"end":{"line":170,"column":35}},{"start":{"line":170,"column":39},"end":{"line":170,"column":50}}]},"17":{"loc":{"start":{"line":172,"column":2},"end":{"line":177,"column":3}},"type":"if","locations":[{"start":{"line":172,"column":2},"end":{"line":177,"column":3}},{"start":{"line":174,"column":9},"end":{"line":177,"column":3}}]},"18":{"loc":{"start":{"line":174,"column":9},"end":{"line":177,"column":3}},"type":"if","locations":[{"start":{"line":174,"column":9},"end":{"line":177,"column":3}},{"start":{},"end":{}}]},"19":{"loc":{"start":{"line":187,"column":68},"end":{"line":187,"column":92}},"type":"binary-expr","locations":[{"start":{"line":187,"column":68},"end":{"line":187,"column":87}},{"start":{"line":187,"column":91},"end":{"line":187,"column":92}}]},"20":{"loc":{"start":{"line":194,"column":22},"end":{"line":194,"column":47}},"type":"binary-expr","locations":[{"start":{"line":194,"column":22},"end":{"line":194,"column":39}},{"start":{"line":194,"column":43},"end":{"line":194,"column":47}}]},"21":{"loc":{"start":{"line":198,"column":23},"end":{"line":198,"column":42}},"type":"binary-expr","locations":[{"start":{"line":198,"column":23},"end":{"line":198,"column":37}},{"start":{"line":198,"column":41},"end":{"line":198,"column":42}}]},"22":{"loc":{"start":{"line":210,"column":26},"end":{"line":210,"column":129}},"type":"cond-expr","locations":[{"start":{"line":210,"column":39},"end":{"line":210,"column":122}},{"start":{"line":210,"column":125},"end":{"line":210,"column":129}}]}},"s":{"0":1,"1":1,"2":1,"3":1,"4":1,"5":1,"6":1,"7":1,"8":11,"9":5,"10":6,"11":6,"12":6,"13":1,"14":7,"15":6,"16":6,"17":5,"18":5,"19":2,"20":3,"21":2,"22":2,"23":1,"24":2,"25":3,"26":3,"27":0,"28":3,"29":3,"30":1,"31":1,"32":7,"33":6,"34":6,"35":6,"36":5,"37":1,"38":4,"39":3,"40":3,"41":3,"42":3,"43":3,"44":3,"45":1,"46":1,"47":1,"48":3,"49":1,"50":1,"51":5,"52":4,"53":4,"54":3,"55":1,"56":2,"57":2,"58":2,"59":1,"60":1,"61":1,"62":1,"63":1,"64":1,"65":6,"66":5,"67":5,"68":4,"69":4,"70":1,"71":3,"72":2,"73":1,"74":2,"75":3,"76":3,"77":4,"78":3,"79":3,"80":3,"81":3,"82":4,"83":4,"84":4,"85":3,"86":3,"87":4,"88":3,"89":3,"90":3,"91":3,"92":1},"f":{"0":11,"1":7,"2":1,"3":7,"4":5,"5":6,"6":1,"7":4,"8":3,"9":4,"10":4,"11":3},"b":{"0":[5,6],"1":[11,10,10,6],"2":[5,1],"3":[2,3],"4":[2,1],"5":[0,3],"6":[3,0],"7":[6,6,6],"8":[1,4],"9":[3,1],"10":[3,0],"11":[1,2],"12":[3,3,3],"13":[1,2],"14":[2,0],"15":[1,0],"16":[4,1],"17":[1,3],"18":[2,1],"19":[4,4],"20":[4,4],"21":[3,0],"22":[3,0]}}
}
