{"/Users/nguyenanh/Documents/LearningCode/NodeJS/MockProject/BE_LMS/src/controller/auth.controller.ts": {"path":"/Users/nguyenanh/Documents/LearningCode/NodeJS/MockProject/BE_LMS/src/controller/auth.controller.ts","statementMap":{"0":{"start":{"line":1,"column":0},"end":{"line":1,"column":52}},"1":{"start":{"line":2,"column":0},"end":{"line":2,"column":62}},"2":{"start":{"line":3,"column":0},"end":{"line":3,"column":null}},"3":{"start":{"line":11,"column":0},"end":{"line":11,"column":null}},"4":{"start":{"line":17,"column":0},"end":{"line":17,"column":null}},"5":{"start":{"line":24,"column":0},"end":{"line":24,"column":43}},"6":{"start":{"line":25,"column":0},"end":{"line":25,"column":40}},"7":{"start":{"line":26,"column":0},"end":{"line":26,"column":43}},"8":{"start":{"line":33,"column":13},"end":{"line":43,"column":3}},"9":{"start":{"line":35,"column":18},"end":{"line":38,"column":4}},"10":{"start":{"line":40,"column":19},"end":{"line":40,"column":47}},"11":{"start":{"line":42,"column":2},"end":{"line":42,"column":36}},"12":{"start":{"line":45,"column":13},"end":{"line":58,"column":3}},"13":{"start":{"line":47,"column":18},"end":{"line":50,"column":4}},"14":{"start":{"line":52,"column":46},"end":{"line":52,"column":70}},"15":{"start":{"line":54,"column":2},"end":{"line":57,"column":5}},"16":{"start":{"line":60,"column":13},"end":{"line":71,"column":3}},"17":{"start":{"line":61,"column":22},"end":{"line":61,"column":67}},"18":{"start":{"line":62,"column":22},"end":{"line":62,"column":52}},"19":{"start":{"line":64,"column":2},"end":{"line":66,"column":3}},"20":{"start":{"line":65,"column":4},"end":{"line":65,"column":60}},"21":{"start":{"line":68,"column":2},"end":{"line":70,"column":5}},"22":{"start":{"line":73,"column":13},"end":{"line":89,"column":3}},"23":{"start":{"line":74,"column":23},"end":{"line":74,"column":69}},"24":{"start":{"line":75,"column":2},"end":{"line":75,"column":65}},"25":{"start":{"line":78,"column":4},"end":{"line":78,"column":46}},"26":{"start":{"line":80,"column":2},"end":{"line":82,"column":3}},"27":{"start":{"line":81,"column":4},"end":{"line":81,"column":80}},"28":{"start":{"line":84,"column":2},"end":{"line":88,"column":7}},"29":{"start":{"line":91,"column":13},"end":{"line":100,"column":3}},"30":{"start":{"line":92,"column":27},"end":{"line":92,"column":72}},"31":{"start":{"line":95,"column":2},"end":{"line":95,"column":38}},"32":{"start":{"line":97,"column":2},"end":{"line":99,"column":5}},"33":{"start":{"line":102,"column":13},"end":{"line":110,"column":3}},"34":{"start":{"line":103,"column":16},"end":{"line":103,"column":49}},"35":{"start":{"line":104,"column":2},"end":{"line":104,"column":38}},"36":{"start":{"line":106,"column":2},"end":{"line":109,"column":5}},"37":{"start":{"line":112,"column":13},"end":{"line":121,"column":3}},"38":{"start":{"line":113,"column":41},"end":{"line":113,"column":49}},"39":{"start":{"line":114,"column":18},"end":{"line":114,"column":75}},"40":{"start":{"line":116,"column":2},"end":{"line":116,"column":31}},"41":{"start":{"line":118,"column":2},"end":{"line":120,"column":5}}},"fnMap":{"0":{"name":"(anonymous_1)","decl":{"start":{"line":33,"column":43},"end":{"line":33,"column":48}},"loc":{"start":{"line":33,"column":62},"end":{"line":43,"column":1}}},"1":{"name":"(anonymous_2)","decl":{"start":{"line":45,"column":40},"end":{"line":45,"column":45}},"loc":{"start":{"line":45,"column":59},"end":{"line":58,"column":1}}},"2":{"name":"(anonymous_3)","decl":{"start":{"line":60,"column":41},"end":{"line":60,"column":46}},"loc":{"start":{"line":60,"column":60},"end":{"line":71,"column":1}}},"3":{"name":"(anonymous_4)","decl":{"start":{"line":73,"column":42},"end":{"line":73,"column":47}},"loc":{"start":{"line":73,"column":61},"end":{"line":89,"column":1}}},"4":{"name":"(anonymous_5)","decl":{"start":{"line":91,"column":46},"end":{"line":91,"column":51}},"loc":{"start":{"line":91,"column":65},"end":{"line":100,"column":1}}},"5":{"name":"(anonymous_6)","decl":{"start":{"line":102,"column":52},"end":{"line":102,"column":57}},"loc":{"start":{"line":102,"column":71},"end":{"line":110,"column":1}}},"6":{"name":"(anonymous_7)","decl":{"start":{"line":112,"column":48},"end":{"line":112,"column":53}},"loc":{"start":{"line":112,"column":67},"end":{"line":121,"column":1}}}},"branchMap":{"0":{"loc":{"start":{"line":62,"column":34},"end":{"line":62,"column":51}},"type":"binary-expr","locations":[{"start":{"line":62,"column":34},"end":{"line":62,"column":45}},{"start":{"line":62,"column":49},"end":{"line":62,"column":51}}]},"1":{"loc":{"start":{"line":64,"column":2},"end":{"line":66,"column":3}},"type":"if","locations":[{"start":{"line":64,"column":2},"end":{"line":66,"column":3}},{"start":{},"end":{}}]},"2":{"loc":{"start":{"line":80,"column":2},"end":{"line":82,"column":3}},"type":"if","locations":[{"start":{"line":80,"column":2},"end":{"line":82,"column":3}},{"start":{},"end":{}}]}},"s":{"0":1,"1":1,"2":1,"3":1,"4":1,"5":1,"6":1,"7":1,"8":1,"9":4,"10":2,"11":1,"12":1,"13":3,"14":2,"15":1,"16":1,"17":2,"18":2,"19":2,"20":2,"21":1,"22":1,"23":3,"24":3,"25":2,"26":1,"27":0,"28":1,"29":1,"30":3,"31":2,"32":1,"33":1,"34":3,"35":2,"36":1,"37":1,"38":3,"39":3,"40":2,"41":1},"f":{"0":4,"1":3,"2":2,"3":3,"4":3,"5":3,"6":3},"b":{"0":[2,0],"1":[2,0],"2":[0,1]}}
,"/Users/nguyenanh/Documents/LearningCode/NodeJS/MockProject/BE_LMS/src/controller/enrollment.controller.ts": {"path":"/Users/nguyenanh/Documents/LearningCode/NodeJS/MockProject/BE_LMS/src/controller/enrollment.controller.ts","statementMap":{"0":{"start":{"line":1,"column":0},"end":{"line":1,"column":48}},"1":{"start":{"line":2,"column":0},"end":{"line":2,"column":52}},"2":{"start":{"line":3,"column":0},"end":{"line":3,"column":null}},"3":{"start":{"line":13,"column":0},"end":{"line":13,"column":null}},"4":{"start":{"line":22,"column":0},"end":{"line":22,"column":77}},"5":{"start":{"line":25,"column":13},"end":{"line":30,"column":3}},"6":{"start":{"line":26,"column":17},"end":{"line":26,"column":53}},"7":{"start":{"line":28,"column":21},"end":{"line":28,"column":48}},"8":{"start":{"line":29,"column":2},"end":{"line":29,"column":47}},"9":{"start":{"line":33,"column":13},"end":{"line":45,"column":3}},"10":{"start":{"line":34,"column":20},"end":{"line":34,"column":42}},"11":{"start":{"line":35,"column":18},"end":{"line":35,"column":60}},"12":{"start":{"line":37,"column":17},"end":{"line":40,"column":4}},"13":{"start":{"line":41,"column":2},"end":{"line":44,"column":5}},"14":{"start":{"line":48,"column":13},"end":{"line":60,"column":3}},"15":{"start":{"line":49,"column":24},"end":{"line":49,"column":57}},"16":{"start":{"line":50,"column":18},"end":{"line":50,"column":60}},"17":{"start":{"line":52,"column":17},"end":{"line":55,"column":4}},"18":{"start":{"line":56,"column":2},"end":{"line":59,"column":5}},"19":{"start":{"line":63,"column":13},"end":{"line":75,"column":3}},"20":{"start":{"line":64,"column":23},"end":{"line":64,"column":55}},"21":{"start":{"line":65,"column":18},"end":{"line":65,"column":60}},"22":{"start":{"line":67,"column":17},"end":{"line":70,"column":4}},"23":{"start":{"line":71,"column":2},"end":{"line":74,"column":5}},"24":{"start":{"line":78,"column":13},"end":{"line":86,"column":3}},"25":{"start":{"line":79,"column":18},"end":{"line":79,"column":60}},"26":{"start":{"line":81,"column":17},"end":{"line":81,"column":49}},"27":{"start":{"line":82,"column":2},"end":{"line":85,"column":5}},"28":{"start":{"line":89,"column":13},"end":{"line":98,"column":3}},"29":{"start":{"line":90,"column":15},"end":{"line":90,"column":53}},"30":{"start":{"line":93,"column":21},"end":{"line":96,"column":4}},"31":{"start":{"line":97,"column":2},"end":{"line":97,"column":96}},"32":{"start":{"line":101,"column":13},"end":{"line":113,"column":3}},"33":{"start":{"line":102,"column":39},"end":{"line":102,"column":71}},"34":{"start":{"line":103,"column":20},"end":{"line":103,"column":42}},"35":{"start":{"line":105,"column":21},"end":{"line":111,"column":4}},"36":{"start":{"line":112,"column":2},"end":{"line":112,"column":86}},"37":{"start":{"line":116,"column":13},"end":{"line":122,"column":3}},"38":{"start":{"line":117,"column":17},"end":{"line":117,"column":53}},"39":{"start":{"line":118,"column":15},"end":{"line":118,"column":53}},"40":{"start":{"line":120,"column":21},"end":{"line":120,"column":53}},"41":{"start":{"line":121,"column":2},"end":{"line":121,"column":91}},"42":{"start":{"line":125,"column":13},"end":{"line":132,"column":3}},"43":{"start":{"line":126,"column":17},"end":{"line":126,"column":53}},"44":{"start":{"line":127,"column":15},"end":{"line":127,"column":57}},"45":{"start":{"line":128,"column":20},"end":{"line":128,"column":42}},"46":{"start":{"line":130,"column":21},"end":{"line":130,"column":68}},"47":{"start":{"line":131,"column":2},"end":{"line":131,"column":91}}},"fnMap":{"0":{"name":"(anonymous_0)","decl":{"start":{"line":25,"column":48},"end":{"line":25,"column":53}},"loc":{"start":{"line":25,"column":67},"end":{"line":30,"column":1}}},"1":{"name":"(anonymous_1)","decl":{"start":{"line":33,"column":51},"end":{"line":33,"column":56}},"loc":{"start":{"line":33,"column":70},"end":{"line":45,"column":1}}},"2":{"name":"(anonymous_2)","decl":{"start":{"line":48,"column":56},"end":{"line":48,"column":61}},"loc":{"start":{"line":48,"column":75},"end":{"line":60,"column":1}}},"3":{"name":"(anonymous_3)","decl":{"start":{"line":63,"column":55},"end":{"line":63,"column":60}},"loc":{"start":{"line":63,"column":74},"end":{"line":75,"column":1}}},"4":{"name":"(anonymous_4)","decl":{"start":{"line":78,"column":52},"end":{"line":78,"column":57}},"loc":{"start":{"line":78,"column":71},"end":{"line":86,"column":1}}},"5":{"name":"(anonymous_5)","decl":{"start":{"line":89,"column":51},"end":{"line":89,"column":56}},"loc":{"start":{"line":89,"column":70},"end":{"line":98,"column":1}}},"6":{"name":"(anonymous_6)","decl":{"start":{"line":101,"column":45},"end":{"line":101,"column":50}},"loc":{"start":{"line":101,"column":64},"end":{"line":113,"column":1}}},"7":{"name":"(anonymous_7)","decl":{"start":{"line":116,"column":51},"end":{"line":116,"column":56}},"loc":{"start":{"line":116,"column":70},"end":{"line":122,"column":1}}},"8":{"name":"(anonymous_8)","decl":{"start":{"line":125,"column":55},"end":{"line":125,"column":60}},"loc":{"start":{"line":125,"column":74},"end":{"line":132,"column":1}}}},"branchMap":{"0":{"loc":{"start":{"line":95,"column":12},"end":{"line":95,"column":52}},"type":"binary-expr","locations":[{"start":{"line":95,"column":12},"end":{"line":95,"column":23}},{"start":{"line":95,"column":27},"end":{"line":95,"column":52}}]}},"s":{"0":1,"1":1,"2":1,"3":1,"4":1,"5":1,"6":1,"7":1,"8":1,"9":1,"10":1,"11":1,"12":1,"13":1,"14":1,"15":1,"16":1,"17":1,"18":1,"19":1,"20":1,"21":1,"22":1,"23":1,"24":1,"25":3,"26":2,"27":1,"28":1,"29":3,"30":2,"31":1,"32":1,"33":5,"34":4,"35":4,"36":1,"37":1,"38":5,"39":4,"40":3,"41":1,"42":1,"43":5,"44":4,"45":4,"46":4,"47":1},"f":{"0":1,"1":1,"2":1,"3":1,"4":3,"5":3,"6":5,"7":5,"8":5},"b":{"0":[2,2]}}
,"/Users/nguyenanh/Documents/LearningCode/NodeJS/MockProject/BE_LMS/src/controller/lesson.controller.ts": {"path":"/Users/nguyenanh/Documents/LearningCode/NodeJS/MockProject/BE_LMS/src/controller/lesson.controller.ts","statementMap":{"0":{"start":{"line":1,"column":0},"end":{"line":1,"column":52}},"1":{"start":{"line":2,"column":0},"end":{"line":2,"column":125}},"2":{"start":{"line":3,"column":0},"end":{"line":3,"column":39}},"3":{"start":{"line":4,"column":0},"end":{"line":4,"column":153}},"4":{"start":{"line":7,"column":13},"end":{"line":21,"column":3}},"5":{"start":{"line":8,"column":24},"end":{"line":8,"column":58}},"6":{"start":{"line":11,"column":19},"end":{"line":11,"column":41}},"7":{"start":{"line":12,"column":21},"end":{"line":12,"column":29}},"8":{"start":{"line":14,"column":19},"end":{"line":14,"column":66}},"9":{"start":{"line":16,"column":4},"end":{"line":20,"column":7}},"10":{"start":{"line":23,"column":13},"end":{"line":38,"column":3}},"11":{"start":{"line":24,"column":25},"end":{"line":24,"column":35}},"12":{"start":{"line":26,"column":28},"end":{"line":26,"column":68}},"13":{"start":{"line":29,"column":19},"end":{"line":29,"column":41}},"14":{"start":{"line":30,"column":21},"end":{"line":30,"column":29}},"15":{"start":{"line":32,"column":20},"end":{"line":32,"column":88}},"16":{"start":{"line":34,"column":4},"end":{"line":37,"column":7}},"17":{"start":{"line":40,"column":13},"end":{"line":55,"column":3}},"18":{"start":{"line":41,"column":19},"end":{"line":41,"column":29}},"19":{"start":{"line":43,"column":28},"end":{"line":43,"column":58}},"20":{"start":{"line":46,"column":19},"end":{"line":46,"column":41}},"21":{"start":{"line":47,"column":21},"end":{"line":47,"column":29}},"22":{"start":{"line":49,"column":19},"end":{"line":49,"column":76}},"23":{"start":{"line":51,"column":4},"end":{"line":54,"column":7}},"24":{"start":{"line":58,"column":13},"end":{"line":70,"column":3}},"25":{"start":{"line":59,"column":17},"end":{"line":59,"column":51}},"26":{"start":{"line":62,"column":19},"end":{"line":62,"column":41}},"27":{"start":{"line":63,"column":21},"end":{"line":63,"column":29}},"28":{"start":{"line":65,"column":19},"end":{"line":65,"column":68}},"29":{"start":{"line":66,"column":4},"end":{"line":69,"column":7}},"30":{"start":{"line":73,"column":13},"end":{"line":88,"column":3}},"31":{"start":{"line":74,"column":19},"end":{"line":74,"column":29}},"32":{"start":{"line":76,"column":28},"end":{"line":76,"column":58}},"33":{"start":{"line":79,"column":19},"end":{"line":79,"column":41}},"34":{"start":{"line":80,"column":21},"end":{"line":80,"column":29}},"35":{"start":{"line":82,"column":19},"end":{"line":82,"column":82}},"36":{"start":{"line":84,"column":4},"end":{"line":87,"column":7}},"37":{"start":{"line":91,"column":13},"end":{"line":105,"column":3}},"38":{"start":{"line":92,"column":19},"end":{"line":92,"column":29}},"39":{"start":{"line":93,"column":28},"end":{"line":93,"column":58}},"40":{"start":{"line":94,"column":17},"end":{"line":94,"column":61}},"41":{"start":{"line":97,"column":19},"end":{"line":97,"column":41}},"42":{"start":{"line":98,"column":21},"end":{"line":98,"column":29}},"43":{"start":{"line":100,"column":19},"end":{"line":100,"column":88}},"44":{"start":{"line":101,"column":4},"end":{"line":104,"column":7}}},"fnMap":{"0":{"name":"(anonymous_0)","decl":{"start":{"line":7,"column":42},"end":{"line":7,"column":47}},"loc":{"start":{"line":7,"column":61},"end":{"line":21,"column":1}}},"1":{"name":"(anonymous_1)","decl":{"start":{"line":23,"column":56},"end":{"line":23,"column":61}},"loc":{"start":{"line":23,"column":75},"end":{"line":38,"column":1}}},"2":{"name":"(anonymous_2)","decl":{"start":{"line":40,"column":51},"end":{"line":40,"column":56}},"loc":{"start":{"line":40,"column":70},"end":{"line":55,"column":1}}},"3":{"name":"(anonymous_3)","decl":{"start":{"line":58,"column":40},"end":{"line":58,"column":45}},"loc":{"start":{"line":58,"column":59},"end":{"line":70,"column":1}}},"4":{"name":"(anonymous_4)","decl":{"start":{"line":73,"column":40},"end":{"line":73,"column":45}},"loc":{"start":{"line":73,"column":59},"end":{"line":88,"column":1}}},"5":{"name":"(anonymous_5)","decl":{"start":{"line":91,"column":40},"end":{"line":91,"column":45}},"loc":{"start":{"line":91,"column":59},"end":{"line":105,"column":1}}}},"branchMap":{},"s":{"0":1,"1":1,"2":1,"3":1,"4":1,"5":5,"6":5,"7":5,"8":5,"9":2,"10":1,"11":2,"12":2,"13":1,"14":1,"15":1,"16":1,"17":1,"18":2,"19":2,"20":1,"21":1,"22":1,"23":1,"24":1,"25":3,"26":2,"27":2,"28":2,"29":1,"30":1,"31":3,"32":3,"33":2,"34":2,"35":2,"36":1,"37":1,"38":4,"39":4,"40":3,"41":3,"42":3,"43":3,"44":2},"f":{"0":5,"1":2,"2":2,"3":3,"4":3,"5":4},"b":{}}
,"/Users/nguyenanh/Documents/LearningCode/NodeJS/MockProject/BE_LMS/src/controller/lessonMaterial.controller.ts": {"path":"/Users/nguyenanh/Documents/LearningCode/NodeJS/MockProject/BE_LMS/src/controller/lessonMaterial.controller.ts","statementMap":{"0":{"start":{"line":1,"column":0},"end":{"line":1,"column":null}},"1":{"start":{"line":11,"column":0},"end":{"line":11,"column":51}},"2":{"start":{"line":12,"column":0},"end":{"line":12,"column":52}},"3":{"start":{"line":13,"column":0},"end":{"line":13,"column":null}},"4":{"start":{"line":22,"column":0},"end":{"line":22,"column":39}},"5":{"start":{"line":26,"column":13},"end":{"line":41,"column":3}},"6":{"start":{"line":27,"column":22},"end":{"line":27,"column":64}},"7":{"start":{"line":30,"column":17},"end":{"line":30,"column":39}},"8":{"start":{"line":31,"column":19},"end":{"line":31,"column":27}},"9":{"start":{"line":33,"column":17},"end":{"line":33,"column":72}},"10":{"start":{"line":35,"column":2},"end":{"line":40,"column":7}},"11":{"start":{"line":44,"column":13},"end":{"line":60,"column":3}},"12":{"start":{"line":45,"column":23},"end":{"line":45,"column":33}},"13":{"start":{"line":47,"column":26},"end":{"line":47,"column":75}},"14":{"start":{"line":50,"column":17},"end":{"line":50,"column":39}},"15":{"start":{"line":51,"column":19},"end":{"line":51,"column":27}},"16":{"start":{"line":53,"column":20},"end":{"line":53,"column":96}},"17":{"start":{"line":55,"column":2},"end":{"line":59,"column":7}},"18":{"start":{"line":63,"column":13},"end":{"line":79,"column":3}},"19":{"start":{"line":64,"column":17},"end":{"line":64,"column":27}},"20":{"start":{"line":66,"column":26},"end":{"line":66,"column":64}},"21":{"start":{"line":69,"column":17},"end":{"line":69,"column":39}},"22":{"start":{"line":70,"column":19},"end":{"line":70,"column":27}},"23":{"start":{"line":72,"column":19},"end":{"line":72,"column":84}},"24":{"start":{"line":74,"column":2},"end":{"line":78,"column":7}},"25":{"start":{"line":82,"column":13},"end":{"line":96,"column":3}},"26":{"start":{"line":83,"column":15},"end":{"line":83,"column":57}},"27":{"start":{"line":86,"column":17},"end":{"line":86,"column":39}},"28":{"start":{"line":87,"column":19},"end":{"line":87,"column":27}},"29":{"start":{"line":89,"column":19},"end":{"line":89,"column":69}},"30":{"start":{"line":91,"column":2},"end":{"line":95,"column":7}},"31":{"start":{"line":99,"column":13},"end":{"line":115,"column":3}},"32":{"start":{"line":100,"column":17},"end":{"line":100,"column":27}},"33":{"start":{"line":101,"column":26},"end":{"line":101,"column":64}},"34":{"start":{"line":102,"column":15},"end":{"line":102,"column":57}},"35":{"start":{"line":105,"column":17},"end":{"line":105,"column":39}},"36":{"start":{"line":106,"column":19},"end":{"line":106,"column":27}},"37":{"start":{"line":108,"column":17},"end":{"line":108,"column":87}},"38":{"start":{"line":110,"column":2},"end":{"line":114,"column":7}},"39":{"start":{"line":118,"column":13},"end":{"line":133,"column":3}},"40":{"start":{"line":119,"column":17},"end":{"line":119,"column":27}},"41":{"start":{"line":120,"column":26},"end":{"line":120,"column":64}},"42":{"start":{"line":123,"column":17},"end":{"line":123,"column":39}},"43":{"start":{"line":124,"column":19},"end":{"line":124,"column":27}},"44":{"start":{"line":126,"column":19},"end":{"line":126,"column":83}},"45":{"start":{"line":128,"column":2},"end":{"line":132,"column":7}},"46":{"start":{"line":136,"column":13},"end":{"line":178,"column":3}},"47":{"start":{"line":141,"column":2},"end":{"line":147,"column":3}},"48":{"start":{"line":143,"column":4},"end":{"line":143,"column":61}},"49":{"start":{"line":144,"column":9},"end":{"line":147,"column":3}},"50":{"start":{"line":146,"column":4},"end":{"line":146,"column":20}},"51":{"start":{"line":149,"column":2},"end":{"line":156,"column":3}},"52":{"start":{"line":150,"column":4},"end":{"line":155,"column":9}},"53":{"start":{"line":159,"column":19},"end":{"line":163,"column":4}},"54":{"start":{"line":166,"column":17},"end":{"line":166,"column":39}},"55":{"start":{"line":167,"column":19},"end":{"line":167,"column":27}},"56":{"start":{"line":169,"column":19},"end":{"line":169,"column":79}},"57":{"start":{"line":171,"column":2},"end":{"line":177,"column":7}},"58":{"start":{"line":181,"column":13},"end":{"line":241,"column":3}},"59":{"start":{"line":182,"column":17},"end":{"line":182,"column":27}},"60":{"start":{"line":183,"column":26},"end":{"line":183,"column":64}},"61":{"start":{"line":186,"column":17},"end":{"line":186,"column":39}},"62":{"start":{"line":187,"column":19},"end":{"line":187,"column":27}},"63":{"start":{"line":190,"column":19},"end":{"line":190,"column":84}},"64":{"start":{"line":192,"column":2},"end":{"line":199,"column":3}},"65":{"start":{"line":193,"column":4},"end":{"line":198,"column":9}},"66":{"start":{"line":202,"column":27},"end":{"line":202,"column":75}},"67":{"start":{"line":205,"column":2},"end":{"line":212,"column":3}},"68":{"start":{"line":206,"column":4},"end":{"line":211,"column":9}},"69":{"start":{"line":214,"column":20},"end":{"line":217,"column":null}},"70":{"start":{"line":221,"column":23},"end":{"line":234,"column":4}},"71":{"start":{"line":236,"column":2},"end":{"line":240,"column":7}}},"fnMap":{"0":{"name":"(anonymous_0)","decl":{"start":{"line":26,"column":60},"end":{"line":26,"column":65}},"loc":{"start":{"line":26,"column":79},"end":{"line":41,"column":1}}},"1":{"name":"(anonymous_1)","decl":{"start":{"line":44,"column":64},"end":{"line":44,"column":69}},"loc":{"start":{"line":44,"column":83},"end":{"line":60,"column":1}}},"2":{"name":"(anonymous_2)","decl":{"start":{"line":63,"column":59},"end":{"line":63,"column":64}},"loc":{"start":{"line":63,"column":78},"end":{"line":79,"column":1}}},"3":{"name":"(anonymous_3)","decl":{"start":{"line":82,"column":58},"end":{"line":82,"column":63}},"loc":{"start":{"line":82,"column":77},"end":{"line":96,"column":1}}},"4":{"name":"(anonymous_4)","decl":{"start":{"line":99,"column":58},"end":{"line":99,"column":63}},"loc":{"start":{"line":99,"column":77},"end":{"line":115,"column":1}}},"5":{"name":"(anonymous_5)","decl":{"start":{"line":118,"column":58},"end":{"line":118,"column":63}},"loc":{"start":{"line":118,"column":77},"end":{"line":133,"column":1}}},"6":{"name":"(anonymous_6)","decl":{"start":{"line":136,"column":58},"end":{"line":136,"column":63}},"loc":{"start":{"line":136,"column":82},"end":{"line":178,"column":1}}},"7":{"name":"(anonymous_7)","decl":{"start":{"line":181,"column":60},"end":{"line":181,"column":65}},"loc":{"start":{"line":181,"column":79},"end":{"line":241,"column":1}}}},"branchMap":{"0":{"loc":{"start":{"line":141,"column":2},"end":{"line":147,"column":3}},"type":"if","locations":[{"start":{"line":141,"column":2},"end":{"line":147,"column":3}},{"start":{"line":144,"column":9},"end":{"line":147,"column":3}}]},"1":{"loc":{"start":{"line":141,"column":6},"end":{"line":141,"column":67}},"type":"binary-expr","locations":[{"start":{"line":141,"column":6},"end":{"line":141,"column":15}},{"start":{"line":141,"column":19},"end":{"line":141,"column":43}},{"start":{"line":141,"column":47},"end":{"line":141,"column":67}}]},"2":{"loc":{"start":{"line":143,"column":11},"end":{"line":143,"column":60}},"type":"cond-expr","locations":[{"start":{"line":143,"column":36},"end":{"line":143,"column":48}},{"start":{"line":143,"column":51},"end":{"line":143,"column":60}}]},"3":{"loc":{"start":{"line":144,"column":9},"end":{"line":147,"column":3}},"type":"if","locations":[{"start":{"line":144,"column":9},"end":{"line":147,"column":3}},{"start":{},"end":{}}]},"4":{"loc":{"start":{"line":149,"column":2},"end":{"line":156,"column":3}},"type":"if","locations":[{"start":{"line":149,"column":2},"end":{"line":156,"column":3}},{"start":{},"end":{}}]},"5":{"loc":{"start":{"line":174,"column":15},"end":{"line":176,"column":47}},"type":"cond-expr","locations":[{"start":{"line":175,"column":10},"end":{"line":175,"column":60}},{"start":{"line":176,"column":10},"end":{"line":176,"column":47}}]},"6":{"loc":{"start":{"line":192,"column":2},"end":{"line":199,"column":3}},"type":"if","locations":[{"start":{"line":192,"column":2},"end":{"line":199,"column":3}},{"start":{},"end":{}}]},"7":{"loc":{"start":{"line":205,"column":2},"end":{"line":212,"column":3}},"type":"if","locations":[{"start":{"line":205,"column":2},"end":{"line":212,"column":3}},{"start":{},"end":{}}]},"8":{"loc":{"start":{"line":205,"column":6},"end":{"line":205,"column":83}},"type":"binary-expr","locations":[{"start":{"line":205,"column":6},"end":{"line":205,"column":27}},{"start":{"line":205,"column":31},"end":{"line":205,"column":83}}]},"9":{"loc":{"start":{"line":217,"column":4},"end":{"line":217,"column":39}},"type":"binary-expr","locations":[{"start":{"line":217,"column":4},"end":{"line":217,"column":33}},{"start":{"line":217,"column":37},"end":{"line":217,"column":39}}]}},"s":{"0":1,"1":1,"2":1,"3":1,"4":1,"5":1,"6":1,"7":1,"8":1,"9":1,"10":1,"11":1,"12":1,"13":1,"14":1,"15":1,"16":1,"17":1,"18":1,"19":1,"20":1,"21":1,"22":1,"23":1,"24":1,"25":1,"26":1,"27":1,"28":1,"29":1,"30":1,"31":1,"32":1,"33":1,"34":1,"35":1,"36":1,"37":1,"38":1,"39":1,"40":1,"41":1,"42":1,"43":1,"44":1,"45":1,"46":1,"47":1,"48":1,"49":0,"50":0,"51":1,"52":0,"53":1,"54":1,"55":1,"56":1,"57":1,"58":1,"59":1,"60":1,"61":1,"62":1,"63":1,"64":1,"65":0,"66":1,"67":1,"68":0,"69":1,"70":1,"71":1},"f":{"0":1,"1":1,"2":1,"3":1,"4":1,"5":1,"6":1,"7":1},"b":{"0":[1,0],"1":[1,1,1],"2":[1,0],"3":[0,0],"4":[0,1],"5":[0,1],"6":[0,1],"7":[0,1],"8":[1,1],"9":[1,0]}}
,"/Users/nguyenanh/Documents/LearningCode/NodeJS/MockProject/BE_LMS/src/controller/lessonProgress.controller.ts": {"path":"/Users/nguyenanh/Documents/LearningCode/NodeJS/MockProject/BE_LMS/src/controller/lessonProgress.controller.ts","statementMap":{"0":{"start":{"line":1,"column":0},"end":{"line":1,"column":52}},"1":{"start":{"line":2,"column":0},"end":{"line":2,"column":39}},"2":{"start":{"line":4,"column":0},"end":{"line":4,"column":123}},"3":{"start":{"line":5,"column":0},"end":{"line":5,"column":null}},"4":{"start":{"line":13,"column":13},"end":{"line":27,"column":3}},"5":{"start":{"line":14,"column":20},"end":{"line":17,"column":4}},"6":{"start":{"line":19,"column":22},"end":{"line":19,"column":44}},"7":{"start":{"line":20,"column":24},"end":{"line":20,"column":40}},"8":{"start":{"line":22,"column":17},"end":{"line":22,"column":109}},"9":{"start":{"line":23,"column":2},"end":{"line":26,"column":5}},"10":{"start":{"line":30,"column":13},"end":{"line":52,"column":3}},"11":{"start":{"line":31,"column":26},"end":{"line":31,"column":86}},"12":{"start":{"line":34,"column":2},"end":{"line":40,"column":3}},"13":{"start":{"line":35,"column":4},"end":{"line":39,"column":7}},"14":{"start":{"line":42,"column":24},"end":{"line":42,"column":66}},"15":{"start":{"line":44,"column":22},"end":{"line":44,"column":44}},"16":{"start":{"line":45,"column":24},"end":{"line":45,"column":40}},"17":{"start":{"line":47,"column":17},"end":{"line":47,"column":119}},"18":{"start":{"line":48,"column":2},"end":{"line":51,"column":5}},"19":{"start":{"line":55,"column":13},"end":{"line":66,"column":3}},"20":{"start":{"line":56,"column":26},"end":{"line":56,"column":86}},"21":{"start":{"line":58,"column":22},"end":{"line":58,"column":44}},"22":{"start":{"line":59,"column":24},"end":{"line":59,"column":40}},"23":{"start":{"line":61,"column":17},"end":{"line":61,"column":91}},"24":{"start":{"line":62,"column":2},"end":{"line":65,"column":5}},"25":{"start":{"line":69,"column":13},"end":{"line":83,"column":3}},"26":{"start":{"line":70,"column":20},"end":{"line":73,"column":4}},"27":{"start":{"line":75,"column":22},"end":{"line":75,"column":44}},"28":{"start":{"line":76,"column":24},"end":{"line":76,"column":40}},"29":{"start":{"line":78,"column":17},"end":{"line":78,"column":109}},"30":{"start":{"line":79,"column":2},"end":{"line":82,"column":5}}},"fnMap":{"0":{"name":"(anonymous_0)","decl":{"start":{"line":13,"column":55},"end":{"line":13,"column":60}},"loc":{"start":{"line":13,"column":74},"end":{"line":27,"column":1}}},"1":{"name":"(anonymous_1)","decl":{"start":{"line":30,"column":54},"end":{"line":30,"column":59}},"loc":{"start":{"line":30,"column":73},"end":{"line":52,"column":1}}},"2":{"name":"(anonymous_2)","decl":{"start":{"line":55,"column":52},"end":{"line":55,"column":57}},"loc":{"start":{"line":55,"column":71},"end":{"line":66,"column":1}}},"3":{"name":"(anonymous_3)","decl":{"start":{"line":69,"column":55},"end":{"line":69,"column":60}},"loc":{"start":{"line":69,"column":74},"end":{"line":83,"column":1}}}},"branchMap":{"0":{"loc":{"start":{"line":34,"column":2},"end":{"line":40,"column":3}},"type":"if","locations":[{"start":{"line":34,"column":2},"end":{"line":40,"column":3}},{"start":{},"end":{}}]},"1":{"loc":{"start":{"line":34,"column":6},"end":{"line":34,"column":52}},"type":"binary-expr","locations":[{"start":{"line":34,"column":6},"end":{"line":34,"column":15}},{"start":{"line":34,"column":19},"end":{"line":34,"column":52}}]}},"s":{"0":1,"1":1,"2":1,"3":1,"4":1,"5":1,"6":1,"7":1,"8":1,"9":1,"10":1,"11":1,"12":1,"13":0,"14":1,"15":1,"16":1,"17":1,"18":1,"19":1,"20":1,"21":1,"22":1,"23":1,"24":1,"25":1,"26":1,"27":1,"28":1,"29":1,"30":1},"f":{"0":1,"1":1,"2":1,"3":1},"b":{"0":[0,1],"1":[1,1]}}
,"/Users/nguyenanh/Documents/LearningCode/NodeJS/MockProject/BE_LMS/src/services/auth.service.ts": {"path":"/Users/nguyenanh/Documents/LearningCode/NodeJS/MockProject/BE_LMS/src/services/auth.service.ts","statementMap":{"0":{"start":{"line":2,"column":0},"end":{"line":2,"column":46}},"1":{"start":{"line":3,"column":0},"end":{"line":3,"column":null}},"2":{"start":{"line":11,"column":0},"end":{"line":11,"column":74}},"3":{"start":{"line":12,"column":0},"end":{"line":12,"column":43}},"4":{"start":{"line":13,"column":0},"end":{"line":13,"column":44}},"5":{"start":{"line":14,"column":0},"end":{"line":14,"column":null}},"6":{"start":{"line":21,"column":0},"end":{"line":21,"column":null}},"7":{"start":{"line":25,"column":0},"end":{"line":25,"column":null}},"8":{"start":{"line":31,"column":0},"end":{"line":31,"column":45}},"9":{"start":{"line":41,"column":29},"end":{"line":41,"column":41}},"10":{"start":{"line":43,"column":29},"end":{"line":83,"column":1}},"11":{"start":{"line":45,"column":23},"end":{"line":45,"column":68}},"12":{"start":{"line":47,"column":2},"end":{"line":47,"column":61}},"13":{"start":{"line":49,"column":25},"end":{"line":49,"column":76}},"14":{"start":{"line":50,"column":2},"end":{"line":50,"column":66}},"15":{"start":{"line":52,"column":15},"end":{"line":54,"column":18}},"16":{"start":{"line":57,"column":15},"end":{"line":62,"column":4}},"17":{"start":{"line":64,"column":27},"end":{"line":69,"column":4}},"18":{"start":{"line":72,"column":14},"end":{"line":72,"column":71}},"19":{"start":{"line":73,"column":20},"end":{"line":76,"column":4}},"20":{"start":{"line":78,"column":2},"end":{"line":78,"column":80}},"21":{"start":{"line":80,"column":2},"end":{"line":82,"column":4}},"22":{"start":{"line":43,"column":13},"end":{"line":43,"column":29}},"23":{"start":{"line":91,"column":25},"end":{"line":128,"column":1}},"24":{"start":{"line":97,"column":15},"end":{"line":97,"column":49}},"25":{"start":{"line":98,"column":2},"end":{"line":98,"column":61}},"26":{"start":{"line":100,"column":2},"end":{"line":100,"column":65}},"27":{"start":{"line":102,"column":29},"end":{"line":102,"column":65}},"28":{"start":{"line":103,"column":2},"end":{"line":103,"column":75}},"29":{"start":{"line":106,"column":18},"end":{"line":109,"column":4}},"30":{"start":{"line":111,"column":23},"end":{"line":113,"column":null}},"31":{"start":{"line":116,"column":22},"end":{"line":120,"column":4}},"32":{"start":{"line":121,"column":2},"end":{"line":125,"column":4}},"33":{"start":{"line":91,"column":13},"end":{"line":91,"column":25}},"34":{"start":{"line":130,"column":38},"end":{"line":168,"column":1}},"35":{"start":{"line":131,"column":22},"end":{"line":133,"column":4}},"36":{"start":{"line":135,"column":2},"end":{"line":135,"column":60}},"37":{"start":{"line":137,"column":18},"end":{"line":137,"column":64}},"38":{"start":{"line":138,"column":14},"end":{"line":138,"column":24}},"39":{"start":{"line":139,"column":2},"end":{"line":143,"column":4}},"40":{"start":{"line":146,"column":15},"end":{"line":146,"column":55}},"41":{"start":{"line":147,"column":2},"end":{"line":147,"column":47}},"42":{"start":{"line":150,"column":29},"end":{"line":150,"column":76}},"43":{"start":{"line":152,"column":2},"end":{"line":155,"column":3}},"44":{"start":{"line":153,"column":4},"end":{"line":153,"column":44}},"45":{"start":{"line":154,"column":4},"end":{"line":154,"column":25}},"46":{"start":{"line":157,"column":26},"end":{"line":159,"column":15}},"47":{"start":{"line":161,"column":22},"end":{"line":165,"column":4}},"48":{"start":{"line":167,"column":2},"end":{"line":167,"column":56}},"49":{"start":{"line":130,"column":13},"end":{"line":130,"column":38}},"50":{"start":{"line":170,"column":27},"end":{"line":194,"column":1}},"51":{"start":{"line":172,"column":20},"end":{"line":176,"column":4}},"52":{"start":{"line":177,"column":2},"end":{"line":177,"column":74}},"53":{"start":{"line":180,"column":22},"end":{"line":185,"column":null}},"54":{"start":{"line":187,"column":2},"end":{"line":187,"column":74}},"55":{"start":{"line":189,"column":2},"end":{"line":189,"column":30}},"56":{"start":{"line":191,"column":2},"end":{"line":193,"column":4}},"57":{"start":{"line":170,"column":13},"end":{"line":170,"column":27}},"58":{"start":{"line":196,"column":38},"end":{"line":234,"column":1}},"59":{"start":{"line":198,"column":15},"end":{"line":198,"column":49}},"60":{"start":{"line":199,"column":2},"end":{"line":199,"column":68}},"61":{"start":{"line":201,"column":21},"end":{"line":201,"column":37}},"62":{"start":{"line":202,"column":16},"end":{"line":206,"column":4}},"63":{"start":{"line":207,"column":2},"end":{"line":211,"column":4}},"64":{"start":{"line":213,"column":27},"end":{"line":218,"column":4}},"65":{"start":{"line":220,"column":14},"end":{"line":222,"column":48}},"66":{"start":{"line":223,"column":26},"end":{"line":226,"column":4}},"67":{"start":{"line":227,"column":2},"end":{"line":231,"column":4}},"68":{"start":{"line":233,"column":2},"end":{"line":233,"column":36}},"69":{"start":{"line":196,"column":13},"end":{"line":196,"column":38}},"70":{"start":{"line":240,"column":29},"end":{"line":268,"column":1}},"71":{"start":{"line":245,"column":20},"end":{"line":249,"column":4}},"72":{"start":{"line":250,"column":2},"end":{"line":250,"column":74}},"73":{"start":{"line":254,"column":22},"end":{"line":256,"column":4}},"74":{"start":{"line":257,"column":2},"end":{"line":257,"column":76}},"75":{"start":{"line":260,"column":2},"end":{"line":260,"column":30}},"76":{"start":{"line":263,"column":2},"end":{"line":263,"column":61}},"77":{"start":{"line":265,"column":2},"end":{"line":267,"column":4}},"78":{"start":{"line":240,"column":13},"end":{"line":240,"column":29}}},"fnMap":{"0":{"name":"(anonymous_1)","decl":{"start":{"line":43,"column":29},"end":{"line":43,"column":34}},"loc":{"start":{"line":43,"column":65},"end":{"line":83,"column":1}}},"1":{"name":"(anonymous_2)","decl":{"start":{"line":91,"column":25},"end":{"line":91,"column":30}},"loc":{"start":{"line":95,"column":18},"end":{"line":128,"column":1}}},"2":{"name":"(anonymous_3)","decl":{"start":{"line":130,"column":38},"end":{"line":130,"column":43}},"loc":{"start":{"line":130,"column":69},"end":{"line":168,"column":1}}},"3":{"name":"(anonymous_4)","decl":{"start":{"line":170,"column":27},"end":{"line":170,"column":32}},"loc":{"start":{"line":170,"column":50},"end":{"line":194,"column":1}}},"4":{"name":"(anonymous_5)","decl":{"start":{"line":196,"column":38},"end":{"line":196,"column":43}},"loc":{"start":{"line":196,"column":62},"end":{"line":234,"column":1}}},"5":{"name":"(anonymous_6)","decl":{"start":{"line":240,"column":29},"end":{"line":240,"column":34}},"loc":{"start":{"line":243,"column":26},"end":{"line":268,"column":1}}}},"branchMap":{"0":{"loc":{"start":{"line":52,"column":15},"end":{"line":54,"column":18}},"type":"cond-expr","locations":[{"start":{"line":53,"column":5},"end":{"line":53,"column":null}},{"start":{"line":54,"column":5},"end":{"line":54,"column":18}}]},"1":{"loc":{"start":{"line":140,"column":4},"end":{"line":140,"column":48}},"type":"binary-expr","locations":[{"start":{"line":140,"column":4},"end":{"line":140,"column":11}},{"start":{"line":140,"column":15},"end":{"line":140,"column":48}}]},"2":{"loc":{"start":{"line":152,"column":2},"end":{"line":155,"column":3}},"type":"if","locations":[{"start":{"line":152,"column":2},"end":{"line":155,"column":3}},{"start":{},"end":{}}]},"3":{"loc":{"start":{"line":157,"column":26},"end":{"line":159,"column":15}},"type":"cond-expr","locations":[{"start":{"line":158,"column":6},"end":{"line":158,"column":68}},{"start":{"line":159,"column":6},"end":{"line":159,"column":15}}]}},"s":{"0":1,"1":1,"2":1,"3":1,"4":1,"5":1,"6":1,"7":1,"8":1,"9":1,"10":1,"11":5,"12":5,"13":4,"14":4,"15":3,"16":3,"17":3,"18":3,"19":3,"20":3,"21":2,"22":1,"23":1,"24":4,"25":4,"26":3,"27":2,"28":2,"29":1,"30":1,"31":1,"32":1,"33":1,"34":1,"35":6,"36":6,"37":5,"38":5,"39":5,"40":3,"41":3,"42":2,"43":2,"44":2,"45":2,"46":2,"47":2,"48":2,"49":1,"50":1,"51":3,"52":3,"53":2,"54":2,"55":1,"56":1,"57":1,"58":1,"59":5,"60":5,"61":4,"62":4,"63":4,"64":3,"65":3,"66":3,"67":3,"68":1,"69":1,"70":1,"71":3,"72":3,"73":2,"74":2,"75":1,"76":1,"77":1,"78":1},"f":{"0":5,"1":4,"2":6,"3":3,"4":5,"5":3},"b":{"0":[1,2],"1":[5,4],"2":[2,0],"3":[2,0]}}
,"/Users/nguyenanh/Documents/LearningCode/NodeJS/MockProject/BE_LMS/src/services/enrollment.service.ts": {"path":"/Users/nguyenanh/Documents/LearningCode/NodeJS/MockProject/BE_LMS/src/services/enrollment.service.ts","statementMap":{"0":{"start":{"line":1,"column":0},"end":{"line":1,"column":83}},"1":{"start":{"line":2,"column":0},"end":{"line":2,"column":57}},"2":{"start":{"line":3,"column":0},"end":{"line":3,"column":49}},"3":{"start":{"line":4,"column":0},"end":{"line":4,"column":45}},"4":{"start":{"line":5,"column":0},"end":{"line":5,"column":43}},"5":{"start":{"line":6,"column":0},"end":{"line":6,"column":47}},"6":{"start":{"line":8,"column":0},"end":{"line":8,"column":93}},"7":{"start":{"line":11,"column":0},"end":{"line":11,"column":17}},"8":{"start":{"line":12,"column":0},"end":{"line":12,"column":15}},"9":{"start":{"line":24,"column":33},"end":{"line":31,"column":1}},"10":{"start":{"line":25,"column":21},"end":{"line":27,"column":51}},"11":{"start":{"line":29,"column":2},"end":{"line":29,"column":59}},"12":{"start":{"line":30,"column":2},"end":{"line":30,"column":20}},"13":{"start":{"line":24,"column":13},"end":{"line":24,"column":33}},"14":{"start":{"line":51,"column":37},"end":{"line":83,"column":1}},"15":{"start":{"line":57,"column":54},"end":{"line":57,"column":61}},"16":{"start":{"line":58,"column":15},"end":{"line":58,"column":33}},"17":{"start":{"line":60,"column":21},"end":{"line":60,"column":34}},"18":{"start":{"line":61,"column":2},"end":{"line":63,"column":3}},"19":{"start":{"line":62,"column":4},"end":{"line":62,"column":26}},"20":{"start":{"line":65,"column":31},"end":{"line":72,"column":4}},"21":{"start":{"line":74,"column":2},"end":{"line":82,"column":4}},"22":{"start":{"line":51,"column":13},"end":{"line":51,"column":37}},"23":{"start":{"line":104,"column":36},"end":{"line":140,"column":1}},"24":{"start":{"line":110,"column":53},"end":{"line":110,"column":60}},"25":{"start":{"line":111,"column":15},"end":{"line":111,"column":33}},"26":{"start":{"line":114,"column":17},"end":{"line":114,"column":53}},"27":{"start":{"line":115,"column":2},"end":{"line":115,"column":51}},"28":{"start":{"line":117,"column":21},"end":{"line":117,"column":33}},"29":{"start":{"line":118,"column":2},"end":{"line":120,"column":3}},"30":{"start":{"line":119,"column":4},"end":{"line":119,"column":26}},"31":{"start":{"line":122,"column":31},"end":{"line":129,"column":4}},"32":{"start":{"line":131,"column":2},"end":{"line":139,"column":4}},"33":{"start":{"line":104,"column":13},"end":{"line":104,"column":36}},"34":{"start":{"line":161,"column":33},"end":{"line":195,"column":1}},"35":{"start":{"line":168,"column":64},"end":{"line":168,"column":71}},"36":{"start":{"line":169,"column":15},"end":{"line":169,"column":33}},"37":{"start":{"line":171,"column":21},"end":{"line":171,"column":23}},"38":{"start":{"line":172,"column":2},"end":{"line":172,"column":36}},"39":{"start":{"line":172,"column":14},"end":{"line":172,"column":36}},"40":{"start":{"line":173,"column":2},"end":{"line":173,"column":42}},"41":{"start":{"line":173,"column":16},"end":{"line":173,"column":42}},"42":{"start":{"line":174,"column":2},"end":{"line":174,"column":45}},"43":{"start":{"line":174,"column":17},"end":{"line":174,"column":45}},"44":{"start":{"line":176,"column":31},"end":{"line":184,"column":4}},"45":{"start":{"line":186,"column":2},"end":{"line":194,"column":4}},"46":{"start":{"line":161,"column":13},"end":{"line":161,"column":33}},"47":{"start":{"line":228,"column":32},"end":{"line":400,"column":1}},"48":{"start":{"line":237,"column":113},"end":{"line":237,"column":117}},"49":{"start":{"line":240,"column":18},"end":{"line":240,"column":53}},"50":{"start":{"line":241,"column":2},"end":{"line":241,"column":53}},"51":{"start":{"line":244,"column":17},"end":{"line":244,"column":53}},"52":{"start":{"line":245,"column":2},"end":{"line":245,"column":51}},"53":{"start":{"line":247,"column":2},"end":{"line":251,"column":4}},"54":{"start":{"line":254,"column":2},"end":{"line":258,"column":3}},"55":{"start":{"line":255,"column":4},"end":{"line":255,"column":77}},"56":{"start":{"line":256,"column":28},"end":{"line":256,"column":83}},"57":{"start":{"line":257,"column":4},"end":{"line":257,"column":72}},"58":{"start":{"line":261,"column":24},"end":{"line":261,"column":125}},"59":{"start":{"line":263,"column":2},"end":{"line":267,"column":4}},"60":{"start":{"line":268,"column":17},"end":{"line":268,"column":30}},"61":{"start":{"line":271,"column":29},"end":{"line":274,"column":4}},"62":{"start":{"line":277,"column":2},"end":{"line":368,"column":3}},"63":{"start":{"line":287,"column":33},"end":{"line":290,"column":6}},"64":{"start":{"line":292,"column":4},"end":{"line":353,"column":5}},"65":{"start":{"line":295,"column":6},"end":{"line":326,"column":7}},"66":{"start":{"line":297,"column":33},"end":{"line":297,"column":35}},"67":{"start":{"line":298,"column":32},"end":{"line":298,"column":70}},"68":{"start":{"line":299,"column":8},"end":{"line":299,"column":84}},"69":{"start":{"line":301,"column":8},"end":{"line":308,"column":9}},"70":{"start":{"line":302,"column":35},"end":{"line":302,"column":94}},"71":{"start":{"line":303,"column":10},"end":{"line":307,"column":12}},"72":{"start":{"line":311,"column":28},"end":{"line":311,"column":29}},"73":{"start":{"line":312,"column":28},"end":{"line":312,"column":38}},"74":{"start":{"line":313,"column":8},"end":{"line":313,"column":58}},"75":{"start":{"line":315,"column":36},"end":{"line":319,"column":10}},"76":{"start":{"line":321,"column":8},"end":{"line":325,"column":10}},"77":{"start":{"line":329,"column":6},"end":{"line":333,"column":7}},"78":{"start":{"line":330,"column":8},"end":{"line":330,"column":81}},"79":{"start":{"line":331,"column":32},"end":{"line":331,"column":87}},"80":{"start":{"line":332,"column":8},"end":{"line":332,"column":76}},"81":{"start":{"line":335,"column":6},"end":{"line":335,"column":48}},"82":{"start":{"line":336,"column":6},"end":{"line":336,"column":44}},"83":{"start":{"line":337,"column":6},"end":{"line":337,"column":48}},"84":{"start":{"line":338,"column":6},"end":{"line":338,"column":37}},"85":{"start":{"line":339,"column":6},"end":{"line":339,"column":48}},"86":{"start":{"line":340,"column":6},"end":{"line":340,"column":77}},"87":{"start":{"line":341,"column":6},"end":{"line":341,"column":49}},"88":{"start":{"line":342,"column":6},"end":{"line":342,"column":49}},"89":{"start":{"line":343,"column":6},"end":{"line":343,"column":49}},"90":{"start":{"line":344,"column":6},"end":{"line":344,"column":47}},"91":{"start":{"line":345,"column":6},"end":{"line":345,"column":38}},"92":{"start":{"line":347,"column":6},"end":{"line":350,"column":9}},"93":{"start":{"line":352,"column":6},"end":{"line":352,"column":32}},"94":{"start":{"line":356,"column":23},"end":{"line":356,"column":56}},"95":{"start":{"line":357,"column":4},"end":{"line":365,"column":5}},"96":{"start":{"line":358,"column":6},"end":{"line":358,"column":122}},"97":{"start":{"line":359,"column":11},"end":{"line":365,"column":5}},"98":{"start":{"line":360,"column":6},"end":{"line":360,"column":122}},"99":{"start":{"line":361,"column":11},"end":{"line":365,"column":5}},"100":{"start":{"line":362,"column":6},"end":{"line":362,"column":60}},"101":{"start":{"line":363,"column":11},"end":{"line":365,"column":5}},"102":{"start":{"line":364,"column":6},"end":{"line":364,"column":64}},"103":{"start":{"line":367,"column":4},"end":{"line":367,"column":45}},"104":{"start":{"line":371,"column":2},"end":{"line":381,"column":3}},"105":{"start":{"line":372,"column":26},"end":{"line":375,"column":6}},"106":{"start":{"line":376,"column":4},"end":{"line":380,"column":6}},"107":{"start":{"line":384,"column":21},"end":{"line":391,"column":4}},"108":{"start":{"line":394,"column":2},"end":{"line":397,"column":5}},"109":{"start":{"line":399,"column":2},"end":{"line":399,"column":20}},"110":{"start":{"line":228,"column":13},"end":{"line":228,"column":32}},"111":{"start":{"line":426,"column":32},"end":{"line":491,"column":1}},"112":{"start":{"line":437,"column":21},"end":{"line":437,"column":86}},"113":{"start":{"line":438,"column":2},"end":{"line":438,"column":59}},"114":{"start":{"line":441,"column":17},"end":{"line":441,"column":43}},"115":{"start":{"line":442,"column":2},"end":{"line":442,"column":51}},"116":{"start":{"line":444,"column":2},"end":{"line":448,"column":4}},"117":{"start":{"line":450,"column":14},"end":{"line":450,"column":24}},"118":{"start":{"line":451,"column":2},"end":{"line":455,"column":4}},"119":{"start":{"line":458,"column":26},"end":{"line":458,"column":28}},"120":{"start":{"line":459,"column":2},"end":{"line":475,"column":3}},"121":{"start":{"line":460,"column":4},"end":{"line":460,"column":36}},"122":{"start":{"line":463,"column":4},"end":{"line":468,"column":5}},"123":{"start":{"line":464,"column":6},"end":{"line":464,"column":42}},"124":{"start":{"line":465,"column":6},"end":{"line":467,"column":7}},"125":{"start":{"line":466,"column":8},"end":{"line":466,"column":50}},"126":{"start":{"line":469,"column":4},"end":{"line":471,"column":5}},"127":{"start":{"line":470,"column":6},"end":{"line":470,"column":42}},"128":{"start":{"line":472,"column":4},"end":{"line":474,"column":5}},"129":{"start":{"line":473,"column":6},"end":{"line":473,"column":40}},"130":{"start":{"line":476,"column":2},"end":{"line":476,"column":59}},"131":{"start":{"line":476,"column":31},"end":{"line":476,"column":59}},"132":{"start":{"line":477,"column":2},"end":{"line":477,"column":77}},"133":{"start":{"line":477,"column":37},"end":{"line":477,"column":77}},"134":{"start":{"line":478,"column":2},"end":{"line":478,"column":59}},"135":{"start":{"line":478,"column":31},"end":{"line":478,"column":59}},"136":{"start":{"line":479,"column":2},"end":{"line":479,"column":80}},"137":{"start":{"line":479,"column":38},"end":{"line":479,"column":80}},"138":{"start":{"line":482,"column":28},"end":{"line":488,"column":51}},"139":{"start":{"line":490,"column":2},"end":{"line":490,"column":27}},"140":{"start":{"line":426,"column":13},"end":{"line":426,"column":32}},"141":{"start":{"line":519,"column":36},"end":{"line":577,"column":1}},"142":{"start":{"line":527,"column":21},"end":{"line":530,"column":25}},"143":{"start":{"line":531,"column":2},"end":{"line":531,"column":76}},"144":{"start":{"line":534,"column":17},"end":{"line":534,"column":43}},"145":{"start":{"line":535,"column":2},"end":{"line":535,"column":51}},"146":{"start":{"line":537,"column":2},"end":{"line":541,"column":4}},"147":{"start":{"line":543,"column":14},"end":{"line":543,"column":24}},"148":{"start":{"line":544,"column":2},"end":{"line":548,"column":4}},"149":{"start":{"line":551,"column":30},"end":{"line":551,"column":83}},"150":{"start":{"line":553,"column":2},"end":{"line":565,"column":4}},"151":{"start":{"line":568,"column":28},"end":{"line":574,"column":51}},"152":{"start":{"line":576,"column":2},"end":{"line":576,"column":27}},"153":{"start":{"line":519,"column":13},"end":{"line":519,"column":36}}},"fnMap":{"0":{"name":"(anonymous_1)","decl":{"start":{"line":24,"column":33},"end":{"line":24,"column":38}},"loc":{"start":{"line":24,"column":64},"end":{"line":31,"column":1}}},"1":{"name":"(anonymous_2)","decl":{"start":{"line":51,"column":37},"end":{"line":51,"column":42}},"loc":{"start":{"line":56,"column":5},"end":{"line":83,"column":1}}},"2":{"name":"(anonymous_3)","decl":{"start":{"line":104,"column":36},"end":{"line":104,"column":41}},"loc":{"start":{"line":109,"column":5},"end":{"line":140,"column":1}}},"3":{"name":"(anonymous_4)","decl":{"start":{"line":161,"column":33},"end":{"line":161,"column":38}},"loc":{"start":{"line":167,"column":5},"end":{"line":195,"column":1}}},"4":{"name":"(anonymous_5)","decl":{"start":{"line":228,"column":32},"end":{"line":228,"column":37}},"loc":{"start":{"line":236,"column":5},"end":{"line":400,"column":1}}},"5":{"name":"(anonymous_6)","decl":{"start":{"line":426,"column":32},"end":{"line":426,"column":37}},"loc":{"start":{"line":435,"column":4},"end":{"line":491,"column":1}}},"6":{"name":"(anonymous_7)","decl":{"start":{"line":519,"column":36},"end":{"line":519,"column":41}},"loc":{"start":{"line":525,"column":4},"end":{"line":577,"column":1}}}},"branchMap":{"0":{"loc":{"start":{"line":57,"column":29},"end":{"line":57,"column":37}},"type":"default-arg","locations":[{"start":{"line":57,"column":36},"end":{"line":57,"column":37}}]},"1":{"loc":{"start":{"line":57,"column":39},"end":{"line":57,"column":49}},"type":"default-arg","locations":[{"start":{"line":57,"column":47},"end":{"line":57,"column":49}}]},"2":{"loc":{"start":{"line":61,"column":2},"end":{"line":63,"column":3}},"type":"if","locations":[{"start":{"line":61,"column":2},"end":{"line":63,"column":3}},{"start":{},"end":{}}]},"3":{"loc":{"start":{"line":110,"column":28},"end":{"line":110,"column":36}},"type":"default-arg","locations":[{"start":{"line":110,"column":35},"end":{"line":110,"column":36}}]},"4":{"loc":{"start":{"line":110,"column":38},"end":{"line":110,"column":48}},"type":"default-arg","locations":[{"start":{"line":110,"column":46},"end":{"line":110,"column":48}}]},"5":{"loc":{"start":{"line":118,"column":2},"end":{"line":120,"column":3}},"type":"if","locations":[{"start":{"line":118,"column":2},"end":{"line":120,"column":3}},{"start":{},"end":{}}]},"6":{"loc":{"start":{"line":168,"column":39},"end":{"line":168,"column":47}},"type":"default-arg","locations":[{"start":{"line":168,"column":46},"end":{"line":168,"column":47}}]},"7":{"loc":{"start":{"line":168,"column":49},"end":{"line":168,"column":59}},"type":"default-arg","locations":[{"start":{"line":168,"column":57},"end":{"line":168,"column":59}}]},"8":{"loc":{"start":{"line":172,"column":2},"end":{"line":172,"column":36}},"type":"if","locations":[{"start":{"line":172,"column":2},"end":{"line":172,"column":36}},{"start":{},"end":{}}]},"9":{"loc":{"start":{"line":173,"column":2},"end":{"line":173,"column":42}},"type":"if","locations":[{"start":{"line":173,"column":2},"end":{"line":173,"column":42}},{"start":{},"end":{}}]},"10":{"loc":{"start":{"line":174,"column":2},"end":{"line":174,"column":45}},"type":"if","locations":[{"start":{"line":174,"column":2},"end":{"line":174,"column":45}},{"start":{},"end":{}}]},"11":{"loc":{"start":{"line":237,"column":31},"end":{"line":237,"column":60}},"type":"default-arg","locations":[{"start":{"line":237,"column":38},"end":{"line":237,"column":60}}]},"12":{"loc":{"start":{"line":237,"column":62},"end":{"line":237,"column":92}},"type":"default-arg","locations":[{"start":{"line":237,"column":71},"end":{"line":237,"column":92}}]},"13":{"loc":{"start":{"line":254,"column":2},"end":{"line":258,"column":3}},"type":"if","locations":[{"start":{"line":254,"column":2},"end":{"line":258,"column":3}},{"start":{},"end":{}}]},"14":{"loc":{"start":{"line":254,"column":6},"end":{"line":254,"column":67}},"type":"binary-expr","locations":[{"start":{"line":254,"column":6},"end":{"line":254,"column":31}},{"start":{"line":254,"column":35},"end":{"line":254,"column":67}}]},"15":{"loc":{"start":{"line":261,"column":24},"end":{"line":261,"column":125}},"type":"binary-expr","locations":[{"start":{"line":261,"column":24},"end":{"line":261,"column":35}},{"start":{"line":261,"column":40},"end":{"line":261,"column":124}}]},"16":{"loc":{"start":{"line":261,"column":40},"end":{"line":261,"column":124}},"type":"cond-expr","locations":[{"start":{"line":261,"column":72},"end":{"line":261,"column":96}},{"start":{"line":261,"column":99},"end":{"line":261,"column":124}}]},"17":{"loc":{"start":{"line":264,"column":4},"end":{"line":264,"column":93}},"type":"binary-expr","locations":[{"start":{"line":264,"column":4},"end":{"line":264,"column":46}},{"start":{"line":264,"column":50},"end":{"line":264,"column":93}}]},"18":{"loc":{"start":{"line":277,"column":2},"end":{"line":368,"column":3}},"type":"if","locations":[{"start":{"line":277,"column":2},"end":{"line":368,"column":3}},{"start":{},"end":{}}]},"19":{"loc":{"start":{"line":292,"column":4},"end":{"line":353,"column":5}},"type":"if","locations":[{"start":{"line":292,"column":4},"end":{"line":353,"column":5}},{"start":{},"end":{}}]},"20":{"loc":{"start":{"line":295,"column":6},"end":{"line":326,"column":7}},"type":"if","locations":[{"start":{"line":295,"column":6},"end":{"line":326,"column":7}},{"start":{},"end":{}}]},"21":{"loc":{"start":{"line":301,"column":8},"end":{"line":308,"column":9}},"type":"if","locations":[{"start":{"line":301,"column":8},"end":{"line":308,"column":9}},{"start":{},"end":{}}]},"22":{"loc":{"start":{"line":306,"column":53},"end":{"line":306,"column":84}},"type":"cond-expr","locations":[{"start":{"line":306,"column":76},"end":{"line":306,"column":79}},{"start":{"line":306,"column":82},"end":{"line":306,"column":84}}]},"23":{"loc":{"start":{"line":329,"column":6},"end":{"line":333,"column":7}},"type":"if","locations":[{"start":{"line":329,"column":6},"end":{"line":333,"column":7}},{"start":{},"end":{}}]},"24":{"loc":{"start":{"line":329,"column":10},"end":{"line":329,"column":71}},"type":"binary-expr","locations":[{"start":{"line":329,"column":10},"end":{"line":329,"column":35}},{"start":{"line":329,"column":39},"end":{"line":329,"column":71}}]},"25":{"loc":{"start":{"line":357,"column":4},"end":{"line":365,"column":5}},"type":"if","locations":[{"start":{"line":357,"column":4},"end":{"line":365,"column":5}},{"start":{"line":359,"column":11},"end":{"line":365,"column":5}}]},"26":{"loc":{"start":{"line":359,"column":11},"end":{"line":365,"column":5}},"type":"if","locations":[{"start":{"line":359,"column":11},"end":{"line":365,"column":5}},{"start":{"line":361,"column":11},"end":{"line":365,"column":5}}]},"27":{"loc":{"start":{"line":361,"column":11},"end":{"line":365,"column":5}},"type":"if","locations":[{"start":{"line":361,"column":11},"end":{"line":365,"column":5}},{"start":{"line":363,"column":11},"end":{"line":365,"column":5}}]},"28":{"loc":{"start":{"line":363,"column":11},"end":{"line":365,"column":5}},"type":"if","locations":[{"start":{"line":363,"column":11},"end":{"line":365,"column":5}},{"start":{},"end":{}}]},"29":{"loc":{"start":{"line":371,"column":2},"end":{"line":381,"column":3}},"type":"if","locations":[{"start":{"line":371,"column":2},"end":{"line":381,"column":3}},{"start":{},"end":{}}]},"30":{"loc":{"start":{"line":459,"column":2},"end":{"line":475,"column":3}},"type":"if","locations":[{"start":{"line":459,"column":2},"end":{"line":475,"column":3}},{"start":{},"end":{}}]},"31":{"loc":{"start":{"line":463,"column":4},"end":{"line":468,"column":5}},"type":"if","locations":[{"start":{"line":463,"column":4},"end":{"line":468,"column":5}},{"start":{},"end":{}}]},"32":{"loc":{"start":{"line":463,"column":8},"end":{"line":463,"column":94}},"type":"binary-expr","locations":[{"start":{"line":463,"column":8},"end":{"line":463,"column":49}},{"start":{"line":463,"column":53},"end":{"line":463,"column":94}}]},"33":{"loc":{"start":{"line":465,"column":6},"end":{"line":467,"column":7}},"type":"if","locations":[{"start":{"line":465,"column":6},"end":{"line":467,"column":7}},{"start":{},"end":{}}]},"34":{"loc":{"start":{"line":469,"column":4},"end":{"line":471,"column":5}},"type":"if","locations":[{"start":{"line":469,"column":4},"end":{"line":471,"column":5}},{"start":{},"end":{}}]},"35":{"loc":{"start":{"line":472,"column":4},"end":{"line":474,"column":5}},"type":"if","locations":[{"start":{"line":472,"column":4},"end":{"line":474,"column":5}},{"start":{},"end":{}}]},"36":{"loc":{"start":{"line":476,"column":2},"end":{"line":476,"column":59}},"type":"if","locations":[{"start":{"line":476,"column":2},"end":{"line":476,"column":59}},{"start":{},"end":{}}]},"37":{"loc":{"start":{"line":477,"column":2},"end":{"line":477,"column":77}},"type":"if","locations":[{"start":{"line":477,"column":2},"end":{"line":477,"column":77}},{"start":{},"end":{}}]},"38":{"loc":{"start":{"line":478,"column":2},"end":{"line":478,"column":59}},"type":"if","locations":[{"start":{"line":478,"column":2},"end":{"line":478,"column":59}},{"start":{},"end":{}}]},"39":{"loc":{"start":{"line":479,"column":2},"end":{"line":479,"column":80}},"type":"if","locations":[{"start":{"line":479,"column":2},"end":{"line":479,"column":80}},{"start":{},"end":{}}]},"40":{"loc":{"start":{"line":556,"column":4},"end":{"line":564,"column":39}},"type":"cond-expr","locations":[{"start":{"line":557,"column":8},"end":{"line":557,"column":42}},{"start":{"line":558,"column":8},"end":{"line":564,"column":39}}]},"41":{"loc":{"start":{"line":558,"column":8},"end":{"line":564,"column":39}},"type":"cond-expr","locations":[{"start":{"line":559,"column":8},"end":{"line":559,"column":92}},{"start":{"line":560,"column":8},"end":{"line":564,"column":39}}]},"42":{"loc":{"start":{"line":560,"column":8},"end":{"line":564,"column":39}},"type":"cond-expr","locations":[{"start":{"line":561,"column":8},"end":{"line":561,"column":45}},{"start":{"line":562,"column":8},"end":{"line":564,"column":39}}]},"43":{"loc":{"start":{"line":562,"column":8},"end":{"line":564,"column":39}},"type":"cond-expr","locations":[{"start":{"line":563,"column":8},"end":{"line":563,"column":46}},{"start":{"line":564,"column":8},"end":{"line":564,"column":39}}]}},"s":{"0":2,"1":2,"2":2,"3":2,"4":2,"5":2,"6":2,"7":2,"8":2,"9":2,"10":2,"11":2,"12":1,"13":2,"14":2,"15":1,"16":1,"17":1,"18":1,"19":1,"20":1,"21":1,"22":2,"23":2,"24":2,"25":2,"26":2,"27":2,"28":1,"29":1,"30":0,"31":1,"32":1,"33":2,"34":2,"35":4,"36":4,"37":4,"38":4,"39":1,"40":4,"41":0,"42":4,"43":0,"44":4,"45":4,"46":2,"47":2,"48":7,"49":7,"50":7,"51":6,"52":6,"53":6,"54":5,"55":1,"56":1,"57":1,"58":4,"59":4,"60":4,"61":4,"62":4,"63":1,"64":1,"65":0,"66":0,"67":0,"68":0,"69":0,"70":0,"71":0,"72":0,"73":0,"74":0,"75":0,"76":0,"77":0,"78":0,"79":0,"80":0,"81":0,"82":0,"83":0,"84":0,"85":0,"86":0,"87":0,"88":0,"89":0,"90":0,"91":0,"92":0,"93":0,"94":1,"95":1,"96":0,"97":1,"98":0,"99":1,"100":0,"101":1,"102":1,"103":1,"104":3,"105":1,"106":1,"107":2,"108":2,"109":2,"110":2,"111":2,"112":4,"113":4,"114":3,"115":3,"116":3,"117":2,"118":2,"119":1,"120":1,"121":1,"122":1,"123":0,"124":0,"125":0,"126":1,"127":1,"128":1,"129":0,"130":1,"131":0,"132":1,"133":1,"134":1,"135":0,"136":1,"137":0,"138":1,"139":1,"140":2,"141":2,"142":5,"143":5,"144":4,"145":4,"146":4,"147":3,"148":3,"149":2,"150":2,"151":1,"152":1,"153":2},"f":{"0":2,"1":1,"2":2,"3":4,"4":7,"5":4,"6":5},"b":{"0":[0],"1":[0],"2":[1,0],"3":[2],"4":[2],"5":[0,1],"6":[0],"7":[0],"8":[1,3],"9":[0,4],"10":[0,4],"11":[7],"12":[6],"13":[1,4],"14":[5,1],"15":[4,4],"16":[1,3],"17":[4,3],"18":[1,3],"19":[0,1],"20":[0,0],"21":[0,0],"22":[0,0],"23":[0,0],"24":[0,0],"25":[0,1],"26":[0,1],"27":[0,1],"28":[1,0],"29":[1,2],"30":[1,0],"31":[0,1],"32":[1,1],"33":[0,0],"34":[1,0],"35":[0,1],"36":[0,1],"37":[1,0],"38":[0,1],"39":[0,1],"40":[1,1],"41":[0,1],"42":[0,1],"43":[0,1]}}
,"/Users/nguyenanh/Documents/LearningCode/NodeJS/MockProject/BE_LMS/src/services/lesson.service.ts": {"path":"/Users/nguyenanh/Documents/LearningCode/NodeJS/MockProject/BE_LMS/src/services/lesson.service.ts","statementMap":{"0":{"start":{"line":1,"column":0},"end":{"line":1,"column":32}},"1":{"start":{"line":2,"column":0},"end":{"line":2,"column":49}},"2":{"start":{"line":3,"column":0},"end":{"line":3,"column":49}},"3":{"start":{"line":4,"column":0},"end":{"line":4,"column":57}},"4":{"start":{"line":5,"column":0},"end":{"line":5,"column":43}},"5":{"start":{"line":6,"column":0},"end":{"line":6,"column":null}},"6":{"start":{"line":32,"column":35},"end":{"line":53,"column":1}},"7":{"start":{"line":34,"column":25},"end":{"line":34,"column":97}},"8":{"start":{"line":35,"column":2},"end":{"line":35,"column":64}},"9":{"start":{"line":38,"column":17},"end":{"line":38,"column":58}},"10":{"start":{"line":39,"column":2},"end":{"line":39,"column":51}},"11":{"start":{"line":43,"column":2},"end":{"line":46,"column":3}},"12":{"start":{"line":44,"column":26},"end":{"line":44,"column":97}},"13":{"start":{"line":45,"column":4},"end":{"line":45,"column":95}},"14":{"start":{"line":48,"column":20},"end":{"line":48,"column":50}},"15":{"start":{"line":50,"column":2},"end":{"line":52,"column":12}},"16":{"start":{"line":32,"column":13},"end":{"line":32,"column":35}},"17":{"start":{"line":60,"column":35},"end":{"line":75,"column":1}},"18":{"start":{"line":61,"column":17},"end":{"line":61,"column":47}},"19":{"start":{"line":62,"column":2},"end":{"line":62,"column":51}},"20":{"start":{"line":65,"column":17},"end":{"line":65,"column":60}},"21":{"start":{"line":66,"column":2},"end":{"line":66,"column":51}},"22":{"start":{"line":69,"column":24},"end":{"line":69,"column":95}},"23":{"start":{"line":70,"column":20},"end":{"line":70,"column":59}},"24":{"start":{"line":71,"column":2},"end":{"line":71,"column":74}},"25":{"start":{"line":73,"column":24},"end":{"line":73,"column":63}},"26":{"start":{"line":74,"column":2},"end":{"line":74,"column":23}},"27":{"start":{"line":60,"column":13},"end":{"line":60,"column":35}},"28":{"start":{"line":82,"column":35},"end":{"line":101,"column":1}},"29":{"start":{"line":83,"column":17},"end":{"line":83,"column":47}},"30":{"start":{"line":84,"column":2},"end":{"line":84,"column":51}},"31":{"start":{"line":87,"column":17},"end":{"line":87,"column":60}},"32":{"start":{"line":88,"column":2},"end":{"line":88,"column":51}},"33":{"start":{"line":91,"column":24},"end":{"line":91,"column":95}},"34":{"start":{"line":92,"column":20},"end":{"line":92,"column":59}},"35":{"start":{"line":93,"column":2},"end":{"line":93,"column":74}},"36":{"start":{"line":96,"column":24},"end":{"line":98,"column":11}},"37":{"start":{"line":100,"column":2},"end":{"line":100,"column":23}},"38":{"start":{"line":82,"column":13},"end":{"line":82,"column":35}},"39":{"start":{"line":110,"column":26},"end":{"line":264,"column":1}},"40":{"start":{"line":113,"column":22},"end":{"line":113,"column":24}},"41":{"start":{"line":116,"column":2},"end":{"line":118,"column":3}},"42":{"start":{"line":117,"column":4},"end":{"line":117,"column":58}},"43":{"start":{"line":120,"column":2},"end":{"line":122,"column":3}},"44":{"start":{"line":121,"column":4},"end":{"line":121,"column":62}},"45":{"start":{"line":124,"column":2},"end":{"line":126,"column":3}},"46":{"start":{"line":125,"column":4},"end":{"line":125,"column":31}},"47":{"start":{"line":128,"column":2},"end":{"line":130,"column":3}},"48":{"start":{"line":129,"column":4},"end":{"line":129,"column":51}},"49":{"start":{"line":132,"column":2},"end":{"line":134,"column":3}},"50":{"start":{"line":133,"column":4},"end":{"line":133,"column":43}},"51":{"start":{"line":136,"column":2},"end":{"line":138,"column":3}},"52":{"start":{"line":137,"column":4},"end":{"line":137,"column":37}},"53":{"start":{"line":141,"column":2},"end":{"line":143,"column":3}},"54":{"start":{"line":142,"column":4},"end":{"line":142,"column":45}},"55":{"start":{"line":146,"column":2},"end":{"line":172,"column":3}},"56":{"start":{"line":149,"column":28},"end":{"line":152,"column":25}},"57":{"start":{"line":154,"column":30},"end":{"line":154,"column":84}},"58":{"start":{"line":154,"column":64},"end":{"line":154,"column":83}},"59":{"start":{"line":156,"column":4},"end":{"line":159,"column":6}},"60":{"start":{"line":160,"column":9},"end":{"line":172,"column":3}},"61":{"start":{"line":162,"column":27},"end":{"line":164,"column":20}},"62":{"start":{"line":166,"column":29},"end":{"line":166,"column":69}},"63":{"start":{"line":166,"column":58},"end":{"line":166,"column":68}},"64":{"start":{"line":168,"column":4},"end":{"line":171,"column":6}},"65":{"start":{"line":176,"column":2},"end":{"line":176,"column":42}},"66":{"start":{"line":177,"column":2},"end":{"line":177,"column":37}},"67":{"start":{"line":178,"column":2},"end":{"line":178,"column":33}},"68":{"start":{"line":179,"column":2},"end":{"line":179,"column":58}},"69":{"start":{"line":180,"column":2},"end":{"line":180,"column":56}},"70":{"start":{"line":183,"column":15},"end":{"line":183,"column":25}},"71":{"start":{"line":184,"column":16},"end":{"line":184,"column":27}},"72":{"start":{"line":187,"column":16},"end":{"line":187,"column":56}},"73":{"start":{"line":188,"column":21},"end":{"line":188,"column":45}},"74":{"start":{"line":191,"column":15},"end":{"line":191,"column":33}},"75":{"start":{"line":193,"column":18},"end":{"line":198,"column":11}},"76":{"start":{"line":200,"column":2},"end":{"line":200,"column":45}},"77":{"start":{"line":201,"column":2},"end":{"line":201,"column":48}},"78":{"start":{"line":205,"column":28},"end":{"line":247,"column":5}},"79":{"start":{"line":206,"column":20},"end":{"line":206,"column":25}},"80":{"start":{"line":207,"column":23},"end":{"line":207,"column":25}},"81":{"start":{"line":209,"column":4},"end":{"line":240,"column":5}},"82":{"start":{"line":210,"column":6},"end":{"line":210,"column":23}},"83":{"start":{"line":211,"column":6},"end":{"line":211,"column":29}},"84":{"start":{"line":212,"column":11},"end":{"line":240,"column":5}},"85":{"start":{"line":214,"column":28},"end":{"line":214,"column":108}},"86":{"start":{"line":215,"column":6},"end":{"line":221,"column":7}},"87":{"start":{"line":216,"column":8},"end":{"line":216,"column":25}},"88":{"start":{"line":217,"column":8},"end":{"line":217,"column":36}},"89":{"start":{"line":218,"column":13},"end":{"line":221,"column":7}},"90":{"start":{"line":219,"column":8},"end":{"line":219,"column":25}},"91":{"start":{"line":220,"column":8},"end":{"line":220,"column":35}},"92":{"start":{"line":222,"column":11},"end":{"line":240,"column":5}},"93":{"start":{"line":224,"column":25},"end":{"line":228,"column":8}},"94":{"start":{"line":230,"column":6},"end":{"line":239,"column":7}},"95":{"start":{"line":231,"column":8},"end":{"line":231,"column":25}},"96":{"start":{"line":232,"column":8},"end":{"line":232,"column":34}},"97":{"start":{"line":233,"column":13},"end":{"line":239,"column":7}},"98":{"start":{"line":234,"column":8},"end":{"line":234,"column":25}},"99":{"start":{"line":235,"column":8},"end":{"line":235,"column":35}},"100":{"start":{"line":237,"column":8},"end":{"line":237,"column":26}},"101":{"start":{"line":238,"column":8},"end":{"line":238,"column":38}},"102":{"start":{"line":242,"column":4},"end":{"line":246,"column":6}},"103":{"start":{"line":250,"column":18},"end":{"line":250,"column":35}},"104":{"start":{"line":251,"column":18},"end":{"line":251,"column":48}},"105":{"start":{"line":253,"column":2},"end":{"line":263,"column":4}},"106":{"start":{"line":110,"column":13},"end":{"line":110,"column":26}},"107":{"start":{"line":272,"column":34},"end":{"line":356,"column":1}},"108":{"start":{"line":274,"column":2},"end":{"line":276,"column":3}},"109":{"start":{"line":275,"column":4},"end":{"line":275,"column":60}},"110":{"start":{"line":279,"column":17},"end":{"line":279,"column":53}},"111":{"start":{"line":280,"column":2},"end":{"line":280,"column":51}},"112":{"start":{"line":283,"column":2},"end":{"line":352,"column":3}},"113":{"start":{"line":293,"column":20},"end":{"line":299,"column":11}},"114":{"start":{"line":301,"column":4},"end":{"line":305,"column":8}},"115":{"start":{"line":301,"column":34},"end":{"line":305,"column":6}},"116":{"start":{"line":307,"column":9},"end":{"line":352,"column":3}},"117":{"start":{"line":309,"column":26},"end":{"line":309,"column":97}},"118":{"start":{"line":311,"column":4},"end":{"line":338,"column":5}},"119":{"start":{"line":313,"column":22},"end":{"line":316,"column":15}},"120":{"start":{"line":318,"column":6},"end":{"line":322,"column":10}},"121":{"start":{"line":318,"column":36},"end":{"line":322,"column":8}},"122":{"start":{"line":325,"column":22},"end":{"line":331,"column":13}},"123":{"start":{"line":333,"column":6},"end":{"line":337,"column":10}},"124":{"start":{"line":333,"column":36},"end":{"line":337,"column":8}},"125":{"start":{"line":340,"column":9},"end":{"line":352,"column":3}},"126":{"start":{"line":342,"column":20},"end":{"line":345,"column":13}},"127":{"start":{"line":347,"column":4},"end":{"line":351,"column":8}},"128":{"start":{"line":347,"column":34},"end":{"line":351,"column":6}},"129":{"start":{"line":355,"column":2},"end":{"line":355,"column":12}},"130":{"start":{"line":272,"column":13},"end":{"line":272,"column":34}},"131":{"start":{"line":362,"column":29},"end":{"line":423,"column":1}},"132":{"start":{"line":363,"column":2},"end":{"line":365,"column":3}},"133":{"start":{"line":364,"column":4},"end":{"line":364,"column":60}},"134":{"start":{"line":367,"column":17},"end":{"line":369,"column":11}},"135":{"start":{"line":371,"column":2},"end":{"line":371,"column":51}},"136":{"start":{"line":374,"column":18},"end":{"line":374,"column":23}},"137":{"start":{"line":375,"column":21},"end":{"line":375,"column":23}},"138":{"start":{"line":377,"column":2},"end":{"line":405,"column":3}},"139":{"start":{"line":378,"column":4},"end":{"line":378,"column":21}},"140":{"start":{"line":379,"column":4},"end":{"line":379,"column":27}},"141":{"start":{"line":380,"column":9},"end":{"line":405,"column":3}},"142":{"start":{"line":382,"column":26},"end":{"line":382,"column":106}},"143":{"start":{"line":383,"column":4},"end":{"line":389,"column":5}},"144":{"start":{"line":384,"column":6},"end":{"line":384,"column":23}},"145":{"start":{"line":385,"column":6},"end":{"line":385,"column":34}},"146":{"start":{"line":386,"column":11},"end":{"line":389,"column":5}},"147":{"start":{"line":387,"column":6},"end":{"line":387,"column":23}},"148":{"start":{"line":388,"column":6},"end":{"line":388,"column":33}},"149":{"start":{"line":390,"column":9},"end":{"line":405,"column":3}},"150":{"start":{"line":392,"column":23},"end":{"line":396,"column":6}},"151":{"start":{"line":398,"column":4},"end":{"line":404,"column":5}},"152":{"start":{"line":399,"column":6},"end":{"line":399,"column":23}},"153":{"start":{"line":400,"column":6},"end":{"line":400,"column":32}},"154":{"start":{"line":401,"column":11},"end":{"line":404,"column":5}},"155":{"start":{"line":402,"column":6},"end":{"line":402,"column":23}},"156":{"start":{"line":403,"column":6},"end":{"line":403,"column":33}},"157":{"start":{"line":408,"column":2},"end":{"line":416,"column":3}},"158":{"start":{"line":409,"column":4},"end":{"line":415,"column":6}},"159":{"start":{"line":418,"column":2},"end":{"line":422,"column":4}},"160":{"start":{"line":362,"column":13},"end":{"line":362,"column":29}}},"fnMap":{"0":{"name":"(anonymous_1)","decl":{"start":{"line":32,"column":35},"end":{"line":32,"column":40}},"loc":{"start":{"line":32,"column":103},"end":{"line":53,"column":1}}},"1":{"name":"(anonymous_2)","decl":{"start":{"line":60,"column":35},"end":{"line":60,"column":40}},"loc":{"start":{"line":60,"column":88},"end":{"line":75,"column":1}}},"2":{"name":"(anonymous_3)","decl":{"start":{"line":82,"column":35},"end":{"line":82,"column":40}},"loc":{"start":{"line":82,"column":123},"end":{"line":101,"column":1}}},"3":{"name":"(anonymous_4)","decl":{"start":{"line":110,"column":26},"end":{"line":110,"column":31}},"loc":{"start":{"line":110,"column":81},"end":{"line":264,"column":1}}},"4":{"name":"(anonymous_5)","decl":{"start":{"line":154,"column":50},"end":{"line":154,"column":60}},"loc":{"start":{"line":154,"column":64},"end":{"line":154,"column":83}}},"5":{"name":"(anonymous_6)","decl":{"start":{"line":166,"column":48},"end":{"line":166,"column":54}},"loc":{"start":{"line":166,"column":58},"end":{"line":166,"column":68}}},"6":{"name":"(anonymous_7)","decl":{"start":{"line":205,"column":58},"end":{"line":205,"column":63}},"loc":{"start":{"line":205,"column":75},"end":{"line":247,"column":3}}},"7":{"name":"(anonymous_8)","decl":{"start":{"line":272,"column":34},"end":{"line":272,"column":39}},"loc":{"start":{"line":272,"column":95},"end":{"line":356,"column":1}}},"8":{"name":"(anonymous_9)","decl":{"start":{"line":301,"column":23},"end":{"line":301,"column":29}},"loc":{"start":{"line":301,"column":34},"end":{"line":305,"column":6}}},"9":{"name":"(anonymous_10)","decl":{"start":{"line":318,"column":25},"end":{"line":318,"column":31}},"loc":{"start":{"line":318,"column":36},"end":{"line":322,"column":8}}},"10":{"name":"(anonymous_11)","decl":{"start":{"line":333,"column":25},"end":{"line":333,"column":31}},"loc":{"start":{"line":333,"column":36},"end":{"line":337,"column":8}}},"11":{"name":"(anonymous_12)","decl":{"start":{"line":347,"column":23},"end":{"line":347,"column":29}},"loc":{"start":{"line":347,"column":34},"end":{"line":351,"column":6}}},"12":{"name":"(anonymous_13)","decl":{"start":{"line":362,"column":29},"end":{"line":362,"column":34}},"loc":{"start":{"line":362,"column":84},"end":{"line":423,"column":1}}}},"branchMap":{"0":{"loc":{"start":{"line":43,"column":2},"end":{"line":46,"column":3}},"type":"if","locations":[{"start":{"line":43,"column":2},"end":{"line":46,"column":3}},{"start":{},"end":{}}]},"1":{"loc":{"start":{"line":70,"column":20},"end":{"line":70,"column":59}},"type":"binary-expr","locations":[{"start":{"line":70,"column":20},"end":{"line":70,"column":43}},{"start":{"line":70,"column":47},"end":{"line":70,"column":59}}]},"2":{"loc":{"start":{"line":92,"column":20},"end":{"line":92,"column":59}},"type":"binary-expr","locations":[{"start":{"line":92,"column":20},"end":{"line":92,"column":43}},{"start":{"line":92,"column":47},"end":{"line":92,"column":59}}]},"3":{"loc":{"start":{"line":116,"column":2},"end":{"line":118,"column":3}},"type":"if","locations":[{"start":{"line":116,"column":2},"end":{"line":118,"column":3}},{"start":{},"end":{}}]},"4":{"loc":{"start":{"line":120,"column":2},"end":{"line":122,"column":3}},"type":"if","locations":[{"start":{"line":120,"column":2},"end":{"line":122,"column":3}},{"start":{},"end":{}}]},"5":{"loc":{"start":{"line":124,"column":2},"end":{"line":126,"column":3}},"type":"if","locations":[{"start":{"line":124,"column":2},"end":{"line":126,"column":3}},{"start":{},"end":{}}]},"6":{"loc":{"start":{"line":128,"column":2},"end":{"line":130,"column":3}},"type":"if","locations":[{"start":{"line":128,"column":2},"end":{"line":130,"column":3}},{"start":{},"end":{}}]},"7":{"loc":{"start":{"line":132,"column":2},"end":{"line":134,"column":3}},"type":"if","locations":[{"start":{"line":132,"column":2},"end":{"line":134,"column":3}},{"start":{},"end":{}}]},"8":{"loc":{"start":{"line":136,"column":2},"end":{"line":138,"column":3}},"type":"if","locations":[{"start":{"line":136,"column":2},"end":{"line":138,"column":3}},{"start":{},"end":{}}]},"9":{"loc":{"start":{"line":141,"column":2},"end":{"line":143,"column":3}},"type":"if","locations":[{"start":{"line":141,"column":2},"end":{"line":143,"column":3}},{"start":{},"end":{}}]},"10":{"loc":{"start":{"line":146,"column":2},"end":{"line":172,"column":3}},"type":"if","locations":[{"start":{"line":146,"column":2},"end":{"line":172,"column":3}},{"start":{"line":160,"column":9},"end":{"line":172,"column":3}}]},"11":{"loc":{"start":{"line":160,"column":9},"end":{"line":172,"column":3}},"type":"if","locations":[{"start":{"line":160,"column":9},"end":{"line":172,"column":3}},{"start":{},"end":{}}]},"12":{"loc":{"start":{"line":195,"column":10},"end":{"line":195,"column":88}},"type":"cond-expr","locations":[{"start":{"line":195,"column":25},"end":{"line":195,"column":58}},{"start":{"line":195,"column":61},"end":{"line":195,"column":88}}]},"13":{"loc":{"start":{"line":209,"column":4},"end":{"line":240,"column":5}},"type":"if","locations":[{"start":{"line":209,"column":4},"end":{"line":240,"column":5}},{"start":{"line":212,"column":11},"end":{"line":240,"column":5}}]},"14":{"loc":{"start":{"line":212,"column":11},"end":{"line":240,"column":5}},"type":"if","locations":[{"start":{"line":212,"column":11},"end":{"line":240,"column":5}},{"start":{"line":222,"column":11},"end":{"line":240,"column":5}}]},"15":{"loc":{"start":{"line":215,"column":6},"end":{"line":221,"column":7}},"type":"if","locations":[{"start":{"line":215,"column":6},"end":{"line":221,"column":7}},{"start":{"line":218,"column":13},"end":{"line":221,"column":7}}]},"16":{"loc":{"start":{"line":218,"column":13},"end":{"line":221,"column":7}},"type":"if","locations":[{"start":{"line":218,"column":13},"end":{"line":221,"column":7}},{"start":{},"end":{}}]},"17":{"loc":{"start":{"line":222,"column":11},"end":{"line":240,"column":5}},"type":"if","locations":[{"start":{"line":222,"column":11},"end":{"line":240,"column":5}},{"start":{},"end":{}}]},"18":{"loc":{"start":{"line":230,"column":6},"end":{"line":239,"column":7}},"type":"if","locations":[{"start":{"line":230,"column":6},"end":{"line":239,"column":7}},{"start":{"line":233,"column":13},"end":{"line":239,"column":7}}]},"19":{"loc":{"start":{"line":233,"column":13},"end":{"line":239,"column":7}},"type":"if","locations":[{"start":{"line":233,"column":13},"end":{"line":239,"column":7}},{"start":{"line":236,"column":13},"end":{"line":239,"column":7}}]},"20":{"loc":{"start":{"line":251,"column":18},"end":{"line":251,"column":48}},"type":"binary-expr","locations":[{"start":{"line":251,"column":18},"end":{"line":251,"column":26}},{"start":{"line":251,"column":30},"end":{"line":251,"column":48}}]},"21":{"loc":{"start":{"line":274,"column":2},"end":{"line":276,"column":3}},"type":"if","locations":[{"start":{"line":274,"column":2},"end":{"line":276,"column":3}},{"start":{},"end":{}}]},"22":{"loc":{"start":{"line":283,"column":2},"end":{"line":352,"column":3}},"type":"if","locations":[{"start":{"line":283,"column":2},"end":{"line":352,"column":3}},{"start":{"line":307,"column":9},"end":{"line":352,"column":3}}]},"23":{"loc":{"start":{"line":307,"column":9},"end":{"line":352,"column":3}},"type":"if","locations":[{"start":{"line":307,"column":9},"end":{"line":352,"column":3}},{"start":{"line":340,"column":9},"end":{"line":352,"column":3}}]},"24":{"loc":{"start":{"line":311,"column":4},"end":{"line":338,"column":5}},"type":"if","locations":[{"start":{"line":311,"column":4},"end":{"line":338,"column":5}},{"start":{"line":323,"column":11},"end":{"line":338,"column":5}}]},"25":{"loc":{"start":{"line":340,"column":9},"end":{"line":352,"column":3}},"type":"if","locations":[{"start":{"line":340,"column":9},"end":{"line":352,"column":3}},{"start":{},"end":{}}]},"26":{"loc":{"start":{"line":363,"column":2},"end":{"line":365,"column":3}},"type":"if","locations":[{"start":{"line":363,"column":2},"end":{"line":365,"column":3}},{"start":{},"end":{}}]},"27":{"loc":{"start":{"line":377,"column":2},"end":{"line":405,"column":3}},"type":"if","locations":[{"start":{"line":377,"column":2},"end":{"line":405,"column":3}},{"start":{"line":380,"column":9},"end":{"line":405,"column":3}}]},"28":{"loc":{"start":{"line":380,"column":9},"end":{"line":405,"column":3}},"type":"if","locations":[
[...]
:658,"column":16}},{"start":{"line":659,"column":6},"end":{"line":659,"column":65}}]},"90":{"loc":{"start":{"line":665,"column":2},"end":{"line":743,"column":3}},"type":"if","locations":[{"start":{"line":665,"column":2},"end":{"line":743,"column":3}},{"start":{"line":716,"column":9},"end":{"line":743,"column":3}}]},"91":{"loc":{"start":{"line":667,"column":4},"end":{"line":669,"column":5}},"type":"if","locations":[{"start":{"line":667,"column":4},"end":{"line":669,"column":5}},{"start":{},"end":{}}]},"92":{"loc":{"start":{"line":683,"column":30},"end":{"line":683,"column":96}},"type":"binary-expr","locations":[{"start":{"line":683,"column":30},"end":{"line":683,"column":40}},{"start":{"line":683,"column":44},"end":{"line":683,"column":69}},{"start":{"line":683,"column":73},"end":{"line":683,"column":96}}]},"93":{"loc":{"start":{"line":686,"column":8},"end":{"line":694,"column":9}},"type":"if","locations":[{"start":{"line":686,"column":8},"end":{"line":694,"column":9}},{"start":{},"end":{}}]},"94":{"loc":{"start":{"line":686,"column":12},"end":{"line":686,"column":37}},"type":"binary-expr","locations":[{"start":{"line":686,"column":12},"end":{"line":686,"column":22}},{"start":{"line":686,"column":26},"end":{"line":686,"column":37}}]},"95":{"loc":{"start":{"line":691,"column":10},"end":{"line":693,"column":11}},"type":"if","locations":[{"start":{"line":691,"column":10},"end":{"line":693,"column":11}},{"start":{},"end":{}}]},"96":{"loc":{"start":{"line":752,"column":2},"end":{"line":754,"column":3}},"type":"if","locations":[{"start":{"line":752,"column":2},"end":{"line":754,"column":3}},{"start":{},"end":{}}]}},"s":{"0":1,"1":1,"2":1,"3":1,"4":1,"5":1,"6":1,"7":1,"8":1,"9":1,"10":1,"11":2,"12":2,"13":0,"14":2,"15":0,"16":0,"17":0,"18":0,"19":0,"20":0,"21":2,"22":0,"23":2,"24":0,"25":2,"26":0,"27":2,"28":2,"29":0,"30":0,"31":2,"32":2,"33":1,"34":1,"35":1,"36":1,"37":1,"38":1,"39":1,"40":1,"41":0,"42":0,"43":0,"44":0,"45":0,"46":0,"47":0,"48":2,"49":0,"50":0,"51":0,"52":0,"53":0,"54":0,"55":0,"56":0,"57":0,"58":0,"59":0,"60":2,"61":2,"62":2,"63":2,"64":2,"65":2,"66":2,"67":2,"68":1,"69":1,"70":1,"71":0,"72":0,"73":0,"74":0,"75":0,"76":0,"77":1,"78":1,"79":1,"80":1,"81":1,"82":1,"83":2,"84":2,"85":0,"86":2,"87":2,"88":1,"89":1,"90":2,"91":0,"92":2,"93":2,"94":2,"95":1,"96":1,"97":0,"98":0,"99":0,"100":0,"101":0,"102":0,"103":0,"104":1,"105":0,"106":0,"107":0,"108":0,"109":0,"110":0,"111":0,"112":0,"113":0,"114":0,"115":0,"116":0,"117":0,"118":0,"119":0,"120":0,"121":1,"122":1,"123":1,"124":1,"125":1,"126":1,"127":1,"128":1,"129":0,"130":1,"131":1,"132":1,"133":0,"134":1,"135":1,"136":1,"137":1,"138":1,"139":0,"140":0,"141":1,"142":1,"143":1,"144":1,"145":1,"146":1,"147":1,"148":0,"149":0,"150":0,"151":0,"152":0,"153":0,"154":1,"155":0,"156":1,"157":1,"158":1,"159":1,"160":1,"161":1,"162":1,"163":1,"164":1,"165":0,"166":1,"167":0,"168":0,"169":1,"170":1,"171":1,"172":1,"173":1,"174":1,"175":0,"176":1,"177":0,"178":1,"179":0,"180":1,"181":1,"182":1,"183":1,"184":1,"185":0,"186":1,"187":1,"188":1,"189":0,"190":1,"191":0,"192":0,"193":0,"194":0,"195":1,"196":1,"197":1,"198":1,"199":1,"200":1,"201":1,"202":0,"203":1,"204":0,"205":1,"206":0,"207":1,"208":0,"209":1,"210":0,"211":1,"212":1,"213":1,"214":1,"215":1,"216":0,"217":1,"218":1,"219":1,"220":0,"221":1,"222":0,"223":0,"224":0,"225":0,"226":1,"227":1,"228":1,"229":1,"230":2,"231":2,"232":2,"233":0,"234":2,"235":0,"236":0,"237":2,"238":0,"239":2,"240":2,"241":2,"242":2,"243":2,"244":1,"245":0,"246":1,"247":2,"248":1,"249":2,"250":2,"251":1,"252":1,"253":0,"254":2,"255":1,"256":2,"257":1,"258":1,"259":1,"260":1,"261":1,"262":1,"263":1,"264":1,"265":1,"266":0,"267":1,"268":1,"269":1,"270":1},"f":{"0":2,"1":1,"2":1,"3":0,"4":0,"5":2,"6":2,"7":0,"8":0,"9":0,"10":1,"11":1,"12":1,"13":1,"14":1,"15":2,"16":2,"17":2,"18":2,"19":1},"b":{"0":[0,2],"1":[0,2],"2":[0,0],"3":[0,0],"4":[0,0],"5":[0,2],"6":[0,2],"7":[0,2],"8":[0,2],"9":[1,1],"10":[0,1],"11":[0,2],"12":[2,2],"13":[0,0],"14":[0,0],"15":[0,0],"16":[0,0],"17":[0,0],"18":[0,0],"19":[1,1],"20":[0,1],"21":[0,0],"22":[0,0],"23":[0,0],"24":[0,0],"25":[0,0],"26":[1,0],"27":[1,0],"28":[0,2],"29":[2,2,2],"30":[0,0],"31":[0,2],"32":[1,1],"33":[0,0],"34":[0,0],"35":[0,1],"36":[0,0],"37":[0,0],"38":[0,0],"39":[0,0],"40":[0,0],"41":[1,0],"42":[1,0],"43":[1,1],"44":[0,1],"45":[0,1],"46":[1,0],"47":[1,1],"48":[1,1],"49":[1,0],"50":[1,0],"51":[1,0],"52":[0,0],"53":[0,0],"54":[0,1],"55":[1,0],"56":[1,1],"57":[1,1],"58":[0,1],"59":[0,1],"60":[1,1],"61":[0,1],"62":[0,1],"63":[0,1],"64":[0,1],"65":[0,1],"66":[0,1],"67":[0,0],"68":[0,0],"69":[0,0],"70":[1,0],"71":[1,1],"72":[1,0],"73":[0,1],"74":[0,1],"75":[0,1],"76":[0,1],"77":[0,1],"78":[0,1],"79":[0,1],"80":[0,1],"81":[0,0],"82":[0,0],"83":[0,0],"84":[0,2],"85":[0,2],"86":[0,2],"87":[2,0],"88":[2,0],"89":[2,0],"90":[1,1],"91":[0,1],"92":[2,0,0],"93":[1,1],"94":[2,2],"95":[0,1],"96":[0,1]}}
,"/Users/nguyenanh/Documents/LearningCode/NodeJS/MockProject/BE_LMS/src/services/lessonProgress.service.ts": {"path":"/Users/nguyenanh/Documents/LearningCode/NodeJS/MockProject/BE_LMS/src/services/lessonProgress.service.ts","statementMap":{"0":{"start":{"line":1,"column":0},"end":{"line":1,"column":32}},"1":{"start":{"line":2,"column":0},"end":{"line":2,"column":49}},"2":{"start":{"line":3,"column":0},"end":{"line":3,"column":49}},"3":{"start":{"line":4,"column":0},"end":{"line":4,"column":65}},"4":{"start":{"line":5,"column":0},"end":{"line":5,"column":57}},"5":{"start":{"line":6,"column":0},"end":{"line":6,"column":43}},"6":{"start":{"line":7,"column":0},"end":{"line":7,"column":70}},"7":{"start":{"line":9,"column":0},"end":{"line":9,"column":60}},"8":{"start":{"line":12,"column":2},"end":{"line":12,"column":103}},"9":{"start":{"line":12,"column":94},"end":{"line":12,"column":103}},"10":{"start":{"line":13,"column":23},"end":{"line":13,"column":43}},"11":{"start":{"line":14,"column":18},"end":{"line":14,"column":69}},"12":{"start":{"line":15,"column":2},"end":{"line":15,"column":45}},"13":{"start":{"line":25,"column":33},"end":{"line":60,"column":1}},"14":{"start":{"line":31,"column":2},"end":{"line":31,"column":87}},"15":{"start":{"line":33,"column":17},"end":{"line":33,"column":107}},"16":{"start":{"line":34,"column":2},"end":{"line":34,"column":51}},"17":{"start":{"line":37,"column":26},"end":{"line":37,"column":50}},"18":{"start":{"line":40,"column":2},"end":{"line":46,"column":3}},"19":{"start":{"line":41,"column":4},"end":{"line":41,"column":98}},"20":{"start":{"line":42,"column":9},"end":{"line":46,"column":3}},"21":{"start":{"line":43,"column":19},"end":{"line":43,"column":41}},"22":{"start":{"line":44,"column":25},"end":{"line":44,"column":105}},"23":{"start":{"line":44,"column":82},"end":{"line":44,"column":104}},"24":{"start":{"line":45,"column":4},"end":{"line":45,"column":90}},"25":{"start":{"line":48,"column":19},"end":{"line":51,"column":11}},"26":{"start":{"line":53,"column":2},"end":{"line":55,"column":3}},"27":{"start":{"line":54,"column":4},"end":{"line":54,"column":54}},"28":{"start":{"line":57,"column":26},"end":{"line":57,"column":111}},"29":{"start":{"line":59,"column":2},"end":{"line":59,"column":42}},"30":{"start":{"line":25,"column":13},"end":{"line":25,"column":33}},"31":{"start":{"line":69,"column":32},"end":{"line":111,"column":1}},"32":{"start":{"line":75,"column":2},"end":{"line":75,"column":87}},"33":{"start":{"line":76,"column":2},"end":{"line":76,"column":120}},"34":{"start":{"line":78,"column":17},"end":{"line":78,"column":95}},"35":{"start":{"line":79,"column":2},"end":{"line":79,"column":51}},"36":{"start":{"line":82,"column":2},"end":{"line":84,"column":3}},"37":{"start":{"line":83,"column":4},"end":{"line":83,"column":72}},"38":{"start":{"line":87,"column":2},"end":{"line":94,"column":3}},"39":{"start":{"line":88,"column":21},"end":{"line":92,"column":6}},"40":{"start":{"line":93,"column":4},"end":{"line":93,"column":66}},"41":{"start":{"line":96,"column":14},"end":{"line":96,"column":24}},"42":{"start":{"line":97,"column":19},"end":{"line":100,"column":null}},"43":{"start":{"line":103,"column":26},"end":{"line":103,"column":111}},"44":{"start":{"line":104,"column":2},"end":{"line":108,"column":3}},"45":{"start":{"line":105,"column":4},"end":{"line":105,"column":32}},"46":{"start":{"line":106,"column":5},"end":{"line":106,"column":40}},"47":{"start":{"line":107,"column":4},"end":{"line":107,"column":26}},"48":{"start":{"line":110,"column":2},"end":{"line":110,"column":55}},"49":{"start":{"line":69,"column":13},"end":{"line":69,"column":32}},"50":{"start":{"line":118,"column":30},"end":{"line":150,"column":1}},"51":{"start":{"line":123,"column":2},"end":{"line":123,"column":87}},"52":{"start":{"line":125,"column":17},"end":{"line":125,"column":95}},"53":{"start":{"line":126,"column":2},"end":{"line":126,"column":51}},"54":{"start":{"line":128,"column":2},"end":{"line":130,"column":3}},"55":{"start":{"line":129,"column":4},"end":{"line":129,"column":71}},"56":{"start":{"line":132,"column":2},"end":{"line":139,"column":3}},"57":{"start":{"line":133,"column":21},"end":{"line":137,"column":6}},"58":{"start":{"line":138,"column":4},"end":{"line":138,"column":66}},"59":{"start":{"line":141,"column":14},"end":{"line":141,"column":24}},"60":{"start":{"line":142,"column":18},"end":{"line":146,"column":10}},"61":{"start":{"line":148,"column":26},"end":{"line":148,"column":110}},"62":{"start":{"line":149,"column":2},"end":{"line":149,"column":41}},"63":{"start":{"line":118,"column":13},"end":{"line":118,"column":30}},"64":{"start":{"line":159,"column":33},"end":{"line":213,"column":1}},"65":{"start":{"line":165,"column":2},"end":{"line":165,"column":87}},"66":{"start":{"line":167,"column":17},"end":{"line":167,"column":60}},"67":{"start":{"line":168,"column":2},"end":{"line":168,"column":51}},"68":{"start":{"line":170,"column":26},"end":{"line":170,"column":50}},"69":{"start":{"line":172,"column":2},"end":{"line":177,"column":3}},"70":{"start":{"line":173,"column":4},"end":{"line":173,"column":105}},"71":{"start":{"line":174,"column":9},"end":{"line":177,"column":3}},"72":{"start":{"line":175,"column":26},"end":{"line":175,"column":114}},"73":{"start":{"line":175,"column":91},"end":{"line":175,"column":113}},"74":{"start":{"line":176,"column":4},"end":{"line":176,"column":86}},"75":{"start":{"line":179,"column":18},"end":{"line":179,"column":108}},"76":{"start":{"line":180,"column":20},"end":{"line":180,"column":43}},"77":{"start":{"line":180,"column":37},"end":{"line":180,"column":42}},"78":{"start":{"line":182,"column":21},"end":{"line":182,"column":130}},"79":{"start":{"line":183,"column":22},"end":{"line":183,"column":78}},"80":{"start":{"line":183,"column":50},"end":{"line":183,"column":76}},"81":{"start":{"line":185,"column":16},"end":{"line":196,"column":4}},"82":{"start":{"line":186,"column":14},"end":{"line":186,"column":47}},"83":{"start":{"line":187,"column":20},"end":{"line":187,"column":93}},"84":{"start":{"line":188,"column":4},"end":{"line":195,"column":6}},"85":{"start":{"line":198,"column":23},"end":{"line":198,"column":42}},"86":{"start":{"line":199,"column":25},"end":{"line":199,"column":64}},"87":{"start":{"line":199,"column":43},"end":{"line":199,"column":56}},"88":{"start":{"line":200,"column":25},"end":{"line":200,"column":74}},"89":{"start":{"line":202,"column":21},"end":{"line":202,"column":52}},"90":{"start":{"line":202,"column":37},"end":{"line":202,"column":51}},"91":{"start":{"line":204,"column":2},"end":{"line":212,"column":4}},"92":{"start":{"line":159,"column":13},"end":{"line":159,"column":33}}},"fnMap":{"0":{"name":"calcProgressPercent","decl":{"start":{"line":11,"column":9},"end":{"line":11,"column":28}},"loc":{"start":{"line":11,"column":94},"end":{"line":16,"column":1}}},"1":{"name":"(anonymous_2)","decl":{"start":{"line":25,"column":33},"end":{"line":25,"column":38}},"loc":{"start":{"line":30,"column":4},"end":{"line":60,"column":1}}},"2":{"name":"(anonymous_3)","decl":{"start":{"line":44,"column":49},"end":{"line":44,"column":50}},"loc":{"start":{"line":44,"column":82},"end":{"line":44,"column":104}}},"3":{"name":"(anonymous_4)","decl":{"start":{"line":69,"column":32},"end":{"line":69,"column":37}},"loc":{"start":{"line":74,"column":4},"end":{"line":111,"column":1}}},"4":{"name":"(anonymous_5)","decl":{"start":{"line":118,"column":30},"end":{"line":118,"column":35}},"loc":{"start":{"line":122,"column":4},"end":{"line":150,"column":1}}},"5":{"name":"(anonymous_6)","decl":{"start":{"line":159,"column":33},"end":{"line":159,"column":38}},"loc":{"start":{"line":164,"column":4},"end":{"line":213,"column":1}}},"6":{"name":"(anonymous_7)","decl":{"start":{"line":175,"column":58},"end":{"line":175,"column":59}},"loc":{"start":{"line":175,"column":91},"end":{"line":175,"column":113}}},"7":{"name":"(anonymous_8)","decl":{"start":{"line":180,"column":32},"end":{"line":180,"column":33}},"loc":{"start":{"line":180,"column":37},"end":{"line":180,"column":42}}},"8":{"name":"(anonymous_9)","decl":{"start":{"line":183,"column":45},"end":{"line":183,"column":46}},"loc":{"start":{"line":183,"column":50},"end":{"line":183,"column":76}}},"9":{"name":"(anonymous_10)","decl":{"start":{"line":185,"column":28},"end":{"line":185,"column":29}},"loc":{"start":{"line":185,"column":32},"end":{"line":196,"column":3}}},"10":{"name":"(anonymous_11)","decl":{"start":{"line":199,"column":38},"end":{"line":199,"column":39}},"loc":{"start":{"line":199,"column":43},"end":{"line":199,"column":56}}},"11":{"name":"(anonymous_12)","decl":{"start":{"line":202,"column":32},"end":{"line":202,"column":33}},"loc":{"start":{"line":202,"column":37},"end":{"line":202,"column":51}}}},"branchMap":{"0":{"loc":{"start":{"line":12,"column":2},"end":{"line":12,"column":103}},"type":"if","locations":[{"start":{"line":12,"column":2},"end":{"line":12,"column":103}},{"start":{},"end":{}}]},"1":{"loc":{"start":{"line":12,"column":6},"end":{"line":12,"column":92}},"type":"binary-expr","locations":[{"start":{"line":12,"column":6},"end":{"line":12,"column":22}},{"start":{"line":12,"column":26},"end":{"line":12,"column":46}},{"start":{"line":12,"column":50},"end":{"line":12,"column":67}},{"start":{"line":12,"column":71},"end":{"line":12,"column":92}}]},"2":{"loc":{"start":{"line":37,"column":26},"end":{"line":37,"column":50}},"type":"binary-expr","locations":[{"start":{"line":37,"column":26},"end":{"line":37,"column":35}},{"start":{"line":37,"column":39},"end":{"line":37,"column":50}}]},"3":{"loc":{"start":{"line":40,"column":2},"end":{"line":46,"column":3}},"type":"if","locations":[{"start":{"line":40,"column":2},"end":{"line":46,"column":3}},{"start":{"line":42,"column":9},"end":{"line":46,"column":3}}]},"4":{"loc":{"start":{"line":42,"column":9},"end":{"line":46,"column":3}},"type":"if","locations":[{"start":{"line":42,"column":9},"end":{"line":46,"column":3}},{"start":{},"end":{}}]},"5":{"loc":{"start":{"line":53,"column":2},"end":{"line":55,"column":3}},"type":"if","locations":[{"start":{"line":53,"column":2},"end":{"line":55,"column":3}},{"start":{},"end":{}}]},"6":{"loc":{"start":{"line":57,"column":79},"end":{"line":57,"column":110}},"type":"binary-expr","locations":[{"start":{"line":57,"column":79},"end":{"line":57,"column":105}},{"start":{"line":57,"column":109},"end":{"line":57,"column":110}}]},"7":{"loc":{"start":{"line":76,"column":12},"end":{"line":76,"column":79}},"type":"binary-expr","locations":[{"start":{"line":76,"column":12},"end":{"line":76,"column":39}},{"start":{"line":76,"column":43},"end":{"line":76,"column":58}},{"start":{"line":76,"column":62},"end":{"line":76,"column":79}}]},"8":{"loc":{"start":{"line":82,"column":2},"end":{"line":84,"column":3}},"type":"if","locations":[{"start":{"line":82,"column":2},"end":{"line":84,"column":3}},{"start":{},"end":{}}]},"9":{"loc":{"start":{"line":87,"column":2},"end":{"line":94,"column":3}},"type":"if","locations":[{"start":{"line":87,"column":2},"end":{"line":94,"column":3}},{"start":{},"end":{}}]},"10":{"loc":{"start":{"line":103,"column":79},"end":{"line":103,"column":110}},"type":"binary-expr","locations":[{"start":{"line":103,"column":79},"end":{"line":103,"column":105}},{"start":{"line":103,"column":109},"end":{"line":103,"column":110}}]},"11":{"loc":{"start":{"line":104,"column":2},"end":{"line":108,"column":3}},"type":"if","locations":[{"start":{"line":104,"column":2},"end":{"line":108,"column":3}},{"start":{},"end":{}}]},"12":{"loc":{"start":{"line":104,"column":6},"end":{"line":104,"column":65}},"type":"binary-expr","locations":[{"start":{"line":104,"column":6},"end":{"line":104,"column":14}},{"start":{"line":104,"column":18},"end":{"line":104,"column":39}},{"start":{"line":104,"column":43},"end":{"line":104,"column":65}}]},"13":{"loc":{"start":{"line":128,"column":2},"end":{"line":130,"column":3}},"type":"if","locations":[{"start":{"line":128,"column":2},"end":{"line":130,"column":3}},{"start":{},"end":{}}]},"14":{"loc":{"start":{"line":132,"column":2},"end":{"line":139,"column":3}},"type":"if","locations":[{"start":{"line":132,"column":2},"end":{"line":139,"column":3}},{"start":{},"end":{}}]},"15":{"loc":{"start":{"line":148,"column":79},"end":{"line":148,"column":109}},"type":"binary-expr","locations":[{"start":{"line":148,"column":79},"end":{"line":148,"column":104}},{"start":{"line":148,"column":108},"end":{"line":148,"column":109}}]},"16":{"loc":{"start":{"line":170,"column":26},"end":{"line":170,"column":50}},"type":"binary-expr","locations":[{"start":{"line":170,"column":26},"end":{"line":170,"column":35}},{"start":{"line":170,"column":39},"end":{"line":170,"column":50}}]},"17":{"loc":{"start":{"line":172,"column":2},"end":{"line":177,"column":3}},"type":"if","locations":[{"start":{"line":172,"column":2},"end":{"line":177,"column":3}},{"start":{"line":174,"column":9},"end":{"line":177,"column":3}}]},"18":{"loc":{"start":{"line":174,"column":9},"end":{"line":177,"column":3}},"type":"if","locations":[{"start":{"line":174,"column":9},"end":{"line":177,"column":3}},{"start":{},"end":{}}]},"19":{"loc":{"start":{"line":187,"column":68},"end":{"line":187,"column":92}},"type":"binary-expr","locations":[{"start":{"line":187,"column":68},"end":{"line":187,"column":87}},{"start":{"line":187,"column":91},"end":{"line":187,"column":92}}]},"20":{"loc":{"start":{"line":194,"column":22},"end":{"line":194,"column":47}},"type":"binary-expr","locations":[{"start":{"line":194,"column":22},"end":{"line":194,"column":39}},{"start":{"line":194,"column":43},"end":{"line":194,"column":47}}]},"21":{"loc":{"start":{"line":198,"column":23},"end":{"line":198,"column":42}},"type":"binary-expr","locations":[{"start":{"line":198,"column":23},"end":{"line":198,"column":37}},{"start":{"line":198,"column":41},"end":{"line":198,"column":42}}]},"22":{"loc":{"start":{"line":210,"column":26},"end":{"line":210,"column":129}},"type":"cond-expr","locations":[{"start":{"line":210,"column":39},"end":{"line":210,"column":122}},{"start":{"line":210,"column":125},"end":{"line":210,"column":129}}]}},"s":{"0":1,"1":1,"2":1,"3":1,"4":1,"5":1,"6":1,"7":1,"8":5,"9":3,"10":2,"11":2,"12":2,"13":1,"14":2,"15":2,"16":2,"17":2,"18":2,"19":1,"20":1,"21":1,"22":1,"23":0,"24":1,"25":1,"26":1,"27":0,"28":1,"29":1,"30":1,"31":1,"32":2,"33":2,"34":2,"35":2,"36":2,"37":1,"38":1,"39":1,"40":1,"41":1,"42":1,"43":1,"44":1,"45":1,"46":1,"47":1,"48":1,"49":1,"50":1,"51":1,"52":1,"53":1,"54":1,"55":0,"56":1,"57":1,"58":1,"59":1,"60":1,"61":1,"62":1,"63":1,"64":1,"65":1,"66":1,"67":1,"68":1,"69":1,"70":0,"71":1,"72":1,"73":1,"74":1,"75":1,"76":1,"77":2,"78":1,"79":1,"80":1,"81":1,"82":2,"83":2,"84":2,"85":1,"86":1,"87":2,"88":1,"89":1,"90":1,"91":1,"92":1},"f":{"0":5,"1":2,"2":0,"3":2,"4":1,"5":1,"6":1,"7":2,"8":1,"9":2,"10":2,"11":1},"b":{"0":[3,2],"1":[5,4,4,2],"2":[2,1],"3":[1,1],"4":[1,0],"5":[0,1],"6":[1,0],"7":[2,2,2],"8":[1,1],"9":[1,0],"10":[1,0],"11":[1,0],"12":[1,1,1],"13":[0,1],"14":[1,0],"15":[1,0],"16":[1,0],"17":[0,1],"18":[1,0],"19":[2,2],"20":[2,2],"21":[1,0],"22":[1,0]}}
}
