TN:
SF:src/app.ts
FN:43,(anonymous_1)
FN:58,(anonymous_2)
FN:62,(anonymous_3)
FNF:3
FNH:1
FNDA:1,(anonymous_1)
FNDA:0,(anonymous_2)
FNDA:0,(anonymous_3)
DA:1,1
DA:2,1
DA:3,1
DA:5,1
DA:8,1
DA:11,1
DA:12,1
DA:15,1
DA:23,1
DA:43,1
DA:44,1
DA:46,1
DA:47,1
DA:48,1
DA:54,1
DA:55,1
DA:58,1
DA:59,0
DA:62,1
DA:63,0
DA:64,0
DA:65,0
DA:67,0
DA:68,0
DA:73,1
DA:76,1
DA:77,1
DA:78,1
DA:79,1
DA:80,1
DA:81,1
DA:82,1
DA:83,1
DA:84,1
DA:87,1
DA:88,1
DA:89,1
DA:90,1
DA:91,1
DA:92,1
DA:93,1
DA:95,1
DA:97,1
LF:43
LH:37
BRDA:64,0,0,0
BRDA:64,0,1,0
BRF:2
BRH:0
end_of_record
TN:
SF:src/config/minio.ts
FN:24,ensureBucket
FN:56,cleanupIncompleteUploads
FN:58,(anonymous_3)
FN:67,(anonymous_4)
FN:71,(anonymous_5)
FN:76,(anonymous_6)
FNF:6
FNH:0
FNDA:0,ensureBucket
FNDA:0,cleanupIncompleteUploads
FNDA:0,(anonymous_3)
FNDA:0,(anonymous_4)
FNDA:0,(anonymous_5)
FNDA:0,(anonymous_6)
DA:1,2
DA:9,2
DA:10,2
DA:12,2
DA:24,2
DA:25,0
DA:26,0
DA:27,0
DA:28,0
DA:29,0
DA:32,0
DA:44,0
DA:45,0
DA:47,0
DA:48,0
DA:57,0
DA:58,0
DA:59,0
DA:60,0
DA:61,0
DA:63,0
DA:67,0
DA:68,0
DA:71,0
DA:72,0
DA:76,2
DA:77,0
DA:78,0
LF:28
LH:6
BRDA:27,0,0,0
BRDA:27,0,1,0
BRF:2
BRH:0
end_of_record
TN:
SF:src/config/multer.ts
FN:26,(anonymous_1)
FNF:1
FNH:0
FNDA:0,(anonymous_1)
DA:2,1
DA:3,1
DA:5,1
DA:6,1
DA:25,1
DA:26,1
DA:27,0
DA:28,0
DA:29,0
DA:31,0
DA:33,0
DA:37,1
DA:43,1
LF:13
LH:8
BRDA:28,0,0,0
BRDA:28,0,1,0
BRF:2
BRH:0
end_of_record
TN:
SF:src/constants/env.ts
FN:5,(anonymous_1)
FNF:1
FNH:1
FNDA:42,(anonymous_1)
DA:1,3
DA:3,3
DA:5,3
DA:6,42
DA:8,42
DA:9,0
DA:12,42
DA:15,3
DA:16,3
DA:17,3
DA:18,3
DA:22,3
DA:23,3
DA:24,3
DA:25,3
DA:28,3
DA:29,3
DA:30,3
DA:31,3
DA:33,3
DA:34,3
LF:21
LH:20
BRDA:6,0,0,42
BRDA:6,0,1,3
BRDA:8,1,0,0
BRDA:8,1,1,42
BRDA:32,2,0,3
BRDA:32,2,1,0
BRF:6
BRH:4
end_of_record
TN:
SF:src/constants/http.ts
FNF:0
FNH:0
DA:1,11
DA:2,11
DA:3,11
DA:4,11
DA:5,11
DA:6,11
DA:7,11
DA:8,11
DA:9,11
DA:10,11
LF:10
LH:10
BRF:0
BRH:0
end_of_record
TN:
SF:src/constants/regex.ts
FNF:0
FNH:0
DA:1,3
DA:5,3
DA:7,3
LF:3
LH:3
BRF:0
BRH:0
end_of_record
TN:
SF:src/controller/assignment.controller.ts
FN:17,(anonymous_0)
FN:38,(anonymous_1)
FN:48,(anonymous_2)
FN:58,(anonymous_3)
FN:69,(anonymous_4)
FNF:5
FNH:0
FNDA:0,(anonymous_0)
FNDA:0,(anonymous_1)
FNDA:0,(anonymous_2)
FNDA:0,(anonymous_3)
FNDA:0,(anonymous_4)
DA:1,1
DA:2,1
DA:3,1
DA:9,1
DA:17,1
DA:18,0
DA:20,0
DA:31,0
DA:38,1
DA:39,0
DA:40,0
DA:42,0
DA:48,1
DA:49,0
DA:50,0
DA:52,0
DA:58,1
DA:59,0
DA:60,0
DA:61,0
DA:63,0
DA:69,1
DA:70,0
DA:71,0
DA:73,0
LF:25
LH:9
BRF:0
BRH:0
end_of_record
TN:
SF:src/controller/auth.controller.ts
FN:33,(anonymous_1)
FN:45,(anonymous_2)
FN:60,(anonymous_3)
FN:73,(anonymous_4)
FN:91,(anonymous_5)
FN:102,(anonymous_6)
FN:112,(anonymous_7)
FNF:7
FNH:3
FNDA:6,(anonymous_1)
FNDA:1,(anonymous_2)
FNDA:0,(anonymous_3)
FNDA:1,(anonymous_4)
FNDA:0,(anonymous_5)
FNDA:0,(anonymous_6)
FNDA:0,(anonymous_7)
DA:1,1
DA:2,1
DA:3,1
DA:11,1
DA:17,1
DA:24,1
DA:25,1
DA:26,1
DA:33,1
DA:35,6
DA:40,5
DA:42,0
DA:45,1
DA:47,1
DA:52,0
DA:54,0
DA:60,1
DA:61,0
DA:62,0
DA:64,0
DA:65,0
DA:68,0
DA:73,1
DA:74,1
DA:75,1
DA:78,0
DA:80,0
DA:81,0
DA:84,0
DA:91,1
DA:92,0
DA:95,0
DA:97,0
DA:102,1
DA:103,0
DA:104,0
DA:106,0
DA:112,1
DA:113,0
DA:114,0
DA:116,0
DA:118,0
LF:42
LH:20
BRDA:62,0,0,0
BRDA:62,0,1,0
BRDA:64,1,0,0
BRDA:64,1,1,0
BRDA:80,2,0,0
BRDA:80,2,1,0
BRF:6
BRH:0
end_of_record
TN:
SF:src/controller/course.controller.ts
FN:23,(anonymous_0)
FN:56,(anonymous_1)
FN:72,(anonymous_2)
FN:94,(anonymous_3)
FN:119,(anonymous_4)
FN:138,(anonymous_5)
FN:158,(anonymous_6)
FNF:7
FNH:0
FNDA:0,(anonymous_0)
FNDA:0,(anonymous_1)
FNDA:0,(anonymous_2)
FNDA:0,(anonymous_3)
FNDA:0,(anonymous_4)
FNDA:0,(anonymous_5)
FNDA:0,(anonymous_6)
DA:1,1
DA:2,1
DA:3,1
DA:9,1
DA:23,1
DA:25,0
DA:28,0
DA:31,0
DA:46,0
DA:56,1
DA:58,0
DA:61,0
DA:63,0
DA:72,1
DA:74,0
DA:77,0
DA:80,0
DA:83,0
DA:85,0
DA:94,1
DA:96,0
DA:99,0
DA:102,0
DA:105,0
DA:108,0
DA:110,0
DA:119,1
DA:121,0
DA:124,0
DA:127,0
DA:129,0
DA:138,1
DA:140,0
DA:143,0
DA:146,0
DA:148,0
DA:158,1
DA:160,0
DA:163,0
DA:166,0
DA:168,0
LF:41
LH:11
BRF:0
BRH:0
end_of_record
TN:
SF:src/controller/enrollment.controller.ts
FN:25,(anonymous_0)
FN:33,(anonymous_1)
FN:48,(anonymous_2)
FN:63,(anonymous_3)
FN:78,(anonymous_4)
FN:89,(anonymous_5)
FN:101,(anonymous_6)
FN:116,(anonymous_7)
FN:125,(anonymous_8)
FNF:9
FNH:9
FNDA:1,(anonymous_0)
FNDA:1,(anonymous_1)
FNDA:1,(anonymous_2)
FNDA:1,(anonymous_3)
FNDA:3,(anonymous_4)
FNDA:3,(anonymous_5)
FNDA:5,(anonymous_6)
FNDA:5,(anonymous_7)
FNDA:5,(anonymous_8)
DA:1,2
DA:2,2
DA:3,2
DA:13,2
DA:22,2
DA:25,2
DA:26,1
DA:28,1
DA:29,1
DA:33,2
DA:34,1
DA:35,1
DA:37,1
DA:41,1
DA:48,2
DA:49,1
DA:50,1
DA:52,1
DA:56,1
DA:63,2
DA:64,1
DA:65,1
DA:67,1
DA:71,1
DA:78,2
DA:79,3
DA:81,2
DA:82,1
DA:89,2
DA:90,3
DA:93,2
DA:97,1
DA:101,2
DA:102,5
DA:103,4
DA:105,4
DA:112,1
DA:116,2
DA:117,5
DA:118,4
DA:120,3
DA:121,1
DA:125,2
DA:126,5
DA:127,4
DA:128,4
DA:130,4
DA:131,1
LF:48
LH:48
BRDA:95,0,0,2
BRDA:95,0,1,2
BRF:2
BRH:2
end_of_record
TN:
SF:src/controller/forum.controller.ts
FN:38,(anonymous_0)
FN:65,(anonymous_1)
FN:76,(anonymous_2)
FN:94,(anonymous_3)
FN:106,(anonymous_4)
FN:119,(anonymous_5)
FN:145,(anonymous_6)
FN:157,(anonymous_7)
FN:176,(anonymous_8)
FN:192,(anonymous_9)
FN:209,(anonymous_10)
FN:234,(anonymous_11)
FN:246,(anonymous_12)
FN:266,(anonymous_13)
FN:282,(anonymous_14)
FNF:15
FNH:0
FNDA:0,(anonymous_0)
FNDA:0,(anonymous_1)
FNDA:0,(anonymous_2)
FNDA:0,(anonymous_3)
FNDA:0,(anonymous_4)
FNDA:0,(anonymous_5)
FNDA:0,(anonymous_6)
FNDA:0,(anonymous_7)
FNDA:0,(anonymous_8)
FNDA:0,(anonymous_9)
FNDA:0,(anonymous_10)
FNDA:0,(anonymous_11)
FNDA:0,(anonymous_12)
FNDA:0,(anonymous_13)
FNDA:0,(anonymous_14)
DA:1,1
DA:2,1
DA:3,1
DA:17,1
DA:38,1
DA:39,0
DA:41,0
DA:58,0
DA:65,1
DA:66,0
DA:68,0
DA:70,0
DA:76,1
DA:77,0
DA:80,0
DA:82,0
DA:88,0
DA:94,1
DA:95,0
DA:96,0
DA:98,0
DA:100,0
DA:106,1
DA:107,0
DA:109,0
DA:111,0
DA:119,1
DA:120,0
DA:121,0
DA:123,0
DA:138,0
DA:145,1
DA:146,0
DA:147,0
DA:149,0
DA:151,0
DA:157,1
DA:158,0
DA:159,0
DA:162,0
DA:164,0
DA:170,0
DA:176,1
DA:177,0
DA:178,0
DA:179,0
DA:182,0
DA:184,0
DA:186,0
DA:192,1
DA:193,0
DA:194,0
DA:197,0
DA:199,0
DA:201,0
DA:209,1
DA:210,0
DA:211,0
DA:212,0
DA:214,0
DA:227,0
DA:234,1
DA:235,0
DA:236,0
DA:238,0
DA:240,0
DA:246,1
DA:247,0
DA:248,0
DA:251,0
DA:253,0
DA:260,0
DA:266,1
DA:267,0
DA:268,0
DA:269,0
DA:272,0
DA:274,0
DA:276,0
DA:282,1
DA:283,0
DA:284,0
DA:287,0
DA:289,0
DA:291,0
LF:85
LH:19
BRF:0
BRH:0
end_of_record
TN:
SF:src/controller/lesson.controller.ts
FN:7,(anonymous_0)
FN:23,(anonymous_1)
FN:40,(anonymous_2)
FN:58,(anonymous_3)
FN:73,(anonymous_4)
FN:91,(anonymous_5)
FNF:6
FNH:6
FNDA:5,(anonymous_0)
FNDA:2,(anonymous_1)
FNDA:2,(anonymous_2)
FNDA:3,(anonymous_3)
FNDA:3,(anonymous_4)
FNDA:4,(anonymous_5)
DA:1,2
DA:2,2
DA:3,2
DA:4,2
DA:7,2
DA:8,5
DA:11,5
DA:12,5
DA:14,5
DA:16,2
DA:23,2
DA:24,2
DA:26,2
DA:29,1
DA:30,1
DA:32,1
DA:34,1
DA:40,2
DA:41,2
DA:43,2
DA:46,1
DA:47,1
DA:49,1
DA:51,1
DA:58,2
DA:59,3
DA:62,2
DA:63,2
DA:65,2
DA:66,1
DA:73,2
DA:74,3
DA:76,3
DA:79,2
DA:80,2
DA:82,2
DA:84,1
DA:91,2
DA:92,4
DA:93,4
DA:94,3
DA:97,3
DA:98,3
DA:100,3
DA:101,2
LF:45
LH:45
BRF:0
BRH:0
end_of_record
TN:
SF:src/controller/lessonMaterial.controller.ts
FN:26,(anonymous_0)
FN:44,(anonymous_1)
FN:63,(anonymous_2)
FN:82,(anonymous_3)
FN:99,(anonymous_4)
FN:118,(anonymous_5)
FN:136,(anonymous_6)
FN:181,(anonymous_7)
FNF:8
FNH:8
FNDA:1,(anonymous_0)
FNDA:1,(anonymous_1)
FNDA:1,(anonymous_2)
FNDA:1,(anonymous_3)
FNDA:1,(anonymous_4)
FNDA:1,(anonymous_5)
FNDA:1,(anonymous_6)
FNDA:1,(anonymous_7)
DA:1,2
DA:11,2
DA:12,2
DA:13,2
DA:22,2
DA:26,2
DA:27,1
DA:30,1
DA:31,1
DA:33,1
DA:35,1
DA:44,2
DA:45,1
DA:47,1
DA:50,1
DA:51,1
DA:53,1
DA:55,1
DA:63,2
DA:64,1
DA:66,1
DA:69,1
DA:70,1
DA:72,1
DA:74,1
DA:82,2
DA:83,1
DA:86,1
DA:87,1
DA:89,1
DA:91,1
DA:99,2
DA:100,1
DA:101,1
DA:102,1
DA:105,1
DA:106,1
DA:108,1
DA:110,1
DA:118,2
DA:119,1
DA:120,1
DA:123,1
DA:124,1
DA:126,1
DA:128,1
DA:136,2
DA:141,1
DA:143,1
DA:144,0
DA:146,0
DA:149,1
DA:150,0
DA:159,1
DA:166,1
DA:167,1
DA:169,1
DA:171,1
DA:181,2
DA:182,1
DA:183,1
DA:186,1
DA:187,1
DA:190,1
DA:192,1
DA:193,0
DA:202,1
DA:205,1
DA:206,0
DA:214,1
DA:221,1
DA:236,1
LF:72
LH:67
BRDA:141,0,0,1
BRDA:141,0,1,0
BRDA:141,1,0,1
BRDA:141,1,1,1
BRDA:141,1,2,1
BRDA:143,2,0,1
BRDA:143,2,1,0
BRDA:144,3,0,0
BRDA:144,3,1,0
BRDA:149,4,0,0
BRDA:149,4,1,1
BRDA:174,5,0,0
BRDA:174,5,1,1
BRDA:192,6,0,0
BRDA:192,6,1,1
BRDA:205,7,0,0
BRDA:205,7,1,1
BRDA:205,8,0,1
BRDA:205,8,1,1
BRDA:217,9,0,1
BRDA:217,9,1,0
BRF:21
BRH:12
end_of_record
TN:
SF:src/controller/lessonProgress.controller.ts
FN:13,(anonymous_0)
FN:30,(anonymous_1)
FN:55,(anonymous_2)
FN:69,(anonymous_3)
FNF:4
FNH:4
FNDA:1,(anonymous_0)
FNDA:1,(anonymous_1)
FNDA:1,(anonymous_2)
FNDA:1,(anonymous_3)
DA:1,2
DA:2,2
DA:4,2
DA:5,2
DA:13,2
DA:14,1
DA:19,1
DA:20,1
DA:22,1
DA:23,1
DA:30,2
DA:31,1
DA:34,1
DA:35,0
DA:42,1
DA:44,1
DA:45,1
DA:47,1
DA:48,1
DA:55,2
DA:56,1
DA:58,1
DA:59,1
DA:61,1
DA:62,1
DA:69,2
DA:70,1
DA:75,1
DA:76,1
DA:78,1
DA:79,1
LF:31
LH:30
BRDA:34,0,0,0
BRDA:34,0,1,1
BRDA:34,1,0,1
BRDA:34,1,1,1
BRF:4
BRH:3
end_of_record
TN:
SF:src/controller/major.controller.ts
FN:21,(anonymous_0)
FN:46,(anonymous_1)
FN:58,(anonymous_2)
FN:70,(anonymous_3)
FN:82,(anonymous_4)
FN:95,(anonymous_5)
FN:108,(anonymous_6)
FN:120,(anonymous_7)
FNF:8
FNH:0
FNDA:0,(anonymous_0)
FNDA:0,(anonymous_1)
FNDA:0,(anonymous_2)
FNDA:0,(anonymous_3)
FNDA:0,(anonymous_4)
FNDA:0,(anonymous_5)
FNDA:0,(anonymous_6)
FNDA:0,(anonymous_7)
DA:1,1
DA:2,1
DA:3,1
DA:10,1
DA:21,1
DA:23,0
DA:26,0
DA:39,0
DA:46,1
DA:47,0
DA:50,0
DA:52,0
DA:58,1
DA:59,0
DA:62,0
DA:64,0
DA:70,1
DA:71,0
DA:74,0
DA:76,0
DA:82,1
DA:83,0
DA:84,0
DA:87,0
DA:89,0
DA:95,1
DA:96,0
DA:97,0
DA:100,0
DA:102,0
DA:108,1
DA:109,0
DA:112,0
DA:114,0
DA:120,1
DA:121,0
DA:124,0
DA:126,0
LF:38
LH:12
BRF:0
BRH:0
end_of_record
TN:
SF:src/controller/quizQuestion.controller.ts
FN:28,(anonymous_1)
FN:52,(anonymous_2)
FN:79,(anonymous_3)
FN:91,(anonymous_4)
FN:106,(anonymous_5)
FN:122,(anonymous_6)
FN:135,(anonymous_7)
FN:146,(anonymous_8)
FNF:8
FNH:0
FNDA:0,(anonymous_1)
FNDA:0,(anonymous_2)
FNDA:0,(anonymous_3)
FNDA:0,(anonymous_4)
FNDA:0,(anonymous_5)
FNDA:0,(anonymous_6)
FNDA:0,(anonymous_7)
FNDA:0,(anonymous_8)
DA:1,1
DA:2,1
DA:3,1
DA:14,1
DA:15,1
DA:16,1
DA:28,1
DA:29,0
DA:30,0
DA:31,0
DA:36,0
DA:38,0
DA:43,0
DA:52,1
DA:53,0
DA:54,0
DA:55,0
DA:59,0
DA:65,0
DA:70,0
DA:79,1
DA:80,0
DA:81,0
DA:83,0
DA:91,1
DA:92,0
DA:93,0
DA:97,0
DA:99,0
DA:106,1
DA:107,0
DA:108,0
DA:113,0
DA:115,0
DA:122,1
DA:123,0
DA:125,0
DA:127,0
DA:134,1
DA:136,0
DA:137,0
DA:138,0
DA:146,1
DA:147,0
DA:148,0
DA:149,0
LF:46
LH:14
BRDA:32,0,0,0
BRDA:32,0,1,0
BRF:2
BRH:0
end_of_record
TN:
SF:src/controller/session.controller.ts
FN:7,(anonymous_1)
FN:27,(anonymous_2)
FN:34,(anonymous_3)
FNF:3
FNH:0
FNDA:0,(anonymous_1)
FNDA:0,(anonymous_2)
FNDA:0,(anonymous_3)
DA:1,1
DA:2,1
DA:3,1
DA:4,1
DA:5,1
DA:7,1
DA:8,0
DA:25,0
DA:27,0
DA:34,1
DA:35,0
DA:36,0
DA:40,0
DA:42,0
LF:14
LH:7
BRDA:29,0,0,0
BRDA:29,0,1,0
BRF:2
BRH:0
end_of_record
TN:
SF:src/controller/specialist.controller.ts
FN:22,(anonymous_0)
FN:49,(anonymous_1)
FN:61,(anonymous_2)
FN:73,(anonymous_3)
FN:85,(anonymous_4)
FN:98,(anonymous_5)
FN:111,(anonymous_6)
FN:123,(anonymous_7)
FNF:8
FNH:0
FNDA:0,(anonymous_0)
FNDA:0,(anonymous_1)
FNDA:0,(anonymous_2)
FNDA:0,(anonymous_3)
FNDA:0,(anonymous_4)
FNDA:0,(anonymous_5)
FNDA:0,(anonymous_6)
FNDA:0,(anonymous_7)
DA:1,1
DA:2,1
DA:3,1
DA:10,1
DA:22,1
DA:24,0
DA:27,0
DA:42,0
DA:49,1
DA:50,0
DA:53,0
DA:55,0
DA:61,1
DA:62,0
DA:65,0
DA:67,0
DA:73,1
DA:74,0
DA:77,0
DA:79,0
DA:85,1
DA:86,0
DA:87,0
DA:90,0
DA:92,0
DA:98,1
DA:99,0
DA:100,0
DA:103,0
DA:105,0
DA:111,1
DA:112,0
DA:115,0
DA:117,0
DA:123,1
DA:124,0
DA:127,0
DA:129,0
LF:38
LH:12
BRF:0
BRH:0
end_of_record
TN:
SF:src/controller/submission.controller.ts
FN:20,(anonymous_1)
FN:47,(anonymous_2)
FN:72,(anonymous_3)
FN:87,(anonymous_4)
FN:99,(anonymous_5)
FNF:5
FNH:0
FNDA:0,(anonymous_1)
FNDA:0,(anonymous_2)
FNDA:0,(anonymous_3)
FNDA:0,(anonymous_4)
FNDA:0,(anonymous_5)
DA:1,1
DA:2,1
DA:3,1
DA:10,1
DA:14,1
DA:17,1
DA:20,1
DA:22,0
DA:23,0
DA:26,0
DA:27,0
DA:31,0
DA:40,0
DA:47,1
DA:48,0
DA:49,0
DA:51,0
DA:52,0
DA:56,0
DA:65,0
DA:72,1
DA:73,0
DA:74,0
DA:76,0
DA:77,0
DA:79,0
DA:86,1
DA:88,0
DA:89,0
DA:91,0
DA:99,1
DA:100,0
DA:101,0
DA:103,0
DA:104,0
DA:106,0
DA:114,0
LF:37
LH:11
BRF:0
BRH:0
end_of_record
TN:
SF:src/controller/user.controller.ts
FN:10,(anonymous_1)
FN:23,(anonymous_2)
FNF:2
FNH:0
FNDA:0,(anonymous_1)
FNDA:0,(anonymous_2)
DA:1,1
DA:2,1
DA:3,1
DA:4,1
DA:5,1
DA:6,1
DA:7,1
DA:10,1
DA:11,0
DA:12,0
DA:14,0
DA:16,0
DA:23,1
DA:24,0
DA:25,0
DA:27,0
LF:16
LH:9
BRF:0
BRH:0
end_of_record
TN:
SF:src/middleware/authenticate.ts
FN:9,(anonymous_1)
FNF:1
FNH:0
FNDA:0,(anonymous_1)
DA:2,1
DA:4,1
DA:5,1
DA:6,1
DA:7,1
DA:9,1
DA:10,0
DA:11,0
DA:18,0
DA:19,0
DA:27,0
DA:28,0
DA:35,0
DA:36,0
DA:37,0
DA:38,0
DA:41,1
LF:17
LH:7
BRDA:22,0,0,0
BRDA:22,0,1,0
BRDA:29,1,0,0
BRDA:29,1,1,0
BRF:4
BRH:0
end_of_record
TN:
SF:src/middleware/authorize.ts
FN:7,(anonymous_1)
FN:8,(anonymous_2)
FNF:2
FNH:1
FNDA:25,(anonymous_1)
FNDA:0,(anonymous_2)
DA:1,1
DA:3,1
DA:7,1
DA:8,25
DA:9,0
DA:10,0
DA:13,0
DA:19,0
DA:22,1
LF:9
LH:5
BRF:0
BRH:0
end_of_record
TN:
SF:src/middleware/customResponse.ts
FN:5,(anonymous_0)
FN:6,(anonymous_1)
FN:32,(anonymous_2)
FNF:3
FNH:2
FNDA:8,(anonymous_0)
FNDA:0,(anonymous_1)
FNDA:7,(anonymous_2)
DA:3,1
DA:5,1
DA:6,8
DA:18,0
DA:29,0
DA:32,8
DA:46,7
DA:61,7
DA:64,8
DA:67,1
LF:10
LH:8
BRDA:20,0,0,0
BRDA:20,0,1,0
BRDA:21,1,0,0
BRDA:21,1,1,0
BRDA:48,2,0,7
BRDA:48,2,1,0
BRF:6
BRH:1
end_of_record
TN:
SF:src/middleware/errorHandler.ts
FN:9,handleZodError
FN:10,(anonymous_2)
FN:22,handleAppError
FN:29,handleCastError
FN:36,(anonymous_5)
FNF:5
FNH:4
FNDA:2,handleZodError
FNDA:3,(anonymous_2)
FNDA:1,handleAppError
FNDA:0,handleCastError
FNDA:7,(anonymous_5)
DA:2,1
DA:3,1
DA:4,1
DA:5,1
DA:6,1
DA:10,3
DA:15,2
DA:23,1
DA:30,0
DA:36,1
DA:37,7
DA:39,7
DA:40,1
DA:43,7
DA:44,2
DA:47,5
DA:48,1
DA:51,4
DA:52,0
DA:55,4
DA:60,1
LF:21
LH:19
BRDA:39,0,0,1
BRDA:39,0,1,6
BRDA:43,1,0,2
BRDA:43,1,1,5
BRDA:47,2,0,1
BRDA:47,2,1,4
BRDA:51,3,0,0
BRDA:51,3,1,4
BRF:8
BRH:7
end_of_record
TN:
SF:src/middleware/index.ts
FN:1,(anonymous_1)
FN:2,(anonymous_2)
FN:3,(anonymous_3)
FN:4,(anonymous_4)
FNF:4
FNH:4
FNDA:11,(anonymous_1)
FNDA:5,(anonymous_2)
FNDA:1,(anonymous_3)
FNDA:1,(anonymous_4)
DA:1,12
DA:2,6
DA:3,2
DA:4,2
LF:4
LH:4
BRF:0
BRH:0
end_of_record
TN:
SF:src/models/announcement.model.ts
FNF:0
FNH:0
DA:1,1
DA:4,1
DA:16,1
DA:17,1
DA:18,1
DA:20,1
DA:26,1
LF:7
LH:7
BRF:0
BRH:0
end_of_record
TN:
SF:src/models/assignment.model.ts
FNF:0
FNH:0
DA:1,1
DA:4,1
DA:22,1
DA:23,1
DA:25,1
DA:31,1
LF:6
LH:6
BRF:0
BRH:0
end_of_record
TN:
SF:src/models/attendance.model.ts
FNF:0
FNH:0
DA:1,1
DA:5,1
DA:35,1
DA:39,1
DA:44,1
LF:5
LH:5
BRF:0
BRH:0
end_of_record
TN:
SF:src/models/course.model.ts
FN:18,(anonymous_1)
FNF:1
FNH:0
FNDA:0,(anonymous_1)
DA:1,6
DA:5,6
DA:19,0
DA:51,6
DA:52,6
DA:53,6
DA:54,6
DA:56,6
DA:57,6
DA:59,6
DA:61,6
LF:11
LH:10
BRF:0
BRH:0
end_of_record
TN:
SF:src/models/enrollment.model.ts
FNF:0
FNH:0
DA:1,6
DA:3,6
DA:9,6
DA:68,6
DA:69,6
DA:70,6
DA:72,6
DA:78,6
LF:8
LH:8
BRF:0
BRH:0
end_of_record
TN:
SF:src/models/forum.model.ts
FNF:0
FNH:0
DA:1,1
DA:3,1
DA:5,1
DA:24,1
DA:25,1
DA:27,1
DA:29,1
LF:7
LH:7
BRF:0
BRH:0
end_of_record
TN:
SF:src/models/forumPost.model.ts
FNF:0
FNH:0
DA:1,1
DA:4,1
DA:26,1
DA:27,1
DA:29,1
DA:35,1
LF:6
LH:6
BRF:0
BRH:0
end_of_record
TN:
SF:src/models/forumReply.model.ts
FNF:0
FNH:0
DA:1,1
DA:4,1
DA:24,1
DA:25,1
DA:26,1
DA:28,1
DA:34,1
LF:7
LH:7
BRF:0
BRH:0
end_of_record
TN:
SF:src/models/index.ts
FN:1,(anonymous_1)
FN:2,(anonymous_2)
FN:3,(anonymous_3)
FN:4,(anonymous_4)
FN:5,(anonymous_5)
FN:6,(anonymous_6)
FN:7,(anonymous_7)
FN:8,(anonymous_8)
FN:9,(anonymous_9)
FN:10,(anonymous_10)
FN:11,(anonymous_11)
FN:12,(anonymous_12)
FN:13,(anonymous_13)
FN:14,(anonymous_14)
FN:15,(anonymous_15)
FN:16,(anonymous_16)
FN:17,(anonymous_17)
FN:18,(anonymous_18)
FN:19,(anonymous_19)
FN:20,(anonymous_20)
FN:21,(anonymous_21)
FN:22,(anonymous_22)
FNF:22
FNH:1
FNDA:0,(anonymous_1)
FNDA:0,(anonymous_2)
FNDA:0,(anonymous_3)
FNDA:0,(anonymous_4)
FNDA:0,(anonymous_5)
FNDA:0,(anonymous_6)
FNDA:0,(anonymous_7)
FNDA:0,(anonymous_8)
FNDA:0,(anonymous_9)
FNDA:0,(anonymous_10)
FNDA:0,(anonymous_11)
FNDA:0,(anonymous_12)
FNDA:0,(anonymous_13)
FNDA:0,(anonymous_14)
FNDA:0,(anonymous_15)
FNDA:5,(anonymous_16)
FNDA:0,(anonymous_17)
FNDA:0,(anonymous_18)
FNDA:0,(anonymous_19)
FNDA:0,(anonymous_20)
FNDA:0,(anonymous_21)
FNDA:0,(anonymous_22)
DA:1,1
DA:2,1
DA:3,1
DA:4,1
DA:5,1
DA:6,1
DA:7,1
DA:8,1
DA:9,1
DA:10,1
DA:11,1
DA:12,1
DA:13,1
DA:14,1
DA:15,1
DA:16,6
DA:17,1
DA:18,1
DA:19,1
DA:20,1
DA:21,1
DA:22,1
LF:22
LH:22
BRF:0
BRH:0
end_of_record
TN:
SF:src/models/lesson.model.ts
FN:30,(anonymous_1)
FNF:1
FNH:0
FNDA:0,(anonymous_1)
DA:1,4
DA:4,4
DA:23,4
DA:24,4
DA:25,4
DA:26,4
DA:27,4
DA:30,4
DA:31,0
DA:32,0
DA:35,0
DA:37,0
DA:40,4
DA:42,4
LF:14
LH:10
BRDA:31,0,0,0
BRDA:31,0,1,0
BRF:2
BRH:0
end_of_record
TN:
SF:src/models/lessonMaterial.model.ts
FN:21,(anonymous_1)
FNF:1
FNH:0
FNDA:0,(anonymous_1)
DA:1,2
DA:4,2
DA:22,0
DA:33,2
DA:34,2
DA:35,2
DA:37,2
DA:43,2
LF:8
LH:7
BRF:0
BRH:0
end_of_record
TN:
SF:src/models/lessonProgress.model.ts
FN:36,(anonymous_1)
FNF:1
FNH:0
FNDA:0,(anonymous_1)
DA:2,2
DA:4,2
DA:30,2
DA:31,2
DA:32,2
DA:33,2
DA:36,2
DA:37,0
DA:38,0
DA:40,0
DA:43,2
DA:49,2
LF:12
LH:9
BRDA:37,0,0,0
BRDA:37,0,1,0
BRDA:37,1,0,0
BRDA:37,1,1,0
BRDA:37,1,2,0
BRF:5
BRH:0
end_of_record
TN:
SF:src/models/major.model.ts
FN:24,(anonymous_1)
FNF:1
FNH:0
FNDA:0,(anonymous_1)
DA:2,1
DA:4,1
DA:18,1
DA:19,1
DA:20,1
DA:21,1
DA:24,1
DA:25,0
DA:26,0
DA:29,1
DA:31,1
LF:11
LH:9
BRF:0
BRH:0
end_of_record
TN:
SF:src/models/notification.model.ts
FN:22,(anonymous_1)
FNF:1
FNH:0
FNDA:0,(anonymous_1)
DA:1,1
DA:4,1
DA:22,1
DA:23,0
DA:24,0
DA:25,0
DA:28,1
DA:29,1
DA:34,1
LF:9
LH:6
BRF:0
BRH:0
end_of_record
TN:
SF:src/models/quiz.model.ts
FN:39,(anonymous_1)
FN:44,(anonymous_2)
FN:63,(anonymous_3)
FNF:3
FNH:0
FNDA:0,(anonymous_1)
FNDA:0,(anonymous_2)
FNDA:0,(anonymous_3)
DA:1,1
DA:3,1
DA:4,1
DA:6,1
DA:34,1
DA:35,1
DA:36,1
DA:39,1
DA:40,0
DA:44,0
DA:54,0
DA:57,1
DA:59,1
DA:63,1
DA:64,0
DA:65,0
DA:70,0
DA:71,0
LF:18
LH:11
BRDA:70,0,0,0
BRDA:70,0,1,0
BRF:2
BRH:0
end_of_record
TN:
SF:src/models/quizAttempt.model.ts
FN:61,(anonymous_1)
FN:70,(anonymous_2)
FN:72,(anonymous_3)
FNF:3
FNH:0
FNDA:0,(anonymous_1)
FNDA:0,(anonymous_2)
FNDA:0,(anonymous_3)
DA:1,1
DA:3,1
DA:4,1
DA:5,1
DA:7,1
DA:17,1
DA:56,1
DA:57,1
DA:58,1
DA:61,1
DA:62,0
DA:64,0
DA:65,0
DA:67,0
DA:70,0
DA:71,0
DA:72,0
DA:75,0
DA:79,0
DA:81,0
DA:82,0
DA:84,0
DA:87,0
DA:88,0
DA:89,0
DA:91,0
DA:92,0
DA:95,1
DA:96,1
DA:102,1
LF:30
LH:13
BRDA:75,0,0,0
BRDA:75,0,1,0
BRDA:82,1,0,0
BRDA:82,1,1,0
BRDA:84,2,0,0
BRDA:84,2,1,0
BRF:6
BRH:0
end_of_record
TN:
SF:src/models/quizQuestion.model.ts
FNF:0
FNH:0
DA:1,1
DA:2,1
DA:4,1
DA:29,1
DA:30,1
DA:32,1
DA:38,1
LF:7
LH:7
BRF:0
BRH:0
end_of_record
TN:
SF:src/models/session.model.ts
FNF:0
FNH:0
DA:1,1
DA:2,1
DA:5,1
DA:12,1
DA:18,1
LF:5
LH:5
BRF:0
BRH:0
end_of_record
TN:
SF:src/models/specialist.model.ts
FN:25,(anonymous_1)
FNF:1
FNH:0
FNDA:0,(anonymous_1)
DA:2,1
DA:4,1
DA:18,1
DA:19,1
DA:20,1
DA:21,1
DA:22,1
DA:25,1
DA:26,0
DA:27,0
DA:30,1
DA:36,1
LF:12
LH:10
BRF:0
BRH:0
end_of_record
TN:
SF:src/models/subject.model.ts
FN:31,(anonymous_1)
FNF:1
FNH:0
FNDA:0,(anonymous_1)
DA:2,1
DA:4,1
DA:23,1
DA:24,1
DA:25,1
DA:28,1
DA:31,1
DA:32,0
DA:33,0
DA:36,1
DA:37,1
LF:11
LH:9
BRF:0
BRH:0
end_of_record
TN:
SF:src/models/submission.model.ts
FN:25,(anonymous_1)
FN:78,(anonymous_2)
FN:93,(anonymous_3)
FNF:3
FNH:0
FNDA:0,(anonymous_1)
FNDA:0,(anonymous_2)
FNDA:0,(anonymous_3)
DA:1,1
DA:2,1
DA:4,1
DA:25,0
DA:71,1
DA:72,1
DA:73,1
DA:74,1
DA:75,1
DA:78,1
DA:79,0
DA:80,0
DA:82,0
DA:83,0
DA:84,0
DA:86,0
DA:89,0
DA:93,1
DA:94,0
DA:99,0
DA:100,0
DA:102,0
DA:103,0
DA:110,0
DA:113,1
DA:118,1
LF:26
LH:12
BRDA:82,0,0,0
BRDA:82,0,1,0
BRDA:82,1,0,0
BRDA:82,1,1,0
BRDA:94,2,0,0
BRDA:94,2,1,0
BRDA:95,3,0,0
BRDA:95,3,1,0
BRDA:95,3,2,0
BRDA:95,3,3,0
BRDA:102,4,0,0
BRDA:102,4,1,0
BRDA:105,5,0,0
BRDA:105,5,1,0
BRF:14
BRH:0
end_of_record
TN:
SF:src/models/user.model.ts
FN:48,(anonymous_1)
FN:61,(anonymous_2)
FN:65,(anonymous_3)
FN:71,(anonymous_4)
FNF:4
FNH:0
FNDA:0,(anonymous_1)
FNDA:0,(anonymous_2)
FNDA:0,(anonymous_3)
FNDA:0,(anonymous_4)
DA:1,3
DA:2,3
DA:4,3
DA:10,3
DA:40,3
DA:41,3
DA:42,3
DA:43,3
DA:44,3
DA:48,3
DA:51,0
DA:55,0
DA:58,0
DA:61,3
DA:62,0
DA:65,3
DA:66,0
DA:67,0
DA:68,0
DA:71,3
DA:72,0
DA:79,0
DA:80,0
DA:87,0
DA:88,0
DA:95,0
DA:98,3
DA:99,3
LF:28
LH:15
BRDA:24,0,0,3
BRDA:24,0,1,0
BRDA:51,1,0,0
BRDA:51,1,1,0
BRDA:71,2,0,0
BRDA:79,3,0,0
BRDA:79,3,1,0
BRDA:87,4,0,0
BRDA:87,4,1,0
BRF:9
BRH:1
end_of_record
TN:
SF:src/models/verificationCode.model.ts
FNF:0
FNH:0
DA:1,1
DA:4,1
DA:17,1
DA:23,1
LF:4
LH:4
BRF:0
BRH:0
end_of_record
TN:
SF:src/routes/assignment.route.ts
FNF:0
FNH:0
DA:1,1
DA:2,1
DA:9,1
DA:12,1
DA:17,1
DA:18,1
DA:21,1
DA:22,1
DA:23,1
DA:25,1
LF:10
LH:10
BRF:0
BRH:0
end_of_record
TN:
SF:src/routes/auth.route.ts
FNF:0
FNH:0
DA:1,1
DA:2,1
DA:12,1
DA:16,1
DA:17,1
DA:18,1
DA:19,1
DA:20,1
DA:21,1
DA:22,1
DA:24,1
DA:26,1
LF:12
LH:12
BRF:0
BRH:0
end_of_record
TN:
SF:src/routes/course.route.ts
FNF:0
FNH:0
DA:1,1
DA:2,1
DA:11,1
DA:12,1
DA:14,1
DA:16,1
DA:23,1
DA:26,1
DA:32,1
DA:36,1
DA:39,1
DA:43,1
DA:48,1
DA:50,1
LF:14
LH:14
BRF:0
BRH:0
end_of_record
TN:
SF:src/routes/enrollment.route.ts
FNF:0
FNH:0
DA:1,1
DA:2,1
DA:13,1
DA:16,1
DA:21,1
DA:24,1
DA:27,1
DA:34,1
DA:41,1
DA:48,1
DA:55,1
DA:62,1
DA:69,1
DA:75,1
LF:14
LH:14
BRF:0
BRH:0
end_of_record
TN:
SF:src/routes/forum.route.ts
FNF:0
FNH:0
DA:1,1
DA:2,1
DA:20,1
DA:21,1
DA:29,1
DA:32,1
DA:36,1
DA:39,1
DA:42,1
DA:47,1
DA:50,1
DA:53,1
DA:56,1
DA:59,1
DA:64,1
DA:67,1
DA:70,1
DA:73,1
DA:76,1
DA:78,1
LF:20
LH:20
BRF:0
BRH:0
end_of_record
TN:
SF:src/routes/index.ts
FN:1,(anonymous_5)
FN:2,(anonymous_6)
FN:3,(anonymous_7)
FN:4,(anonymous_8)
FN:5,(anonymous_9)
FN:6,(anonymous_10)
FN:7,(anonymous_11)
FN:8,(anonymous_12)
FN:9,(anonymous_13)
FN:10,(anonymous_14)
FN:11,(anonymous_15)
FNF:11
FNH:11
FNDA:1,(anonymous_5)
FNDA:1,(anonymous_6)
FNDA:1,(anonymous_7)
FNDA:1,(anonymous_8)
FNDA:1,(anonymous_9)
FNDA:1,(anonymous_10)
FNDA:1,(anonymous_11)
FNDA:1,(anonymous_12)
FNDA:1,(anonymous_13)
FNDA:1,(anonymous_14)
FNDA:1,(anonymous_15)
DA:1,2
DA:2,2
DA:3,2
DA:4,2
DA:5,2
DA:6,2
DA:7,2
DA:8,2
DA:9,2
DA:10,2
DA:11,2
DA:12,1
DA:13,1
DA:14,1
LF:14
LH:14
BRF:0
BRH:0
end_of_record
TN:
SF:src/routes/lesson.route.ts
FNF:0
FNH:0
DA:1,1
DA:3,1
DA:12,1
DA:14,1
DA:16,1
DA:21,1
DA:23,1
DA:29,1
DA:32,1
DA:39,1
DA:46,1
DA:53,1
LF:12
LH:12
BRF:0
BRH:0
end_of_record
TN:
SF:src/routes/lessonMaterial.route.ts
FNF:0
FNH:0
DA:1,1
DA:3,1
DA:14,1
DA:16,1
DA:17,1
DA:20,1
DA:25,1
DA:27,1
DA:29,1
DA:31,1
DA:34,1
DA:37,1
DA:39,1
DA:41,1
DA:43,1
LF:15
LH:15
BRF:0
BRH:0
end_of_record
TN:
SF:src/routes/lessonProgress.route.ts
FNF:0
FNH:0
DA:1,1
DA:2,1
DA:3,1
DA:10,1
DA:15,1
DA:18,1
DA:21,1
DA:24,1
DA:26,1
LF:9
LH:9
BRF:0
BRH:0
end_of_record
TN:
SF:src/routes/major.route.ts
FNF:0
FNH:0
DA:1,1
DA:2,1
DA:13,1
DA:14,1
DA:20,1
DA:23,1
DA:26,1
DA:30,1
DA:33,1
DA:36,1
DA:39,1
DA:42,1
DA:44,1
LF:13
LH:13
BRF:0
BRH:0
end_of_record
TN:
SF:src/routes/quizQuestion.route.ts
FNF:0
FNH:0
DA:1,1
DA:2,1
DA:12,1
DA:14,1
DA:16,1
DA:19,1
DA:26,1
DA:27,1
DA:28,1
DA:29,1
DA:34,1
DA:35,1
DA:36,1
DA:38,1
LF:14
LH:14
BRF:0
BRH:0
end_of_record
TN:
SF:src/routes/session.route.ts
FNF:0
FNH:0
DA:1,1
DA:2,1
DA:7,1
DA:10,1
DA:11,1
DA:13,1
LF:6
LH:6
BRF:0
BRH:0
end_of_record
TN:
SF:src/routes/specialist.route.ts
FNF:0
FNH:0
DA:1,1
DA:2,1
DA:13,1
DA:14,1
DA:20,1
DA:23,1
DA:26,1
DA:30,1
DA:33,1
DA:36,1
DA:39,1
DA:42,1
DA:44,1
LF:13
LH:13
BRF:0
BRH:0
end_of_record
TN:
SF:src/routes/submission.route.ts
FNF:0
FNH:0
DA:1,1
DA:2,1
DA:9,1
DA:11,1
DA:16,1
DA:21,1
DA:24,1
DA:27,1
DA:30,1
DA:33,1
DA:35,1
LF:11
LH:11
BRF:0
BRH:0
end_of_record
TN:
SF:src/routes/user.route.ts
FNF:0
FNH:0
DA:1,1
DA:2,1
DA:7,1
DA:10,1
DA:11,1
DA:13,1
LF:6
LH:6
BRF:0
BRH:0
end_of_record
TN:
SF:src/services/assignment.service.ts
FN:17,(anonymous_1)
FN:81,(anonymous_2)
FN:91,(anonymous_3)
FN:103,(anonymous_4)
FN:117,(anonymous_5)
FNF:5
FNH:0
FNDA:0,(anonymous_1)
FNDA:0,(anonymous_2)
FNDA:0,(anonymous_3)
FNDA:0,(anonymous_4)
FNDA:0,(anonymous_5)
DA:1,1
DA:2,1
DA:3,1
DA:4,1
DA:17,1
DA:28,0
DA:30,0
DA:31,0
DA:34,0
DA:35,0
DA:41,0
DA:42,0
DA:45,0
DA:46,0
DA:49,0
DA:50,0
DA:51,0
DA:53,0
DA:64,0
DA:65,0
DA:66,0
DA:68,0
DA:81,1
DA:82,0
DA:87,0
DA:88,0
DA:91,1
DA:93,0
DA:94,0
DA:96,0
DA:97,0
DA:103,1
DA:104,0
DA:113,0
DA:114,0
DA:117,1
DA:118,0
DA:119,0
DA:120,0
LF:39
LH:9
BRDA:24,0,0,0
BRDA:25,1,0,0
BRDA:30,2,0,0
BRDA:30,2,1,0
BRDA:34,3,0,0
BRDA:34,3,1,0
BRDA:41,4,0,0
BRDA:41,4,1,0
BRDA:45,5,0,0
BRDA:45,5,1,0
BRDA:51,6,0,0
BRDA:51,6,1,0
BRF:12
BRH:0
end_of_record
TN:
SF:src/services/auth.service.ts
FN:43,(anonymous_1)
FN:91,(anonymous_2)
FN:130,(anonymous_3)
FN:170,(anonymous_4)
FN:196,(anonymous_5)
FN:240,(anonymous_6)
FNF:6
FNH:6
FNDA:10,(anonymous_1)
FNDA:4,(anonymous_2)
FNDA:6,(anonymous_3)
FNDA:3,(anonymous_4)
FNDA:5,(anonymous_5)
FNDA:3,(anonymous_6)
DA:2,2
DA:3,2
DA:11,2
DA:12,2
DA:13,2
DA:14,2
DA:21,2
DA:25,2
DA:31,2
DA:41,2
DA:43,2
DA:45,10
DA:47,5
DA:49,4
DA:50,4
DA:52,3
DA:57,3
DA:64,3
DA:72,3
DA:73,3
DA:78,3
DA:80,2
DA:91,2
DA:97,4
DA:98,4
DA:100,3
DA:102,2
DA:103,2
DA:106,1
DA:111,1
DA:116,1
DA:121,1
DA:130,2
DA:131,6
DA:135,6
DA:137,5
DA:138,5
DA:139,5
DA:146,3
DA:147,3
DA:150,2
DA:152,2
DA:153,2
DA:154,2
DA:157,2
DA:161,2
DA:167,2
DA:170,2
DA:172,3
DA:177,3
DA:180,2
DA:187,2
DA:189,1
DA:191,1
DA:196,2
DA:198,5
DA:199,5
DA:201,4
DA:202,4
DA:207,4
DA:213,3
DA:220,3
DA:223,3
DA:227,3
DA:233,1
DA:240,2
DA:245,3
DA:250,3
DA:254,2
DA:257,2
DA:260,1
DA:263,1
DA:265,1
LF:73
LH:73
BRDA:52,0,0,1
BRDA:52,0,1,2
BRDA:140,1,0,5
BRDA:140,1,1,4
BRDA:152,2,0,2
BRDA:152,2,1,0
BRDA:157,3,0,2
BRDA:157,3,1,0
BRF:8
BRH:6
end_of_record
TN:
SF:src/services/course.service.ts
FN:27,uploadCourseLogo
FN:47,deleteCourseLogoFile
FN:87,(anonymous_3)
FN:233,(anonymous_4)
FN:259,(anonymous_5)
FN:272,(anonymous_6)
FN:318,(anonymous_7)
FN:329,(anonymous_8)
FN:391,(anonymous_9)
FN:418,(anonymous_10)
FN:450,(anonymous_11)
FN:497,(anonymous_12)
FN:514,(anonymous_13)
FN:525,(anonymous_14)
FN:636,(anonymous_15)
FN:643,(anonymous_16)
FN:664,(anonymous_17)
FN:703,(anonymous_18)
FN:742,(anonymous_19)
FN:804,(anonymous_20)
FN:842,(anonymous_21)
FNF:21
FNH:0
FNDA:0,uploadCourseLogo
FNDA:0,deleteCourseLogoFile
FNDA:0,(anonymous_3)
FNDA:0,(anonymous_4)
FNDA:0,(anonymous_5)
FNDA:0,(anonymous_6)
FNDA:0,(anonymous_7)
FNDA:0,(anonymous_8)
FNDA:0,(anonymous_9)
FNDA:0,(anonymous_10)
FNDA:0,(anonymous_11)
FNDA:0,(anonymous_12)
FNDA:0,(anonymous_13)
FNDA:0,(anonymous_14)
FNDA:0,(anonymous_15)
FNDA:0,(anonymous_16)
FNDA:0,(anonymous_17)
FNDA:0,(anonymous_18)
FNDA:0,(anonymous_19)
FNDA:0,(anonymous_20)
FNDA:0,(anonymous_21)
DA:3,1
DA:5,1
DA:6,1
DA:7,1
DA:8,1
DA:9,1
DA:16,1
DA:17,1
DA:28,0
DA:29,0
DA:30,0
DA:31,0
DA:33,0
DA:35,0
DA:48,0
DA:49,0
DA:50,0
DA:52,0
DA:54,0
DA:87,1
DA:102,0
DA:107,0
DA:114,0
DA:115,0
DA:122,0
DA:123,0
DA:129,0
DA:130,0
DA:138,0
DA:142,0
DA:144,0
DA:146,0
DA:148,0
DA:150,0
DA:152,0
DA:154,0
DA:156,0
DA:161,0
DA:165,0
DA:166,0
DA:170,0
DA:171,0
DA:175,0
DA:176,0
DA:180,0
DA:181,0
DA:185,0
DA:186,0
DA:193,0
DA:196,0
DA:197,0
DA:200,0
DA:213,0
DA:214,0
DA:215,0
DA:217,0
DA:233,1
DA:235,0
DA:242,0
DA:251,0
DA:253,0
DA:259,1
DA:265,0
DA:272,0
DA:273,0
DA:280,0
DA:281,0
DA:283,0
DA:284,0
DA:286,0
DA:293,0
DA:294,0
DA:295,0
DA:298,0
DA:299,0
DA:307,0
DA:311,0
DA:318,0
DA:319,0
DA:322,0
DA:329,0
DA:330,0
DA:333,0
DA:341,0
DA:342,0
DA:344,0
DA:347,0
DA:348,0
DA:350,0
DA:353,0
DA:356,0
DA:357,0
DA:362,0
DA:371,0
DA:374,0
DA:377,0
DA:378,0
DA:380,0
DA:381,0
DA:382,0
DA:383,0
DA:386,0
DA:387,0
DA:390,0
DA:391,0
DA:392,0
DA:395,0
DA:396,0
DA:398,0
DA:403,0
DA:410,0
DA:412,0
DA:418,1
DA:425,0
DA:432,0
DA:436,0
DA:439,0
DA:446,0
DA:447,0
DA:449,0
DA:450,0
DA:453,0
DA:455,0
DA:462,0
DA:463,0
DA:466,0
DA:468,0
DA:475,0
DA:476,0
DA:477,0
DA:483,0
DA:488,0
DA:491,0
DA:495,0
DA:497,0
DA:498,0
DA:504,0
DA:508,0
DA:514,0
DA:515,0
DA:518,0
DA:525,0
DA:526,0
DA:529,0
DA:539,0
DA:542,0
DA:544,0
DA:549,0
DA:550,0
DA:557,0
DA:558,0
DA:560,0
DA:562,0
DA:563,0
DA:567,0
DA:570,0
DA:572,0
DA:576,0
DA:579,0
DA:580,0
DA:581,0
DA:587,0
DA:597,0
DA:598,0
DA:600,0
DA:603,0
DA:604,0
DA:605,0
DA:609,0
DA:610,0
DA:617,0
DA:620,0
DA:621,0
DA:632,0
DA:635,0
DA:636,0
DA:637,0
DA:642,0
DA:643,0
DA:644,0
DA:647,0
DA:648,0
DA:651,0
DA:664,1
DA:666,0
DA:673,0
DA:677,0
DA:680,0
DA:687,0
DA:692,0
DA:699,0
DA:700,0
DA:702,0
DA:703,0
DA:705,0
DA:707,0
DA:714,0
DA:726,0
DA:742,1
DA:744,0
DA:751,0
DA:755,0
DA:758,0
DA:759,0
DA:761,0
DA:763,0
DA:770,0
DA:786,0
DA:804,1
DA:809,0
DA:813,0
DA:820,0
DA:821,0
DA:823,0
DA:825,0
DA:833,0
DA:834,0
DA:841,0
DA:842,0
DA:843,0
DA:849,0
DA:851,0
LF:222
LH:15
BRDA:38,0,0,0
BRDA:38,0,1,0
BRDA:57,1,0,0
BRDA:57,1,1,0
BRDA:97,2,0,0
BRDA:98,3,0,0
BRDA:103,4,0,0
BRDA:103,4,1,0
BRDA:108,5,0,0
BRDA:108,5,1,0
BRDA:122,6,0,0
BRDA:122,6,1,0
BRDA:129,7,0,0
BRDA:129,7,1,0
BRDA:144,8,0,0
BRDA:144,8,1,0
BRDA:146,9,0,0
BRDA:146,9,1,0
BRDA:152,10,0,0
BRDA:152,10,1,0
BRDA:154,11,0,0
BRDA:154,11,1,0
BRDA:165,12,0,0
BRDA:165,12,1,0
BRDA:170,13,0,0
BRDA:170,13,1,0
BRDA:175,14,0,0
BRDA:175,14,1,0
BRDA:180,15,0,0
BRDA:180,15,1,0
BRDA:185,16,0,0
BRDA:185,16,1,0
BRDA:197,17,0,0
BRDA:197,17,1,0
BRDA:236,18,0,0
BRDA:236,18,1,0
BRDA:266,19,0,0
BRDA:266,19,1,0
BRDA:298,20,0,0
BRDA:298,20,1,0
BRDA:300,21,0,0
BRDA:300,21,1,0
BRDA:319,22,0,0
BRDA:319,22,1,0
BRDA:347,23,0,0
BRDA:347,23,1,0
BRDA:348,24,0,0
BRDA:348,24,1,0
BRDA:350,25,0,0
BRDA:350,25,1,0
BRDA:356,26,0,0
BRDA:356,26,1,0
BRDA:356,27,0,0
BRDA:356,27,1,0
BRDA:377,28,0,0
BRDA:377,28,1,0
BRDA:390,29,0,0
BRDA:390,29,1,0
BRDA:426,30,0,0
BRDA:426,30,1,0
BRDA:456,31,0,0
BRDA:456,31,1,0
BRDA:462,32,0,0
BRDA:462,32,1,0
BRDA:462,33,0,0
BRDA:462,33,1,0
BRDA:463,34,0,0
BRDA:463,34,1,0
BRDA:466,35,0,0
BRDA:466,35,1,0
BRDA:475,36,0,0
BRDA:475,36,1,0
BRDA:491,37,0,0
BRDA:491,37,1,0
BRDA:495,38,0,0
BRDA:495,38,1,0
BRDA:515,39,0,0
BRDA:515,39,1,0
BRDA:542,40,0,0
BRDA:542,40,1,0
BRDA:542,41,0,0
BRDA:542,41,1,0
BRDA:549,42,0,0
BRDA:549,42,1,0
BRDA:549,43,0,0
BRDA:549,43,1,0
BRDA:549,43,2,0
BRDA:557,44,0,0
BRDA:557,44,1,0
BRDA:560,45,0,0
BRDA:560,45,1,0
BRDA:562,46,0,0
BRDA:562,46,1,0
BRDA:572,47,0,0
BRDA:572,47,1,0
BRDA:603,48,0,0
BRDA:603,48,1,0
BRDA:609,49,0,0
BRDA:609,49,1,0
BRDA:635,50,0,0
BRDA:635,50,1,0
BRDA:642,51,0,0
BRDA:642,51,1,0
BRDA:667,52,0,0
BRDA:667,52,1,0
BRDA:708,53,0,0
BRDA:708,53,1,0
BRDA:745,54,0,0
BRDA:745,54,1,0
BRDA:841,55,0,0
BRDA:841,55,1,0
BRF:111
BRH:0
end_of_record
TN:
SF:src/services/enrollment.service.ts
FN:24,(anonymous_1)
FN:51,(anonymous_2)
FN:104,(anonymous_3)
FN:161,(anonymous_4)
FN:228,(anonymous_5)
FN:426,(anonymous_6)
FN:519,(anonymous_7)
FNF:7
FNH:7
FNDA:2,(anonymous_1)
FNDA:1,(anonymous_2)
FNDA:2,(anonymous_3)
FNDA:4,(anonymous_4)
FNDA:7,(anonymous_5)
FNDA:4,(anonymous_6)
FNDA:5,(anonymous_7)
DA:1,3
DA:2,3
DA:3,3
DA:4,3
DA:5,3
DA:6,3
DA:8,3
DA:11,3
DA:12,3
DA:24,3
DA:25,2
DA:29,2
DA:30,1
DA:51,3
DA:57,1
DA:58,1
DA:60,1
DA:61,1
DA:62,1
DA:65,1
DA:74,1
DA:104,3
DA:110,2
DA:111,2
DA:114,2
DA:115,2
DA:117,1
DA:118,1
DA:119,0
DA:122,1
DA:131,1
DA:161,3
DA:168,4
DA:169,4
DA:171,4
DA:172,4
DA:173,4
DA:174,4
DA:176,4
DA:186,4
DA:228,3
DA:237,7
DA:240,7
DA:241,7
DA:244,6
DA:245,6
DA:247,6
DA:254,5
DA:255,1
DA:256,1
DA:257,1
DA:261,4
DA:263,4
DA:268,4
DA:271,4
DA:277,4
DA:287,1
DA:292,1
DA:295,0
DA:297,0
DA:298,0
DA:299,0
DA:301,0
DA:302,0
DA:303,0
DA:311,0
DA:312,0
DA:313,0
DA:315,0
DA:321,0
DA:329,0
DA:330,0
DA:331,0
DA:332,0
DA:335,0
DA:336,0
DA:337,0
DA:338,0
DA:339,0
DA:340,0
DA:341,0
DA:342,0
DA:343,0
DA:344,0
DA:345,0
DA:347,0
DA:352,0
DA:356,1
DA:357,1
DA:358,0
DA:359,1
DA:360,0
DA:361,1
DA:362,0
DA:363,1
DA:364,1
DA:367,1
DA:371,3
DA:372,1
DA:376,1
DA:384,2
DA:394,2
DA:399,2
DA:426,3
DA:437,4
DA:438,4
DA:441,3
DA:442,3
DA:444,3
DA:450,2
DA:451,2
DA:458,1
DA:459,1
DA:460,1
DA:463,1
DA:464,0
DA:465,0
DA:466,0
DA:469,1
DA:470,1
DA:472,1
DA:473,0
DA:476,1
DA:477,1
DA:478,1
DA:479,1
DA:482,1
DA:490,1
DA:519,3
DA:527,5
DA:531,5
DA:534,4
DA:535,4
DA:537,4
DA:543,3
DA:544,3
DA:551,2
DA:553,2
DA:568,1
DA:576,1
LF:140
LH:103
BRDA:57,0,0,0
BRDA:57,1,0,0
BRDA:61,2,0,1
BRDA:61,2,1,0
BRDA:110,3,0,2
BRDA:110,4,0,2
BRDA:118,5,0,0
BRDA:118,5,1,1
BRDA:168,6,0,0
BRDA:168,7,0,0
BRDA:172,8,0,1
BRDA:172,8,1,3
BRDA:173,9,0,0
BRDA:173,9,1,4
BRDA:174,10,0,0
BRDA:174,10,1,4
BRDA:237,11,0,7
BRDA:237,12,0,6
BRDA:254,13,0,1
BRDA:254,13,1,4
BRDA:254,14,0,5
BRDA:254,14,1,1
BRDA:261,15,0,4
BRDA:261,15,1,4
BRDA:261,16,0,1
BRDA:261,16,1,3
BRDA:264,17,0,4
BRDA:264,17,1,3
BRDA:277,18,0,1
BRDA:277,18,1,3
BRDA:292,19,0,0
BRDA:292,19,1,1
BRDA:295,20,0,0
BRDA:295,20,1,0
BRDA:301,21,0,0
BRDA:301,21,1,0
BRDA:306,22,0,0
BRDA:306,22,1,0
BRDA:329,23,0,0
BRDA:329,23,1,0
BRDA:329,24,0,0
BRDA:329,24,1,0
BRDA:357,25,0,0
BRDA:357,25,1,1
BRDA:359,26,0,0
BRDA:359,26,1,1
BRDA:361,27,0,0
BRDA:361,27,1,1
BRDA:363,28,0,1
BRDA:363,28,1,0
BRDA:371,29,0,1
BRDA:371,29,1,2
BRDA:459,30,0,1
BRDA:459,30,1,0
BRDA:463,31,0,0
BRDA:463,31,1,1
BRDA:463,32,0,1
BRDA:463,32,1,1
BRDA:465,33,0,0
BRDA:465,33,1,0
BRDA:469,34,0,1
BRDA:469,34,1,0
BRDA:472,35,0,0
BRDA:472,35,1,1
BRDA:476,36,0,0
BRDA:476,36,1,1
BRDA:477,37,0,1
BRDA:477,37,1,0
BRDA:478,38,0,0
BRDA:478,38,1,1
BRDA:479,39,0,0
BRDA:479,39,1,1
BRDA:556,40,0,1
BRDA:556,40,1,1
BRDA:558,41,0,0
BRDA:558,41,1,1
BRDA:560,42,0,0
BRDA:560,42,1,1
BRDA:562,43,0,0
BRDA:562,43,1,1
BRF:80
BRH:44
end_of_record
TN:
SF:src/services/forum.service.ts
FN:39,(anonymous_1)
FN:138,(anonymous_2)
FN:148,(anonymous_3)
FN:161,(anonymous_4)
FN:173,(anonymous_5)
FN:190,(anonymous_6)
FN:283,(anonymous_7)
FN:297,(anonymous_8)
FN:319,(anonymous_9)
FN:344,(anonymous_10)
FN:371,(anonymous_11)
FN:452,(anonymous_12)
FN:466,(anonymous_13)
FN:498,(anonymous_14)
FN:523,(anonymous_15)
FNF:15
FNH:0
FNDA:0,(anonymous_1)
FNDA:0,(anonymous_2)
FNDA:0,(anonymous_3)
FNDA:0,(anonymous_4)
FNDA:0,(anonymous_5)
FNDA:0,(anonymous_6)
FNDA:0,(anonymous_7)
FNDA:0,(anonymous_8)
FNDA:0,(anonymous_9)
FNDA:0,(anonymous_10)
FNDA:0,(anonymous_11)
FNDA:0,(anonymous_12)
FNDA:0,(anonymous_13)
FNDA:0,(anonymous_14)
FNDA:0,(anonymous_15)
DA:1,1
DA:2,1
DA:3,1
DA:5,1
DA:39,1
DA:56,0
DA:59,0
DA:60,0
DA:63,0
DA:64,0
DA:70,0
DA:71,0
DA:74,0
DA:75,0
DA:78,0
DA:79,0
DA:82,0
DA:83,0
DA:86,0
DA:87,0
DA:90,0
DA:91,0
DA:94,0
DA:95,0
DA:98,0
DA:99,0
DA:103,0
DA:106,0
DA:107,0
DA:110,0
DA:121,0
DA:122,0
DA:123,0
DA:125,0
DA:138,1
DA:139,0
DA:143,0
DA:145,0
DA:148,1
DA:150,0
DA:151,0
DA:153,0
DA:161,1
DA:165,0
DA:166,0
DA:168,0
DA:169,0
DA:170,0
DA:173,1
DA:174,0
DA:175,0
DA:178,0
DA:179,0
DA:185,0
DA:190,1
DA:205,0
DA:208,0
DA:209,0
DA:212,0
DA:213,0
DA:216,0
DA:217,0
DA:223,0
DA:224,0
DA:227,0
DA:228,0
DA:231,0
DA:232,0
DA:235,0
DA:236,0
DA:239,0
DA:240,0
DA:243,0
DA:244,0
DA:248,0
DA:251,0
DA:252,0
DA:255,0
DA:266,0
DA:267,0
DA:268,0
DA:270,0
DA:283,1
DA:285,0
DA:286,0
DA:288,0
DA:292,0
DA:294,0
DA:297,1
DA:299,0
DA:300,0
DA:303,0
DA:304,0
DA:308,0
DA:310,0
DA:312,0
DA:319,1
DA:326,0
DA:327,0
DA:329,0
DA:330,0
DA:333,0
DA:339,0
DA:340,0
DA:341,0
DA:344,1
DA:350,0
DA:351,0
DA:353,0
DA:354,0
DA:357,0
DA:364,0
DA:366,0
DA:371,1
DA:384,0
DA:387,0
DA:388,0
DA:391,0
DA:392,0
DA:395,0
DA:396,0
DA:399,0
DA:400,0
DA:404,0
DA:405,0
DA:408,0
DA:409,0
DA:412,0
DA:413,0
DA:417,0
DA:420,0
DA:421,0
DA:424,0
DA:435,0
DA:436,0
DA:437,0
DA:439,0
DA:452,1
DA:454,0
DA:455,0
DA:457,0
DA:461,0
DA:463,0
DA:466,1
DA:468,0
DA:469,0
DA:472,0
DA:473,0
DA:474,0
DA:475,0
DA:478,0
DA:479,0
DA:483,0
DA:486,0
DA:488,0
DA:491,0
DA:495,0
DA:498,1
DA:505,0
DA:506,0
DA:508,0
DA:509,0
DA:512,0
DA:518,0
DA:519,0
DA:520,0
DA:523,1
DA:529,0
DA:530,0
DA:532,0
DA:533,0
DA:536,0
DA:543,0
DA:546,0
DA:550,0
LF:175
LH:19
BRDA:40,0,0,0
BRDA:41,1,0,0
BRDA:52,2,0,0
BRDA:53,3,0,0
BRDA:63,4,0,0
BRDA:63,4,1,0
BRDA:70,5,0,0
BRDA:70,5,1,0
BRDA:74,6,0,0
BRDA:74,6,1,0
BRDA:78,7,0,0
BRDA:78,7,1,0
BRDA:82,8,0,0
BRDA:82,8,1,0
BRDA:86,9,0,0
BRDA:86,9,1,0
BRDA:90,10,0,0
BRDA:90,10,1,0
BRDA:94,11,0,0
BRDA:94,11,1,0
BRDA:98,12,0,0
BRDA:98,12,1,0
BRDA:107,13,0,0
BRDA:107,13,1,0
BRDA:155,14,0,0
BRDA:155,14,1,0
BRDA:156,15,0,0
BRDA:156,15,1,0
BRDA:182,16,0,0
BRDA:182,16,1,0
BRDA:182,17,0,0
BRDA:182,17,1,0
BRDA:191,18,0,0
BRDA:192,19,0,0
BRDA:201,20,0,0
BRDA:202,21,0,0
BRDA:216,22,0,0
BRDA:216,22,1,0
BRDA:223,23,0,0
BRDA:223,23,1,0
BRDA:227,24,0,0
BRDA:227,24,1,0
BRDA:231,25,0,0
BRDA:231,25,1,0
BRDA:235,26,0,0
BRDA:235,26,1,0
BRDA:239,27,0,0
BRDA:239,27,1,0
BRDA:243,28,0,0
BRDA:243,28,1,0
BRDA:252,29,0,0
BRDA:252,29,1,0
BRDA:314,30,0,0
BRDA:314,30,1,0
BRDA:372,31,0,0
BRDA:373,32,0,0
BRDA:380,33,0,0
BRDA:381,34,0,0
BRDA:395,35,0,0
BRDA:395,35,1,0
BRDA:399,36,0,0
BRDA:399,36,1,0
BRDA:404,37,0,0
BRDA:404,37,1,0
BRDA:405,38,0,0
BRDA:405,38,1,0
BRDA:408,39,0,0
BRDA:408,39,1,0
BRDA:412,40,0,0
BRDA:412,40,1,0
BRDA:421,41,0,0
BRDA:421,41,1,0
BRDA:478,42,0,0
BRDA:478,42,1,0
BRF:74
BRH:0
end_of_record
TN:
SF:src/services/lesson.service.ts
FN:32,(anonymous_1)
FN:60,(anonymous_2)
FN:82,(anonymous_3)
FN:110,(anonymous_4)
FN:154,(anonymous_5)
FN:166,(anonymous_6)
FN:205,(anonymous_7)
FN:272,(anonymous_8)
FN:301,(anonymous_9)
FN:318,(anonymous_10)
FN:333,(anonymous_11)
FN:347,(anonymous_12)
FN:362,(anonymous_13)
FNF:13
FNH:11
FNDA:3,(anonymous_1)
FNDA:3,(anonymous_2)
FNDA:3,(anonymous_3)
FNDA:3,(anonymous_4)
FNDA:1,(anonymous_5)
FNDA:0,(anonymous_6)
FNDA:3,(anonymous_7)
FNDA:4,(anonymous_8)
FNDA:1,(anonymous_9)
FNDA:0,(anonymous_10)
FNDA:1,(anonymous_11)
FNDA:1,(anonymous_12)
FNDA:5,(anonymous_13)
DA:1,2
DA:2,2
DA:3,2
DA:4,2
DA:5,2
DA:6,2
DA:32,2
DA:34,3
DA:35,3
DA:38,3
DA:39,3
DA:43,2
DA:44,0
DA:45,0
DA:48,2
DA:50,2
DA:60,2
DA:61,3
DA:62,3
DA:65,2
DA:66,2
DA:69,2
DA:70,2
DA:71,2
DA:73,2
DA:74,2
DA:82,2
DA:83,3
DA:84,3
DA:87,2
DA:88,2
DA:91,2
DA:92,2
DA:93,2
DA:96,2
DA:100,2
DA:110,2
DA:113,3
DA:116,3
DA:117,1
DA:120,3
DA:121,0
DA:124,3
DA:125,0
DA:128,3
DA:129,0
DA:132,3
DA:133,0
DA:136,3
DA:137,0
DA:141,3
DA:142,0
DA:146,3
DA:149,1
DA:154,1
DA:156,1
DA:160,2
DA:162,0
DA:166,0
DA:168,0
DA:176,3
DA:177,3
DA:178,3
DA:179,3
DA:180,3
DA:183,3
DA:184,3
DA:187,3
DA:188,3
DA:191,3
DA:193,3
DA:200,3
DA:201,3
DA:205,3
DA:206,3
DA:207,3
DA:209,3
DA:210,2
DA:211,2
DA:212,1
DA:214,0
DA:215,0
DA:216,0
DA:217,0
DA:218,0
DA:219,0
DA:220,0
DA:222,1
DA:224,1
DA:230,1
DA:231,0
DA:232,0
DA:233,1
DA:234,1
DA:235,1
DA:237,0
DA:238,0
DA:242,3
DA:250,3
DA:251,3
DA:253,3
DA:272,2
DA:274,4
DA:275,1
DA:279,3
DA:280,3
DA:283,3
DA:293,1
DA:301,1
DA:307,2
DA:309,1
DA:311,1
DA:313,0
DA:318,0
DA:325,1
DA:333,1
DA:340,1
DA:342,1
DA:347,1
DA:355,0
DA:362,2
DA:363,5
DA:364,1
DA:367,4
DA:371,4
DA:374,4
DA:375,4
DA:377,4
DA:378,1
DA:379,1
DA:380,3
DA:382,1
DA:383,1
DA:384,0
DA:385,0
DA:386,1
DA:387,1
DA:388,1
DA:390,2
DA:392,2
DA:398,2
DA:399,1
DA:400,1
DA:401,1
DA:402,1
DA:403,1
DA:408,4
DA:409,0
DA:418,4
LF:149
LH:121
BRDA:43,0,0,0
BRDA:43,0,1,2
BRDA:70,1,0,2
BRDA:70,1,1,0
BRDA:92,2,0,2
BRDA:92,2,1,0
BRDA:116,3,0,1
BRDA:116,3,1,2
BRDA:120,4,0,0
BRDA:120,4,1,3
BRDA:124,5,0,0
BRDA:124,5,1,3
BRDA:128,6,0,0
BRDA:128,6,1,3
BRDA:132,7,0,0
BRDA:132,7,1,3
BRDA:136,8,0,0
BRDA:136,8,1,3
BRDA:141,9,0,0
BRDA:141,9,1,3
BRDA:146,10,0,1
BRDA:146,10,1,2
BRDA:160,11,0,0
BRDA:160,11,1,2
BRDA:195,12,0,0
BRDA:195,12,1,3
BRDA:209,13,0,2
BRDA:209,13,1,1
BRDA:212,14,0,0
BRDA:212,14,1,1
BRDA:215,15,0,0
BRDA:215,15,1,0
BRDA:218,16,0,0
BRDA:218,16,1,0
BRDA:222,17,0,1
BRDA:222,17,1,0
BRDA:230,18,0,0
BRDA:230,18,1,1
BRDA:233,19,0,1
BRDA:233,19,1,0
BRDA:251,20,0,3
BRDA:251,20,1,0
BRDA:274,21,0,1
BRDA:274,21,1,3
BRDA:283,22,0,1
BRDA:283,22,1,2
BRDA:307,23,0,1
BRDA:307,23,1,1
BRDA:311,24,0,0
BRDA:311,24,1,1
BRDA:340,25,0,1
BRDA:340,25,1,0
BRDA:363,26,0,1
BRDA:363,26,1,4
BRDA:377,27,0,1
BRDA:377,27,1,3
BRDA:380,28,0,1
BRDA:380,28,1,2
BRDA:383,29,0,0
BRDA:383,29,1,1
BRDA:386,30,0,1
BRDA:386,30,1,0
BRDA:390,31,0,2
BRDA:390,31,1,0
BRDA:398,32,0,1
BRDA:398,32,1,1
BRDA:401,33,0,1
BRDA:401,33,1,0
BRDA:408,34,0,0
BRDA:408,34,1,4
BRF:70
BRH:43
end_of_record
TN:
SF:src/services/lessonMaterial.service.ts
FN:28,(anonymous_1)
FN:120,(anonymous_2)
FN:127,(anonymous_3)
FN:136,(anonymous_4)
FN:143,(anonymous_5)
FN:200,(anonymous_6)
FN:267,(anonymous_7)
FN:296,(anonymous_8)
FN:323,(anonymous_9)
FN:348,(anonymous_10)
FN:372,(anonymous_11)
FN:399,(anonymous_12)
FN:476,(anonymous_13)
FN:539,(anonymous_14)
FN:595,(anonymous_15)
FN:627,(anonymous_16)
FN:673,(anonymous_17)
FN:681,(anonymous_18)
FN:709,(anonymous_19)
FN:751,(anonymous_20)
FNF:20
FNH:15
FNDA:2,(anonymous_1)
FNDA:1,(anonymous_2)
FNDA:1,(anonymous_3)
FNDA:0,(anonymous_4)
FNDA:0,(anonymous_5)
FNDA:2,(anonymous_6)
FNDA:2,(anonymous_7)
FNDA:0,(anonymous_8)
FNDA:0,(anonymous_9)
FNDA:0,(anonymous_10)
FNDA:1,(anonymous_11)
FNDA:1,(anonymous_12)
FNDA:1,(anonymous_13)
FNDA:1,(anonymous_14)
FNDA:1,(anonymous_15)
FNDA:2,(anonymous_16)
FNDA:2,(anonymous_17)
FNDA:2,(anonymous_18)
FNDA:2,(anonymous_19)
FNDA:1,(anonymous_20)
DA:1,2
DA:2,2
DA:3,2
DA:4,2
DA:5,2
DA:10,2
DA:11,2
DA:18,2
DA:19,2
DA:20,2
DA:28,2
DA:29,2
DA:32,2
DA:33,0
DA:37,2
DA:38,0
DA:74,0
DA:75,0
DA:76,0
DA:77,0
DA:79,0
DA:88,2
DA:89,0
DA:92,2
DA:93,0
DA:96,2
DA:97,0
DA:101,2
DA:102,2
DA:103,0
DA:104,0
DA:112,2
DA:113,2
DA:115,1
DA:120,1
DA:123,1
DA:127,1
DA:129,1
DA:130,1
DA:132,0
DA:136,0
DA:139,0
DA:143,0
DA:145,0
DA:153,2
DA:154,0
DA:157,0
DA:159,0
DA:160,0
DA:161,0
DA:162,0
DA:163,0
DA:164,0
DA:167,0
DA:168,0
DA:169,0
DA:174,2
DA:175,2
DA:176,2
DA:178,2
DA:200,2
DA:201,2
DA:202,2
DA:204,2
DA:205,1
DA:206,1
DA:207,1
DA:209,0
DA:210,0
DA:211,0
DA:213,0
DA:214,0
DA:215,0
DA:217,1
DA:219,1
DA:220,1
DA:226,1
DA:227,1
DA:228,1
DA:234,2
DA:235,2
DA:236,0
DA:239,2
DA:247,2
DA:267,2
DA:269,2
DA:270,0
DA:274,2
DA:275,2
DA:278,2
DA:280,1
DA:285,1
DA:288,0
DA:296,0
DA:297,0
DA:298,0
DA:299,0
DA:301,0
DA:309,0
DA:311,1
DA:313,0
DA:315,0
DA:317,0
DA:323,0
DA:324,0
DA:325,0
DA:326,0
DA:328,0
DA:336,0
DA:339,0
DA:348,0
DA:349,0
DA:350,0
DA:351,0
DA:353,0
DA:361,0
DA:364,1
DA:366,1
DA:372,1
DA:373,1
DA:374,1
DA:375,1
DA:377,1
DA:385,1
DA:389,0
DA:399,2
DA:400,1
DA:401,0
DA:404,1
DA:409,1
DA:412,1
DA:413,1
DA:415,1
DA:416,0
DA:417,0
DA:418,1
DA:420,1
DA:421,1
DA:422,1
DA:424,1
DA:425,1
DA:426,1
DA:428,0
DA:430,0
DA:431,0
DA:437,0
DA:438,0
DA:439,0
DA:444,1
DA:445,0
DA:456,1
DA:457,1
DA:458,1
DA:461,1
DA:476,2
DA:478,1
DA:479,1
DA:482,1
DA:483,0
DA:484,1
DA:486,0
DA:487,0
DA:491,1
DA:495,1
DA:500,1
DA:501,1
DA:504,1
DA:513,1
DA:514,0
DA:516,1
DA:517,0
DA:519,1
DA:520,0
DA:524,1
DA:526,1
DA:539,2
DA:540,1
DA:541,0
DA:544,1
DA:545,1
DA:548,1
DA:549,0
DA:550,1
DA:552,0
DA:553,0
DA:554,0
DA:556,0
DA:560,1
DA:561,1
DA:566,1
DA:570,1
DA:571,1
DA:572,1
DA:573,1
DA:574,1
DA:575,1
DA:576,1
DA:578,1
DA:587,1
DA:595,2
DA:596,1
DA:597,0
DA:600,1
DA:601,1
DA:604,1
DA:605,0
DA:606,1
DA:608,0
DA:609,0
DA:610,0
DA:612,0
DA:615,1
DA:616,1
DA:627,2
DA:635,2
DA:636,2
DA:639,2
DA:640,0
DA:641,2
DA:643,0
DA:644,0
DA:648,2
DA:649,0
DA:653,2
DA:654,2
DA:657,2
DA:662,2
DA:665,2
DA:667,1
DA:668,0
DA:672,1
DA:675,2
DA:680,1
DA:683,2
DA:686,2
DA:687,1
DA:691,1
DA:692,0
DA:696,2
DA:709,2
DA:710,1
DA:719,1
DA:723,1
DA:726,1
DA:729,1
DA:739,1
DA:751,2
DA:752,1
DA:753,0
DA:756,1
DA:761,1
DA:762,1
LF:252
LH:157
BRDA:32,0,0,0
BRDA:32,0,1,2
BRDA:37,1,0,0
BRDA:37,1,1,2
BRDA:74,2,0,0
BRDA:74,2,1,0
BRDA:75,3,0,0
BRDA:75,3,1,0
BRDA:77,4,0,0
BRDA:77,4,1,0
BRDA:88,5,0,0
BRDA:88,5,1,2
BRDA:92,6,0,0
BRDA:92,6,1,2
BRDA:96,7,0,0
BRDA:96,7,1,2
BRDA:102,8,0,0
BRDA:102,8,1,2
BRDA:113,9,0,1
BRDA:113,9,1,1
BRDA:130,10,0,0
BRDA:130,10,1,1
BRDA:153,11,0,0
BRDA:153,11,1,2
BRDA:153,12,0,2
BRDA:153,12,1,2
BRDA:157,13,0,0
BRDA:157,13,1,0
BRDA:157,14,0,0
BRDA:157,14,1,0
BRDA:161,15,0,0
BRDA:161,15,1,0
BRDA:163,16,0,0
BRDA:163,16,1,0
BRDA:167,17,0,0
BRDA:167,17,1,0
BRDA:168,18,0,0
BRDA:168,18,1,0
BRDA:204,19,0,1
BRDA:204,19,1,1
BRDA:207,20,0,0
BRDA:207,20,1,1
BRDA:209,21,0,0
BRDA:209,21,1,0
BRDA:211,22,0,0
BRDA:211,22,1,0
BRDA:213,23,0,0
BRDA:213,23,1,0
BRDA:213,24,0,0
BRDA:213,24,1,0
BRDA:215,25,0,0
BRDA:215,25,1,0
BRDA:217,26,0,1
BRDA:217,26,1,0
BRDA:226,27,0,1
BRDA:226,27,1,0
BRDA:235,28,0,0
BRDA:235,28,1,2
BRDA:235,29,0,2
BRDA:235,29,1,2
BRDA:235,29,2,2
BRDA:236,30,0,0
BRDA:236,30,1,0
BRDA:269,31,0,0
BRDA:269,31,1,2
BRDA:278,32,0,1
BRDA:278,32,1,1
BRDA:298,33,0,0
BRDA:298,33,1,0
BRDA:299,34,0,0
BRDA:299,34,1,0
BRDA:311,35,0,0
BRDA:311,35,1,1
BRDA:315,36,0,0
BRDA:315,36,1,0
BRDA:325,37,0,0
BRDA:325,37,1,0
BRDA:326,38,0,0
BRDA:326,38,1,0
BRDA:350,39,0,0
BRDA:350,39,1,0
BRDA:351,40,0,0
BRDA:351,40,1,0
BRDA:364,41,0,1
BRDA:364,41,1,0
BRDA:374,42,0,1
BRDA:374,42,1,0
BRDA:375,43,0,1
BRDA:375,43,1,1
BRDA:400,44,0,0
BRDA:400,44,1,1
BRDA:415,45,0,0
BRDA:415,45,1,1
BRDA:418,46,0,1
BRDA:418,46,1,0
BRDA:420,47,0,1
BRDA:420,47,1,1
BRDA:422,48,0,1
BRDA:422,48,1,1
BRDA:424,49,0,1
BRDA:424,49,1,0
BRDA:424,50,0,1
BRDA:424,50,1,0
BRDA:426,51,0,1
BRDA:426,51,1,0
BRDA:428,52,0,0
BRDA:428,52,1,0
BRDA:437,53,0,0
BRDA:437,53,1,0
BRDA:444,54,0,0
BRDA:444,54,1,1
BRDA:457,55,0,1
BRDA:457,55,1,0
BRDA:457,56,0,1
BRDA:457,56,1,1
BRDA:458,57,0,1
BRDA:458,57,1,1
BRDA:482,58,0,0
BRDA:482,58,1,1
BRDA:484,59,0,0
BRDA:484,59,1,1
BRDA:501,60,0,1
BRDA:501,60,1,1
BRDA:513,61,0,0
BRDA:513,61,1,1
BRDA:516,62,0,0
BRDA:516,62,1,1
BRDA:519,63,0,0
BRDA:519,63,1,1
BRDA:540,64,0,0
BRDA:540,64,1,1
BRDA:548,65,0,0
BRDA:548,65,1,1
BRDA:550,66,0,0
BRDA:550,66,1,1
BRDA:552,67,0,0
BRDA:552,67,1,0
BRDA:554,68,0,0
BRDA:554,68,1,0
BRDA:556,69,0,0
BRDA:556,69,1,0
BRDA:560,70,0,1
BRDA:560,70,1,0
BRDA:560,71,0,1
BRDA:560,71,1,1
BRDA:571,72,0,1
BRDA:571,72,1,0
BRDA:572,73,0,0
BRDA:572,73,1,1
BRDA:573,74,0,0
BRDA:573,74,1,1
BRDA:574,75,0,0
BRDA:574,75,1,1
BRDA:575,76,0,0
BRDA:575,76,1,1
BRDA:576,77,0,0
BRDA:576,77,1,1
BRDA:596,78,0,0
BRDA:596,78,1,1
BRDA:604,79,0,0
BRDA:604,79,1,1
BRDA:606,80,0,0
BRDA:606,80,1,1
BRDA:608,81,0,0
BRDA:608,81,1,0
BRDA:610,82,0,0
BRDA:610,82,1,0
BRDA:612,83,0,0
BRDA:612,83,1,0
BRDA:639,84,0,0
BRDA:639,84,1,2
BRDA:641,85,0,0
BRDA:641,85,1,2
BRDA:648,86,0,0
BRDA:648,86,1,2
BRDA:653,87,0,2
BRDA:653,87,1,0
BRDA:654,88,0,2
BRDA:654,88,1,0
BRDA:657,89,0,2
BRDA:657,89,1,0
BRDA:665,90,0,1
BRDA:665,90,1,1
BRDA:667,91,0,0
BRDA:667,91,1,1
BRDA:683,92,0,2
BRDA:683,92,1,0
BRDA:683,92,2,0
BRDA:686,93,0,1
BRDA:686,93,1,1
BRDA:686,94,0,2
BRDA:686,94,1,2
BRDA:691,95,0,0
BRDA:691,95,1,1
BRDA:752,96,0,0
BRDA:752,96,1,1
BRF:196
BRH:83
end_of_record
TN:
SF:src/services/lessonProgress.service.ts
FN:11,calcProgressPercent
FN:25,(anonymous_2)
FN:44,(anonymous_3)
FN:69,(anonymous_4)
FN:118,(anonymous_5)
FN:159,(anonymous_6)
FN:175,(anonymous_7)
FN:180,(anonymous_8)
FN:183,(anonymous_9)
FN:185,(anonymous_10)
FN:199,(anonymous_11)
FN:202,(anonymous_12)
FNF:12
FNH:11
FNDA:5,calcProgressPercent
FNDA:2,(anonymous_2)
FNDA:0,(anonymous_3)
FNDA:2,(anonymous_4)
FNDA:1,(anonymous_5)
FNDA:1,(anonymous_6)
FNDA:1,(anonymous_7)
FNDA:2,(anonymous_8)
FNDA:1,(anonymous_9)
FNDA:2,(anonymous_10)
FNDA:2,(anonymous_11)
FNDA:1,(anonymous_12)
DA:1,2
DA:2,2
DA:3,2
DA:4,2
DA:5,2
DA:6,2
DA:7,2
DA:9,2
DA:12,5
DA:13,2
DA:14,2
DA:15,2
DA:25,2
DA:31,2
DA:33,2
DA:34,2
DA:37,2
DA:40,2
DA:41,1
DA:42,1
DA:43,1
DA:44,1
DA:45,1
DA:48,1
DA:53,1
DA:54,0
DA:57,1
DA:59,1
DA:69,2
DA:75,2
DA:76,2
DA:78,2
DA:79,2
DA:82,2
DA:83,1
DA:87,1
DA:88,1
DA:93,1
DA:96,1
DA:97,1
DA:103,1
DA:104,1
DA:105,1
DA:106,1
DA:107,1
DA:110,1
DA:118,2
DA:123,1
DA:125,1
DA:126,1
DA:128,1
DA:129,0
DA:132,1
DA:133,1
DA:138,1
DA:141,1
DA:142,1
DA:148,1
DA:149,1
DA:159,2
DA:165,1
DA:167,1
DA:168,1
DA:170,1
DA:172,1
DA:173,0
DA:174,1
DA:175,1
DA:176,1
DA:179,1
DA:180,2
DA:182,1
DA:183,1
DA:185,1
DA:186,2
DA:187,2
DA:188,2
DA:198,1
DA:199,2
DA:200,1
DA:202,1
DA:204,1
LF:82
LH:79
BRDA:12,0,0,3
BRDA:12,0,1,2
BRDA:12,1,0,5
BRDA:12,1,1,4
BRDA:12,1,2,4
BRDA:12,1,3,2
BRDA:37,2,0,2
BRDA:37,2,1,1
BRDA:40,3,0,1
BRDA:40,3,1,1
BRDA:42,4,0,1
BRDA:42,4,1,0
BRDA:53,5,0,0
BRDA:53,5,1,1
BRDA:57,6,0,1
BRDA:57,6,1,0
BRDA:76,7,0,2
BRDA:76,7,1,2
BRDA:76,7,2,2
BRDA:82,8,0,1
BRDA:82,8,1,1
BRDA:87,9,0,1
BRDA:87,9,1,0
BRDA:103,10,0,1
BRDA:103,10,1,0
BRDA:104,11,0,1
BRDA:104,11,1,0
BRDA:104,12,0,1
BRDA:104,12,1,1
BRDA:104,12,2,1
BRDA:128,13,0,0
BRDA:128,13,1,1
BRDA:132,14,0,1
BRDA:132,14,1,0
BRDA:148,15,0,1
BRDA:148,15,1,0
BRDA:170,16,0,1
BRDA:170,16,1,0
BRDA:172,17,0,0
BRDA:172,17,1,1
BRDA:174,18,0,1
BRDA:174,18,1,0
BRDA:187,19,0,2
BRDA:187,19,1,2
BRDA:194,20,0,2
BRDA:194,20,1,2
BRDA:198,21,0,1
BRDA:198,21,1,0
BRDA:210,22,0,1
BRDA:210,22,1,0
BRF:50
BRH:36
end_of_record
TN:
SF:src/services/major.service.ts
FN:14,(anonymous_1)
FN:92,(anonymous_2)
FN:100,(anonymous_3)
FN:108,(anonymous_4)
FN:122,(anonymous_5)
FN:146,(anonymous_6)
FN:170,(anonymous_7)
FN:185,(anonymous_8)
FNF:8
FNH:0
FNDA:0,(anonymous_1)
FNDA:0,(anonymous_2)
FNDA:0,(anonymous_3)
FNDA:0,(anonymous_4)
FNDA:0,(anonymous_5)
FNDA:0,(anonymous_6)
FNDA:0,(anonymous_7)
FNDA:0,(anonymous_8)
DA:1,1
DA:2,1
DA:3,1
DA:14,1
DA:27,0
DA:30,0
DA:31,0
DA:37,0
DA:38,0
DA:41,0
DA:42,0
DA:45,0
DA:46,0
DA:49,0
DA:50,0
DA:53,0
DA:54,0
DA:58,0
DA:61,0
DA:62,0
DA:65,0
DA:75,0
DA:76,0
DA:77,0
DA:79,0
DA:92,1
DA:93,0
DA:95,0
DA:97,0
DA:100,1
DA:101,0
DA:103,0
DA:105,0
DA:108,1
DA:110,0
DA:111,0
DA:114,0
DA:115,0
DA:116,0
DA:119,0
DA:122,1
DA:126,0
DA:127,0
DA:130,0
DA:131,0
DA:132,0
DA:136,0
DA:137,0
DA:138,0
DA:141,0
DA:142,0
DA:143,0
DA:146,1
DA:150,0
DA:151,0
DA:154,0
DA:155,0
DA:156,0
DA:160,0
DA:161,0
DA:162,0
DA:165,0
DA:166,0
DA:167,0
DA:170,1
DA:171,0
DA:172,0
DA:175,0
DA:176,0
DA:182,0
DA:185,1
DA:186,0
DA:187,0
DA:190,0
DA:191,0
DA:197,0
LF:76
LH:11
BRDA:23,0,0,0
BRDA:24,1,0,0
BRDA:30,2,0,0
BRDA:30,2,1,0
BRDA:37,3,0,0
BRDA:37,3,1,0
BRDA:41,4,0,0
BRDA:41,4,1,0
BRDA:45,5,0,0
BRDA:45,5,1,0
BRDA:49,6,0,0
BRDA:49,6,1,0
BRDA:53,7,0,0
BRDA:53,7,1,0
BRDA:62,8,0,0
BRDA:62,8,1,0
BRDA:114,9,0,0
BRDA:114,9,1,0
BRDA:130,10,0,0
BRDA:130,10,1,0
BRDA:130,11,0,0
BRDA:130,11,1,0
BRDA:136,12,0,0
BRDA:136,12,1,0
BRDA:136,13,0,0
BRDA:136,13,1,0
BRDA:154,14,0,0
BRDA:154,14,1,0
BRDA:154,15,0,0
BRDA:154,15,1,0
BRDA:160,16,0,0
BRDA:160,16,1,0
BRDA:160,17,0,0
BRDA:160,17,1,0
BRDA:179,18,0,0
BRDA:179,18,1,0
BRDA:194,19,0,0
BRDA:194,19,1,0
BRF:38
BRH:0
end_of_record
TN:
SF:src/services/quizQuestion.service.ts
FN:25,(anonymous_1)
FN:63,(anonymous_2)
FN:97,(anonymous_3)
FN:131,(anonymous_4)
FN:173,(anonymous_5)
FN:209,(anonymous_6)
FN:276,(anonymous_7)
FN:337,(anonymous_8)
FN:394,(anonymous_9)
FN:424,(anonymous_10)
FN:461,(anonymous_11)
FNF:11
FNH:0
FNDA:0,(anonymous_1)
FNDA:0,(anonymous_2)
FNDA:0,(anonymous_3)
FNDA:0,(anonymous_4)
FNDA:0,(anonymous_5)
FNDA:0,(anonymous_6)
FNDA:0,(anonymous_7)
FNDA:0,(anonymous_8)
FNDA:0,(anonymous_9)
FNDA:0,(anonymous_10)
FNDA:0,(anonymous_11)
DA:1,1
DA:2,1
DA:4,1
DA:5,1
DA:6,1
DA:7,1
DA:13,1
DA:14,1
DA:15,1
DA:25,1
DA:27,0
DA:30,0
DA:34,0
DA:36,0
DA:37,0
DA:40,0
DA:41,0
DA:42,0
DA:45,0
DA:46,0
DA:49,0
DA:50,0
DA:51,0
DA:52,0
DA:53,0
DA:56,0
DA:59,0
DA:60,0
DA:61,0
DA:63,0
DA:64,0
DA:65,0
DA:66,0
DA:67,0
DA:68,0
DA:72,0
DA:82,0
DA:83,0
DA:85,0
DA:97,1
DA:101,0
DA:102,0
DA:103,0
DA:105,0
DA:110,0
DA:114,0
DA:118,0
DA:124,0
DA:129,0
DA:131,0
DA:133,0
DA:136,0
DA:139,0
DA:142,0
DA:145,0
DA:146,0
DA:149,0
DA:152,0
DA:153,0
DA:154,0
DA:155,0
DA:158,0
DA:159,0
DA:160,0
DA:161,0
DA:164,0
DA:165,0
DA:169,0
DA:172,0
DA:173,0
DA:174,0
DA:175,0
DA:176,0
DA:177,0
DA:185,0
DA:186,0
DA:209,1
DA:219,0
DA:221,0
DA:222,0
DA:223,0
DA:224,0
DA:226,0
DA:227,0
DA:229,0
DA:230,0
DA:231,0
DA:232,0
DA:236,0
DA:237,0
DA:238,0
DA:240,0
DA:248,0
DA:250,0
DA:276,1
DA:286,0
DA:287,0
DA:290,0
DA:301,0
DA:302,0
DA:303,0
DA:307,0
DA:308,0
DA:312,0
DA:313,0
DA:315,0
DA:316,0
DA:319,0
DA:337,1
DA:348,0
DA:349,0
DA:351,0
DA:352,0
DA:354,0
DA:355,0
DA:357,0
DA:358,0
DA:359,0
DA:361,0
DA:362,0
DA:363,0
DA:364,0
DA:367,0
DA:383,0
DA:385,0
DA:394,1
DA:395,0
DA:396,0
DA:398,0
DA:403,0
DA:409,0
DA:410,0
DA:411,0
DA:414,0
DA:424,1
DA:425,0
DA:428,0
DA:431,0
DA:438,0
DA:443,0
DA:450,0
DA:452,0
DA:453,0
DA:454,0
DA:458,0
DA:461,1
DA:465,0
DA:466,0
DA:468,0
DA:473,0
LF:150
LH:17
BRDA:34,0,0,0
BRDA:34,0,1,0
BRDA:41,1,0,0
BRDA:41,1,1,0
BRDA:42,2,0,0
BRDA:42,2,1,0
BRDA:45,3,0,0
BRDA:45,3,1,0
BRDA:46,4,0,0
BRDA:46,4,1,0
BRDA:50,5,0,0
BRDA:50,5,1,0
BRDA:51,6,0,0
BRDA:51,6,1,0
BRDA:53,7,0,0
BRDA:53,7,1,0
BRDA:59,8,0,0
BRDA:59,8,1,0
BRDA:64,9,0,0
BRDA:64,9,1,0
BRDA:65,10,0,0
BRDA:65,10,1,0
BRDA:67,11,0,0
BRDA:67,11,1,0
BRDA:74,12,0,0
BRDA:74,12,1,0
BRDA:78,13,0,0
BRDA:78,13,1,0
BRDA:139,14,0,0
BRDA:139,14,1,0
BRDA:172,15,0,0
BRDA:172,15,1,0
BRDA:172,16,0,0
BRDA:172,16,1,0
BRDA:174,17,0,0
BRDA:174,17,1,0
BRDA:210,18,0,0
BRDA:211,19,0,0
BRDA:215,20,0,0
BRDA:221,21,0,0
BRDA:221,21,1,0
BRDA:226,22,0,0
BRDA:226,22,1,0
BRDA:227,23,0,0
BRDA:227,23,1,0
BRDA:229,24,0,0
BRDA:229,24,1,0
BRDA:229,25,0,0
BRDA:229,25,1,0
BRDA:231,26,0,0
BRDA:231,26,1,0
BRDA:232,27,0,0
BRDA:232,27,1,0
BRDA:238,28,0,0
BRDA:238,28,1,0
BRDA:283,29,0,0
BRDA:301,30,0,0
BRDA:301,30,1,0
BRDA:345,31,0,0
BRDA:357,32,0,0
BRDA:357,32,1,0
BRDA:358,33,0,0
BRDA:358,33,1,0
BRDA:359,34,0,0
BRDA:359,34,1,0
BRDA:410,35,0,0
BRDA:410,35,1,0
BRDA:411,36,0,0
BRDA:411,36,1,0
BRDA:453,37,0,0
BRDA:453,37,1,0
BRDA:454,38,0,0
BRDA:454,38,1,0
BRDA:462,39,0,0
BRF:74
BRH:0
end_of_record
TN:
SF:src/services/specialist.service.ts
FN:17,(anonymous_1)
FN:107,(anonymous_2)
FN:115,(anonymous_3)
FN:123,(anonymous_4)
FN:135,(anonymous_5)
FN:165,(anonymous_6)
FN:195,(anonymous_7)
FN:213,(anonymous_8)
FNF:8
FNH:0
FNDA:0,(anonymous_1)
FNDA:0,(anonymous_2)
FNDA:0,(anonymous_3)
FNDA:0,(anonymous_4)
FNDA:0,(anonymous_5)
FNDA:0,(anonymous_6)
FNDA:0,(anonymous_7)
FNDA:0,(anonymous_8)
DA:1,1
DA:2,1
DA:3,1
DA:17,1
DA:32,0
DA:35,0
DA:36,0
DA:39,0
DA:40,0
DA:43,0
DA:44,0
DA:47,0
DA:48,0
DA:51,0
DA:52,0
DA:55,0
DA:56,0
DA:59,0
DA:60,0
DA:64,0
DA:65,0
DA:72,0
DA:75,0
DA:76,0
DA:79,0
DA:90,0
DA:91,0
DA:92,0
DA:94,0
DA:107,1
DA:108,0
DA:110,0
DA:112,0
DA:115,1
DA:116,0
DA:118,0
DA:120,0
DA:123,1
DA:125,0
DA:126,0
DA:129,0
DA:130,0
DA:132,0
DA:135,1
DA:139,0
DA:140,0
DA:143,0
DA:144,0
DA:145,0
DA:149,0
DA:150,0
DA:151,0
DA:155,0
DA:156,0
DA:157,0
DA:160,0
DA:161,0
DA:162,0
DA:165,1
DA:169,0
DA:170,0
DA:173,0
DA:174,0
DA:175,0
DA:179,0
DA:180,0
DA:181,0
DA:185,0
DA:186,0
DA:187,0
DA:190,0
DA:191,0
DA:192,0
DA:195,1
DA:196,0
DA:197,0
DA:200,0
DA:204,0
DA:210,0
DA:213,1
DA:214,0
DA:215,0
DA:218,0
DA:222,0
DA:228,0
LF:85
LH:11
BRDA:28,0,0,0
BRDA:29,1,0,0
BRDA:35,2,0,0
BRDA:35,2,1,0
BRDA:39,3,0,0
BRDA:39,3,1,0
BRDA:43,4,0,0
BRDA:43,4,1,0
BRDA:47,5,0,0
BRDA:47,5,1,0
BRDA:51,6,0,0
BRDA:51,6,1,0
BRDA:55,7,0,0
BRDA:55,7,1,0
BRDA:59,8,0,0
BRDA:59,8,1,0
BRDA:64,9,0,0
BRDA:64,9,1,0
BRDA:76,10,0,0
BRDA:76,10,1,0
BRDA:143,11,0,0
BRDA:143,11,1,0
BRDA:143,12,0,0
BRDA:143,12,1,0
BRDA:149,13,0,0
BRDA:149,13,1,0
BRDA:149,14,0,0
BRDA:149,14,1,0
BRDA:155,15,0,0
BRDA:155,15,1,0
BRDA:155,16,0,0
BRDA:155,16,1,0
BRDA:173,17,0,0
BRDA:173,17,1,0
BRDA:173,18,0,0
BRDA:173,18,1,0
BRDA:179,19,0,0
BRDA:179,19,1,0
BRDA:179,20,0,0
BRDA:179,20,1,0
BRDA:185,21,0,0
BRDA:185,21,1,0
BRDA:185,22,0,0
BRDA:185,22,1,0
BRDA:205,23,0,0
BRDA:205,23,1,0
BRDA:207,24,0,0
BRDA:207,24,1,0
BRDA:207,25,0,0
BRDA:207,25,1,0
BRDA:207,26,0,0
BRDA:207,26,1,0
BRDA:223,27,0,0
BRDA:223,27,1,0
BRDA:225,28,0,0
BRDA:225,28,1,0
BRDA:225,29,0,0
BRDA:225,29,1,0
BRDA:225,30,0,0
BRDA:225,30,1,0
BRF:60
BRH:0
end_of_record
TN:
SF:src/services/submission.service.ts
FN:9,(anonymous_1)
FN:52,(anonymous_2)
FN:84,(anonymous_3)
FN:108,(anonymous_4)
FN:115,(anonymous_5)
FNF:5
FNH:0
FNDA:0,(anonymous_1)
FNDA:0,(anonymous_2)
FNDA:0,(anonymous_3)
FNDA:0,(anonymous_4)
FNDA:0,(anonymous_5)
DA:1,1
DA:2,1
DA:3,1
DA:4,1
DA:5,1
DA:6,1
DA:9,1
DA:18,0
DA:19,0
DA:22,0
DA:23,0
DA:24,0
DA:33,0
DA:34,0
DA:36,0
DA:47,0
DA:52,1
DA:60,0
DA:61,0
DA:64,0
DA:66,0
DA:67,0
DA:69,0
DA:70,0
DA:72,0
DA:73,0
DA:74,0
DA:75,0
DA:76,0
DA:77,0
DA:79,0
DA:80,0
DA:84,1
DA:88,0
DA:92,0
DA:93,0
DA:99,0
DA:108,1
DA:109,0
DA:115,1
DA:123,0
DA:124,0
DA:127,0
DA:128,0
DA:131,0
DA:132,0
DA:139,0
DA:140,0
DA:141,0
DA:142,0
DA:143,0
DA:146,0
DA:147,0
DA:149,0
DA:156,0
DA:159,0
LF:56
LH:11
BRDA:23,0,0,0
BRDA:23,0,1,0
BRDA:34,1,0,0
BRDA:34,1,1,0
BRDA:42,2,0,0
BRDA:42,2,1,0
BRDA:44,3,0,0
BRDA:44,3,1,0
BRDA:70,4,0,0
BRDA:70,4,1,0
BRDA:74,5,0,0
BRDA:74,5,1,0
BRDA:75,6,0,0
BRDA:75,6,1,0
BRDA:77,7,0,0
BRDA:77,7,1,0
BRDA:92,8,0,0
BRDA:92,8,1,0
BRDA:131,9,0,0
BRDA:131,9,1,0
BRDA:133,10,0,0
BRDA:133,10,1,0
BRDA:146,11,0,0
BRDA:146,11,1,0
BRDA:151,12,0,0
BRDA:151,12,1,0
BRF:26
BRH:0
end_of_record
TN:
SF:src/services/user.service.ts
FN:9,(anonymous_1)
FN:51,(anonymous_2)
FN:54,(anonymous_3)
FN:62,(anonymous_4)
FN:87,formatUserResponse
FNF:5
FNH:0
FNDA:0,(anonymous_1)
FNDA:0,(anonymous_2)
FNDA:0,(anonymous_3)
FNDA:0,(anonymous_4)
FNDA:0,formatUserResponse
DA:1,1
DA:2,1
DA:3,1
DA:4,1
DA:6,1
DA:9,1
DA:14,0
DA:15,0
DA:17,0
DA:20,0
DA:22,0
DA:24,0
DA:25,0
DA:27,0
DA:28,0
DA:30,0
DA:34,0
DA:35,0
DA:37,0
DA:50,0
DA:51,0
DA:54,0
DA:55,0
DA:56,0
DA:62,0
DA:63,0
DA:66,0
DA:71,0
DA:72,0
DA:73,0
DA:75,0
DA:88,0
DA:97,0
DA:98,0
DA:105,0
DA:106,0
DA:107,0
DA:110,0
LF:38
LH:6
BRDA:17,0,0,0
BRDA:17,1,0,0
BRDA:24,2,0,0
BRDA:24,2,1,0
BRDA:25,3,0,0
BRDA:25,3,1,0
BRDA:27,4,0,0
BRDA:27,4,1,0
BRDA:27,5,0,0
BRDA:27,5,1,0
BRDA:34,6,0,0
BRDA:34,6,1,0
BRDA:35,7,0,0
BRDA:35,7,1,0
BRDA:94,8,0,0
BRDA:94,8,1,0
BRDA:97,9,0,0
BRDA:97,9,1,0
BRDA:105,10,0,0
BRDA:105,10,1,0
BRF:20
BRH:0
end_of_record
TN:
SF:src/types/enrollment.type.ts
FN:3,(anonymous_0)
FN:12,(anonymous_1)
FN:16,(anonymous_2)
FNF:3
FNH:3
FNDA:9,(anonymous_0)
FNDA:9,(anonymous_1)
FNDA:9,(anonymous_2)
DA:3,9
DA:4,9
DA:5,9
DA:6,9
DA:7,9
DA:8,9
DA:9,9
DA:12,9
DA:13,9
DA:14,9
DA:16,9
DA:17,9
DA:18,9
DA:19,9
DA:20,9
LF:15
LH:15
BRDA:3,0,0,9
BRDA:3,0,1,9
BRDA:12,1,0,9
BRDA:12,1,1,9
BRDA:16,2,0,9
BRDA:16,2,1,9
BRF:6
BRH:6
end_of_record
TN:
SF:src/types/forum.type.ts
FN:15,(anonymous_0)
FNF:1
FNH:1
FNDA:1,(anonymous_0)
DA:15,1
DA:17,1
DA:19,1
LF:3
LH:3
BRDA:15,0,0,1
BRDA:15,0,1,1
BRF:2
BRH:2
end_of_record
TN:
SF:src/types/quizQuestion.type.ts
FN:3,(anonymous_0)
FNF:1
FNH:1
FNDA:1,(anonymous_0)
DA:3,1
DA:4,1
DA:5,1
DA:6,1
DA:7,1
LF:5
LH:5
BRDA:3,0,0,1
BRDA:3,0,1,1
BRF:2
BRH:2
end_of_record
TN:
SF:src/types/submission.type.ts
FN:3,(anonymous_0)
FNF:1
FNH:1
FNDA:1,(anonymous_0)
DA:3,1
DA:4,1
DA:5,1
DA:6,1
DA:7,1
DA:8,1
LF:6
LH:6
BRDA:3,0,0,1
BRDA:3,0,1,1
BRF:2
BRH:2
end_of_record
TN:
SF:src/utils/AppError.ts
FN:5,(anonymous_0)
FNF:1
FNH:1
FNDA:132,(anonymous_0)
DA:4,8
DA:6,132
DA:7,132
DA:8,132
DA:10,132
DA:14,8
LF:6
LH:6
BRF:0
BRH:0
end_of_record
TN:
SF:src/utils/appAssert.ts
FN:16,(anonymous_1)
FNF:1
FNH:1
FNDA:119,(anonymous_1)
DA:1,8
DA:2,8
DA:16,8
DA:21,119
DA:23,8
LF:5
LH:5
BRF:0
BRH:0
end_of_record
TN:
SF:src/utils/asyncHandler.ts
FN:3,(anonymous_0)
FN:3,(anonymous_1)
FN:13,(anonymous_2)
FN:14,(anonymous_3)
FNF:4
FNH:2
FNDA:0,(anonymous_0)
FNDA:0,(anonymous_1)
FNDA:122,(anonymous_2)
FNDA:64,(anonymous_3)
DA:3,5
DA:4,0
DA:12,5
DA:13,5
DA:14,122
DA:15,64
DA:16,64
DA:18,34
LF:8
LH:7
BRF:0
BRH:0
end_of_record
TN:
SF:src/utils/bcrypt.ts
FN:3,(anonymous_1)
FN:7,(anonymous_2)
FN:8,(anonymous_3)
FNF:3
FNH:1
FNDA:2,(anonymous_1)
FNDA:0,(anonymous_2)
FNDA:0,(anonymous_3)
DA:1,3
DA:3,3
DA:4,2
DA:7,3
DA:8,0
LF:5
LH:4
BRDA:4,0,0,2
BRDA:4,0,1,2
BRF:2
BRH:2
end_of_record
TN:
SF:src/utils/cookies.ts
FN:13,(anonymous_0)
FN:18,(anonymous_1)
FN:30,(anonymous_2)
FN:36,(anonymous_3)
FNF:4
FNH:1
FNDA:0,(anonymous_0)
FNDA:0,(anonymous_1)
FNDA:0,(anonymous_2)
FNDA:1,(anonymous_3)
DA:2,1
DA:4,1
DA:5,1
DA:7,1
DA:13,1
DA:18,1
DA:30,1
DA:31,0
DA:36,1
DA:37,1
LF:10
LH:9
BRF:0
BRH:0
end_of_record
TN:
SF:src/utils/date.ts
FN:3,(anonymous_0)
FN:7,(anonymous_1)
FN:11,(anonymous_2)
FN:15,(anonymous_3)
FN:18,(anonymous_4)
FNF:5
FNH:4
FNDA:3,(anonymous_0)
FNDA:2,(anonymous_1)
FNDA:0,(anonymous_2)
FNDA:4,(anonymous_3)
FNDA:3,(anonymous_4)
DA:1,2
DA:3,2
DA:4,3
DA:7,2
DA:8,2
DA:11,2
DA:12,0
DA:15,2
DA:16,4
DA:18,2
DA:19,3
LF:11
LH:10
BRF:0
BRH:0
end_of_record
TN:
SF:src/utils/emailTemplates.ts
FN:1,(anonymous_0)
FN:7,(anonymous_1)
FNF:2
FNH:2
FNDA:3,(anonymous_0)
FNDA:3,(anonymous_1)
DA:1,3
DA:7,3
LF:2
LH:2
BRF:0
BRH:0
end_of_record
TN:
SF:src/utils/filePrefix.ts
FN:3,(anonymous_0)
FN:10,(anonymous_1)
FN:18,(anonymous_2)
FN:25,(anonymous_3)
FNF:4
FNH:1
FNDA:2,(anonymous_0)
FNDA:0,(anonymous_1)
FNDA:0,(anonymous_2)
FNDA:0,(anonymous_3)
DA:3,2
DA:7,2
DA:10,2
DA:15,0
DA:18,2
DA:22,0
DA:25,2
DA:26,0
LF:8
LH:5
BRF:0
BRH:0
end_of_record
TN:
SF:src/utils/jwt.ts
FN:31,(anonymous_1)
FN:39,(anonymous_2)
FNF:2
FNH:0
FNDA:0,(anonymous_1)
FNDA:0,(anonymous_2)
DA:1,1
DA:4,1
DA:17,1
DA:21,1
DA:26,1
DA:31,1
DA:35,0
DA:36,0
DA:39,1
DA:43,0
DA:44,0
DA:45,0
DA:49,0
DA:51,0
LF:14
LH:7
BRDA:35,0,0,0
BRDA:35,0,1,0
BRDA:43,1,0,0
BRDA:43,2,0,0
BRDA:43,2,1,0
BRF:5
BRH:0
end_of_record
TN:
SF:src/utils/time.ts
FN:18,(anonymous_1)
FN:24,(anonymous_2)
FN:31,(anonymous_3)
FN:38,(anonymous_4)
FN:46,(anonymous_5)
FN:54,(anonymous_6)
FN:66,(anonymous_7)
FN:88,(anonymous_8)
FN:105,(anonymous_9)
FNF:9
FNH:2
FNDA:0,(anonymous_1)
FNDA:0,(anonymous_2)
FNDA:15,(anonymous_3)
FNDA:8,(anonymous_4)
FNDA:0,(anonymous_5)
FNDA:0,(anonymous_6)
FNDA:0,(anonymous_7)
FNDA:0,(anonymous_8)
FNDA:0,(anonymous_9)
DA:1,2
DA:2,2
DA:3,2
DA:4,2
DA:5,2
DA:8,2
DA:9,2
DA:11,2
DA:12,2
DA:18,2
DA:24,2
DA:25,0
DA:31,15
DA:38,2
DA:39,8
DA:46,2
DA:47,0
DA:54,2
DA:55,0
DA:66,2
DA:71,0
DA:72,0
DA:78,0
DA:88,2
DA:92,0
DA:93,0
DA:99,0
DA:105,2
DA:109,0
DA:110,0
DA:116,0
LF:31
LH:19
BRDA:90,0,0,0
BRDA:107,1,0,0
BRF:2
BRH:0
end_of_record
TN:
SF:src/utils/uploadFile.ts
FN:16,(anonymous_1)
FN:48,(anonymous_2)
FN:65,(anonymous_3)
FN:81,(anonymous_4)
FN:90,(anonymous_5)
FN:114,(anonymous_6)
FN:130,(anonymous_7)
FN:146,(anonymous_8)
FN:162,deleteFilesByPrefix
FN:174,(anonymous_10)
FN:182,(anonymous_11)
FN:189,(anonymous_12)
FN:190,(anonymous_13)
FNF:13
FNH:1
FNDA:0,(anonymous_1)
FNDA:0,(anonymous_2)
FNDA:0,(anonymous_3)
FNDA:0,(anonymous_4)
FNDA:1,(anonymous_5)
FNDA:0,(anonymous_6)
FNDA:0,(anonymous_7)
FNDA:0,(anonymous_8)
FNDA:0,deleteFilesByPrefix
FNDA:0,(anonymous_10)
FNDA:0,(anonymous_11)
FNDA:0,(anonymous_12)
FNDA:0,(anonymous_13)
DA:1,2
DA:2,2
DA:3,2
DA:4,2
DA:5,2
DA:6,2
DA:7,2
DA:16,2
DA:17,0
DA:18,0
DA:19,0
DA:25,0
DA:27,0
DA:35,0
DA:48,2
DA:52,0
DA:53,0
DA:54,0
DA:55,0
DA:57,0
DA:65,2
DA:66,0
DA:67,0
DA:69,0
DA:81,2
DA:82,0
DA:90,2
DA:95,1
DA:96,1
DA:102,0
DA:114,2
DA:115,0
DA:116,0
DA:118,0
DA:130,2
DA:131,0
DA:132,0
DA:134,0
DA:146,2
DA:147,0
DA:148,0
DA:150,0
DA:162,2
DA:163,0
DA:164,0
DA:165,0
DA:167,0
DA:168,0
DA:170,0
DA:171,0
DA:174,0
DA:175,0
DA:182,0
DA:183,0
DA:184,0
DA:185,0
DA:189,0
DA:190,0
DA:191,0
DA:192,0
DA:197,0
DA:198,0
DA:199,0
DA:202,0
DA:205,0
DA:206,0
DA:207,0
DA:208,0
DA:209,0
DA:211,0
DA:212,0
DA:217,0
DA:221,0
DA:224,0
DA:225,0
DA:230,0
LF:76
LH:18
BRDA:21,0,0,0
BRDA:21,0,1,0
BRDA:92,1,0,0
BRDA:98,2,0,1
BRDA:98,2,1,0
BRDA:183,3,0,0
BRDA:183,3,1,0
BRDA:197,4,0,0
BRDA:197,4,1,0
BRDA:217,5,0,0
BRDA:217,5,1,0
BRDA:224,6,0,0
BRDA:224,6,1,0
BRF:13
BRH:1
end_of_record
TN:
SF:src/validators/assignment.schemas.ts
FN:11,(anonymous_1)
FN:12,(anonymous_2)
FN:16,(anonymous_3)
FN:17,(anonymous_4)
FN:25,(anonymous_5)
FN:29,(anonymous_6)
FN:45,(anonymous_7)
FN:58,(anonymous_8)
FNF:8
FNH:0
FNDA:0,(anonymous_1)
FNDA:0,(anonymous_2)
FNDA:0,(anonymous_3)
FNDA:0,(anonymous_4)
FNDA:0,(anonymous_5)
FNDA:0,(anonymous_6)
FNDA:0,(anonymous_7)
FNDA:0,(anonymous_8)
DA:1,1
DA:4,1
DA:7,1
DA:11,0
DA:12,0
DA:16,0
DA:17,0
DA:25,0
DA:29,0
DA:36,1
DA:45,0
DA:51,1
DA:58,0
LF:13
LH:5
BRDA:11,0,0,0
BRDA:11,0,1,0
BRDA:16,1,0,0
BRDA:16,1,1,0
BRDA:17,2,0,0
BRDA:17,2,1,0
BRDA:25,3,0,0
BRDA:25,3,1,0
BRDA:29,4,0,0
BRDA:29,4,1,0
BRDA:45,5,0,0
BRDA:45,5,1,0
BRDA:58,6,0,0
BRDA:58,6,1,0
BRF:14
BRH:0
end_of_record
TN:
SF:src/validators/auth.schemas.ts
FN:28,(anonymous_1)
FNF:1
FNH:1
FNDA:6,(anonymous_1)
DA:1,1
DA:2,1
DA:4,1
DA:9,1
DA:13,1
DA:17,1
DA:23,1
DA:28,6
DA:33,1
DA:34,1
LF:10
LH:10
BRF:0
BRH:0
end_of_record
TN:
SF:src/validators/course.schemas.ts
FN:9,(anonymous_1)
FN:10,(anonymous_2)
FN:14,(anonymous_3)
FN:15,(anonymous_4)
FN:24,(anonymous_5)
FN:36,(anonymous_6)
FN:44,(anonymous_7)
FN:67,(anonymous_8)
FN:71,(anonymous_9)
FN:75,(anonymous_10)
FN:89,(anonymous_11)
FN:95,(anonymous_12)
FN:103,(anonymous_13)
FN:110,(anonymous_14)
FN:118,(anonymous_15)
FN:122,(anonymous_16)
FN:139,(anonymous_17)
FN:143,(anonymous_18)
FN:147,(anonymous_19)
FN:160,(anonymous_20)
FN:167,(anonymous_21)
FN:174,(anonymous_22)
FN:181,(anonymous_23)
FN:188,(anonymous_24)
FN:193,(anonymous_25)
FNF:25
FNH:0
FNDA:0,(anonymous_1)
FNDA:0,(anonymous_2)
FNDA:0,(anonymous_3)
FNDA:0,(anonymous_4)
FNDA:0,(anonymous_5)
FNDA:0,(anonymous_6)
FNDA:0,(anonymous_7)
FNDA:0,(anonymous_8)
FNDA:0,(anonymous_9)
FNDA:0,(anonymous_10)
FNDA:0,(anonymous_11)
FNDA:0,(anonymous_12)
FNDA:0,(anonymous_13)
FNDA:0,(anonymous_14)
FNDA:0,(anonymous_15)
FNDA:0,(anonymous_16)
FNDA:0,(anonymous_17)
FNDA:0,(anonymous_18)
FNDA:0,(anonymous_19)
FNDA:0,(anonymous_20)
FNDA:0,(anonymous_21)
FNDA:0,(anonymous_22)
FNDA:0,(anonymous_23)
FNDA:0,(anonymous_24)
FNDA:0,(anonymous_25)
DA:1,1
DA:5,1
DA:9,0
DA:10,0
DA:14,0
DA:15,0
DA:25,0
DA:26,0
DA:27,0
DA:37,0
DA:38,0
DA:39,0
DA:45,0
DA:46,0
DA:57,1
DA:67,0
DA:71,0
DA:76,0
DA:78,0
DA:79,0
DA:80,0
DA:82,0
DA:89,0
DA:95,0
DA:103,0
DA:110,0
DA:118,0
DA:122,0
DA:130,1
DA:139,0
DA:143,0
DA:148,0
DA:150,0
DA:151,0
DA:152,0
DA:154,0
DA:160,0
DA:167,0
DA:174,0
DA:181,0
DA:188,0
DA:195,0
DA:196,0
DA:198,0
DA:209,1
LF:45
LH:5
BRDA:9,0,0,0
BRDA:9,0,1,0
BRDA:14,1,0,0
BRDA:14,1,1,0
BRDA:15,2,0,0
BRDA:15,2,1,0
BRDA:25,3,0,0
BRDA:25,3,1,0
BRDA:26,4,0,0
BRDA:26,4,1,0
BRDA:37,5,0,0
BRDA:37,5,1,0
BRDA:38,6,0,0
BRDA:38,6,1,0
BRDA:45,7,0,0
BRDA:45,7,1,0
BRDA:76,8,0,0
BRDA:76,8,1,0
BRDA:79,9,0,0
BRDA:79,9,1,0
BRDA:79,10,0,0
BRDA:79,10,1,0
BRDA:79,10,2,0
BRDA:95,11,0,0
BRDA:95,11,1,0
BRDA:110,12,0,0
BRDA:110,12,1,0
BRDA:139,13,0,0
BRDA:139,13,1,0
BRDA:143,14,0,0
BRDA:143,14,1,0
BRDA:148,15,0,0
BRDA:148,15,1,0
BRDA:151,16,0,0
BRDA:151,16,1,0
BRDA:151,17,0,0
BRDA:151,17,1,0
BRDA:151,17,2,0
BRDA:167,18,0,0
BRDA:167,18,1,0
BRDA:181,19,0,0
BRDA:181,19,1,0
BRDA:195,20,0,0
BRDA:195,20,1,0
BRDA:195,21,0,0
BRDA:195,21,1,0
BRF:46
BRH:0
end_of_record
TN:
SF:src/validators/enrollment.schemas.ts
FN:21,(anonymous_0)
FN:22,(anonymous_1)
FNF:2
FNH:0
FNDA:0,(anonymous_0)
FNDA:0,(anonymous_1)
DA:1,1
DA:2,1
DA:5,1
DA:10,1
DA:21,0
DA:22,0
DA:26,1
DA:30,1
DA:34,1
DA:39,1
DA:60,1
DA:70,1
DA:91,1
LF:13
LH:11
BRDA:21,0,0,0
BRDA:21,0,1,0
BRDA:22,1,0,0
BRDA:22,1,1,0
BRF:4
BRH:0
end_of_record
TN:
SF:src/validators/forum.schemas.ts
FN:9,(anonymous_1)
FN:18,(anonymous_2)
FN:22,(anonymous_3)
FN:29,(anonymous_4)
FN:50,(anonymous_5)
FN:57,(anonymous_6)
FN:65,(anonymous_7)
FN:87,(anonymous_8)
FN:93,(anonymous_9)
FN:96,(anonymous_10)
FN:105,(anonymous_11)
FN:118,(anonymous_12)
FNF:12
FNH:0
FNDA:0,(anonymous_1)
FNDA:0,(anonymous_2)
FNDA:0,(anonymous_3)
FNDA:0,(anonymous_4)
FNDA:0,(anonymous_5)
FNDA:0,(anonymous_6)
FNDA:0,(anonymous_7)
FNDA:0,(anonymous_8)
FNDA:0,(anonymous_9)
FNDA:0,(anonymous_10)
FNDA:0,(anonymous_11)
FNDA:0,(anonymous_12)
DA:1,1
DA:2,1
DA:3,1
DA:4,1
DA:8,1
DA:9,0
DA:18,0
DA:22,0
DA:28,1
DA:29,0
DA:40,1
DA:50,1
DA:56,1
DA:57,0
DA:65,0
DA:71,1
DA:79,1
DA:87,1
DA:92,1
DA:93,0
DA:96,0
DA:103,1
DA:105,0
DA:112,1
DA:118,1
LF:25
LH:16
BRF:0
BRH:0
end_of_record
TN:
SF:src/validators/index.ts
FNF:0
FNH:0
DA:1,1
DA:2,1
DA:3,1
LF:3
LH:3
BRF:0
BRH:0
end_of_record
TN:
SF:src/validators/lesson.schemas.ts
FNF:0
FNH:0
DA:1,1
DA:3,1
DA:12,1
DA:24,1
DA:28,1
LF:5
LH:5
BRF:0
BRH:0
end_of_record
TN:
SF:src/validators/lessonMaterial.shemas.ts
FNF:0
FNH:0
DA:1,1
DA:4,1
DA:7,1
DA:20,1
DA:32,1
DA:35,1
DA:40,1
DA:45,1
LF:8
LH:8
BRF:0
BRH:0
end_of_record
TN:
SF:src/validators/lessonProgress.schemas.ts
FN:13,(anonymous_1)
FN:16,(anonymous_2)
FN:19,(anonymous_3)
FN:22,(anonymous_4)
FNF:4
FNH:0
FNDA:0,(anonymous_1)
FNDA:0,(anonymous_2)
FNDA:0,(anonymous_3)
FNDA:0,(anonymous_4)
DA:1,1
DA:4,1
DA:10,1
DA:13,0
DA:16,0
DA:19,0
DA:22,0
DA:28,1
DA:35,1
LF:9
LH:5
BRDA:13,0,0,0
BRDA:13,0,1,0
BRDA:13,0,2,0
BRF:3
BRH:0
end_of_record
TN:
SF:src/validators/listParams.schema.ts
FN:8,(anonymous_1)
FN:13,(anonymous_2)
FNF:2
FNH:0
FNDA:0,(anonymous_1)
FNDA:0,(anonymous_2)
DA:2,1
DA:4,1
DA:8,0
DA:13,0
LF:4
LH:2
BRDA:8,0,0,0
BRDA:8,0,1,0
BRDA:13,1,0,0
BRDA:13,1,1,0
BRF:4
BRH:0
end_of_record
TN:
SF:src/validators/major.schemas.ts
FNF:0
FNH:0
DA:1,1
DA:2,1
DA:5,1
DA:14,1
DA:23,1
DA:32,1
DA:34,1
LF:7
LH:7
BRF:0
BRH:0
end_of_record
TN:
SF:src/validators/quizQuestion.schemas.ts
FN:45,(anonymous_1)
FN:51,(anonymous_2)
FNF:2
FNH:0
FNDA:0,(anonymous_1)
FNDA:0,(anonymous_2)
DA:1,1
DA:2,1
DA:4,1
DA:6,1
DA:7,1
DA:19,1
DA:37,1
DA:45,0
DA:51,0
DA:63,1
DA:67,1
DA:71,1
DA:77,1
LF:13
LH:11
BRDA:45,0,0,0
BRDA:45,0,1,0
BRF:2
BRH:0
end_of_record
TN:
SF:src/validators/specialist.schemas.ts
FN:23,(anonymous_1)
FN:35,(anonymous_2)
FNF:2
FNH:0
FNDA:0,(anonymous_1)
FNDA:0,(anonymous_2)
DA:1,1
DA:2,1
DA:3,1
DA:8,1
DA:19,1
DA:23,0
DA:31,1
DA:35,0
DA:43,1
DA:45,1
LF:10
LH:8
BRF:0
BRH:0
end_of_record
TN:
SF:src/validators/submission.schemas.ts
FNF:0
FNH:0
DA:1,1
DA:3,1
DA:7,1
DA:14,1
LF:4
LH:4
BRF:0
BRH:0
end_of_record
TN:
SF:src/validators/user.schemas.ts
FN:10,(anonymous_9)
FN:11,(anonymous_10)
FN:15,(anonymous_11)
FN:16,(anonymous_12)
FNF:4
FNH:0
FNDA:0,(anonymous_9)
FNDA:0,(anonymous_10)
FNDA:0,(anonymous_11)
FNDA:0,(anonymous_12)
DA:1,1
DA:3,1
DA:10,0
DA:11,0
DA:15,0
DA:16,0
DA:21,1
LF:7
LH:3
BRDA:10,0,0,0
BRDA:10,0,1,0
BRDA:15,1,0,0
BRDA:15,1,1,0
BRDA:16,2,0,0
BRDA:16,2,1,0
BRF:6
BRH:0
end_of_record
