TN:
SF:src\controller\auth.controller.ts
FN:33,(anonymous_1)
FN:45,(anonymous_2)
FN:60,(anonymous_3)
FN:73,(anonymous_4)
FN:91,(anonymous_5)
FN:102,(anonymous_6)
FN:112,(anonymous_7)
FNF:7
FNH:7
FNDA:4,(anonymous_1)
FNDA:3,(anonymous_2)
FNDA:2,(anonymous_3)
FNDA:3,(anonymous_4)
FNDA:3,(anonymous_5)
FNDA:3,(anonymous_6)
FNDA:3,(anonymous_7)
DA:1,1
DA:2,1
DA:3,1
DA:11,1
DA:17,1
DA:24,1
DA:25,1
DA:26,1
DA:33,1
DA:35,4
DA:40,2
DA:42,1
DA:45,1
DA:47,3
DA:52,2
DA:54,1
DA:60,1
DA:61,2
DA:62,2
DA:64,2
DA:65,2
DA:68,1
DA:73,1
DA:74,3
DA:75,3
DA:78,2
DA:80,1
DA:81,0
DA:84,1
DA:91,1
DA:92,3
DA:95,2
DA:97,1
DA:102,1
DA:103,3
DA:104,2
DA:106,1
DA:112,1
DA:113,3
DA:114,3
DA:116,2
DA:118,1
LF:42
LH:41
BRDA:62,0,0,2
BRDA:62,0,1,0
BRDA:64,1,0,2
BRDA:64,1,1,0
BRDA:80,2,0,0
BRDA:80,2,1,1
BRF:6
BRH:3
end_of_record
TN:
SF:src\controller\course.controller.ts
FN:23,(anonymous_0)
FN:56,(anonymous_1)
FN:72,(anonymous_2)
FN:94,(anonymous_3)
FN:119,(anonymous_4)
FN:138,(anonymous_5)
FN:158,(anonymous_6)
FNF:7
FNH:7
FNDA:7,(anonymous_0)
FNDA:3,(anonymous_1)
FNDA:4,(anonymous_2)
FNDA:4,(anonymous_3)
FNDA:3,(anonymous_4)
FNDA:3,(anonymous_5)
FNDA:4,(anonymous_6)
DA:1,1
DA:2,1
DA:3,1
DA:9,1
DA:23,1
DA:25,7
DA:28,7
DA:31,7
DA:46,6
DA:56,1
DA:58,3
DA:61,2
DA:63,1
DA:72,1
DA:74,4
DA:77,4
DA:80,3
DA:83,3
DA:85,2
DA:94,1
DA:96,4
DA:99,4
DA:102,4
DA:105,4
DA:108,4
DA:110,3
DA:119,1
DA:121,3
DA:124,3
DA:127,3
DA:129,1
DA:138,1
DA:140,3
DA:143,3
DA:146,3
DA:148,1
DA:158,1
DA:160,4
DA:163,4
DA:166,4
DA:168,1
LF:41
LH:41
BRF:0
BRH:0
end_of_record
TN:
SF:src\controller\enrollment.controller.ts
FN:25,(anonymous_0)
FN:33,(anonymous_1)
FN:48,(anonymous_2)
FN:63,(anonymous_3)
FN:78,(anonymous_4)
FN:89,(anonymous_5)
FN:101,(anonymous_6)
FN:116,(anonymous_7)
FN:125,(anonymous_8)
FNF:9
FNH:9
FNDA:1,(anonymous_0)
FNDA:1,(anonymous_1)
FNDA:1,(anonymous_2)
FNDA:1,(anonymous_3)
FNDA:3,(anonymous_4)
FNDA:3,(anonymous_5)
FNDA:5,(anonymous_6)
FNDA:5,(anonymous_7)
FNDA:5,(anonymous_8)
DA:1,1
DA:2,1
DA:3,1
DA:13,1
DA:22,1
DA:25,1
DA:26,1
DA:28,1
DA:29,1
DA:33,1
DA:34,1
DA:35,1
DA:37,1
DA:41,1
DA:48,1
DA:49,1
DA:50,1
DA:52,1
DA:56,1
DA:63,1
DA:64,1
DA:65,1
DA:67,1
DA:71,1
DA:78,1
DA:79,3
DA:81,2
DA:82,1
DA:89,1
DA:90,3
DA:93,2
DA:97,1
DA:101,1
DA:102,5
DA:103,4
DA:105,4
DA:112,1
DA:116,1
DA:117,5
DA:118,4
DA:120,3
DA:121,1
DA:125,1
DA:126,5
DA:127,4
DA:128,4
DA:130,4
DA:131,1
LF:48
LH:48
BRDA:95,0,0,2
BRDA:95,0,1,2
BRF:2
BRH:2
end_of_record
TN:
SF:src\controller\lesson.controller.ts
FN:7,(anonymous_0)
FN:23,(anonymous_1)
FN:40,(anonymous_2)
FN:58,(anonymous_3)
FN:73,(anonymous_4)
FN:91,(anonymous_5)
FNF:6
FNH:6
FNDA:5,(anonymous_0)
FNDA:2,(anonymous_1)
FNDA:2,(anonymous_2)
FNDA:3,(anonymous_3)
FNDA:3,(anonymous_4)
FNDA:4,(anonymous_5)
DA:1,1
DA:2,1
DA:3,1
DA:4,1
DA:7,1
DA:8,5
DA:11,5
DA:12,5
DA:14,5
DA:16,2
DA:23,1
DA:24,2
DA:26,2
DA:29,1
DA:30,1
DA:32,1
DA:34,1
DA:40,1
DA:41,2
DA:43,2
DA:46,1
DA:47,1
DA:49,1
DA:51,1
DA:58,1
DA:59,3
DA:62,2
DA:63,2
DA:65,2
DA:66,1
DA:73,1
DA:74,3
DA:76,3
DA:79,2
DA:80,2
DA:82,2
DA:84,1
DA:91,1
DA:92,4
DA:93,4
DA:94,3
DA:97,3
DA:98,3
DA:100,3
DA:101,2
LF:45
LH:45
BRF:0
BRH:0
end_of_record
TN:
SF:src\controller\lessonMaterial.controller.ts
FN:26,(anonymous_0)
FN:44,(anonymous_1)
FN:63,(anonymous_2)
FN:82,(anonymous_3)
FN:99,(anonymous_4)
FN:118,(anonymous_5)
FN:136,(anonymous_6)
FN:181,(anonymous_7)
FNF:8
FNH:8
FNDA:3,(anonymous_0)
FNDA:3,(anonymous_1)
FNDA:3,(anonymous_2)
FNDA:3,(anonymous_3)
FNDA:4,(anonymous_4)
FNDA:3,(anonymous_5)
FNDA:6,(anonymous_6)
FNDA:7,(anonymous_7)
DA:1,1
DA:11,1
DA:12,1
DA:13,1
DA:22,1
DA:26,1
DA:27,3
DA:30,2
DA:31,2
DA:33,2
DA:35,1
DA:44,1
DA:45,3
DA:47,3
DA:50,2
DA:51,2
DA:53,2
DA:55,1
DA:63,1
DA:64,3
DA:66,3
DA:69,2
DA:70,2
DA:72,2
DA:74,1
DA:82,1
DA:83,3
DA:86,2
DA:87,2
DA:89,2
DA:91,1
DA:99,1
DA:100,4
DA:101,4
DA:102,3
DA:105,2
DA:106,2
DA:108,2
DA:110,1
DA:118,1
DA:119,3
DA:120,3
DA:123,2
DA:124,2
DA:126,2
DA:128,1
DA:136,1
DA:141,6
DA:143,4
DA:144,2
DA:146,1
DA:149,6
DA:150,1
DA:159,5
DA:166,4
DA:167,4
DA:169,4
DA:171,3
DA:181,1
DA:182,7
DA:183,7
DA:186,6
DA:187,6
DA:190,6
DA:192,5
DA:193,1
DA:202,4
DA:205,3
DA:206,2
DA:214,1
DA:221,1
DA:236,1
LF:72
LH:72
BRDA:141,0,0,4
BRDA:141,0,1,2
BRDA:141,1,0,6
BRDA:141,1,1,4
BRDA:141,1,2,4
BRDA:143,2,0,3
BRDA:143,2,1,1
BRDA:144,3,0,1
BRDA:144,3,1,1
BRDA:149,4,0,1
BRDA:149,4,1,5
BRDA:174,5,0,1
BRDA:174,5,1,2
BRDA:192,6,0,1
BRDA:192,6,1,4
BRDA:205,7,0,2
BRDA:205,7,1,1
BRDA:205,8,0,3
BRDA:205,8,1,2
BRDA:217,9,0,1
BRDA:217,9,1,0
BRF:21
BRH:20
end_of_record
TN:
SF:src\controller\lessonProgress.controller.ts
FN:13,(anonymous_0)
FN:30,(anonymous_1)
FN:55,(anonymous_2)
FN:69,(anonymous_3)
FNF:4
FNH:4
FNDA:4,(anonymous_0)
FNDA:6,(anonymous_1)
FNDA:3,(anonymous_2)
FNDA:4,(anonymous_3)
DA:1,1
DA:2,1
DA:4,1
DA:5,1
DA:13,1
DA:14,4
DA:19,3
DA:20,3
DA:22,3
DA:23,2
DA:30,1
DA:31,6
DA:34,5
DA:35,2
DA:42,3
DA:44,2
DA:45,2
DA:47,2
DA:48,1
DA:55,1
DA:56,3
DA:58,2
DA:59,2
DA:61,2
DA:62,1
DA:69,1
DA:70,4
DA:75,3
DA:76,3
DA:78,3
DA:79,2
LF:31
LH:31
BRDA:34,0,0,2
BRDA:34,0,1,3
BRDA:34,1,0,5
BRDA:34,1,1,4
BRF:4
BRH:4
end_of_record
TN:
SF:src\controller\subject.controller.ts
FN:38,(anonymous_1)
FN:64,(anonymous_2)
FN:71,(anonymous_3)
FN:78,(anonymous_4)
FN:82,(anonymous_5)
FN:83,(anonymous_6)
FN:90,(anonymous_7)
FN:95,(anonymous_8)
FN:96,(anonymous_9)
FN:103,(anonymous_10)
FN:108,(anonymous_11)
FN:109,(anonymous_12)
FN:116,(anonymous_13)
FN:123,(anonymous_14)
FN:130,(anonymous_15)
FN:137,(anonymous_16)
FN:144,(anonymous_17)
FN:151,(anonymous_18)
FN:158,(anonymous_19)
FN:165,(anonymous_20)
FN:172,(anonymous_21)
FNF:21
FNH:15
FNDA:2,(anonymous_1)
FNDA:2,(anonymous_2)
FNDA:1,(anonymous_3)
FNDA:2,(anonymous_4)
FNDA:0,(anonymous_5)
FNDA:0,(anonymous_6)
FNDA:1,(anonymous_7)
FNDA:0,(anonymous_8)
FNDA:0,(anonymous_9)
FNDA:1,(anonymous_10)
FNDA:0,(anonymous_11)
FNDA:0,(anonymous_12)
FNDA:1,(anonymous_13)
FNDA:1,(anonymous_14)
FNDA:1,(anonymous_15)
FNDA:1,(anonymous_16)
FNDA:1,(anonymous_17)
FNDA:1,(anonymous_18)
FNDA:1,(anonymous_19)
FNDA:1,(anonymous_20)
FNDA:1,(anonymous_21)
DA:1,1
DA:2,1
DA:3,1
DA:4,1
DA:18,1
DA:38,1
DA:39,2
DA:41,1
DA:56,1
DA:64,1
DA:65,2
DA:66,1
DA:67,1
DA:71,1
DA:72,1
DA:73,1
DA:74,1
DA:78,1
DA:79,2
DA:80,1
DA:82,0
DA:83,0
DA:85,1
DA:86,1
DA:90,1
DA:91,1
DA:92,1
DA:93,1
DA:95,0
DA:96,0
DA:98,1
DA:99,1
DA:103,1
DA:104,1
DA:105,1
DA:106,1
DA:108,0
DA:109,0
DA:111,1
DA:112,1
DA:116,1
DA:117,1
DA:118,1
DA:119,1
DA:123,1
DA:124,1
DA:125,1
DA:126,1
DA:130,1
DA:131,1
DA:132,1
DA:133,1
DA:137,1
DA:138,1
DA:139,1
DA:140,1
DA:144,1
DA:145,1
DA:146,1
DA:147,1
DA:151,1
DA:152,1
DA:153,1
DA:154,1
DA:158,1
DA:159,1
DA:160,1
DA:161,1
DA:165,1
DA:166,1
DA:167,1
DA:168,1
DA:172,1
DA:173,1
DA:174,1
DA:175,1
LF:76
LH:70
BRDA:82,0,0,1
BRDA:82,0,1,1
BRDA:83,1,0,1
BRDA:83,1,1,1
BRDA:167,2,0,1
BRDA:167,2,1,0
BRF:6
BRH:5
end_of_record
TN:
SF:src\services\auth.service.ts
FN:43,(anonymous_1)
FN:91,(anonymous_2)
FN:130,(anonymous_3)
FN:170,(anonymous_4)
FN:196,(anonymous_5)
FN:240,(anonymous_6)
FNF:6
FNH:6
FNDA:5,(anonymous_1)
FNDA:4,(anonymous_2)
FNDA:6,(anonymous_3)
FNDA:3,(anonymous_4)
FNDA:5,(anonymous_5)
FNDA:3,(anonymous_6)
DA:2,1
DA:3,1
DA:11,1
DA:12,1
DA:13,1
DA:14,1
DA:21,1
DA:25,1
DA:31,1
DA:41,1
DA:43,1
DA:45,5
DA:47,5
DA:49,4
DA:50,4
DA:52,3
DA:57,3
DA:64,3
DA:72,3
DA:73,3
DA:78,3
DA:80,2
DA:91,1
DA:97,4
DA:98,4
DA:100,3
DA:102,2
DA:103,2
DA:106,1
DA:111,1
DA:116,1
DA:121,1
DA:130,1
DA:131,6
DA:135,6
DA:137,5
DA:138,5
DA:139,5
DA:146,3
DA:147,3
DA:150,2
DA:152,2
DA:153,2
DA:154,2
DA:157,2
DA:161,2
DA:167,2
DA:170,1
DA:172,3
DA:177,3
DA:180,2
DA:187,2
DA:189,1
DA:191,1
DA:196,1
DA:198,5
DA:199,5
DA:201,4
DA:202,4
DA:207,4
DA:213,3
DA:220,3
DA:223,3
DA:227,3
DA:233,1
DA:240,1
DA:245,3
DA:250,3
DA:254,2
DA:257,2
DA:260,1
DA:263,1
DA:265,1
LF:73
LH:73
BRDA:52,0,0,1
BRDA:52,0,1,2
BRDA:140,1,0,5
BRDA:140,1,1,4
BRDA:152,2,0,2
BRDA:152,2,1,0
BRDA:157,3,0,2
BRDA:157,3,1,0
BRF:8
BRH:6
end_of_record
TN:
SF:src\services\course.service.ts
FN:27,uploadCourseLogo
FN:47,deleteCourseLogoFile
FN:87,(anonymous_3)
FN:233,(anonymous_4)
FN:259,(anonymous_5)
FN:272,(anonymous_6)
FN:318,(anonymous_7)
FN:329,(anonymous_8)
FN:391,(anonymous_9)
FN:418,(anonymous_10)
FN:450,(anonymous_11)
FN:497,(anonymous_12)
FN:514,(anonymous_13)
FN:525,(anonymous_14)
FN:636,(anonymous_15)
FN:643,(anonymous_16)
FN:664,(anonymous_17)
FN:703,(anonymous_18)
FN:742,(anonymous_19)
FN:804,(anonymous_20)
FN:842,(anonymous_21)
FNF:21
FNH:12
FNDA:0,uploadCourseLogo
FNDA:0,deleteCourseLogoFile
FNDA:6,(anonymous_3)
FNDA:3,(anonymous_4)
FNDA:7,(anonymous_5)
FNDA:8,(anonymous_6)
FNDA:3,(anonymous_7)
FNDA:3,(anonymous_8)
FNDA:0,(anonymous_9)
FNDA:6,(anonymous_10)
FNDA:4,(anonymous_11)
FNDA:0,(anonymous_12)
FNDA:0,(anonymous_13)
FNDA:0,(anonymous_14)
FNDA:0,(anonymous_15)
FNDA:0,(anonymous_16)
FNDA:4,(anonymous_17)
FNDA:2,(anonymous_18)
FNDA:3,(anonymous_19)
FNDA:4,(anonymous_20)
FNDA:0,(anonymous_21)
DA:3,1
DA:5,1
DA:6,1
DA:7,1
DA:8,1
DA:9,1
DA:16,1
DA:17,1
DA:28,0
DA:29,0
DA:30,0
DA:31,0
DA:33,0
DA:35,0
DA:48,0
DA:49,0
DA:50,0
DA:52,0
DA:54,0
DA:87,1
DA:102,6
DA:107,5
DA:114,4
DA:115,4
DA:122,4
DA:123,1
DA:129,4
DA:130,0
DA:138,4
DA:142,4
DA:144,4
DA:146,0
DA:148,0
DA:150,0
DA:152,4
DA:154,0
DA:156,0
DA:161,4
DA:165,4
DA:166,0
DA:170,4
DA:171,0
DA:175,4
DA:176,1
DA:180,4
DA:181,0
DA:185,4
DA:186,1
DA:193,4
DA:196,4
DA:197,4
DA:200,4
DA:213,4
DA:214,4
DA:215,4
DA:217,4
DA:233,1
DA:235,3
DA:242,2
DA:251,2
DA:253,1
DA:259,1
DA:265,7
DA:272,8
DA:273,7
DA:280,6
DA:281,6
DA:283,6
DA:284,6
DA:286,6
DA:293,5
DA:294,5
DA:295,4
DA:298,3
DA:299,0
DA:307,3
DA:311,3
DA:318,3
DA:319,3
DA:322,3
DA:329,3
DA:330,3
DA:333,3
DA:341,2
DA:342,2
DA:344,2
DA:347,2
DA:348,2
DA:350,2
DA:353,1
DA:356,1
DA:357,0
DA:362,2
DA:371,2
DA:374,2
DA:377,2
DA:378,0
DA:380,0
DA:381,0
DA:382,0
DA:383,0
DA:386,0
DA:387,0
DA:390,0
DA:391,0
DA:392,0
DA:395,0
DA:396,0
DA:398,0
DA:403,2
DA:410,2
DA:412,2
DA:418,1
DA:425,6
DA:432,6
DA:436,6
DA:439,5
DA:446,4
DA:447,4
DA:449,4
DA:450,4
DA:453,4
DA:455,4
DA:462,3
DA:463,0
DA:466,0
DA:468,0
DA:475,0
DA:476,0
DA:477,0
DA:483,0
DA:488,0
DA:491,0
DA:495,3
DA:497,0
DA:498,0
DA:504,0
DA:508,0
DA:514,0
DA:515,0
DA:518,0
DA:525,0
DA:526,0
DA:529,0
DA:539,3
DA:542,3
DA:544,1
DA:549,3
DA:550,0
DA:557,3
DA:558,3
DA:560,3
DA:562,0
DA:563,0
DA:567,0
DA:570,0
DA:572,3
DA:576,0
DA:579,0
DA:580,0
DA:581,0
DA:587,0
DA:597,3
DA:598,3
DA:600,3
DA:603,3
DA:604,0
DA:605,0
DA:609,3
DA:610,3
DA:617,3
DA:620,3
DA:621,3
DA:632,3
DA:635,3
DA:636,0
DA:637,0
DA:642,0
DA:643,0
DA:644,0
DA:647,0
DA:648,0
DA:651,3
DA:664,1
DA:666,4
DA:673,4
DA:677,4
DA:680,4
DA:687,3
DA:692,3
DA:699,2
DA:700,2
DA:702,2
DA:703,2
DA:705,2
DA:707,2
DA:714,1
DA:726,1
DA:742,1
DA:744,3
DA:751,3
DA:755,3
DA:758,2
DA:759,2
DA:761,2
DA:763,2
DA:770,1
DA:786,1
DA:804,1
DA:809,4
DA:813,4
DA:820,3
DA:821,3
DA:823,3
DA:825,3
DA:833,2
DA:834,2
DA:841,1
DA:842,0
DA:843,0
DA:849,1
DA:851,1
LF:222
LH:147
BRDA:38,0,0,0
BRDA:38,0,1,0
BRDA:57,1,0,0
BRDA:57,1,1,0
BRDA:97,2,0,6
BRDA:98,3,0,6
BRDA:103,4,0,6
BRDA:103,4,1,5
BRDA:108,5,0,5
BRDA:108,5,1,5
BRDA:122,6,0,1
BRDA:122,6,1,3
BRDA:129,7,0,0
BRDA:129,7,1,4
BRDA:144,8,0,0
BRDA:144,8,1,4
BRDA:146,9,0,0
BRDA:146,9,1,0
BRDA:152,10,0,0
BRDA:152,10,1,4
BRDA:154,11,0,0
BRDA:154,11,1,0
BRDA:165,12,0,0
BRDA:165,12,1,4
BRDA:170,13,0,0
BRDA:170,13,1,4
BRDA:175,14,0,1
BRDA:175,14,1,3
BRDA:180,15,0,0
BRDA:180,15,1,4
BRDA:185,16,0,1
BRDA:185,16,1,3
BRDA:197,17,0,0
BRDA:197,17,1,4
BRDA:236,18,0,3
BRDA:236,18,1,3
BRDA:266,19,0,7
BRDA:266,19,1,7
BRDA:298,20,0,0
BRDA:298,20,1,3
BRDA:300,21,0,0
BRDA:300,21,1,0
BRDA:319,22,0,3
BRDA:319,22,1,0
BRDA:347,23,0,2
BRDA:347,23,1,1
BRDA:348,24,0,2
BRDA:348,24,1,0
BRDA:350,25,0,1
BRDA:350,25,1,1
BRDA:356,26,0,0
BRDA:356,26,1,1
BRDA:356,27,0,1
BRDA:356,27,1,0
BRDA:377,28,0,0
BRDA:377,28,1,2
BRDA:390,29,0,0
BRDA:390,29,1,0
BRDA:426,30,0,6
BRDA:426,30,1,6
BRDA:456,31,0,4
BRDA:456,31,1,2
BRDA:462,32,0,0
BRDA:462,32,1,3
BRDA:462,33,0,3
BRDA:462,33,1,3
BRDA:463,34,0,0
BRDA:463,34,1,0
BRDA:466,35,0,0
BRDA:466,35,1,0
BRDA:475,36,0,0
BRDA:475,36,1,0
BRDA:491,37,0,0
BRDA:491,37,1,0
BRDA:495,38,0,0
BRDA:495,38,1,3
BRDA:515,39,0,0
BRDA:515,39,1,0
BRDA:542,40,0,1
BRDA:542,40,1,2
BRDA:542,41,0,3
BRDA:542,41,1,2
BRDA:549,42,0,0
BRDA:549,42,1,3
BRDA:549,43,0,3
BRDA:549,43,1,1
BRDA:549,43,2,0
BRDA:557,44,0,3
BRDA:557,44,1,3
BRDA:560,45,0,0
BRDA:560,45,1,3
BRDA:562,46,0,0
BRDA:562,46,1,0
BRDA:572,47,0,0
BRDA:572,47,1,3
BRDA:603,48,0,0
BRDA:603,48,1,3
BRDA:609,49,0,3
BRDA:609,49,1,0
BRDA:635,50,0,0
BRDA:635,50,1,3
BRDA:642,51,0,0
BRDA:642,51,1,0
BRDA:667,52,0,4
BRDA:667,52,1,4
BRDA:708,53,0,2
BRDA:708,53,1,2
BRDA:745,54,0,3
BRDA:745,54,1,3
BRDA:841,55,0,0
BRDA:841,55,1,1
BRF:111
BRH:62
end_of_record
TN:
SF:src\services\enrollment.service.ts
FN:24,(anonymous_1)
FN:51,(anonymous_2)
FN:104,(anonymous_3)
FN:161,(anonymous_4)
FN:228,(anonymous_5)
FN:426,(anonymous_6)
FN:519,(anonymous_7)
FNF:7
FNH:7
FNDA:2,(anonymous_1)
FNDA:1,(anonymous_2)
FNDA:2,(anonymous_3)
FNDA:4,(anonymous_4)
FNDA:7,(anonymous_5)
FNDA:4,(anonymous_6)
FNDA:5,(anonymous_7)
DA:1,2
DA:2,2
DA:3,2
DA:4,2
DA:5,2
DA:6,2
DA:8,2
DA:11,2
DA:12,2
DA:24,2
DA:25,2
DA:29,2
DA:30,1
DA:51,2
DA:57,1
DA:58,1
DA:60,1
DA:61,1
DA:62,1
DA:65,1
DA:74,1
DA:104,2
DA:110,2
DA:111,2
DA:114,2
DA:115,2
DA:117,1
DA:118,1
DA:119,0
DA:122,1
DA:131,1
DA:161,2
DA:168,4
DA:169,4
DA:171,4
DA:172,4
DA:173,4
DA:174,4
DA:176,4
DA:186,4
DA:228,2
DA:237,7
DA:240,7
DA:241,7
DA:244,6
DA:245,6
DA:247,6
DA:254,5
DA:255,1
DA:256,1
DA:257,1
DA:261,4
DA:263,4
DA:268,4
DA:271,4
DA:277,4
DA:287,1
DA:292,1
DA:295,0
DA:297,0
DA:298,0
DA:299,0
DA:301,0
DA:302,0
DA:303,0
DA:311,0
DA:312,0
DA:313,0
DA:315,0
DA:321,0
DA:329,0
DA:330,0
DA:331,0
DA:332,0
DA:335,0
DA:336,0
DA:337,0
DA:338,0
DA:339,0
DA:340,0
DA:341,0
DA:342,0
DA:343,0
DA:344,0
DA:345,0
DA:347,0
DA:352,0
DA:356,1
DA:357,1
DA:358,0
DA:359,1
DA:360,0
DA:361,1
DA:362,0
DA:363,1
DA:364,1
DA:367,1
DA:371,3
DA:372,1
DA:376,1
DA:384,2
DA:394,2
DA:399,2
DA:426,2
DA:437,4
DA:438,4
DA:441,3
DA:442,3
DA:444,3
DA:450,2
DA:451,2
DA:458,1
DA:459,1
DA:460,1
DA:463,1
DA:464,0
DA:465,0
DA:466,0
DA:469,1
DA:470,1
DA:472,1
DA:473,0
DA:476,1
DA:477,1
DA:478,1
DA:479,1
DA:482,1
DA:490,1
DA:519,2
DA:527,5
DA:531,5
DA:534,4
DA:535,4
DA:537,4
DA:543,3
DA:544,3
DA:551,2
DA:553,2
DA:568,1
DA:576,1
LF:140
LH:103
BRDA:57,0,0,0
BRDA:57,1,0,0
BRDA:61,2,0,1
BRDA:61,2,1,0
BRDA:110,3,0,2
BRDA:110,4,0,2
BRDA:118,5,0,0
BRDA:118,5,1,1
BRDA:168,6,0,0
BRDA:168,7,0,0
BRDA:172,8,0,1
BRDA:172,8,1,3
BRDA:173,9,0,0
BRDA:173,9,1,4
BRDA:174,10,0,0
BRDA:174,10,1,4
BRDA:237,11,0,7
BRDA:237,12,0,6
BRDA:254,13,0,1
BRDA:254,13,1,4
BRDA:254,14,0,5
BRDA:254,14,1,1
BRDA:261,15,0,4
BRDA:261,15,1,4
BRDA:261,16,0,1
BRDA:261,16,1,3
BRDA:264,17,0,4
BRDA:264,17,1,3
BRDA:277,18,0,1
BRDA:277,18,1,3
BRDA:292,19,0,0
BRDA:292,19,1,1
BRDA:295,20,0,0
BRDA:295,20,1,0
BRDA:301,21,0,0
BRDA:301,21,1,0
BRDA:306,22,0,0
BRDA:306,22,1,0
BRDA:329,23,0,0
BRDA:329,23,1,0
BRDA:329,24,0,0
BRDA:329,24,1,0
BRDA:357,25,0,0
BRDA:357,25,1,1
BRDA:359,26,0,0
BRDA:359,26,1,1
BRDA:361,27,0,0
BRDA:361,27,1,1
BRDA:363,28,0,1
BRDA:363,28,1,0
BRDA:371,29,0,1
BRDA:371,29,1,2
BRDA:459,30,0,1
BRDA:459,30,1,0
BRDA:463,31,0,0
BRDA:463,31,1,1
BRDA:463,32,0,1
BRDA:463,32,1,1
BRDA:465,33,0,0
BRDA:465,33,1,0
BRDA:469,34,0,1
BRDA:469,34,1,0
BRDA:472,35,0,0
BRDA:472,35,1,1
BRDA:476,36,0,0
BRDA:476,36,1,1
BRDA:477,37,0,1
BRDA:477,37,1,0
BRDA:478,38,0,0
BRDA:478,38,1,1
BRDA:479,39,0,0
BRDA:479,39,1,1
BRDA:556,40,0,1
BRDA:556,40,1,1
BRDA:558,41,0,0
BRDA:558,41,1,1
BRDA:560,42,0,0
BRDA:560,42,1,1
BRDA:562,43,0,0
BRDA:562,43,1,1
BRF:80
BRH:44
end_of_record
TN:
SF:src\services\lesson.service.ts
FN:32,(anonymous_1)
FN:60,(anonymous_2)
FN:82,(anonymous_3)
FN:110,(anonymous_4)
FN:154,(anonymous_5)
FN:166,(anonymous_6)
FN:205,(anonymous_7)
FN:272,(anonymous_8)
FN:301,(anonymous_9)
FN:318,(anonymous_10)
FN:333,(anonymous_11)
FN:347,(anonymous_12)
FN:362,(anonymous_13)
FNF:13
FNH:12
FNDA:5,(anonymous_1)
FNDA:4,(anonymous_2)
FNDA:4,(anonymous_3)
FNDA:9,(anonymous_4)
FNDA:1,(anonymous_5)
FNDA:1,(anonymous_6)
FNDA:9,(anonymous_7)
FNDA:5,(anonymous_8)
FNDA:1,(anonymous_9)
FNDA:0,(anonymous_10)
FNDA:2,(anonymous_11)
FNDA:1,(anonymous_12)
FNDA:6,(anonymous_13)
DA:1,1
DA:2,1
DA:3,1
DA:4,1
DA:5,1
DA:6,1
DA:32,1
DA:34,5
DA:35,5
DA:38,4
DA:39,4
DA:43,3
DA:44,2
DA:45,2
DA:48,2
DA:50,2
DA:60,1
DA:61,4
DA:62,4
DA:65,3
DA:66,3
DA:69,3
DA:70,3
DA:71,3
DA:73,2
DA:74,2
DA:82,1
DA:83,4
DA:84,4
DA:87,3
DA:88,3
DA:91,3
DA:92,3
DA:93,3
DA:96,2
DA:100,2
DA:110,1
DA:113,9
DA:116,9
DA:117,1
DA:120,9
DA:121,1
DA:124,9
DA:125,1
DA:128,9
DA:129,1
DA:132,9
DA:133,0
DA:136,9
DA:137,1
DA:141,9
DA:142,1
DA:146,9
DA:149,1
DA:154,1
DA:156,1
DA:160,8
DA:162,1
DA:166,1
DA:168,1
DA:176,9
DA:177,9
DA:178,9
DA:179,9
DA:180,9
DA:183,9
DA:184,9
DA:187,9
DA:188,9
DA:191,9
DA:193,9
DA:200,9
DA:201,9
DA:205,9
DA:206,9
DA:207,9
DA:209,9
DA:210,7
DA:211,7
DA:212,2
DA:214,1
DA:215,1
DA:216,0
DA:217,0
DA:218,1
DA:219,1
DA:220,1
DA:222,1
DA:224,1
DA:230,1
DA:231,0
DA:232,0
DA:233,1
DA:234,1
DA:235,1
DA:237,0
DA:238,0
DA:242,9
DA:250,9
DA:251,9
DA:253,9
DA:272,1
DA:274,5
DA:275,1
DA:279,4
DA:280,4
DA:283,4
DA:293,1
DA:301,1
DA:307,3
DA:309,2
DA:311,2
DA:313,0
DA:318,0
DA:325,2
DA:333,2
DA:340,1
DA:342,1
DA:347,1
DA:355,0
DA:362,1
DA:363,6
DA:364,1
DA:367,5
DA:371,5
DA:374,5
DA:375,5
DA:377,5
DA:378,1
DA:379,1
DA:380,4
DA:382,1
DA:383,1
DA:384,0
DA:385,0
DA:386,1
DA:387,1
DA:388,1
DA:390,3
DA:392,3
DA:398,3
DA:399,1
DA:400,1
DA:401,2
DA:402,1
DA:403,1
DA:408,5
DA:409,1
DA:418,4
LF:149
LH:137
BRDA:43,0,0,2
BRDA:43,0,1,1
BRDA:70,1,0,3
BRDA:70,1,1,1
BRDA:92,2,0,3
BRDA:92,2,1,1
BRDA:116,3,0,1
BRDA:116,3,1,8
BRDA:120,4,0,1
BRDA:120,4,1,8
BRDA:124,5,0,1
BRDA:124,5,1,8
BRDA:128,6,0,1
BRDA:128,6,1,8
BRDA:132,7,0,0
BRDA:132,7,1,9
BRDA:136,8,0,1
BRDA:136,8,1,8
BRDA:141,9,0,1
BRDA:141,9,1,8
BRDA:146,10,0,1
BRDA:146,10,1,8
BRDA:160,11,0,1
BRDA:160,11,1,7
BRDA:195,12,0,1
BRDA:195,12,1,8
BRDA:209,13,0,7
BRDA:209,13,1,2
BRDA:212,14,0,1
BRDA:212,14,1,1
BRDA:215,15,0,0
BRDA:215,15,1,1
BRDA:218,16,0,1
BRDA:218,16,1,0
BRDA:222,17,0,1
BRDA:222,17,1,0
BRDA:230,18,0,0
BRDA:230,18,1,1
BRDA:233,19,0,1
BRDA:233,19,1,0
BRDA:251,20,0,9
BRDA:251,20,1,0
BRDA:274,21,0,1
BRDA:274,21,1,4
BRDA:283,22,0,1
BRDA:283,22,1,3
BRDA:307,23,0,2
BRDA:307,23,1,1
BRDA:311,24,0,0
BRDA:311,24,1,2
BRDA:340,25,0,1
BRDA:340,25,1,0
BRDA:363,26,0,1
BRDA:363,26,1,5
BRDA:377,27,0,1
BRDA:377,27,1,4
BRDA:380,28,0,1
BRDA:380,28,1,3
BRDA:383,29,0,0
BRDA:383,29,1,1
BRDA:386,30,0,1
BRDA:386,30,1,0
BRDA:390,31,0,3
BRDA:390,31,1,0
BRDA:398,32,0,1
BRDA:398,32,1,2
BRDA:401,33,0,1
BRDA:401,33,1,1
BRDA:408,34,0,1
BRDA:408,34,1,4
BRF:70
BRH:58
end_of_record
TN:
SF:src\services\lessonMaterial.service.ts
FN:28,(anonymous_1)
FN:120,(anonymous_2)
FN:127,(anonymous_3)
FN:136,(anonymous_4)
FN:143,(anonymous_5)
FN:200,(anonymous_6)
FN:267,(anonymous_7)
FN:296,(anonymous_8)
FN:323,(anonymous_9)
FN:348,(anonymous_10)
FN:372,(anonymous_11)
FN:399,(anonymous_12)
FN:476,(anonymous_13)
FN:539,(anonymous_14)
FN:595,(anonymous_15)
FN:627,(anonymous_16)
FN:673,(anonymous_17)
FN:681,(anonymous_18)
FN:709,(anonymous_19)
FN:751,(anonymous_20)
FNF:20
FNH:18
FNDA:4,(anonymous_1)
FNDA:1,(anonymous_2)
FNDA:1,(anonymous_3)
FNDA:1,(anonymous_4)
FNDA:1,(anonymous_5)
FNDA:4,(anonymous_6)
FNDA:6,(anonymous_7)
FNDA:0,(anonymous_8)
FNDA:0,(anonymous_9)
FNDA:2,(anonymous_10)
FNDA:1,(anonymous_11)
FNDA:6,(anonymous_12)
FNDA:5,(anonymous_13)
FNDA:5,(anonymous_14)
FNDA:4,(anonymous_15)
FNDA:5,(anonymous_16)
FNDA:2,(anonymous_17)
FNDA:2,(anonymous_18)
FNDA:2,(anonymous_19)
FNDA:2,(anonymous_20)
DA:1,1
DA:2,1
DA:3,1
DA:4,1
DA:5,1
DA:10,1
DA:11,1
DA:18,1
DA:19,1
DA:20,1
DA:28,1
DA:29,4
DA:32,4
DA:33,1
DA:37,4
DA:38,0
DA:74,0
DA:75,0
DA:76,0
DA:77,0
DA:79,0
DA:88,4
DA:89,0
DA:92,4
DA:93,0
DA:96,4
DA:97,0
DA:101,4
DA:102,4
DA:103,0
DA:104,0
DA:112,4
DA:113,4
DA:115,1
DA:120,1
DA:123,1
DA:127,1
DA:129,1
DA:130,3
DA:132,1
DA:136,1
DA:139,1
DA:143,1
DA:145,1
DA:153,4
DA:154,1
DA:157,1
DA:159,0
DA:160,0
DA:161,1
DA:162,0
DA:163,1
DA:164,1
DA:167,1
DA:168,1
DA:169,1
DA:174,4
DA:175,4
DA:176,4
DA:178,4
DA:200,4
DA:201,4
DA:202,4
DA:204,4
DA:205,2
DA:206,2
DA:207,2
DA:209,1
DA:210,1
DA:211,1
DA:213,1
DA:214,0
DA:215,0
DA:217,1
DA:219,1
DA:220,1
DA:226,1
DA:227,1
DA:228,1
DA:234,4
DA:235,4
DA:236,0
DA:239,4
DA:247,4
DA:267,1
DA:269,6
DA:270,1
DA:274,5
DA:275,5
DA:278,4
DA:280,1
DA:285,1
DA:288,0
DA:296,0
DA:297,0
DA:298,0
DA:299,0
DA:301,0
DA:309,0
DA:311,3
DA:313,2
DA:315,2
DA:317,0
DA:323,0
DA:324,0
DA:325,0
DA:326,0
DA:328,0
DA:336,0
DA:339,2
DA:348,2
DA:349,2
DA:350,2
DA:351,2
DA:353,2
DA:361,2
DA:364,1
DA:366,1
DA:372,1
DA:373,1
DA:374,1
DA:375,1
DA:377,1
DA:385,1
DA:389,0
DA:399,1
DA:400,6
DA:401,0
DA:404,6
DA:409,6
DA:412,5
DA:413,5
DA:415,5
DA:416,1
DA:417,1
DA:418,4
DA:420,2
DA:421,2
DA:422,2
DA:424,2
DA:425,2
DA:426,2
DA:428,2
DA:430,2
DA:431,2
DA:437,2
DA:438,1
DA:439,1
DA:444,5
DA:445,1
DA:456,4
DA:457,4
DA:458,4
DA:461,4
DA:476,1
DA:478,5
DA:479,5
DA:482,4
DA:483,0
DA:484,4
DA:486,2
DA:487,2
DA:491,3
DA:495,3
DA:500,2
DA:501,2
DA:504,2
DA:513,2
DA:514,0
DA:516,2
DA:517,0
DA:519,2
DA:520,0
DA:524,2
DA:526,2
DA:539,1
DA:540,5
DA:541,0
DA:544,5
DA:545,5
DA:548,4
DA:549,0
DA:550,4
DA:552,2
DA:553,2
DA:554,2
DA:556,2
DA:560,3
DA:561,3
DA:566,3
DA:570,2
DA:571,2
DA:572,2
DA:573,2
DA:574,2
DA:575,2
DA:576,2
DA:578,2
DA:587,2
DA:595,1
DA:596,4
DA:597,0
DA:600,4
DA:601,4
DA:604,3
DA:605,0
DA:606,3
DA:608,2
DA:609,2
DA:610,2
DA:612,2
DA:615,2
DA:616,2
DA:627,1
DA:635,5
DA:636,5
DA:639,4
DA:640,0
DA:641,4
DA:643,2
DA:644,2
DA:648,3
DA:649,0
DA:653,3
DA:654,3
DA:657,3
DA:662,3
DA:665,3
DA:667,1
DA:668,0
DA:672,1
DA:675,2
DA:680,1
DA:683,2
DA:686,2
DA:687,1
DA:691,1
DA:692,0
DA:696,2
DA:709,2
DA:710,1
DA:719,2
DA:723,2
DA:726,2
DA:729,2
DA:739,2
DA:751,1
DA:752,2
DA:753,0
DA:756,2
DA:761,2
DA:762,1
LF:252
LH:206
BRDA:32,0,0,1
BRDA:32,0,1,3
BRDA:37,1,0,0
BRDA:37,1,1,4
BRDA:74,2,0,0
BRDA:74,2,1,0
BRDA:75,3,0,0
BRDA:75,3,1,0
BRDA:77,4,0,0
BRDA:77,4,1,0
BRDA:88,5,0,0
BRDA:88,5,1,4
BRDA:92,6,0,0
BRDA:92,6,1,4
BRDA:96,7,0,0
BRDA:96,7,1,4
BRDA:102,8,0,0
BRDA:102,8,1,4
BRDA:113,9,0,1
BRDA:113,9,1,3
BRDA:130,10,0,1
BRDA:130,10,1,2
BRDA:153,11,0,1
BRDA:153,11,1,3
BRDA:153,12,0,4
BRDA:153,12,1,4
BRDA:157,13,0,0
BRDA:157,13,1,1
BRDA:157,14,0,1
BRDA:157,14,1,0
BRDA:161,15,0,0
BRDA:161,15,1,1
BRDA:163,16,0,1
BRDA:163,16,1,0
BRDA:167,17,0,1
BRDA:167,17,1,0
BRDA:168,18,0,1
BRDA:168,18,1,1
BRDA:204,19,0,2
BRDA:204,19,1,2
BRDA:207,20,0,1
BRDA:207,20,1,1
BRDA:209,21,0,1
BRDA:209,21,1,1
BRDA:211,22,0,1
BRDA:211,22,1,1
BRDA:213,23,0,0
BRDA:213,23,1,1
BRDA:213,24,0,1
BRDA:213,24,1,1
BRDA:215,25,0,0
BRDA:215,25,1,0
BRDA:217,26,0,1
BRDA:217,26,1,0
BRDA:226,27,0,1
BRDA:226,27,1,0
BRDA:235,28,0,0
BRDA:235,28,1,4
BRDA:235,29,0,4
BRDA:235,29,1,3
BRDA:235,29,2,3
BRDA:236,30,0,0
BRDA:236,30,1,0
BRDA:269,31,0,1
BRDA:269,31,1,5
BRDA:278,32,0,1
BRDA:278,32,1,3
BRDA:298,33,0,0
BRDA:298,33,1,0
BRDA:299,34,0,0
BRDA:299,34,1,0
BRDA:311,35,0,2
BRDA:311,35,1,1
BRDA:315,36,0,0
BRDA:315,36,1,2
BRDA:325,37,0,0
BRDA:325,37,1,0
BRDA:326,38,0,0
BRDA:326,38,1,0
BRDA:350,39,0,2
BRDA:350,39,1,0
BRDA:351,40,0,2
BRDA:351,40,1,2
BRDA:364,41,0,1
BRDA:364,41,1,0
BRDA:374,42,0,1
BRDA:374,42,1,0
BRDA:375,43,0,1
BRDA:375,43,1,1
BRDA:400,44,0,0
BRDA:400,44,1,6
BRDA:415,45,0,1
BRDA:415,45,1,4
BRDA:418,46,0,2
BRDA:418,46,1,2
BRDA:420,47,0,2
BRDA:420,47,1,2
BRDA:422,48,0,2
BRDA:422,48,1,2
BRDA:424,49,0,2
BRDA:424,49,1,0
BRDA:424,50,0,2
BRDA:424,50,1,1
BRDA:426,51,0,1
BRDA:426,51,1,1
BRDA:428,52,0,2
BRDA:428,52,1,0
BRDA:437,53,0,1
BRDA:437,53,1,1
BRDA:444,54,0,1
BRDA:444,54,1,4
BRDA:457,55,0,4
BRDA:457,55,1,0
BRDA:457,56,0,4
BRDA:457,56,1,4
BRDA:458,57,0,4
BRDA:458,57,1,4
BRDA:482,58,0,0
BRDA:482,58,1,4
BRDA:484,59,0,2
BRDA:484,59,1,2
BRDA:501,60,0,2
BRDA:501,60,1,2
BRDA:513,61,0,0
BRDA:513,61,1,2
BRDA:516,62,0,0
BRDA:516,62,1,2
BRDA:519,63,0,0
BRDA:519,63,1,2
BRDA:540,64,0,0
BRDA:540,64,1,5
BRDA:548,65,0,0
BRDA:548,65,1,4
BRDA:550,66,0,2
BRDA:550,66,1,2
BRDA:552,67,0,2
BRDA:552,67,1,2
BRDA:554,68,0,2
BRDA:554,68,1,2
BRDA:556,69,0,2
BRDA:556,69,1,2
BRDA:560,70,0,3
BRDA:560,70,1,0
BRDA:560,71,0,3
BRDA:560,71,1,3
BRDA:571,72,0,2
BRDA:571,72,1,0
BRDA:572,73,0,0
BRDA:572,73,1,2
BRDA:573,74,0,0
BRDA:573,74,1,2
BRDA:574,75,0,0
BRDA:574,75,1,2
BRDA:575,76,0,0
BRDA:575,76,1,2
BRDA:576,77,0,0
BRDA:576,77,1,2
BRDA:596,78,0,0
BRDA:596,78,1,4
BRDA:604,79,0,0
BRDA:604,79,1,3
BRDA:606,80,0,2
BRDA:606,80,1,1
BRDA:608,81,0,2
BRDA:608,81,1,2
BRDA:610,82,0,2
BRDA:610,82,1,2
BRDA:612,83,0,2
BRDA:612,83,1,2
BRDA:639,84,0,0
BRDA:639,84,1,4
BRDA:641,85,0,2
BRDA:641,85,1,2
BRDA:648,86,0,0
BRDA:648,86,1,3
BRDA:653,87,0,3
BRDA:653,87,1,0
BRDA:654,88,0,3
BRDA:654,88,1,0
BRDA:657,89,0,3
BRDA:657,89,1,0
BRDA:665,90,0,1
BRDA:665,90,1,2
BRDA:667,91,0,0
BRDA:667,91,1,1
BRDA:683,92,0,2
BRDA:683,92,1,0
BRDA:683,92,2,0
BRDA:686,93,0,1
BRDA:686,93,1,1
BRDA:686,94,0,2
BRDA:686,94,1,2
BRDA:691,95,0,0
BRDA:691,95,1,1
BRDA:752,96,0,0
BRDA:752,96,1,2
BRF:196
BRH:131
end_of_record
TN:
SF:src\services\lessonProgress.service.ts
FN:11,calcProgressPercent
FN:25,(anonymous_2)
FN:44,(anonymous_3)
FN:69,(anonymous_4)
FN:118,(anonymous_5)
FN:159,(anonymous_6)
FN:175,(anonymous_7)
FN:180,(anonymous_8)
FN:183,(anonymous_9)
FN:185,(anonymous_10)
FN:199,(anonymous_11)
FN:202,(anonymous_12)
FNF:12
FNH:12
FNDA:11,calcProgressPercent
FNDA:7,(anonymous_2)
FNDA:1,(anonymous_3)
FNDA:7,(anonymous_4)
FNDA:5,(anonymous_5)
FNDA:6,(anonymous_6)
FNDA:1,(anonymous_7)
FNDA:4,(anonymous_8)
FNDA:3,(anonymous_9)
FNDA:4,(anonymous_10)
FNDA:4,(anonymous_11)
FNDA:3,(anonymous_12)
DA:1,1
DA:2,1
DA:3,1
DA:4,1
DA:5,1
DA:6,1
DA:7,1
DA:9,1
DA:12,11
DA:13,6
DA:14,6
DA:15,6
DA:25,1
DA:31,7
DA:33,6
DA:34,6
DA:37,5
DA:40,5
DA:41,2
DA:42,3
DA:43,2
DA:44,2
DA:45,2
DA:48,3
DA:53,3
DA:54,0
DA:57,3
DA:59,3
DA:69,1
DA:75,7
DA:76,6
DA:78,6
DA:79,6
DA:82,5
DA:83,1
DA:87,4
DA:88,3
DA:93,3
DA:96,3
DA:97,3
DA:103,3
DA:104,3
DA:105,1
DA:106,1
DA:107,1
DA:110,3
DA:118,1
DA:123,5
DA:125,4
DA:126,4
DA:128,3
DA:129,1
DA:132,2
DA:133,2
DA:138,2
DA:141,1
DA:142,1
DA:148,1
DA:149,1
DA:159,1
DA:165,6
DA:167,5
DA:168,5
DA:170,4
DA:172,4
DA:173,1
DA:174,3
DA:175,2
DA:176,2
DA:179,3
DA:180,4
DA:182,3
DA:183,3
DA:185,3
DA:186,4
DA:187,4
DA:188,4
DA:198,3
DA:199,4
DA:200,3
DA:202,3
DA:204,3
LF:82
LH:81
BRDA:12,0,0,5
BRDA:12,0,1,6
BRDA:12,1,0,11
BRDA:12,1,1,10
BRDA:12,1,2,10
BRDA:12,1,3,6
BRDA:37,2,0,5
BRDA:37,2,1,1
BRDA:40,3,0,2
BRDA:40,3,1,3
BRDA:42,4,0,2
BRDA:42,4,1,1
BRDA:53,5,0,0
BRDA:53,5,1,3
BRDA:57,6,0,3
BRDA:57,6,1,0
BRDA:76,7,0,6
BRDA:76,7,1,6
BRDA:76,7,2,6
BRDA:82,8,0,1
BRDA:82,8,1,4
BRDA:87,9,0,3
BRDA:87,9,1,1
BRDA:103,10,0,3
BRDA:103,10,1,0
BRDA:104,11,0,1
BRDA:104,11,1,2
BRDA:104,12,0,3
BRDA:104,12,1,3
BRDA:104,12,2,3
BRDA:128,13,0,1
BRDA:128,13,1,2
BRDA:132,14,0,2
BRDA:132,14,1,0
BRDA:148,15,0,1
BRDA:148,15,1,0
BRDA:170,16,0,4
BRDA:170,16,1,1
BRDA:172,17,0,1
BRDA:172,17,1,3
BRDA:174,18,0,2
BRDA:174,18,1,1
BRDA:187,19,0,4
BRDA:187,19,1,4
BRDA:194,20,0,4
BRDA:194,20,1,4
BRDA:198,21,0,3
BRDA:198,21,1,0
BRDA:210,22,0,3
BRDA:210,22,1,0
BRF:50
BRH:43
end_of_record
TN:
SF:src\services\subject.service.ts
FN:22,(anonymous_1)
FN:88,(anonymous_2)
FN:98,(anonymous_3)
FN:108,(anonymous_4)
FN:131,(anonymous_5)
FN:162,(anonymous_6)
FN:193,(anonymous_7)
FN:211,(anonymous_8)
FN:228,(anonymous_9)
FN:240,(anonymous_10)
FN:254,(anonymous_11)
FN:258,(anonymous_12)
FN:259,(anonymous_13)
FN:260,(anonymous_14)
FN:272,(anonymous_15)
FN:276,(anonymous_16)
FN:285,(anonymous_17)
FN:296,(anonymous_18)
FN:316,(anonymous_19)
FN:319,(anonymous_20)
FNF:20
FNH:19
FNDA:4,(anonymous_1)
FNDA:2,(anonymous_2)
FNDA:2,(anonymous_3)
FNDA:3,(anonymous_4)
FNDA:3,(anonymous_5)
FNDA:2,(anonymous_6)
FNDA:3,(anonymous_7)
FNDA:2,(anonymous_8)
FNDA:2,(anonymous_9)
FNDA:2,(anonymous_10)
FNDA:3,(anonymous_11)
FNDA:2,(anonymous_12)
FNDA:1,(anonymous_13)
FNDA:0,(anonymous_14)
FNDA:2,(anonymous_15)
FNDA:1,(anonymous_16)
FNDA:2,(anonymous_17)
FNDA:2,(anonymous_18)
FNDA:2,(anonymous_19)
FNDA:1,(anonymous_20)
DA:1,1
DA:2,1
DA:3,1
DA:6,1
DA:22,1
DA:36,4
DA:38,4
DA:39,1
DA:42,4
DA:43,4
DA:44,4
DA:46,4
DA:47,1
DA:48,1
DA:51,4
DA:52,0
DA:55,4
DA:56,4
DA:58,4
DA:59,4
DA:60,4
DA:62,4
DA:67,4
DA:68,4
DA:69,4
DA:71,4
DA:88,1
DA:89,2
DA:90,2
DA:91,1
DA:98,1
DA:99,2
DA:100,2
DA:101,1
DA:108,1
DA:111,3
DA:112,3
DA:114,2
DA:115,0
DA:116,0
DA:119,2
DA:120,2
DA:121,2
DA:124,1
DA:131,1
DA:135,3
DA:136,3
DA:138,2
DA:139,2
DA:140,2
DA:143,1
DA:144,0
DA:145,0
DA:148,1
DA:149,0
DA:150,0
DA:153,1
DA:154,1
DA:155,1
DA:162,1
DA:166,2
DA:167,2
DA:169,1
DA:170,1
DA:171,1
DA:174,1
DA:175,0
DA:176,0
DA:179,1
DA:180,0
DA:181,0
DA:184,1
DA:185,1
DA:186,1
DA:193,1
DA:194,3
DA:195,3
DA:197,2
DA:198,2
DA:204,1
DA:211,1
DA:212,2
DA:213,2
DA:215,1
DA:216,1
DA:222,1
DA:228,1
DA:229,2
DA:230,2
DA:231,1
DA:232,1
DA:233,1
DA:234,1
DA:240,1
DA:241,2
DA:242,2
DA:243,1
DA:244,1
DA:245,1
DA:246,1
DA:254,1
DA:255,3
DA:256,3
DA:257,2
DA:258,2
DA:259,1
DA:260,2
DA:261,2
DA:262,1
DA:264,2
DA:265,2
DA:266,2
DA:272,1
DA:273,2
DA:274,2
DA:275,1
DA:276,1
DA:277,1
DA:278,1
DA:279,1
DA:285,1
DA:286,2
DA:289,2
DA:290,1
DA:296,1
DA:297,2
DA:298,2
DA:299,1
DA:305,2
DA:309,2
DA:316,1
DA:317,2
DA:318,2
DA:319,1
DA:320,1
DA:331,1
LF:136
LH:125
BRDA:33,0,0,4
BRDA:34,1,0,4
BRDA:38,2,0,1
BRDA:38,2,1,3
BRDA:42,3,0,1
BRDA:42,3,1,3
BRDA:43,4,0,0
BRDA:43,4,1,4
BRDA:44,5,0,0
BRDA:44,5,1,4
BRDA:46,6,0,1
BRDA:46,6,1,3
BRDA:47,7,0,0
BRDA:47,7,1,1
BRDA:51,8,0,0
BRDA:51,8,1,4
BRDA:55,9,0,0
BRDA:55,9,1,4
BRDA:56,10,0,0
BRDA:56,10,1,4
BRDA:60,11,0,0
BRDA:60,11,1,4
BRDA:114,12,0,0
BRDA:114,12,1,2
BRDA:119,13,0,2
BRDA:119,13,1,0
BRDA:138,14,0,2
BRDA:138,14,1,0
BRDA:138,15,0,2
BRDA:138,15,1,2
BRDA:143,16,0,0
BRDA:143,16,1,1
BRDA:143,17,0,1
BRDA:143,17,1,0
BRDA:148,18,0,0
BRDA:148,18,1,1
BRDA:148,19,0,1
BRDA:148,19,1,0
BRDA:169,20,0,1
BRDA:169,20,1,0
BRDA:169,21,0,1
BRDA:169,21,1,1
BRDA:174,22,0,0
BRDA:174,22,1,1
BRDA:174,23,0,1
BRDA:174,23,1,0
BRDA:179,24,0,0
BRDA:179,24,1,1
BRDA:179,25,0,1
BRDA:179,25,1,0
BRDA:201,26,0,1
BRDA:201,26,1,1
BRDA:219,27,0,0
BRDA:219,27,1,1
BRDA:258,28,0,2
BRDA:258,28,1,2
BRDA:260,29,0,2
BRDA:260,29,1,0
BRDA:262,30,0,1
BRDA:262,30,1,0
BRDA:262,31,0,1
BRDA:262,31,1,0
BRDA:276,32,0,1
BRDA:276,32,1,0
BRDA:290,33,0,1
BRDA:290,33,1,0
BRDA:296,34,0,0
BRDA:298,35,0,1
BRDA:298,35,1,1
BRDA:316,36,0,0
BRDA:319,37,0,1
BRDA:319,37,1,0
BRDA:325,38,0,1
BRDA:325,38,1,0
BRF:74
BRH:45
end_of_record
